------Start of DE processing------ = [1/2/17 6:56:24:272 ART]
Exception = java.sql.SQLNonTransientException
Source = com.ibm.ws.jdbc.DataSourceService
probeid = 587
Stack Dump = java.sql.SQLNonTransientException: DSRA4000E: A valid JDBC driver implementation class was not found for the jdbcDriver jdbcDriver[compose-mysql-driver] using the library compose-mysql-library. []
	at com.ibm.ws.jdbc.internal.JDBCDriverService.classNotFound(JDBCDriverService.java:196)
	at com.ibm.ws.jdbc.internal.JDBCDriverService.create(JDBCDriverService.java:298)
	at com.ibm.ws.jdbc.internal.JDBCDriverService.createConnectionPoolDataSource(JDBCDriverService.java:446)
	at com.ibm.ws.jdbc.DataSourceService.init(DataSourceService.java:460)
	at com.ibm.ws.jca.cm.AbstractConnectionFactoryService.createResource(AbstractConnectionFactoryService.java:138)
	at com.ibm.ws.resource.internal.ResourceFactoryTrackerData$1.getService(ResourceFactoryTrackerData.java:121)
	at org.eclipse.osgi.internal.serviceregistry.ServiceFactoryUse$1.run(ServiceFactoryUse.java:212)
	at java.security.AccessController.doPrivileged(AccessController.java:360)
	at org.eclipse.osgi.internal.serviceregistry.ServiceFactoryUse.factoryGetService(ServiceFactoryUse.java:210)
	at org.eclipse.osgi.internal.serviceregistry.ServiceFactoryUse.getService(ServiceFactoryUse.java:111)
	at org.eclipse.osgi.internal.serviceregistry.ServiceConsumer$2.getService(ServiceConsumer.java:45)
	at org.eclipse.osgi.internal.serviceregistry.ServiceRegistrationImpl.getService(ServiceRegistrationImpl.java:496)
	at org.eclipse.osgi.internal.serviceregistry.ServiceRegistry.getService(ServiceRegistry.java:461)
	at org.eclipse.osgi.internal.framework.BundleContextImpl.getService(BundleContextImpl.java:619)
	at com.ibm.ws.jndi.internal.WSContext$3.run(WSContext.java:515)
	at java.security.AccessController.doPrivileged(AccessController.java:360)
	at com.ibm.ws.jndi.internal.WSContext.getReference(WSContext.java:511)
	at com.ibm.ws.jndi.internal.WSContext.resolveObject(WSContext.java:132)
	at com.ibm.ws.jndi.internal.WSContext.lookup(WSContext.java:300)
	at com.ibm.ws.jndi.WSContextBase.lookup(WSContextBase.java:62)
	at org.apache.aries.jndi.DelegateContext.lookup(DelegateContext.java:161)
	at javax.naming.InitialContext.lookup(InitialContext.java:423)
	at com.ibm.conexion.Conexion.init(Conexion.java:19)
	at com.ibm.logica.Lista.getPreguntasAleatorias(Lista.java:103)
	at com.ibm._jsp._reto._jspService(_reto.java:123)
	at com.ibm.ws.jsp.runtime.HttpJspBase.service(HttpJspBase.java:101)
	at javax.servlet.http.HttpServlet.service(HttpServlet.java:790)
	at com.ibm.ws.webcontainer.servlet.ServletWrapper.service(ServletWrapper.java:1290)
	at com.ibm.ws.webcontainer.servlet.ServletWrapper.handleRequest(ServletWrapper.java:778)
	at com.ibm.ws.webcontainer.servlet.ServletWrapper.handleRequest(ServletWrapper.java:475)
	at com.ibm.wsspi.webcontainer.servlet.GenericServletWrapper.handleRequest(GenericServletWrapper.java:119)
	at com.ibm.ws.jsp.webcontainerext.AbstractJSPExtensionServletWrapper.handleRequest(AbstractJSPExtensionServletWrapper.java:217)
	at com.ibm.ws.webcontainer.filter.WebAppFilterManager.invokeFilters(WebAppFilterManager.java:1157)
	at com.ibm.ws.webcontainer.webapp.WebApp.handleRequest(WebApp.java:4939)
	at com.ibm.ws.webcontainer31.osgi.webapp.WebApp31.handleRequest(WebApp31.java:525)
	at com.ibm.ws.webcontainer.osgi.DynamicVirtualHost$2.handleRequest(DynamicVirtualHost.java:313)
	at com.ibm.ws.webcontainer.WebContainer.handleRequest(WebContainer.java:1007)
	at com.ibm.ws.webcontainer.osgi.DynamicVirtualHost$2.run(DynamicVirtualHost.java:278)
	at com.ibm.ws.http.dispatcher.internal.channel.HttpDispatcherLink$TaskWrapper.run(HttpDispatcherLink.java:967)
	at com.ibm.ws.http.dispatcher.internal.channel.HttpDispatcherLink.wrapHandlerAndExecute(HttpDispatcherLink.java:359)
	at com.ibm.ws.http.dispatcher.internal.channel.HttpDispatcherLink.ready(HttpDispatcherLink.java:318)
	at com.ibm.ws.http.channel.internal.inbound.HttpInboundLink.handleDiscrimination(HttpInboundLink.java:471)
	at com.ibm.ws.http.channel.internal.inbound.HttpInboundLink.handleNewRequest(HttpInboundLink.java:405)
	at com.ibm.ws.http.channel.internal.inbound.HttpInboundLink.processRequest(HttpInboundLink.java:285)
	at com.ibm.ws.http.channel.internal.inbound.HttpInboundLink.ready(HttpInboundLink.java:256)
	at com.ibm.ws.tcpchannel.internal.NewConnectionInitialReadCallback.sendToDiscriminators(NewConnectionInitialReadCallback.java:174)
	at com.ibm.ws.tcpchannel.internal.NewConnectionInitialReadCallback.complete(NewConnectionInitialReadCallback.java:83)
	at com.ibm.ws.tcpchannel.internal.WorkQueueManager.requestComplete(WorkQueueManager.java:504)
	at com.ibm.ws.tcpchannel.internal.WorkQueueManager.attemptIO(WorkQueueManager.java:574)
	at com.ibm.ws.tcpchannel.internal.WorkQueueManager.workerRun(WorkQueueManager.java:929)
	at com.ibm.ws.tcpchannel.internal.WorkQueueManager$Worker.run(WorkQueueManager.java:1018)
	at java.util.concurrent.ThreadPoolExecutor.runWorker(ThreadPoolExecutor.java:1157)
	at java.util.concurrent.ThreadPoolExecutor$Worker.run(ThreadPoolExecutor.java:627)
	at java.lang.Thread.run(Thread.java:809)
Caused by: java.lang.ClassNotFoundException: org.mariadb.jdbc.MySQLDataSource
	at com.ibm.ws.classloading.internal.AppClassLoader.findClassCommonLibraryClassLoaders(AppClassLoader.java:488)
	at com.ibm.ws.classloading.internal.AppClassLoader.findClass(AppClassLoader.java:271)
	at java.lang.ClassLoader.loadClassHelper(ClassLoader.java:786)
	at java.lang.ClassLoader.loadClass(ClassLoader.java:764)
	at com.ibm.ws.classloading.internal.AppClassLoader.findOrDelegateLoadClass(AppClassLoader.java:466)
	at com.ibm.ws.classloading.internal.AppClassLoader.loadClass(AppClassLoader.java:438)
	at java.lang.ClassLoader.loadClass(ClassLoader.java:741)
	at com.ibm.ws.jdbc.internal.JDBCDriverService$1.run(JDBCDriverService.java:234)
	at com.ibm.ws.jdbc.internal.JDBCDriverService$1.run(JDBCDriverService.java:224)
	at java.security.AccessController.doPrivileged(AccessController.java:416)
	at com.ibm.ws.jdbc.internal.JDBCDriverService.create(JDBCDriverService.java:223)
	... 52 more

Dump of callerThis
Object type = com.ibm.ws.jdbc.DataSourceService
  tc = class com.ibm.websphere.ras.TraceComponent@33d94556
    strings[0] = "TraceComponent[com.ibm.ws.jdbc.DataSourceService,class com.ibm.ws.jdbc.DataSourceService,[RRA],com.ibm.ws.rsadapter.resources.IBMDataStoreAdapterNLS,null]"
  dsraTc = class com.ibm.websphere.ras.TraceComponent@b54e40d5
    strings[0] = "TraceComponent[com.ibm.ws.jdbc.DataSourceService,class com.ibm.ws.jdbc.DataSourceService,[RRA],com.ibm.ws.jdbc.internal.resources.DSRAMessages,null]"
  JNDI_NAME = "jndiName"
  CONNECTION_MANAGER = "connectionManager"
  DATASOURCE = "dataSource"
  FACTORY_PID = "com.ibm.ws.jdbc.dataSource"
  JDBC_DRIVER = "driver"
  SUPPORT_EXTENSIONS = "supportExtensions"
  TARGET_CONNECTION_MANAGER = "connectionManager.target"
  TARGET_CONTAINER_AUTH_DATA = "containerAuthData.target"
  TARGET_JDBC_DRIVER = "driver.target"
  TARGET_RECOVERY_AUTH_DATA = "recoveryAuthData.target"
  UNIQUE_JNDI_NAME = "jndiName.unique"
  DECLARING_APPLICATION = "declaringApplication"
  WPROPS_TO_SKIP = class java.util.HashSet@f0e95ca1
    serialVersionUID = -5024744406713321676
    map = class java.util.HashMap@69e149ff
      DEFAULT_INITIAL_CAPACITY = 16
      MAXIMUM_CAPACITY = 1073741824
      DEFAULT_LOAD_FACTOR = 0.75
      EMPTY_TABLE = class java.util.HashMap$Entry[0]
      table = class java.util.HashMap$Entry[16]
      size = 9
      threshold = 12
      loadFactor = 0.75
      modCount = 9
      ALTERNATIVE_HASHING_THRESHOLD_DEFAULT = 2147483647
      hashSeed = 0
      entrySet = null
      serialVersionUID = 362498820763181265
      keySet = null
      values = null
    PRESENT = class java.lang.Object@82aba79b
    MAX_ARRAY_SIZE = 2147483639
  componentContext = class org.apache.felix.scr.impl.manager.ComponentContextImpl@12d823a
    m_componentManager = class org.apache.felix.scr.impl.manager.SingleComponentManager@5f7d65e4
      m_useCount = class java.util.concurrent.atomic.AtomicInteger@ca986f09
      m_componentContext = class org.apache.felix.scr.impl.manager.ComponentContextImpl@12d823a
      m_configurationProperties = class java.util.HashMap@8833920e
      m_factoryProperties = null
      m_properties = class java.util.HashMap@705b3fa0
      m_serviceProperties = null
      REASONS = class java.lang.String[7]
      m_container = class org.apache.felix.scr.impl.ComponentRegistry$DefaultConfigurableComponentHolder@7059e235
      m_factoryInstance = false
      m_componentId = 215
      m_componentMethods = class org.apache.felix.scr.impl.inject.ComponentMethodsImpl@891d0ca6
      m_dependencyManagers = class java.util.ArrayList@c8c91e
      m_dependencyManagersInitialized = true
      m_trackingCount = class java.util.concurrent.atomic.AtomicInteger@c70b4590
      m_stateLock = class java.util.concurrent.locks.ReentrantLock@9967a14e
      m_enabledLatchRef = class java.util.concurrent.atomic.AtomicReference@481130f1
      state = class java.util.concurrent.atomic.AtomicReference@9bb35810
      m_floor = 4
      m_ceiling = 4
      m_missingLock = class java.util.concurrent.locks.ReentrantLock@cbb8cbb2
      m_missingCondition = class java.util.concurrent.locks.AbstractQueuedSynchronizer$ConditionObject@c6d2185c
      m_missing = class java.util.TreeSet@daae4499
      m_activationLock = class java.util.concurrent.locks.ReentrantReadWriteLock@912c9761
      taskCounter = class java.util.concurrent.atomic.AtomicLong@1c00f310
      registrationManager = class org.apache.felix.scr.impl.manager.AbstractComponentManager$3@119eceb5
    edgeInfos = class org.apache.felix.scr.impl.manager.EdgeInfo[8]
      edgeInfos[0] = class org.apache.felix.scr.impl.manager.EdgeInfo@514b7fba
      edgeInfos[1] = class org.apache.felix.scr.impl.manager.EdgeInfo@d2bb978b
      edgeInfos[2] = class org.apache.felix.scr.impl.manager.EdgeInfo@6c2d5832
      edgeInfos[3] = class org.apache.felix.scr.impl.manager.EdgeInfo@84022e33
      edgeInfos[4] = class org.apache.felix.scr.impl.manager.EdgeInfo@8f4e4f97
      edgeInfos[5] = class org.apache.felix.scr.impl.manager.EdgeInfo@4de9ebdc
      edgeInfos[6] = class org.apache.felix.scr.impl.manager.EdgeInfo@25dfabfa
      edgeInfos[7] = class org.apache.felix.scr.impl.manager.EdgeInfo@b8ef3c16
    m_componentInstance = class org.apache.felix.scr.impl.manager.ComponentContextImpl$ComponentInstanceImpl@c91b68ef
      m_componentContext = class org.apache.felix.scr.impl.manager.ComponentContextImpl@12d823a
    m_usingBundle = class org.eclipse.osgi.internal.framework.EquinoxBundle@c514d1a1
      equinoxContainer = class org.eclipse.osgi.internal.framework.EquinoxContainer@e548a42d
      module = class org.eclipse.osgi.internal.framework.EquinoxBundle$EquinoxModule@4817a47b
      monitor = class java.lang.Object@d79cf8c5
      context = class org.eclipse.osgi.internal.framework.BundleContextImpl@487563e8
      signerInfos = null
      $SWITCH_TABLE$org$eclipse$osgi$container$Module$State = {1,2,3,4,5,6,7} /* array length = 7*/
    m_serviceRegistration = class org.eclipse.osgi.internal.serviceregistry.ServiceRegistrationImpl@cb0cd7c0
      registry = class org.eclipse.osgi.internal.serviceregistry.ServiceRegistry@2b2b9a8a
      context = class org.eclipse.osgi.internal.framework.BundleContextImpl@487563e8
      bundle = class org.eclipse.osgi.internal.framework.EquinoxBundle@c514d1a1
      clazzes = class java.lang.String[4]
      service = class org.apache.felix.scr.impl.manager.SingleComponentManager@5f7d65e4
      reference = class org.eclipse.osgi.internal.serviceregistry.ServiceReferenceImpl@aeacba2c
      contextsUsing = class java.util.ArrayList@c8b5c28b
      properties = class org.eclipse.osgi.internal.serviceregistry.ServiceProperties@2f5dd936
      serviceid = 301
      serviceranking = 0
      registrationLock = class java.lang.Object@1aee2a12
      state = 0
      REGISTERED = 0
      UNREGISTERING = 1
      UNREGISTERED = 2
      $assertionsDisabled = true
    m_implementationObject = class com.ibm.ws.jdbc.DataSourceService@ee28e7e0
    m_implementationAccessible = true
    accessibleLatch = class java.util.concurrent.CountDownLatch@9b561ea
      sync = class java.util.concurrent.CountDownLatch$Sync@b5b57aba
    serviceObjectsHelper = class org.apache.felix.scr.impl.helper.ComponentServiceObjectsHelper@7322b71b
      bundleContext = class org.eclipse.osgi.internal.framework.BundleContextImpl@487563e8
      services = class java.util.concurrent.ConcurrentHashMap@2fcaf7fb
      closedServices = class java.util.ArrayList@e7f6eeff
      prototypeInstances = class java.util.concurrent.ConcurrentHashMap@8c5227b
  connectorSvc = class com.ibm.ejs.j2c.ConnectorServiceImpl@695412fb
    tc = class com.ibm.websphere.ras.TraceComponent@d833f00d
      strings[0] = "TraceComponent[com.ibm.ejs.j2c.ConnectorServiceImpl,class com.ibm.ejs.j2c.ConnectorServiceImpl,[WAS.j2c],com.ibm.ws.jca.cm.internal.resources.J2CAMessages,null]"
    authDataServiceRef = class com.ibm.wsspi.kernel.service.utils.AtomicServiceReference@a0e16be7
      referenceName = "authDataService"
      tuple = class java.util.concurrent.atomic.AtomicReference@5878eff7
      serialVersionUID = 2226592364007985000
      $$$tc$$$ = class com.ibm.websphere.ras.TraceComponent@2fd7f75a
    deferrableSchedXSvcRef = class com.ibm.wsspi.kernel.service.utils.AtomicServiceReference@7f2464bb
      referenceName = "deferrableScheduledExecutor"
      tuple = class java.util.concurrent.atomic.AtomicReference@90e245f7
      serialVersionUID = 2226592364007985000
      $$$tc$$$ = class com.ibm.websphere.ras.TraceComponent@2fd7f75a
    execSvcRef = class com.ibm.wsspi.kernel.service.utils.AtomicServiceReference@47b50135
      referenceName = "executor"
      tuple = class java.util.concurrent.atomic.AtomicReference@8b3cad4a
      serialVersionUID = 2226592364007985000
      $$$tc$$$ = class com.ibm.websphere.ras.TraceComponent@2fd7f75a
    nonDeferrableSchedXSvcRef = class com.ibm.wsspi.kernel.service.utils.AtomicServiceReference@8637c581
      referenceName = "nonDeferrableScheduledExecutor"
      tuple = class java.util.concurrent.atomic.AtomicReference@8c5b0d49
      serialVersionUID = 2226592364007985000
      $$$tc$$$ = class com.ibm.websphere.ras.TraceComponent@2fd7f75a
    rrsXAResFactorySvcRef = class com.ibm.wsspi.kernel.service.utils.AtomicServiceReference@e04fe67a
      referenceName = "rRSXAResourceFactory"
      tuple = class java.util.concurrent.atomic.AtomicReference@6ba3fa3d
      serialVersionUID = 2226592364007985000
      $$$tc$$$ = class com.ibm.websphere.ras.TraceComponent@2fd7f75a
    transactionManager = class com.ibm.ws.transaction.services.TransactionManagerService@abd913fd
      tc = class com.ibm.websphere.ras.TraceComponent@d442da0
      isClient = false
      xaFlowCallbacksInitialised = true
      _bundleContext = class org.eclipse.osgi.internal.framework.BundleContextImpl@428f5686
      serialVersionUID = 4736484431543418052
    variableRegistrySvcRef = class com.ibm.wsspi.kernel.service.utils.AtomicServiceReference@d8776cca
      referenceName = "variableRegistry"
      tuple = class java.util.concurrent.atomic.AtomicReference@e64e8e2
      serialVersionUID = 2226592364007985000
      $$$tc$$$ = class com.ibm.websphere.ras.TraceComponent@2fd7f75a
    tc = class com.ibm.websphere.ras.TraceComponent@a8e90e21
      strings[0] = "TraceComponent[com.ibm.ws.jca.cm.ConnectorService,class com.ibm.ws.jca.cm.ConnectorService,[WAS.j2c],com.ibm.ws.jca.cm.internal.resources.J2CAMessages,null]"
    NLS = class com.ibm.ejs.ras.TraceNLS@4ec85628
      resolver = class com.ibm.ws.logging.internal.TraceNLSResolver@d349487e
      finder = null
      ivBundleName = "com.ibm.ws.jca.cm.internal.resources.J2CAMessages"
      caller = class java.lang.Class@366bf68d
  dsConfigRef = class java.util.concurrent.atomic.AtomicReference@4ce63c84
    serialVersionUID = -1848883965231344442
    unsafe = class sun.misc.Unsafe@fd05fdf7
      theUnsafe = class sun.misc.Unsafe@fd05fdf7
      INVALID_FIELD_OFFSET = -1
      ARRAY_BOOLEAN_BASE_OFFSET = 8
      ARRAY_BYTE_BASE_OFFSET = 8
      ARRAY_SHORT_BASE_OFFSET = 8
      ARRAY_CHAR_BASE_OFFSET = 8
      ARRAY_INT_BASE_OFFSET = 8
      ARRAY_LONG_BASE_OFFSET = 8
      ARRAY_FLOAT_BASE_OFFSET = 8
      ARRAY_DOUBLE_BASE_OFFSET = 8
      ARRAY_OBJECT_BASE_OFFSET = 8
      ARRAY_BOOLEAN_INDEX_SCALE = 1
      ARRAY_BYTE_INDEX_SCALE = 1
      ARRAY_SHORT_INDEX_SCALE = 2
      ARRAY_CHAR_INDEX_SCALE = 2
      ARRAY_INT_INDEX_SCALE = 4
      ARRAY_LONG_INDEX_SCALE = 8
      ARRAY_FLOAT_INDEX_SCALE = 4
      ARRAY_DOUBLE_INDEX_SCALE = 8
      ARRAY_OBJECT_INDEX_SCALE = 4
      ADDRESS_SIZE = 8
    valueOffset = 8
    value = null
  destroyWasDeferred = false
  embDerbyRefCount = class java.util.concurrent.ConcurrentLinkedQueue@c3da7494
    serialVersionUID = 196745693267521676
    head = class java.util.concurrent.ConcurrentLinkedQueue$Node@138e63ab
      item = null
      next = null
      UNSAFE = class sun.misc.Unsafe@fd05fdf7
      itemOffset = 8
      nextOffset = 12
    tail = class java.util.concurrent.ConcurrentLinkedQueue$Node@138e63ab
    UNSAFE = class sun.misc.Unsafe@fd05fdf7
    headOffset = 8
    tailOffset = 12
    MAX_ARRAY_SIZE = 2147483639
  id = "dataSource[compose-mysql-Compose for MySQL]"
  isDerbyEmbedded = false
  jdbcDriverSvc = class com.ibm.ws.jdbc.internal.JDBCDriverService@44b446bf
    tc = class com.ibm.websphere.ras.TraceComponent@808aa758
      strings[0] = "TraceComponent[com.ibm.ws.jdbc.internal.JDBCDriverService,class com.ibm.ws.jdbc.internal.JDBCDriverService,[RRA],com.ibm.ws.rsadapter.resources.IBMDataStoreAdapterNLS,null]"
    FACTORY_PID = "com.ibm.ws.jdbc.jdbcDriver"
    ID = "id"
    LIBRARY_REF = "libraryRef"
    JDBC_DRIVER = "jdbcDriver"
    TARGET_LIBRARY = "sharedLib.target"
    PROPS_FOR_XA_ONLY = class java.util.Arrays$ArrayList@cb5406dd
      serialVersionUID = -2764017481108945198
      a = class java.lang.String[1]
      modCount = 0
      MAX_ARRAY_SIZE = 2147483639
    classloader = class com.ibm.ws.classloading.internal.AppClassLoader@7c5749f0
      tc = class com.ibm.websphere.ras.TraceComponent@a0c2187e
      PARENT_FIRST_SEARCH_ORDER = class java.util.Collections$UnmodifiableRandomAccessList@129ef34b
      CLASS_LOADING_TRACE_PREFIX = "com.ibm.ws.class.load."
      DEFAULT_PACKAGE = "default.package"
      perPackageClassLoadingTraceComponents = class java.util.concurrent.ConcurrentHashMap@172a49dc
      config = class com.ibm.ws.classloading.internal.ClassLoaderConfigurationImpl@7abbd834
      privateLibraries = null
      delegateLoaders = class com.ibm.ws.classloading.internal.util.CompositeIterable@509c766d
      nativeLibraryFiles = class java.util.ArrayList@570a3cbf
      transformers = class java.util.ArrayList@37afdf0a
      apiAccess = class com.ibm.ws.classloading.internal.GatewayClassLoader@a75e6a5d
      generator = class com.ibm.ws.classloading.internal.ClassGeneratorManager@76340692
      protectionDomains = class java.util.concurrent.ConcurrentHashMap@beb075ed
      parent = class com.ibm.ws.classloading.internal.GatewayClassLoader@a75e6a5d
      serialVersionUID = 960221346174702086
      tc = class com.ibm.websphere.ras.TraceComponent@44ea5550
      EMPTY_URL_ARRAY = class java.net.URL[0]
      smartClassPath = class com.ibm.ws.classloading.internal.ContainerClassLoader$SmartClassPathImpl@6ea901ed
      nativeLibraryContainers = class java.util.ArrayList@4ab372ea
      redefiner = class com.ibm.ws.classloading.internal.util.ClassRedefiner@1b7f694a
      mapCreationQueue = class java.util.concurrent.Executors$FinalizableDelegatedExecutorService@e655bf3
      serialVersionUID = 7249739282446266343
      serialVersionUID = -7411549862368381758
      $$$tc$$$ = class com.ibm.websphere.ras.TraceComponent@36a0459
      serialVersionUID = -4868702105808481416
      $$$tc$$$ = class com.ibm.websphere.ras.TraceComponent@8306084
      serialVersionUID = 2596921220292114344
      $$$tc$$$ = class com.ibm.websphere.ras.TraceComponent@e6fee47d
      initialized = true
      pdcache = class java.util.HashMap@da33e85
      debug = null
      defaultCodeSource = class java.security.CodeSource@10bd8c85
      bootstrapClassLoader = class com.ibm.oti.vm.BootstrapClassLoader@971ba75a
      applicationClassLoader = class sun.misc.Launcher$AppClassLoader@db842007
      initSystemClassLoader = false
      reflectCacheEnabled = true
      reflectCacheAppOnly = false
      reflectCacheDebug = false
      isAssertOptionFound = false
      vmRef = 0
      parent = class com.ibm.ws.classloading.internal.GatewayClassLoader@a75e6a5d
      initDone = true
      checkAssertionOptions = false
      assertionLock = class java.lang.ClassLoader$AssertionLock@e3e6b02f
      defaultAssertionStatus = false
      packageAssertionStatus = null
      classAssertionStatus = null
      packages = null
      lazyInitLock = class java.lang.ClassLoader$LazyInitLock@73df06d
      classSigners = null
      packageSigners = null
      emptyCertificates = class java.security.cert.Certificate[0]
      defaultProtectionDomain = null
      parallelCapableCollection = class java.util.Collections$SynchronizedMap@b107d8b1
      classNameBasedLock = null
      isParallelCapable = false
      allowArraySyntax = false
      lazyClassLoaderInit = true
      queue = class java.lang.ref.ReferenceQueue@d04f5395
      methodCache = null
      fieldCache = null
      constructorCache = null
    connectorSvc = class com.ibm.ejs.j2c.ConnectorServiceImpl@695412fb
    embDerbyRefCount = class java.util.concurrent.ConcurrentLinkedQueue@e43cdaf3
      serialVersionUID = 196745693267521676
      head = class java.util.concurrent.ConcurrentLinkedQueue$Node@6b6eafd3
      tail = class java.util.concurrent.ConcurrentLinkedQueue$Node@6b6eafd3
      UNSAFE = class sun.misc.Unsafe@fd05fdf7
      headOffset = 8
      tailOffset = 12
      MAX_ARRAY_SIZE = 2147483639
    introspectedClasses = class java.util.HashSet@48477af1
      serialVersionUID = -5024744406713321676
      map = class java.util.HashMap@a626a049
      PRESENT = class java.lang.Object@82aba79b
      MAX_ARRAY_SIZE = 2147483639
    isDerbyEmbedded = class java.util.concurrent.atomic.AtomicBoolean@c3d082f9
      serialVersionUID = 4654671469794556979
      unsafe = class sun.misc.Unsafe@fd05fdf7
      valueOffset = 8
      value = 0
    lock = class java.util.concurrent.locks.ReentrantReadWriteLock@482972a3
      serialVersionUID = -6992448646407690164
      readerLock = class java.util.concurrent.locks.ReentrantReadWriteLock$ReadLock@ed630cfd
      writerLock = class java.util.concurrent.locks.ReentrantReadWriteLock$WriteLock@acaf8152
      sync = class java.util.concurrent.locks.ReentrantReadWriteLock$NonfairSync@6292906e
    name = "jdbcDriver[compose-mysql-driver]"
    properties = class org.apache.felix.scr.impl.helper.ReadOnlyDictionary@695ce14c
      m_delegate = class java.util.Hashtable@15116c91
      m_serviceReference = null
    sharedLib = class com.ibm.ws.library.internal.SharedLibraryImpl@5663304e
      tc = class com.ibm.websphere.ras.TraceComponent@eb52548d
      EMPTY_LIBRARY_LISTENERS = interface com.ibm.wsspi.library.LibraryChangeListener[0]
      deleted = false
      libraryListenersTracker = class org.osgi.util.tracker.ServiceTracker@2d7d07e5
      libraryReg = class org.eclipse.osgi.internal.serviceregistry.ServiceRegistrationImpl@6a265d23
      ctx = class org.eclipse.osgi.internal.framework.BundleContextImpl@4856735a
      classLoadingService = class com.ibm.ws.classloading.internal.ClassLoadingServiceImpl@80636def
      configAdmin = class com.ibm.ws.config.admin.internal.ConfigurationAdminImpl@bd80faa0
      resolvedBasePath = "/home/mluc/Desktop/wlp/usr/servers/defaultServer/"
      generationLock = class com.ibm.ws.library.internal.SharedLibraryImpl$1@b62f3caf
      currentGeneration = class com.ibm.ws.library.internal.LibraryGeneration@97b2c82d
      nextGeneration = class com.ibm.ws.library.internal.LibraryGeneration@97b2c82d
      artifactContainerFactory = class com.ibm.ws.library.internal.SharedLibraryFactory$1@2ecc5689
      packageExporter = class com.ibm.ws.library.internal.LibraryPackageExporter@d2405f3a
      serialVersionUID = 6288237618632180389
    changed = false
    obs = class java.util.Vector@2f80176c
      elementData = class java.lang.Object[10]
      elementCount = 1
      capacityIncrement = 0
      serialVersionUID = -2767605614048989439
      MAX_ARRAY_SIZE = 2147483639
      modCount = 1
      MAX_ARRAY_SIZE = 2147483639
  jdbcRuntime = class com.ibm.ws.jdbc.osgi.v41.JDBCRuntimeVersion41@fa18a9f3
  properties = class org.apache.felix.scr.impl.helper.ReadOnlyDictionary@2df9660
    m_delegate = class java.util.Hashtable@1efaf146
      EMPTY_TABLE = class java.util.Hashtable$Entry[0]
      table = class java.util.Hashtable$Entry[95]
      count = 36
      threshold = 71
      loadFactor = 0.75
      modCount = 39
      serialVersionUID = 1421746759512286392
      ALTERNATIVE_HASHING_THRESHOLD_DEFAULT = 2147483647
      hashSeed = 0
      MAX_ARRAY_SIZE = 2147483639
      keySet = null
      entrySet = class java.util.Collections$SynchronizedSet@4859ae9c
      values = null
      KEYS = 0
      VALUES = 1
      ENTRIES = 2
    m_serviceReference = null
  tc = class com.ibm.websphere.ras.TraceComponent@189aebe3
    strings[0] = "TraceComponent[com.ibm.ws.jca.cm.AbstractConnectionFactoryService,class com.ibm.ws.jca.cm.AbstractConnectionFactoryService,[WAS.j2c],com.ibm.ws.jca.cm.internal.resources.J2CAMessages,null]"
  ID = "id"
  JNDI_NAME = "jndiName"
  DEFAULT_NESTED_PATTERN = class java.util.regex.Pattern@376e806f
    UNIX_LINES = 1
    CASE_INSENSITIVE = 2
    COMMENTS = 4
    MULTILINE = 8
    LITERAL = 16
    DOTALL = 32
    UNICODE_CASE = 64
    CANON_EQ = 128
    UNICODE_CHARACTER_CLASS = 256
    serialVersionUID = 5073258162644648461
    pattern = ".*(\[default-\d*\])$"
    flags = 0
    compiled = true
    normalizedPattern = ".*(\[default-\d*\])$"
    root = class java.util.regex.Pattern$Start@92b29540
      minLength = 10
      next = class java.util.regex.Pattern$Curly@ca0725aa
    matchRoot = class java.util.regex.Pattern$Curly@ca0725aa
      atom = class java.util.regex.Pattern$Dot@13afb860
      type = 0
      cmin = 0
      cmax = 2147483647
      next = class java.util.regex.Pattern$GroupHead@638abfe4
    buffer = null
    namedGroups = null
    groupNodes = null
    temp = null
    capturingGroupCount = 2
    localCount = 1
    cursor = 20
    patternLength = 0
    hasSupplementary = false
    MAX_REPS = 2147483647
    GREEDY = 0
    LAZY = 1
    POSSESSIVE = 2
    INDEPENDENT = 3
    lookbehindEnd = class java.util.regex.Pattern$4@8d127d2f
      next = null
    accept = class java.util.regex.Pattern$Node@d640e22a
      next = null
    lastAccept = class java.util.regex.Pattern$LastNode@e043a6dd
      next = class java.util.regex.Pattern$Node@d640e22a
    $assertionsDisabled = true
  DEFAULT_PATTERN = class java.util.regex.Pattern@2edca552
    UNIX_LINES = 1
    CASE_INSENSITIVE = 2
    COMMENTS = 4
    MULTILINE = 8
    LITERAL = 16
    DOTALL = 32
    UNICODE_CASE = 64
    CANON_EQ = 128
    UNICODE_CHARACTER_CLASS = 256
    serialVersionUID = 5073258162644648461
    pattern = "(default-\d*)$"
    flags = 0
    compiled = true
    normalizedPattern = "(default-\d*)$"
    root = class java.util.regex.Pattern$Start@a1eedf11
      minLength = 8
      next = class java.util.regex.Pattern$GroupHead@d5ceadd2
    matchRoot = class java.util.regex.Pattern$GroupHead@d5ceadd2
      localIndex = 0
      next = class java.util.regex.Pattern$Slice@d5e00b9f
    buffer = null
    namedGroups = null
    groupNodes = null
    temp = null
    capturingGroupCount = 2
    localCount = 1
    cursor = 14
    patternLength = 0
    hasSupplementary = false
    MAX_REPS = 2147483647
    GREEDY = 0
    LAZY = 1
    POSSESSIVE = 2
    INDEPENDENT = 3
    lookbehindEnd = class java.util.regex.Pattern$4@8d127d2f
    accept = class java.util.regex.Pattern$Node@d640e22a
    lastAccept = class java.util.regex.Pattern$LastNode@e043a6dd
    $assertionsDisabled = true
  appsToRecycle = class java.util.Collections$SetFromMap@1c65a02a
    m = class java.util.concurrent.ConcurrentHashMap@4f6f712d
      serialVersionUID = 7249069246763182397
      DEFAULT_INITIAL_CAPACITY = 16
      DEFAULT_LOAD_FACTOR = 0.75
      DEFAULT_CONCURRENCY_LEVEL = 16
      MAXIMUM_CAPACITY = 1073741824
      MAX_SEGMENTS = 65536
      RETRIES_BEFORE_LOCK = 2
      hashSeed = 0
      segmentMask = 15
      segmentShift = 28
      segments = class java.util.concurrent.ConcurrentHashMap$Segment[16]
      keySet = class java.util.concurrent.ConcurrentHashMap$KeySet@75f99cd1
      entrySet = null
      values = null
      UNSAFE = class sun.misc.Unsafe@fd05fdf7
      HASHSEED_OFFSET = 32
      SEGSHIFT_OFFSET = 40
      SEGMASK_OFFSET = 36
      SEGMENTS_OFFSET = 16
      keySet = null
      values = null
    s = class java.util.concurrent.ConcurrentHashMap$KeySet@75f99cd1
      this$0 = class java.util.concurrent.ConcurrentHashMap@4f6f712d
      MAX_ARRAY_SIZE = 2147483639
    serialVersionUID = 2454657854757543876
    MAX_ARRAY_SIZE = 2147483639
  conMgrSvc = class com.ibm.ejs.j2c.ConnectionManagerServiceImpl@221d054c
    tc = class com.ibm.websphere.ras.TraceComponent@89edff66
      strings[0] = "TraceComponent[com.ibm.ejs.j2c.ConnectionManagerServiceImpl,class com.ibm.ejs.j2c.ConnectionManagerServiceImpl,[WAS.j2c],com.ibm.ws.jca.cm.internal.resources.J2CAMessages,null]"
    cfKeyToCM = class java.util.concurrent.ConcurrentHashMap@7a10a723
      serialVersionUID = 7249069246763182397
      DEFAULT_INITIAL_CAPACITY = 16
      DEFAULT_LOAD_FACTOR = 0.75
      DEFAULT_CONCURRENCY_LEVEL = 16
      MAXIMUM_CAPACITY = 1073741824
      MAX_SEGMENTS = 65536
      RETRIES_BEFORE_LOCK = 2
      hashSeed = 0
      segmentMask = 15
      segmentShift = 28
      segments = class java.util.concurrent.ConcurrentHashMap$Segment[16]
      keySet = null
      entrySet = null
      values = null
      UNSAFE = class sun.misc.Unsafe@fd05fdf7
      HASHSEED_OFFSET = 32
      SEGSHIFT_OFFSET = 40
      SEGMASK_OFFSET = 36
      SEGMENTS_OFFSET = 16
      keySet = null
      values = null
    lock = class java.util.concurrent.locks.ReentrantReadWriteLock@9328ebbd
      serialVersionUID = -6992448646407690164
      readerLock = class java.util.concurrent.locks.ReentrantReadWriteLock$ReadLock@a514dfaf
      writerLock = class java.util.concurrent.locks.ReentrantReadWriteLock$WriteLock@c97bbfd
      sync = class java.util.concurrent.locks.ReentrantReadWriteLock$NonfairSync@9a93e52c
    name = "dataSource[compose-mysql-Compose for MySQL]/connectionManager"
    pm = null
    pmMBean = null
    properties = null
    bndCtx = null
    raClassLoader = null
    CONNECTION_MANAGER = "connectionManager"
    FACTORY_PID = "com.ibm.ws.jca.connectionManager"
    ID = "id"
    MAX_CONNECTIONS_PER_THREAD = "maxConnectionsPerThread"
    MAX_IDLE_TIME = "maxIdleTime"
    MAX_POOL_SIZE = "maxPoolSize"
    MIN_POOL_SIZE = "minPoolSize"
    NUM_CONNECTIONS_PER_THREAD_LOCAL = "numConnectionsPerThreadLocal"
    CONNECTION_MANAGER_PROPS = class java.util.Collections$UnmodifiableRandomAccessList@9e2d122a
      serialVersionUID = -2542308836966382001
      serialVersionUID = -283967356065247728
      list = class java.util.Arrays$ArrayList@cde94e83
      serialVersionUID = 1820017752578914078
      c = class java.util.Arrays$ArrayList@cde94e83
    changed = false
    obs = class java.util.Vector@e0cf0bc1
      elementData = class java.lang.Object[10]
      elementCount = 1
      capacityIncrement = 0
      serialVersionUID = -2767605614048989439
      MAX_ARRAY_SIZE = 2147483639
      modCount = 1
      MAX_ARRAY_SIZE = 2147483639
  containerAuthDataRef = null
  jaasLoginContextEntryName = null
  isInitialized = class java.util.concurrent.atomic.AtomicBoolean@91c0cef3
    serialVersionUID = 4654671469794556979
    unsafe = class sun.misc.Unsafe@fd05fdf7
    valueOffset = 8
    value = 0
  isServerDefined = true
  lock = class java.util.concurrent.locks.ReentrantReadWriteLock@bba86767
    serialVersionUID = -6992448646407690164
    readerLock = class java.util.concurrent.locks.ReentrantReadWriteLock$ReadLock@1038bfad
      serialVersionUID = -5992448646407690164
      sync = class java.util.concurrent.locks.ReentrantReadWriteLock$NonfairSync@5513453b
    writerLock = class java.util.concurrent.locks.ReentrantReadWriteLock$WriteLock@793eaecf
      serialVersionUID = -4992448646407690164
      sync = class java.util.concurrent.locks.ReentrantReadWriteLock$NonfairSync@5513453b
    sync = class java.util.concurrent.locks.ReentrantReadWriteLock$NonfairSync@5513453b
      serialVersionUID = -8159625535654395037
      serialVersionUID = 6317671515068378041
      SHARED_SHIFT = 16
      SHARED_UNIT = 65536
      MAX_COUNT = 65535
      EXCLUSIVE_MASK = 65535
      readHolds = class java.util.concurrent.locks.ReentrantReadWriteLock$Sync$ThreadLocalHoldCounter@68608f3c
      cachedHoldCounter = null
      firstReader = null
      firstReaderHoldCount = 1
      serialVersionUID = 7373984972572414691
      head = null
      tail = null
      state = 1
      spinForTimeoutThreshold = 1000
      unsafe = class sun.misc.Unsafe@fd05fdf7
      stateOffset = 24
      headOffset = 16
      tailOffset = 20
      waitStatusOffset = 24
      nextOffset = 12
      serialVersionUID = 3737899427754241961
      exclusiveOwnerThread = class java.lang.Thread@c9eec653
  recoveryAuthDataRef = null

