------Start of DE processing------ = [1/2/17 8:39:41:658 ART]
Exception = java.sql.SQLNonTransientException
Source = com.ibm.ws.jdbc.DataSourceService
probeid = 587
Stack Dump = java.sql.SQLNonTransientException: DSRA4000E: A valid JDBC driver implementation class was not found for the jdbcDriver jdbcDriver[compose-mysql-driver] using the library compose-mysql-library. []
	at com.ibm.ws.jdbc.internal.JDBCDriverService.classNotFound(JDBCDriverService.java:196)
	at com.ibm.ws.jdbc.internal.JDBCDriverService.create(JDBCDriverService.java:298)
	at com.ibm.ws.jdbc.internal.JDBCDriverService.createConnectionPoolDataSource(JDBCDriverService.java:446)
	at com.ibm.ws.jdbc.DataSourceService.init(DataSourceService.java:460)
	at com.ibm.ws.jca.cm.AbstractConnectionFactoryService.createResource(AbstractConnectionFactoryService.java:138)
	at com.ibm.ws.resource.internal.ResourceFactoryTrackerData$1.getService(ResourceFactoryTrackerData.java:121)
	at org.eclipse.osgi.internal.serviceregistry.ServiceFactoryUse$1.run(ServiceFactoryUse.java:212)
	at java.security.AccessController.doPrivileged(AccessController.java:360)
	at org.eclipse.osgi.internal.serviceregistry.ServiceFactoryUse.factoryGetService(ServiceFactoryUse.java:210)
	at org.eclipse.osgi.internal.serviceregistry.ServiceFactoryUse.getService(ServiceFactoryUse.java:111)
	at org.eclipse.osgi.internal.serviceregistry.ServiceConsumer$2.getService(ServiceConsumer.java:45)
	at org.eclipse.osgi.internal.serviceregistry.ServiceRegistrationImpl.getService(ServiceRegistrationImpl.java:496)
	at org.eclipse.osgi.internal.serviceregistry.ServiceRegistry.getService(ServiceRegistry.java:461)
	at org.eclipse.osgi.internal.framework.BundleContextImpl.getService(BundleContextImpl.java:619)
	at com.ibm.ws.jndi.internal.WSContext$3.run(WSContext.java:515)
	at java.security.AccessController.doPrivileged(AccessController.java:360)
	at com.ibm.ws.jndi.internal.WSContext.getReference(WSContext.java:511)
	at com.ibm.ws.jndi.internal.WSContext.resolveObject(WSContext.java:132)
	at com.ibm.ws.jndi.internal.WSContext.lookup(WSContext.java:300)
	at com.ibm.ws.jndi.WSContextBase.lookup(WSContextBase.java:62)
	at org.apache.aries.jndi.DelegateContext.lookup(DelegateContext.java:161)
	at javax.naming.InitialContext.lookup(InitialContext.java:423)
	at com.ibm.conexion.Conexion.init(Unknown Source)
	at com.ibm.logica.Lista.getMaterial(Unknown Source)
	at com.ibm._jsp._material._jspService(_material.java:112)
	at com.ibm.ws.jsp.runtime.HttpJspBase.service(HttpJspBase.java:101)
	at javax.servlet.http.HttpServlet.service(HttpServlet.java:790)
	at com.ibm.ws.webcontainer.servlet.ServletWrapper.service(ServletWrapper.java:1290)
	at com.ibm.ws.webcontainer.servlet.ServletWrapper.handleRequest(ServletWrapper.java:778)
	at com.ibm.ws.webcontainer.servlet.ServletWrapper.handleRequest(ServletWrapper.java:475)
	at com.ibm.wsspi.webcontainer.servlet.GenericServletWrapper.handleRequest(GenericServletWrapper.java:119)
	at com.ibm.ws.jsp.webcontainerext.AbstractJSPExtensionServletWrapper.handleRequest(AbstractJSPExtensionServletWrapper.java:217)
	at com.ibm.ws.webcontainer.filter.WebAppFilterManager.invokeFilters(WebAppFilterManager.java:1157)
	at com.ibm.ws.webcontainer.webapp.WebApp.handleRequest(WebApp.java:4939)
	at com.ibm.ws.webcontainer31.osgi.webapp.WebApp31.handleRequest(WebApp31.java:525)
	at com.ibm.ws.webcontainer.osgi.DynamicVirtualHost$2.handleRequest(DynamicVirtualHost.java:313)
	at com.ibm.ws.webcontainer.WebContainer.handleRequest(WebContainer.java:1007)
	at com.ibm.ws.webcontainer.osgi.DynamicVirtualHost$2.run(DynamicVirtualHost.java:278)
	at com.ibm.ws.http.dispatcher.internal.channel.HttpDispatcherLink$TaskWrapper.run(HttpDispatcherLink.java:967)
	at com.ibm.ws.http.dispatcher.internal.channel.HttpDispatcherLink.wrapHandlerAndExecute(HttpDispatcherLink.java:359)
	at com.ibm.ws.http.dispatcher.internal.channel.HttpDispatcherLink.ready(HttpDispatcherLink.java:318)
	at com.ibm.ws.http.channel.internal.inbound.HttpInboundLink.handleDiscrimination(HttpInboundLink.java:471)
	at com.ibm.ws.http.channel.internal.inbound.HttpInboundLink.handleNewRequest(HttpInboundLink.java:405)
	at com.ibm.ws.http.channel.internal.inbound.HttpInboundLink.processRequest(HttpInboundLink.java:285)
	at com.ibm.ws.http.channel.internal.inbound.HttpICLReadCallback.complete(HttpICLReadCallback.java:66)
	at com.ibm.ws.tcpchannel.internal.WorkQueueManager.requestComplete(WorkQueueManager.java:504)
	at com.ibm.ws.tcpchannel.internal.WorkQueueManager.attemptIO(WorkQueueManager.java:574)
	at com.ibm.ws.tcpchannel.internal.WorkQueueManager.workerRun(WorkQueueManager.java:929)
	at com.ibm.ws.tcpchannel.internal.WorkQueueManager$Worker.run(WorkQueueManager.java:1018)
	at java.util.concurrent.ThreadPoolExecutor.runWorker(ThreadPoolExecutor.java:1157)
	at java.util.concurrent.ThreadPoolExecutor$Worker.run(ThreadPoolExecutor.java:627)
	at java.lang.Thread.run(Thread.java:809)
Caused by: java.lang.ClassNotFoundException: org.mariadb.jdbc.MySQLDataSource
	at com.ibm.ws.classloading.internal.AppClassLoader.findClassCommonLibraryClassLoaders(AppClassLoader.java:488)
	at com.ibm.ws.classloading.internal.AppClassLoader.findClass(AppClassLoader.java:271)
	at java.lang.ClassLoader.loadClassHelper(ClassLoader.java:786)
	at java.lang.ClassLoader.loadClass(ClassLoader.java:764)
	at com.ibm.ws.classloading.internal.AppClassLoader.findOrDelegateLoadClass(AppClassLoader.java:466)
	at com.ibm.ws.classloading.internal.AppClassLoader.loadClass(AppClassLoader.java:438)
	at java.lang.ClassLoader.loadClass(ClassLoader.java:741)
	at com.ibm.ws.jdbc.internal.JDBCDriverService$1.run(JDBCDriverService.java:234)
	at com.ibm.ws.jdbc.internal.JDBCDriverService$1.run(JDBCDriverService.java:224)
	at java.security.AccessController.doPrivileged(AccessController.java:416)
	at com.ibm.ws.jdbc.internal.JDBCDriverService.create(JDBCDriverService.java:223)
	... 50 more

Dump of callerThis
Object type = com.ibm.ws.jdbc.DataSourceService
  tc = class com.ibm.websphere.ras.TraceComponent@681aebde
    strings[0] = "TraceComponent[com.ibm.ws.jdbc.DataSourceService,class com.ibm.ws.jdbc.DataSourceService,[RRA],com.ibm.ws.rsadapter.resources.IBMDataStoreAdapterNLS,null]"
  dsraTc = class com.ibm.websphere.ras.TraceComponent@ed214490
    strings[0] = "TraceComponent[com.ibm.ws.jdbc.DataSourceService,class com.ibm.ws.jdbc.DataSourceService,[RRA],com.ibm.ws.jdbc.internal.resources.DSRAMessages,null]"
  JNDI_NAME = "jndiName"
  CONNECTION_MANAGER = "connectionManager"
  DATASOURCE = "dataSource"
  FACTORY_PID = "com.ibm.ws.jdbc.dataSource"
  JDBC_DRIVER = "driver"
  SUPPORT_EXTENSIONS = "supportExtensions"
  TARGET_CONNECTION_MANAGER = "connectionManager.target"
  TARGET_CONTAINER_AUTH_DATA = "containerAuthData.target"
  TARGET_JDBC_DRIVER = "driver.target"
  TARGET_RECOVERY_AUTH_DATA = "recoveryAuthData.target"
  UNIQUE_JNDI_NAME = "jndiName.unique"
  DECLARING_APPLICATION = "declaringApplication"
  WPROPS_TO_SKIP = class java.util.HashSet@c06b4338
    serialVersionUID = -5024744406713321676
    map = class java.util.HashMap@bafc37b1
      DEFAULT_INITIAL_CAPACITY = 16
      MAXIMUM_CAPACITY = 1073741824
      DEFAULT_LOAD_FACTOR = 0.75
      EMPTY_TABLE = class java.util.HashMap$Entry[0]
      table = class java.util.HashMap$Entry[16]
      size = 9
      threshold = 12
      loadFactor = 0.75
      modCount = 9
      ALTERNATIVE_HASHING_THRESHOLD_DEFAULT = 2147483647
      hashSeed = 0
      entrySet = null
      serialVersionUID = 362498820763181265
      keySet = null
      values = null
    PRESENT = class java.lang.Object@23489c38
    MAX_ARRAY_SIZE = 2147483639
  componentContext = class org.apache.felix.scr.impl.manager.ComponentContextImpl@b94d2b56
    m_componentManager = class org.apache.felix.scr.impl.manager.SingleComponentManager@2e6cfb8d
      m_useCount = class java.util.concurrent.atomic.AtomicInteger@9f305184
      m_componentContext = class org.apache.felix.scr.impl.manager.ComponentContextImpl@b94d2b56
      m_configurationProperties = class java.util.HashMap@e7ee040e
      m_factoryProperties = null
      m_properties = class java.util.HashMap@b2c9fa3a
      m_serviceProperties = null
      REASONS = class java.lang.String[7]
      m_container = class org.apache.felix.scr.impl.ComponentRegistry$DefaultConfigurableComponentHolder@bda348b1
      m_factoryInstance = false
      m_componentId = 214
      m_componentMethods = class org.apache.felix.scr.impl.inject.ComponentMethodsImpl@3443c97
      m_dependencyManagers = class java.util.ArrayList@d3c8362c
      m_dependencyManagersInitialized = true
      m_trackingCount = class java.util.concurrent.atomic.AtomicInteger@eb1fbfae
      m_stateLock = class java.util.concurrent.locks.ReentrantLock@c5f4a8c1
      m_enabledLatchRef = class java.util.concurrent.atomic.AtomicReference@f164385
      state = class java.util.concurrent.atomic.AtomicReference@1f0f0537
      m_floor = 4
      m_ceiling = 4
      m_missingLock = class java.util.concurrent.locks.ReentrantLock@d14d2d1f
      m_missingCondition = class java.util.concurrent.locks.AbstractQueuedSynchronizer$ConditionObject@4453834c
      m_missing = class java.util.TreeSet@dc1d8873
      m_activationLock = class java.util.concurrent.locks.ReentrantReadWriteLock@d6dbf161
      taskCounter = class java.util.concurrent.atomic.AtomicLong@3626cb89
      registrationManager = class org.apache.felix.scr.impl.manager.AbstractComponentManager$3@e2a79575
    edgeInfos = class org.apache.felix.scr.impl.manager.EdgeInfo[8]
      edgeInfos[0] = class org.apache.felix.scr.impl.manager.EdgeInfo@b059a544
      edgeInfos[1] = class org.apache.felix.scr.impl.manager.EdgeInfo@564dfac6
      edgeInfos[2] = class org.apache.felix.scr.impl.manager.EdgeInfo@119c3089
      edgeInfos[3] = class org.apache.felix.scr.impl.manager.EdgeInfo@1643e65e
      edgeInfos[4] = class org.apache.felix.scr.impl.manager.EdgeInfo@47f2b1c2
      edgeInfos[5] = class org.apache.felix.scr.impl.manager.EdgeInfo@d5b3fd6
      edgeInfos[6] = class org.apache.felix.scr.impl.manager.EdgeInfo@67cde2d
      edgeInfos[7] = class org.apache.felix.scr.impl.manager.EdgeInfo@93c5fb94
    m_componentInstance = class org.apache.felix.scr.impl.manager.ComponentContextImpl$ComponentInstanceImpl@f9613bb2
      m_componentContext = class org.apache.felix.scr.impl.manager.ComponentContextImpl@b94d2b56
    m_usingBundle = class org.eclipse.osgi.internal.framework.EquinoxBundle@7481bb02
      equinoxContainer = class org.eclipse.osgi.internal.framework.EquinoxContainer@6dcd5886
      module = class org.eclipse.osgi.internal.framework.EquinoxBundle$EquinoxModule@fd1a48ad
      monitor = class java.lang.Object@fd160d1b
      context = class org.eclipse.osgi.internal.framework.BundleContextImpl@f1795844
      signerInfos = null
      $SWITCH_TABLE$org$eclipse$osgi$container$Module$State = {1,2,3,4,5,6,7} /* array length = 7*/
    m_serviceRegistration = class org.eclipse.osgi.internal.serviceregistry.ServiceRegistrationImpl@d4cc7da3
      registry = class org.eclipse.osgi.internal.serviceregistry.ServiceRegistry@a8495ce7
      context = class org.eclipse.osgi.internal.framework.BundleContextImpl@f1795844
      bundle = class org.eclipse.osgi.internal.framework.EquinoxBundle@7481bb02
      clazzes = class java.lang.String[4]
      service = class org.apache.felix.scr.impl.manager.SingleComponentManager@2e6cfb8d
      reference = class org.eclipse.osgi.internal.serviceregistry.ServiceReferenceImpl@ca588198
      contextsUsing = class java.util.ArrayList@d8145f66
      properties = class org.eclipse.osgi.internal.serviceregistry.ServiceProperties@3d3a9de3
      serviceid = 299
      serviceranking = 0
      registrationLock = class java.lang.Object@5b863f5d
      state = 0
      REGISTERED = 0
      UNREGISTERING = 1
      UNREGISTERED = 2
      $assertionsDisabled = true
    m_implementationObject = class com.ibm.ws.jdbc.DataSourceService@eb565b79
    m_implementationAccessible = true
    accessibleLatch = class java.util.concurrent.CountDownLatch@1c830897
      sync = class java.util.concurrent.CountDownLatch$Sync@5ddfa1bb
    serviceObjectsHelper = class org.apache.felix.scr.impl.helper.ComponentServiceObjectsHelper@f85650ff
      bundleContext = class org.eclipse.osgi.internal.framework.BundleContextImpl@f1795844
      services = class java.util.concurrent.ConcurrentHashMap@e6169419
      closedServices = class java.util.ArrayList@7f67272b
      prototypeInstances = class java.util.concurrent.ConcurrentHashMap@db5525bf
  connectorSvc = class com.ibm.ejs.j2c.ConnectorServiceImpl@5b5900e
    tc = class com.ibm.websphere.ras.TraceComponent@2d1ba1d5
      strings[0] = "TraceComponent[com.ibm.ejs.j2c.ConnectorServiceImpl,class com.ibm.ejs.j2c.ConnectorServiceImpl,[WAS.j2c],com.ibm.ws.jca.cm.internal.resources.J2CAMessages,null]"
    authDataServiceRef = class com.ibm.wsspi.kernel.service.utils.AtomicServiceReference@ffc414d4
      referenceName = "authDataService"
      tuple = class java.util.concurrent.atomic.AtomicReference@d2fa5376
      serialVersionUID = 2226592364007985000
      $$$tc$$$ = class com.ibm.websphere.ras.TraceComponent@9d60ce7c
    deferrableSchedXSvcRef = class com.ibm.wsspi.kernel.service.utils.AtomicServiceReference@43466149
      referenceName = "deferrableScheduledExecutor"
      tuple = class java.util.concurrent.atomic.AtomicReference@e26cf817
      serialVersionUID = 2226592364007985000
      $$$tc$$$ = class com.ibm.websphere.ras.TraceComponent@9d60ce7c
    execSvcRef = class com.ibm.wsspi.kernel.service.utils.AtomicServiceReference@8eb962b4
      referenceName = "executor"
      tuple = class java.util.concurrent.atomic.AtomicReference@fd4a34af
      serialVersionUID = 2226592364007985000
      $$$tc$$$ = class com.ibm.websphere.ras.TraceComponent@9d60ce7c
    nonDeferrableSchedXSvcRef = class com.ibm.wsspi.kernel.service.utils.AtomicServiceReference@62b3dcd7
      referenceName = "nonDeferrableScheduledExecutor"
      tuple = class java.util.concurrent.atomic.AtomicReference@2d4dfc0f
      serialVersionUID = 2226592364007985000
      $$$tc$$$ = class com.ibm.websphere.ras.TraceComponent@9d60ce7c
    rrsXAResFactorySvcRef = class com.ibm.wsspi.kernel.service.utils.AtomicServiceReference@cee96750
      referenceName = "rRSXAResourceFactory"
      tuple = class java.util.concurrent.atomic.AtomicReference@e4864998
      serialVersionUID = 2226592364007985000
      $$$tc$$$ = class com.ibm.websphere.ras.TraceComponent@9d60ce7c
    transactionManager = class com.ibm.ws.transaction.services.TransactionManagerService@f8bf454d
      tc = class com.ibm.websphere.ras.TraceComponent@e871b16
      isClient = false
      xaFlowCallbacksInitialised = true
      _bundleContext = class org.eclipse.osgi.internal.framework.BundleContextImpl@c394f34
      serialVersionUID = 4736484431543418052
    variableRegistrySvcRef = class com.ibm.wsspi.kernel.service.utils.AtomicServiceReference@fc2bf4e
      referenceName = "variableRegistry"
      tuple = class java.util.concurrent.atomic.AtomicReference@611bb497
      serialVersionUID = 2226592364007985000
      $$$tc$$$ = class com.ibm.websphere.ras.TraceComponent@9d60ce7c
    tc = class com.ibm.websphere.ras.TraceComponent@bd66bce
      strings[0] = "TraceComponent[com.ibm.ws.jca.cm.ConnectorService,class com.ibm.ws.jca.cm.ConnectorService,[WAS.j2c],com.ibm.ws.jca.cm.internal.resources.J2CAMessages,null]"
    NLS = class com.ibm.ejs.ras.TraceNLS@c303128e
      resolver = class com.ibm.ws.logging.internal.TraceNLSResolver@2219b035
      finder = null
      ivBundleName = "com.ibm.ws.jca.cm.internal.resources.J2CAMessages"
      caller = class java.lang.Class@93324985
  dsConfigRef = class java.util.concurrent.atomic.AtomicReference@b35c05d1
    serialVersionUID = -1848883965231344442
    unsafe = class sun.misc.Unsafe@2b741bad
      theUnsafe = class sun.misc.Unsafe@2b741bad
      INVALID_FIELD_OFFSET = -1
      ARRAY_BOOLEAN_BASE_OFFSET = 8
      ARRAY_BYTE_BASE_OFFSET = 8
      ARRAY_SHORT_BASE_OFFSET = 8
      ARRAY_CHAR_BASE_OFFSET = 8
      ARRAY_INT_BASE_OFFSET = 8
      ARRAY_LONG_BASE_OFFSET = 8
      ARRAY_FLOAT_BASE_OFFSET = 8
      ARRAY_DOUBLE_BASE_OFFSET = 8
      ARRAY_OBJECT_BASE_OFFSET = 8
      ARRAY_BOOLEAN_INDEX_SCALE = 1
      ARRAY_BYTE_INDEX_SCALE = 1
      ARRAY_SHORT_INDEX_SCALE = 2
      ARRAY_CHAR_INDEX_SCALE = 2
      ARRAY_INT_INDEX_SCALE = 4
      ARRAY_LONG_INDEX_SCALE = 8
      ARRAY_FLOAT_INDEX_SCALE = 4
      ARRAY_DOUBLE_INDEX_SCALE = 8
      ARRAY_OBJECT_INDEX_SCALE = 4
      ADDRESS_SIZE = 8
    valueOffset = 8
    value = null
  destroyWasDeferred = false
  embDerbyRefCount = class java.util.concurrent.ConcurrentLinkedQueue@1ba56c1f
    serialVersionUID = 196745693267521676
    head = class java.util.concurrent.ConcurrentLinkedQueue$Node@fe43a11b
      item = null
      next = null
      UNSAFE = class sun.misc.Unsafe@2b741bad
      itemOffset = 8
      nextOffset = 12
    tail = class java.util.concurrent.ConcurrentLinkedQueue$Node@fe43a11b
    UNSAFE = class sun.misc.Unsafe@2b741bad
    headOffset = 8
    tailOffset = 12
    MAX_ARRAY_SIZE = 2147483639
  id = "dataSource[compose-mysql-Compose for MySQL]"
  isDerbyEmbedded = false
  jdbcDriverSvc = class com.ibm.ws.jdbc.internal.JDBCDriverService@83e0830a
    tc = class com.ibm.websphere.ras.TraceComponent@499cd726
      strings[0] = "TraceComponent[com.ibm.ws.jdbc.internal.JDBCDriverService,class com.ibm.ws.jdbc.internal.JDBCDriverService,[RRA],com.ibm.ws.rsadapter.resources.IBMDataStoreAdapterNLS,null]"
    FACTORY_PID = "com.ibm.ws.jdbc.jdbcDriver"
    ID = "id"
    LIBRARY_REF = "libraryRef"
    JDBC_DRIVER = "jdbcDriver"
    TARGET_LIBRARY = "sharedLib.target"
    PROPS_FOR_XA_ONLY = class java.util.Arrays$ArrayList@1c4b1695
      serialVersionUID = -2764017481108945198
      a = class java.lang.String[1]
      modCount = 0
      MAX_ARRAY_SIZE = 2147483639
    classloader = class com.ibm.ws.classloading.internal.AppClassLoader@34cf912
      tc = class com.ibm.websphere.ras.TraceComponent@19620a41
      PARENT_FIRST_SEARCH_ORDER = class java.util.Collections$UnmodifiableRandomAccessList@f45d6324
      CLASS_LOADING_TRACE_PREFIX = "com.ibm.ws.class.load."
      DEFAULT_PACKAGE = "default.package"
      perPackageClassLoadingTraceComponents = class java.util.concurrent.ConcurrentHashMap@508ef753
      config = class com.ibm.ws.classloading.internal.ClassLoaderConfigurationImpl@9e7e1acd
      privateLibraries = null
      delegateLoaders = class com.ibm.ws.classloading.internal.util.CompositeIterable@f7908ee0
      nativeLibraryFiles = class java.util.ArrayList@4bdfc440
      transformers = class java.util.ArrayList@6cb7d4fe
      apiAccess = class com.ibm.ws.classloading.internal.GatewayClassLoader@8c057a8a
      generator = class com.ibm.ws.classloading.internal.ClassGeneratorManager@8e06ed12
      protectionDomains = class java.util.concurrent.ConcurrentHashMap@eb6b61b
      parent = class com.ibm.ws.classloading.internal.GatewayClassLoader@8c057a8a
      serialVersionUID = 960221346174702086
      tc = class com.ibm.websphere.ras.TraceComponent@2b86813d
      EMPTY_URL_ARRAY = class java.net.URL[0]
      smartClassPath = class com.ibm.ws.classloading.internal.ContainerClassLoader$SmartClassPathImpl@dcbc2eff
      nativeLibraryContainers = class java.util.ArrayList@52c85059
      redefiner = class com.ibm.ws.classloading.internal.util.ClassRedefiner@3dbd1a36
      mapCreationQueue = class java.util.concurrent.Executors$FinalizableDelegatedExecutorService@f30e548a
      serialVersionUID = 7249739282446266343
      serialVersionUID = -7411549862368381758
      $$$tc$$$ = class com.ibm.websphere.ras.TraceComponent@52dbeda2
      serialVersionUID = -4868702105808481416
      $$$tc$$$ = class com.ibm.websphere.ras.TraceComponent@9c1a7ba3
      serialVersionUID = 2596921220292114344
      $$$tc$$$ = class com.ibm.websphere.ras.TraceComponent@6a092eac
      initialized = true
      pdcache = class java.util.HashMap@f232f0fd
      debug = null
      defaultCodeSource = class java.security.CodeSource@39df2f92
      bootstrapClassLoader = class com.ibm.oti.vm.BootstrapClassLoader@7db288c8
      applicationClassLoader = class sun.misc.Launcher$AppClassLoader@e5c68d36
      initSystemClassLoader = false
      reflectCacheEnabled = true
      reflectCacheAppOnly = false
      reflectCacheDebug = false
      isAssertOptionFound = false
      vmRef = 0
      parent = class com.ibm.ws.classloading.internal.GatewayClassLoader@8c057a8a
      initDone = true
      checkAssertionOptions = false
      assertionLock = class java.lang.ClassLoader$AssertionLock@3217c398
      defaultAssertionStatus = false
      packageAssertionStatus = null
      classAssertionStatus = null
      packages = null
      lazyInitLock = class java.lang.ClassLoader$LazyInitLock@20a83b7f
      classSigners = null
      packageSigners = null
      emptyCertificates = class java.security.cert.Certificate[0]
      defaultProtectionDomain = null
      parallelCapableCollection = class java.util.Collections$SynchronizedMap@c55158c1
      classNameBasedLock = null
      isParallelCapable = false
      allowArraySyntax = false
      lazyClassLoaderInit = true
      queue = class java.lang.ref.ReferenceQueue@d7b5492e
      methodCache = null
      fieldCache = null
      constructorCache = null
    connectorSvc = class com.ibm.ejs.j2c.ConnectorServiceImpl@5b5900e
    embDerbyRefCount = class java.util.concurrent.ConcurrentLinkedQueue@b9894237
      serialVersionUID = 196745693267521676
      head = class java.util.concurrent.ConcurrentLinkedQueue$Node@63dca740
      tail = class java.util.concurrent.ConcurrentLinkedQueue$Node@63dca740
      UNSAFE = class sun.misc.Unsafe@2b741bad
      headOffset = 8
      tailOffset = 12
      MAX_ARRAY_SIZE = 2147483639
    introspectedClasses = class java.util.HashSet@2b54f003
      serialVersionUID = -5024744406713321676
      map = class java.util.HashMap@7b08a611
      PRESENT = class java.lang.Object@23489c38
      MAX_ARRAY_SIZE = 2147483639
    isDerbyEmbedded = class java.util.concurrent.atomic.AtomicBoolean@5e957caf
      serialVersionUID = 4654671469794556979
      unsafe = class sun.misc.Unsafe@2b741bad
      valueOffset = 8
      value = 0
    lock = class java.util.concurrent.locks.ReentrantReadWriteLock@c063a579
      serialVersionUID = -6992448646407690164
      readerLock = class java.util.concurrent.locks.ReentrantReadWriteLock$ReadLock@397f7d75
      writerLock = class java.util.concurrent.locks.ReentrantReadWriteLock$WriteLock@a9ddcc30
      sync = class java.util.concurrent.locks.ReentrantReadWriteLock$NonfairSync@9ac1298
    name = "jdbcDriver[compose-mysql-driver]"
    properties = class org.apache.felix.scr.impl.helper.ReadOnlyDictionary@8323e132
      m_delegate = class java.util.Hashtable@4c36f217
      m_serviceReference = null
    sharedLib = class com.ibm.ws.library.internal.SharedLibraryImpl@d726404
      tc = class com.ibm.websphere.ras.TraceComponent@399a447f
      EMPTY_LIBRARY_LISTENERS = interface com.ibm.wsspi.library.LibraryChangeListener[0]
      deleted = false
      libraryListenersTracker = class org.osgi.util.tracker.ServiceTracker@237c9a2c
      libraryReg = class org.eclipse.osgi.internal.serviceregistry.ServiceRegistrationImpl@3faeb705
      ctx = class org.eclipse.osgi.internal.framework.BundleContextImpl@ac0e5dbf
      classLoadingService = class com.ibm.ws.classloading.internal.ClassLoadingServiceImpl@ef195782
      configAdmin = class com.ibm.ws.config.admin.internal.ConfigurationAdminImpl@f303e0ab
      resolvedBasePath = "/home/mluc/Desktop/wlp/usr/servers/defaultServer/"
      generationLock = class com.ibm.ws.library.internal.SharedLibraryImpl$1@b1e3d3e3
      currentGeneration = class com.ibm.ws.library.internal.LibraryGeneration@e1ee3318
      nextGeneration = class com.ibm.ws.library.internal.LibraryGeneration@e1ee3318
      artifactContainerFactory = class com.ibm.ws.library.internal.SharedLibraryFactory$1@e49bdf22
      packageExporter = class com.ibm.ws.library.internal.LibraryPackageExporter@8e1f066b
      serialVersionUID = 6288237618632180389
    changed = false
    obs = class java.util.Vector@c5831874
      elementData = class java.lang.Object[10]
      elementCount = 1
      capacityIncrement = 0
      serialVersionUID = -2767605614048989439
      MAX_ARRAY_SIZE = 2147483639
      modCount = 1
      MAX_ARRAY_SIZE = 2147483639
  jdbcRuntime = class com.ibm.ws.jdbc.osgi.v41.JDBCRuntimeVersion41@c32d5ab
  properties = class org.apache.felix.scr.impl.helper.ReadOnlyDictionary@e3cbc679
    m_delegate = class java.util.Hashtable@c195e07a
      EMPTY_TABLE = class java.util.Hashtable$Entry[0]
      table = class java.util.Hashtable$Entry[95]
      count = 36
      threshold = 71
      loadFactor = 0.75
      modCount = 39
      serialVersionUID = 1421746759512286392
      ALTERNATIVE_HASHING_THRESHOLD_DEFAULT = 2147483647
      hashSeed = 0
      MAX_ARRAY_SIZE = 2147483639
      keySet = null
      entrySet = class java.util.Collections$SynchronizedSet@5ac6eb0
      values = null
      KEYS = 0
      VALUES = 1
      ENTRIES = 2
    m_serviceReference = null
  tc = class com.ibm.websphere.ras.TraceComponent@273d5be8
    strings[0] = "TraceComponent[com.ibm.ws.jca.cm.AbstractConnectionFactoryService,class com.ibm.ws.jca.cm.AbstractConnectionFactoryService,[WAS.j2c],com.ibm.ws.jca.cm.internal.resources.J2CAMessages,null]"
  ID = "id"
  JNDI_NAME = "jndiName"
  DEFAULT_NESTED_PATTERN = class java.util.regex.Pattern@e8a91b43
    UNIX_LINES = 1
    CASE_INSENSITIVE = 2
    COMMENTS = 4
    MULTILINE = 8
    LITERAL = 16
    DOTALL = 32
    UNICODE_CASE = 64
    CANON_EQ = 128
    UNICODE_CHARACTER_CLASS = 256
    serialVersionUID = 5073258162644648461
    pattern = ".*(\[default-\d*\])$"
    flags = 0
    compiled = true
    normalizedPattern = ".*(\[default-\d*\])$"
    root = class java.util.regex.Pattern$Start@f6d7d169
      minLength = 10
      next = class java.util.regex.Pattern$Curly@4b8053be
    matchRoot = class java.util.regex.Pattern$Curly@4b8053be
      atom = class java.util.regex.Pattern$Dot@d5a132fb
      type = 0
      cmin = 0
      cmax = 2147483647
      next = class java.util.regex.Pattern$GroupHead@ea016a30
    buffer = null
    namedGroups = null
    groupNodes = null
    temp = null
    capturingGroupCount = 2
    localCount = 1
    cursor = 20
    patternLength = 0
    hasSupplementary = false
    MAX_REPS = 2147483647
    GREEDY = 0
    LAZY = 1
    POSSESSIVE = 2
    INDEPENDENT = 3
    lookbehindEnd = class java.util.regex.Pattern$4@1a503fd0
    accept = class java.util.regex.Pattern$Node@ba756121
    lastAccept = class java.util.regex.Pattern$LastNode@63f0d3ff
    $assertionsDisabled = true
  DEFAULT_PATTERN = class java.util.regex.Pattern@93d406e1
    UNIX_LINES = 1
    CASE_INSENSITIVE = 2
    COMMENTS = 4
    MULTILINE = 8
    LITERAL = 16
    DOTALL = 32
    UNICODE_CASE = 64
    CANON_EQ = 128
    UNICODE_CHARACTER_CLASS = 256
    serialVersionUID = 5073258162644648461
    pattern = "(default-\d*)$"
    flags = 0
    compiled = true
    normalizedPattern = "(default-\d*)$"
    root = class java.util.regex.Pattern$Start@e440ef5a
      minLength = 8
      next = class java.util.regex.Pattern$GroupHead@8cb470b7
    matchRoot = class java.util.regex.Pattern$GroupHead@8cb470b7
      localIndex = 0
      next = class java.util.regex.Pattern$Slice@e334b862
    buffer = null
    namedGroups = null
    groupNodes = null
    temp = null
    capturingGroupCount = 2
    localCount = 1
    cursor = 14
    patternLength = 0
    hasSupplementary = false
    MAX_REPS = 2147483647
    GREEDY = 0
    LAZY = 1
    POSSESSIVE = 2
    INDEPENDENT = 3
    lookbehindEnd = class java.util.regex.Pattern$4@1a503fd0
      next = null
    accept = class java.util.regex.Pattern$Node@ba756121
      next = null
    lastAccept = class java.util.regex.Pattern$LastNode@63f0d3ff
      next = class java.util.regex.Pattern$Node@ba756121
    $assertionsDisabled = true
  appsToRecycle = class java.util.Collections$SetFromMap@3c27a319
    m = class java.util.concurrent.ConcurrentHashMap@aebe414b
      serialVersionUID = 7249069246763182397
      DEFAULT_INITIAL_CAPACITY = 16
      DEFAULT_LOAD_FACTOR = 0.75
      DEFAULT_CONCURRENCY_LEVEL = 16
      MAXIMUM_CAPACITY = 1073741824
      MAX_SEGMENTS = 65536
      RETRIES_BEFORE_LOCK = 2
      hashSeed = 0
      segmentMask = 15
      segmentShift = 28
      segments = class java.util.concurrent.ConcurrentHashMap$Segment[16]
      keySet = class java.util.concurrent.ConcurrentHashMap$KeySet@5688908
      entrySet = null
      values = null
      UNSAFE = class sun.misc.Unsafe@2b741bad
      HASHSEED_OFFSET = 32
      SEGSHIFT_OFFSET = 40
      SEGMASK_OFFSET = 36
      SEGMENTS_OFFSET = 16
      keySet = null
      values = null
    s = class java.util.concurrent.ConcurrentHashMap$KeySet@5688908
      this$0 = class java.util.concurrent.ConcurrentHashMap@aebe414b
      MAX_ARRAY_SIZE = 2147483639
    serialVersionUID = 2454657854757543876
    MAX_ARRAY_SIZE = 2147483639
  conMgrSvc = class com.ibm.ejs.j2c.ConnectionManagerServiceImpl@5c026c08
    tc = class com.ibm.websphere.ras.TraceComponent@8590b02d
      strings[0] = "TraceComponent[com.ibm.ejs.j2c.ConnectionManagerServiceImpl,class com.ibm.ejs.j2c.ConnectionManagerServiceImpl,[WAS.j2c],com.ibm.ws.jca.cm.internal.resources.J2CAMessages,null]"
    cfKeyToCM = class java.util.concurrent.ConcurrentHashMap@61dc63a8
      serialVersionUID = 7249069246763182397
      DEFAULT_INITIAL_CAPACITY = 16
      DEFAULT_LOAD_FACTOR = 0.75
      DEFAULT_CONCURRENCY_LEVEL = 16
      MAXIMUM_CAPACITY = 1073741824
      MAX_SEGMENTS = 65536
      RETRIES_BEFORE_LOCK = 2
      hashSeed = 0
      segmentMask = 15
      segmentShift = 28
      segments = class java.util.concurrent.ConcurrentHashMap$Segment[16]
      keySet = null
      entrySet = null
      values = null
      UNSAFE = class sun.misc.Unsafe@2b741bad
      HASHSEED_OFFSET = 32
      SEGSHIFT_OFFSET = 40
      SEGMASK_OFFSET = 36
      SEGMENTS_OFFSET = 16
      keySet = null
      values = null
    lock = class java.util.concurrent.locks.ReentrantReadWriteLock@e461a015
      serialVersionUID = -6992448646407690164
      readerLock = class java.util.concurrent.locks.ReentrantReadWriteLock$ReadLock@bf03fc29
      writerLock = class java.util.concurrent.locks.ReentrantReadWriteLock$WriteLock@31fa367c
      sync = class java.util.concurrent.locks.ReentrantReadWriteLock$NonfairSync@6dc89859
    name = "dataSource[compose-mysql-Compose for MySQL]/connectionManager"
    pm = null
    pmMBean = null
    properties = null
    bndCtx = null
    raClassLoader = null
    CONNECTION_MANAGER = "connectionManager"
    FACTORY_PID = "com.ibm.ws.jca.connectionManager"
    ID = "id"
    MAX_CONNECTIONS_PER_THREAD = "maxConnectionsPerThread"
    MAX_IDLE_TIME = "maxIdleTime"
    MAX_POOL_SIZE = "maxPoolSize"
    MIN_POOL_SIZE = "minPoolSize"
    NUM_CONNECTIONS_PER_THREAD_LOCAL = "numConnectionsPerThreadLocal"
    CONNECTION_MANAGER_PROPS = class java.util.Collections$UnmodifiableRandomAccessList@1017156d
      serialVersionUID = -2542308836966382001
      serialVersionUID = -283967356065247728
      list = class java.util.Arrays$ArrayList@e2d230d
      serialVersionUID = 1820017752578914078
      c = class java.util.Arrays$ArrayList@e2d230d
    changed = false
    obs = class java.util.Vector@6da76e41
      elementData = class java.lang.Object[10]
      elementCount = 1
      capacityIncrement = 0
      serialVersionUID = -2767605614048989439
      MAX_ARRAY_SIZE = 2147483639
      modCount = 1
      MAX_ARRAY_SIZE = 2147483639
  containerAuthDataRef = null
  jaasLoginContextEntryName = null
  isInitialized = class java.util.concurrent.atomic.AtomicBoolean@3ae9518c
    serialVersionUID = 4654671469794556979
    unsafe = class sun.misc.Unsafe@2b741bad
    valueOffset = 8
    value = 0
  isServerDefined = true
  lock = class java.util.concurrent.locks.ReentrantReadWriteLock@525b8781
    serialVersionUID = -6992448646407690164
    readerLock = class java.util.concurrent.locks.ReentrantReadWriteLock$ReadLock@edfd414b
      serialVersionUID = -5992448646407690164
      sync = class java.util.concurrent.locks.ReentrantReadWriteLock$NonfairSync@b700e126
    writerLock = class java.util.concurrent.locks.ReentrantReadWriteLock$WriteLock@4d80fe03
      serialVersionUID = -4992448646407690164
      sync = class java.util.concurrent.locks.ReentrantReadWriteLock$NonfairSync@b700e126
    sync = class java.util.concurrent.locks.ReentrantReadWriteLock$NonfairSync@b700e126
      serialVersionUID = -8159625535654395037
      serialVersionUID = 6317671515068378041
      SHARED_SHIFT = 16
      SHARED_UNIT = 65536
      MAX_COUNT = 65535
      EXCLUSIVE_MASK = 65535
      readHolds = class java.util.concurrent.locks.ReentrantReadWriteLock$Sync$ThreadLocalHoldCounter@faf69f9c
      cachedHoldCounter = null
      firstReader = null
      firstReaderHoldCount = 1
      serialVersionUID = 7373984972572414691
      head = null
      tail = null
      state = 1
      spinForTimeoutThreshold = 1000
      unsafe = class sun.misc.Unsafe@2b741bad
      stateOffset = 24
      headOffset = 16
      tailOffset = 20
      waitStatusOffset = 24
      nextOffset = 12
      serialVersionUID = 3737899427754241961
      exclusiveOwnerThread = class java.lang.Thread@8d244502
  recoveryAuthDataRef = null

