------Start of DE processing------ = [1/2/17 8:24:12:856 ART]
Exception = java.sql.SQLNonTransientException
Source = com.ibm.ws.resource.internal.ResourceFactoryTrackerData$1
probeid = 122
Stack Dump = java.sql.SQLNonTransientException: DSRA4000E: A valid JDBC driver implementation class was not found for the jdbcDriver jdbcDriver[compose-mysql-driver] using the library compose-mysql-library. []
	at com.ibm.ws.jdbc.internal.JDBCDriverService.classNotFound(JDBCDriverService.java:196)
	at com.ibm.ws.jdbc.internal.JDBCDriverService.create(JDBCDriverService.java:298)
	at com.ibm.ws.jdbc.internal.JDBCDriverService.createConnectionPoolDataSource(JDBCDriverService.java:446)
	at com.ibm.ws.jdbc.DataSourceService.init(DataSourceService.java:460)
	at com.ibm.ws.jca.cm.AbstractConnectionFactoryService.createResource(AbstractConnectionFactoryService.java:138)
	at com.ibm.ws.resource.internal.ResourceFactoryTrackerData$1.getService(ResourceFactoryTrackerData.java:121)
	at org.eclipse.osgi.internal.serviceregistry.ServiceFactoryUse$1.run(ServiceFactoryUse.java:212)
	at java.security.AccessController.doPrivileged(AccessController.java:360)
	at org.eclipse.osgi.internal.serviceregistry.ServiceFactoryUse.factoryGetService(ServiceFactoryUse.java:210)
	at org.eclipse.osgi.internal.serviceregistry.ServiceFactoryUse.getService(ServiceFactoryUse.java:111)
	at org.eclipse.osgi.internal.serviceregistry.ServiceConsumer$2.getService(ServiceConsumer.java:45)
	at org.eclipse.osgi.internal.serviceregistry.ServiceRegistrationImpl.getService(ServiceRegistrationImpl.java:496)
	at org.eclipse.osgi.internal.serviceregistry.ServiceRegistry.getService(ServiceRegistry.java:461)
	at org.eclipse.osgi.internal.framework.BundleContextImpl.getService(BundleContextImpl.java:619)
	at com.ibm.ws.jndi.internal.WSContext$3.run(WSContext.java:515)
	at java.security.AccessController.doPrivileged(AccessController.java:360)
	at com.ibm.ws.jndi.internal.WSContext.getReference(WSContext.java:511)
	at com.ibm.ws.jndi.internal.WSContext.resolveObject(WSContext.java:132)
	at com.ibm.ws.jndi.internal.WSContext.lookup(WSContext.java:300)
	at com.ibm.ws.jndi.WSContextBase.lookup(WSContextBase.java:62)
	at org.apache.aries.jndi.DelegateContext.lookup(DelegateContext.java:161)
	at javax.naming.InitialContext.lookup(InitialContext.java:423)
	at com.ibm.conexion.Conexion.init(Unknown Source)
	at com.ibm.logica.Lista.getMaterial(Unknown Source)
	at com.ibm._jsp._material._jspService(_material.java:112)
	at com.ibm.ws.jsp.runtime.HttpJspBase.service(HttpJspBase.java:101)
	at javax.servlet.http.HttpServlet.service(HttpServlet.java:790)
	at com.ibm.ws.webcontainer.servlet.ServletWrapper.service(ServletWrapper.java:1290)
	at com.ibm.ws.webcontainer.servlet.ServletWrapper.handleRequest(ServletWrapper.java:778)
	at com.ibm.ws.webcontainer.servlet.ServletWrapper.handleRequest(ServletWrapper.java:475)
	at com.ibm.wsspi.webcontainer.servlet.GenericServletWrapper.handleRequest(GenericServletWrapper.java:119)
	at com.ibm.ws.jsp.webcontainerext.AbstractJSPExtensionServletWrapper.handleRequest(AbstractJSPExtensionServletWrapper.java:217)
	at com.ibm.ws.webcontainer.filter.WebAppFilterManager.invokeFilters(WebAppFilterManager.java:1157)
	at com.ibm.ws.webcontainer.webapp.WebApp.handleRequest(WebApp.java:4939)
	at com.ibm.ws.webcontainer31.osgi.webapp.WebApp31.handleRequest(WebApp31.java:525)
	at com.ibm.ws.webcontainer.osgi.DynamicVirtualHost$2.handleRequest(DynamicVirtualHost.java:313)
	at com.ibm.ws.webcontainer.WebContainer.handleRequest(WebContainer.java:1007)
	at com.ibm.ws.webcontainer.osgi.DynamicVirtualHost$2.run(DynamicVirtualHost.java:278)
	at com.ibm.ws.http.dispatcher.internal.channel.HttpDispatcherLink$TaskWrapper.run(HttpDispatcherLink.java:967)
	at com.ibm.ws.http.dispatcher.internal.channel.HttpDispatcherLink.wrapHandlerAndExecute(HttpDispatcherLink.java:359)
	at com.ibm.ws.http.dispatcher.internal.channel.HttpDispatcherLink.ready(HttpDispatcherLink.java:318)
	at com.ibm.ws.http.channel.internal.inbound.HttpInboundLink.handleDiscrimination(HttpInboundLink.java:471)
	at com.ibm.ws.http.channel.internal.inbound.HttpInboundLink.handleNewRequest(HttpInboundLink.java:405)
	at com.ibm.ws.http.channel.internal.inbound.HttpInboundLink.processRequest(HttpInboundLink.java:285)
	at com.ibm.ws.http.channel.internal.inbound.HttpInboundLink.ready(HttpInboundLink.java:256)
	at com.ibm.ws.tcpchannel.internal.NewConnectionInitialReadCallback.sendToDiscriminators(NewConnectionInitialReadCallback.java:174)
	at com.ibm.ws.tcpchannel.internal.NewConnectionInitialReadCallback.complete(NewConnectionInitialReadCallback.java:83)
	at com.ibm.ws.tcpchannel.internal.WorkQueueManager.requestComplete(WorkQueueManager.java:504)
	at com.ibm.ws.tcpchannel.internal.WorkQueueManager.attemptIO(WorkQueueManager.java:574)
	at com.ibm.ws.tcpchannel.internal.WorkQueueManager.workerRun(WorkQueueManager.java:929)
	at com.ibm.ws.tcpchannel.internal.WorkQueueManager$Worker.run(WorkQueueManager.java:1018)
	at java.util.concurrent.ThreadPoolExecutor.runWorker(ThreadPoolExecutor.java:1157)
	at java.util.concurrent.ThreadPoolExecutor$Worker.run(ThreadPoolExecutor.java:627)
	at java.lang.Thread.run(Thread.java:809)
Caused by: java.lang.ClassNotFoundException: org.mariadb.jdbc.MySQLDataSource
	at com.ibm.ws.classloading.internal.AppClassLoader.findClassCommonLibraryClassLoaders(AppClassLoader.java:488)
	at com.ibm.ws.classloading.internal.AppClassLoader.findClass(AppClassLoader.java:271)
	at java.lang.ClassLoader.loadClassHelper(ClassLoader.java:786)
	at java.lang.ClassLoader.loadClass(ClassLoader.java:764)
	at com.ibm.ws.classloading.internal.AppClassLoader.findOrDelegateLoadClass(AppClassLoader.java:466)
	at com.ibm.ws.classloading.internal.AppClassLoader.loadClass(AppClassLoader.java:438)
	at java.lang.ClassLoader.loadClass(ClassLoader.java:741)
	at com.ibm.ws.jdbc.internal.JDBCDriverService$1.run(JDBCDriverService.java:234)
	at com.ibm.ws.jdbc.internal.JDBCDriverService$1.run(JDBCDriverService.java:224)
	at java.security.AccessController.doPrivileged(AccessController.java:416)
	at com.ibm.ws.jdbc.internal.JDBCDriverService.create(JDBCDriverService.java:223)
	... 52 more

Dump of callerThis
Object type = com.ibm.ws.resource.internal.ResourceFactoryTrackerData$1
  val$ref = class org.eclipse.osgi.internal.serviceregistry.ServiceReferenceImpl@c58df186
    registration = class org.eclipse.osgi.internal.serviceregistry.ServiceRegistrationImpl@3c69dc1b
      registry = class org.eclipse.osgi.internal.serviceregistry.ServiceRegistry@d8ceb27b
      context = class org.eclipse.osgi.internal.framework.BundleContextImpl@2a0fbc3f
      bundle = class org.eclipse.osgi.internal.framework.EquinoxBundle@752027df
      clazzes = class java.lang.String[4]
      service = class org.apache.felix.scr.impl.manager.SingleComponentManager@cc4efba2
      reference = class org.eclipse.osgi.internal.serviceregistry.ServiceReferenceImpl@c58df186
      contextsUsing = class java.util.ArrayList@fdb53ce2
      properties = class org.eclipse.osgi.internal.serviceregistry.ServiceProperties@c2278225
      serviceid = 301
      serviceranking = 0
      registrationLock = class java.lang.Object@cf44d979
      state = 0
      REGISTERED = 0
      UNREGISTERING = 1
      UNREGISTERED = 2
      $assertionsDisabled = true
  this$0 = class com.ibm.ws.resource.internal.ResourceFactoryTrackerData@a0ca0418
    JNDI_SERVICENAME = "osgi.jndi.service.name"
    context = class org.eclipse.osgi.internal.framework.BundleContextImpl@2a0fbc3f
      findHookName = "org.osgi.framework.hooks.bundle.FindHook"
      valid = true
      bundle = class org.eclipse.osgi.internal.framework.EquinoxBundle@752027df
      container = class org.eclipse.osgi.internal.framework.EquinoxContainer@99efb221
      debug = class org.eclipse.osgi.internal.debug.Debug@408980f5
      servicesInUse = class java.util.HashMap@10c68593
      activator = null
      contextLock = class java.lang.Object@65c93c64
    registration = class org.eclipse.osgi.internal.serviceregistry.ServiceRegistrationImpl@3bcbb1b0
      registry = class org.eclipse.osgi.internal.serviceregistry.ServiceRegistry@d8ceb27b
      context = class org.eclipse.osgi.internal.framework.BundleContextImpl@2a0fbc3f
      bundle = class org.eclipse.osgi.internal.framework.EquinoxBundle@752027df
      clazzes = class java.lang.String[1]
      service = class com.ibm.ws.resource.internal.ResourceFactoryTrackerData$1@6ff78022
      reference = class org.eclipse.osgi.internal.serviceregistry.ServiceReferenceImpl@fc2e075d
      contextsUsing = class java.util.ArrayList@6c299e8c
      properties = class org.eclipse.osgi.internal.serviceregistry.ServiceProperties@201fe42a
      serviceid = 302
      serviceranking = 0
      registrationLock = class java.lang.Object@9a67e47a
      state = 0
      REGISTERED = 0
      UNREGISTERING = 1
      UNREGISTERED = 2
      $assertionsDisabled = true
    interfaces = class java.lang.String[1]
      interfaces[0] = "javax.sql.DataSource"
    serialVersionUID = 7071819092476537634
    $$$tc$$$ = class com.ibm.websphere.ras.TraceComponent@61ef4d2e
      strings[0] = "TraceComponent[com.ibm.ws.resource.internal.ResourceFactoryTrackerData,class com.ibm.ws.resource.internal.ResourceFactoryTrackerData,[resource],com.ibm.ws.resource.internal.resources.Runtime,null]"
  serialVersionUID = -5395261454852493419
  $$$tc$$$ = class com.ibm.websphere.ras.TraceComponent@b1cdcb39
    strings[0] = "TraceComponent[com.ibm.ws.resource.internal.ResourceFactoryTrackerData$1,class com.ibm.ws.resource.internal.ResourceFactoryTrackerData$1,[resource],com.ibm.ws.resource.internal.resources.Runtime,null]"

Dump of objectArray[0]
Object type = org.eclipse.osgi.internal.framework.EquinoxBundle
  equinoxContainer = class org.eclipse.osgi.internal.framework.EquinoxContainer@99efb221
    NAME = "org.eclipse.osgi"
    secureAction = class org.eclipse.osgi.framework.util.SecureAction@de655cda
      controlContext = class java.security.AccessControlContext@f75b40d2
      bootClassLoader = class org.eclipse.osgi.framework.util.SecureAction$1$1@49d6cc97
    equinoxConfig = class org.eclipse.osgi.internal.framework.EquinoxConfiguration@ea1ec471
      CONFIG_FILE = "config.ini"
      INTERNAL_OS_SUNOS = "SunOS"
      INTERNAL_OS_LINUX = "Linux"
      INTERNAL_OS_MACOSX = "Mac OS"
      INTERNAL_OS_AIX = "AIX"
      INTERNAL_OS_HPUX = "HP-UX"
      INTERNAL_OS_QNX = "QNX"
      INTERNAL_OS_OS400 = "OS/400"
      INTERNAL_OS_OS390 = "OS/390"
      INTERNAL_OS_ZOS = "z/OS"
      INTERNAL_ARCH_I386 = "i386"
      INTERNAL_AMD64 = "amd64"
      VARIABLE_DELIM_STRING = "$"
      VARIABLE_DELIM_CHAR = $
      configValues = class org.eclipse.osgi.internal.framework.EquinoxConfiguration$ConfigValues@1989dff6
      debug = class org.eclipse.osgi.internal.debug.Debug@408980f5
      debugOptions = class org.eclipse.osgi.internal.debug.FrameworkDebugOptions@8bb5439f
      hookRegistry = class org.eclipse.osgi.internal.hookregistry.HookRegistry@5cf3eb11
      aliasMapper = class org.eclipse.osgi.internal.framework.AliasMapper@1eca1bdf
      equinoxLocations = class org.eclipse.osgi.internal.location.EquinoxLocations@9882cd37
      allArgs = null
      frameworkArgs = null
      appArgs = null
      inDevelopmentMode = false
      devLocation = null
      devMonitor = class java.lang.Object@4e03f42
      devDefaultClasspath = null
      devProperties = null
      devLastModified = 0
      contextBootDelegation = false
      compatibilityBootDelegation = false
      LIB_EXTENSIONS = class java.util.Collections$UnmodifiableRandomAccessList@d9b4c524
      ECLIPSE_LIB_VARIANTS = class java.util.Collections$UnmodifiableRandomAccessList@4e0c41a1
      COPY_NATIVES = false
      ECLIPSE_NL_JAR_VARIANTS = class java.util.ArrayList@91b393e8
      DEFINE_PACKAGE_ATTRIBUTES = true
      BUNDLE_SET_TCCL = true
      BSN_VERSION = 3
      BSN_VERSION_SINGLE = 1
      BSN_VERSION_MULTIPLE = 2
      BSN_VERSION_MANAGED = 3
      throwErrorOnFailedStart = true
      CLASS_CERTIFICATE = true
      PARALLEL_CAPABLE = false
      PROP_JVM_OS_ARCH = "os.arch"
      PROP_JVM_OS_NAME = "os.name"
      PROP_JVM_OS_VERSION = "os.version"
      PROP_JVM_SPEC_VERSION = "java.specification.version"
      PROP_JVM_SPEC_NAME = "java.specification.name"
      PROP_J2ME_MICROEDITION_CONFIGURATION = "microedition.configuration"
      PROP_J2ME_MICROEDITION_PROFILES = "microedition.profiles"
      PROP_SETPERMS_CMD = "osgi.filepermissions.command"
      PROP_DEBUG = "osgi.debug"
      PROP_DEBUG_VERBOSE = "osgi.debug.verbose"
      PROP_DEV = "osgi.dev"
      PROP_CLEAN = "osgi.clean"
      PROP_USE_SYSTEM_PROPERTIES = "osgi.framework.useSystemProperties"
      PROP_FRAMEWORK = "osgi.framework"
      ECLIPSE_FRAMEWORK_VENDOR = "Eclipse"
      PROP_OSGI_JAVA_PROFILE = "osgi.java.profile"
      PROP_OSGI_JAVA_PROFILE_NAME = "osgi.java.profile.name"
      PROP_OSGI_JAVA_PROFILE_BOOTDELEGATION = "osgi.java.profile.bootdelegation"
      PROP_OSGI_BOOTDELEGATION_IGNORE = "ignore"
      PROP_OSGI_BOOTDELEGATION_OVERRIDE = "override"
      PROP_OSGI_BOOTDELEGATION_NONE = "none"
      PROP_CONTEXT_BOOTDELEGATION = "osgi.context.bootdelegation"
      PROP_COMPATIBILITY_BOOTDELEGATION = "osgi.compatibility.bootdelegation"
      PROP_COMPATIBILITY_ERROR_FAILED_START = "osgi.compatibility.errorOnFailedStart"
      PROP_COMPATIBILITY_START_LAZY = "osgi.compatibility.eagerStart.LazyActivation"
      PROP_OSGI_OS = "osgi.os"
      PROP_OSGI_WS = "osgi.ws"
      PROP_OSGI_ARCH = "osgi.arch"
      PROP_OSGI_NL = "osgi.nl"
      PROP_OSGI_NL_USER = "osgi.nl.user"
      PROP_ROOT_LOCALE = "equinox.root.locale"
      PROP_PARENT_CLASSLOADER = "osgi.parentClassloader"
      PARENT_CLASSLOADER_FWK = "fwk"
      PROP_CONTEXTCLASSLOADER_PARENT = "osgi.contextClassLoaderParent"
      CONTEXTCLASSLOADER_PARENT_APP = "app"
      CONTEXTCLASSLOADER_PARENT_EXT = "ext"
      CONTEXTCLASSLOADER_PARENT_BOOT = "boot"
      CONTEXTCLASSLOADER_PARENT_FWK = "fwk"
      PROP_FRAMEWORK_LIBRARY_EXTENSIONS = "osgi.framework.library.extensions"
      PROP_COPY_NATIVES = "osgi.classloader.copy.natives"
      PROP_DEFINE_PACKAGES = "osgi.classloader.define.packages"
      PROP_BUNDLE_SETTCCL = "eclipse.bundle.setTCCL"
      PROP_EQUINOX_SECURITY = "eclipse.security"
      PROP_FILE_LIMIT = "osgi.bundlefile.limit"
      PROP_CLASS_CERTIFICATE_SUPPORT = "osgi.support.class.certificate"
      PROP_CLASS_LOADER_TYPE = "osgi.classloader.type"
      CLASS_LOADER_TYPE_PARALLEL = "parallel"
      PROP_FORCED_RESTART = "osgi.forcedRestart"
      PROP_IGNORE_USER_CONFIGURATION = "eclipse.ignoreUserConfiguration"
      PROPERTY_STRICT_BUNDLE_ENTRY_PATH = "osgi.strictBundleEntryPath"
      PROP_CHECK_CONFIGURATION = "osgi.checkConfiguration"
      inCheckConfigurationMode = true
      DEFAULT_STATE_SAVE_DELAY_INTERVAL = "30000"
      PROP_STATE_SAVE_DELAY_INTERVAL = "eclipse.stateSaveDelayInterval"
      PROP_MODULE_LOCK_TIMEOUT = "osgi.module.lock.timeout"
      PROP_MODULE_AUTO_START_ON_RESOLVE = "osgi.module.auto.start.on.resolve"
      PROP_ALLOW_RESTRICTED_PROVIDES = "osgi.equinox.allow.restricted.provides"
      PROP_LOG_HISTORY_MAX = "equinox.log.history.max"
      PROP_RESOLVER_THREAD_COUNT = "equinox.resolver.thead.count"
      PROP_RESOLVER_REVISION_BATCH_SIZE = "equinox.resolver.revision.batch.size"
      PROP_RESOLVER_BATCH_TIMEOUT = "equinox.resolver.batch.timeout"
      PROP_SYSTEM_PROVIDE_HEADER = "equinox.system.provide.header"
      SYSTEM_PROVIDE_HEADER_ORIGINAL = "original"
      SYSTEM_PROVIDE_HEADER_SYSTEM = "system"
      SYSTEM_PROVIDE_HEADER_SYSTEM_EXTRA = "system.extra"
      PROP_DEFAULT_SUFFIX = ".default"
      PROP_WITH_ECLIPSE_STARTER_DEFAULTS = class java.util.Collections$SingletonList@98340554
      PROP_INIT_UUID = "equinox.init.uuid"
    logServices = class org.eclipse.osgi.internal.log.EquinoxLogServices@b288122c
      EQUINOX_LOGGER_NAME = "org.eclipse.equinox.logger"
      PERF_LOGGER_NAME = "org.eclipse.performance.logger"
      PROP_LOG_ENABLED = "eclipse.log.enabled"
      LOG_EXT = ".log"
      logServiceManager = class org.eclipse.osgi.internal.log.LogServiceManager@3de389c8
      eclipseLogFactory = class org.eclipse.osgi.internal.log.EquinoxLogFactory@28139a3c
      logWriter = class org.eclipse.osgi.internal.log.EquinoxLogWriter@c25f325
      perfWriter = class org.eclipse.osgi.internal.log.EquinoxLogWriter@4e420c3f
      rootFrameworkLog = class org.eclipse.osgi.internal.log.EquinoxLogFactory$1@f436c687
      frameworkLogReg = class org.eclipse.osgi.internal.serviceregistry.ServiceRegistrationImpl@84e9ed07
      perfLogReg = class org.eclipse.osgi.internal.serviceregistry.ServiceRegistrationImpl@5fa26d2c
    storage = class org.eclipse.osgi.storage.Storage@5275c568
      VERSION = 3
      BUNDLE_DATA_DIR = "data"
      BUNDLE_FILE_NAME = "bundleFile"
      FRAMEWORK_INFO = "framework.info"
      ECLIPSE_SYSTEMBUNDLE = "Eclipse-SystemBundle"
      DELETE_FLAG = ".delete"
      LIB_TEMP = "libtemp"
      J2SE = "J2SE"
      JAVASE = "JavaSE"
      PROFILE_EXT = ".profile"
      NUL = " "
      INITIAL_LOCATION = "initial@"
      secureAction = class org.eclipse.osgi.framework.util.SecureAction@1947000c
      equinoxContainer = class org.eclipse.osgi.internal.framework.EquinoxContainer@99efb221
      installPath = "/home/mluc/Desktop/wlp/lib/"
      osgiLocation = class org.eclipse.osgi.internal.location.BasicLocation@b9e5934d
      childRoot = class java.io.File@9bb9c7ff
      parentRoot = null
      permissionData = class org.eclipse.osgi.storage.PermissionData@2d3a9238
      securityAdmin = class org.eclipse.osgi.internal.permadmin.SecurityAdmin@a64e75cb
      adaptor = class org.eclipse.osgi.internal.framework.EquinoxContainerAdaptor@1e1742be
      moduleDatabase = class org.eclipse.osgi.container.ModuleDatabase@630b1e60
      moduleContainer = class org.eclipse.osgi.container.ModuleContainer@b521b77f
      saveMonitor = class java.lang.Object@fab855b5
      lastSavedTimestamp = 1483345915371
      idLocks = class org.eclipse.osgi.internal.container.LockSet@f14739c7
      mruList = class org.eclipse.osgi.storage.bundlefile.MRUBundleFileList@c3551bc8
      extensionInstaller = class org.eclipse.osgi.storage.FrameworkExtensionInstaller@6dfd6c44
      cachedHeaderKeys = class java.util.Arrays$ArrayList@8e8cc5f7
      allowRestrictedProvides = true
    packageAdmin = class org.eclipse.osgi.internal.framework.legacy.PackageAdminImpl@b92540d8
      container = class org.eclipse.osgi.container.ModuleContainer@b521b77f
    startLevel = class org.eclipse.osgi.internal.framework.legacy.StartLevelImpl@b5845c10
      container = class org.eclipse.osgi.container.ModuleContainer@b521b77f
    bootDelegation = class java.util.HashSet@7c24e97b
      serialVersionUID = -5024744406713321676
      map = class java.util.HashMap@be07b3c6
      PRESENT = class java.lang.Object@98e15a6e
      MAX_ARRAY_SIZE = 2147483639
    bootDelegationStems = class java.lang.String[11]
      bootDelegationStems[0] = "sun."
      bootDelegationStems[1] = "com.sun."
      bootDelegationStems[2] = "com.ibm.ws.boot.delegated."
      bootDelegationStems[3] = "org.apache.xml."
      bootDelegationStems[4] = "org.apache.xerces."
      bootDelegationStems[5] = "com.ibm.xylem."
      bootDelegationStems[6] = "com.ibm.xml."
      bootDelegationStems[7] = "com.ibm.xtq."
      bootDelegationStems[8] = "com.ibm.net.ssl."
      bootDelegationStems[9] = "com.ibm.crypto."
      bootDelegationStems[10] = "com.ibm.security."
    bootDelegateAll = false
    eventPublisher = class org.eclipse.osgi.internal.framework.EquinoxEventPublisher@8c27b3a4
      eventHookName = "org.osgi.framework.hooks.bundle.EventHook"
      collisionHookName = "org.osgi.framework.hooks.bundle.CollisionHook"
      FRAMEWORK_STOPPED_MASK = 448
      BUNDLEEVENT = 1
      BUNDLEEVENTSYNC = 2
      FRAMEWORKEVENT = 4
      container = class org.eclipse.osgi.internal.framework.EquinoxContainer@99efb221
      monitor = class java.lang.Object@681facbe
      eventManager = class org.eclipse.osgi.framework.eventmgr.EventManager@4b7e7dd0
      allBundleListeners = class java.util.HashMap@873d97d9
      allSyncBundleListeners = class java.util.HashMap@26a55d60
      allFrameworkListeners = class java.util.HashMap@d2d33cf9
    monitor = class java.lang.Object@c812e23f
    serviceRegistry = class org.eclipse.osgi.internal.serviceregistry.ServiceRegistry@d8ceb27b
      SERVICEEVENT = 3
      findHookName = "org.osgi.framework.hooks.service.FindHook"
      eventHookName = "org.osgi.framework.hooks.service.EventHook"
      eventListenerHookName = "org.osgi.framework.hooks.service.EventListenerHook"
      listenerHookName = "org.osgi.framework.hooks.service.ListenerHook"
      publishedServicesByClass = class java.util.HashMap@afb6e9d5
      allPublishedServices = class java.util.ArrayList@a490a123
      publishedServicesByContext = class java.util.HashMap@d69af50
      serviceid = 471
      serviceEventListeners = class java.util.HashMap@78ccf90f
      initialCapacity = 50
      initialSubCapacity = 10
      container = class org.eclipse.osgi.internal.framework.EquinoxContainer@99efb221
      systemBundleContext = class org.eclipse.osgi.internal.framework.BundleContextImpl@ba45c1ab
      debug = class org.eclipse.osgi.internal.debug.Debug@408980f5
      $assertionsDisabled = true
    contextFinder = class org.eclipse.osgi.internal.framework.ContextFinder@1fdfbb5d
      cycleDetector = class java.lang.ThreadLocal@6be7362f
      finderClassLoader = class com.ibm.ws.kernel.internal.classloader.BootstrapChildFirstJarClassloader@1d59c7bb
      contextFinder = class org.eclipse.osgi.internal.framework.ContextFinder$Finder@2d86ae5a
      THIS = class java.lang.Class@883ad3f8
      parentContextClassLoader = class sun.misc.Launcher$AppClassLoader@842da340
      defaultCodeSource = class java.security.CodeSource@ff32b4ba
      bootstrapClassLoader = class com.ibm.oti.vm.BootstrapClassLoader@9f8d0782
      applicationClassLoader = class sun.misc.Launcher$AppClassLoader@842da340
      initSystemClassLoader = false
      reflectCacheEnabled = true
      reflectCacheAppOnly = false
      reflectCacheDebug = false
      isAssertOptionFound = false
      vmRef = 0
      parent = class sun.misc.Launcher$AppClassLoader@842da340
      initDone = true
      checkAssertionOptions = false
      assertionLock = class java.lang.ClassLoader$AssertionLock@f69c13f1
      defaultAssertionStatus = false
      packageAssertionStatus = null
      classAssertionStatus = null
      packages = null
      lazyInitLock = class java.lang.ClassLoader$LazyInitLock@db41021
      classSigners = null
      packageSigners = null
      emptyCertificates = class java.security.cert.Certificate[0]
      defaultProtectionDomain = null
      parallelCapableCollection = class java.util.Collections$SynchronizedMap@2ce95a73
      classNameBasedLock = null
      isParallelCapable = false
      allowArraySyntax = false
      lazyClassLoaderInit = true
      queue = class java.lang.ref.ReferenceQueue@ff7bd228
      methodCache = null
      fieldCache = null
      constructorCache = null
    signedContentFactory = class org.osgi.util.tracker.ServiceTracker@a4f4340f
      DEBUG = false
      context = class org.eclipse.osgi.internal.framework.BundleContextImpl@ba45c1ab
      filter = class org.eclipse.osgi.internal.framework.FilterImpl@442f701f
      customizer = class org.osgi.util.tracker.ServiceTracker@a4f4340f
      listenerFilter = "(objectClass=org.eclipse.osgi.signedcontent.SignedContentFactory)"
      trackClass = "org.eclipse.osgi.signedcontent.SignedContentFactory"
      trackReference = null
      tracked = class org.osgi.util.tracker.ServiceTracker$Tracked@b2678218
      cachedReference = null
      cachedService = null
    executor = class java.util.concurrent.ScheduledThreadPoolExecutor@dd115a34
      continueExistingPeriodicTasksAfterShutdown = false
      executeExistingDelayedTasksAfterShutdown = true
      removeOnCancel = false
      sequencer = class java.util.concurrent.atomic.AtomicLong@884750f2
      ctl = class java.util.concurrent.atomic.AtomicInteger@7531c665
      COUNT_BITS = 29
      CAPACITY = 536870911
      RUNNING = -536870912
      SHUTDOWN = 0
      STOP = 536870912
      TIDYING = 1073741824
      TERMINATED = 1610612736
      workQueue = class java.util.concurrent.ScheduledThreadPoolExecutor$DelayedWorkQueue@b8ecd26a
      mainLock = class java.util.concurrent.locks.ReentrantLock@6ac995ed
      workers = class java.util.HashSet@9325831f
      termination = class java.util.concurrent.locks.AbstractQueuedSynchronizer$ConditionObject@443f8763
      largestPoolSize = 1
      completedTaskCount = 0
      threadFactory = class org.eclipse.osgi.internal.framework.EquinoxContainer@99efb221
      handler = class java.util.concurrent.ThreadPoolExecutor$AbortPolicy@a38bcc4a
      keepAliveTime = 0
      allowCoreThreadTimeOut = false
      corePoolSize = 1
      maximumPoolSize = 2147483647
      defaultHandler = class java.util.concurrent.ThreadPoolExecutor$AbortPolicy@a38bcc4a
      shutdownPerm = class java.lang.RuntimePermission@63f9614
      ONLY_ONE = true
      $assertionsDisabled = true
    storageSaver = class org.eclipse.osgi.internal.framework.StorageSaver@ca795247
      container = class org.eclipse.osgi.internal.framework.EquinoxContainer@99efb221
      delay = 30000
      future = class java.util.concurrent.ScheduledThreadPoolExecutor$ScheduledFutureTask@d49bb908
      hook = class java.lang.Thread@c2cf8b23
      task = class org.eclipse.osgi.internal.framework.StorageSaver$StorageSaverTask@1bd0e80f
  module = class org.eclipse.osgi.internal.framework.EquinoxBundle$EquinoxModule@dc863d9e
    this$0 = class org.eclipse.osgi.internal.framework.EquinoxBundle@cad80953
    ACTIVE_SET = class java.util.RegularEnumSet@39f8c195
      serialVersionUID = 3411599620347842686
      elements = 60
      elementType = class java.lang.Class@387d6a04
      universe = class org.eclipse.osgi.container.Module$State[7]
      ZERO_LENGTH_ENUM_ARRAY = class java.lang.Enum[0]
      MAX_ARRAY_SIZE = 2147483639
    RESOLVED_SET = class java.util.RegularEnumSet@5abb4938
      serialVersionUID = 3411599620347842686
      elements = 62
      elementType = class java.lang.Class@387d6a04
      universe = class org.eclipse.osgi.container.Module$State[7]
      ZERO_LENGTH_ENUM_ARRAY = class java.lang.Enum[0]
      MAX_ARRAY_SIZE = 2147483639
    id = 333
    location = "WSClassLoadingService@Thread Context:WebModule:Game-of-Bluemix#Game-of-Bluemix.war"
    revisions = class org.eclipse.osgi.container.ModuleRevisions@30649a51
      monitor = class java.lang.Object@4ae1a76
      module = class org.eclipse.osgi.internal.framework.EquinoxBundle$EquinoxModule@dc863d9e
      container = class org.eclipse.osgi.container.ModuleContainer@b521b77f
      revisions = class java.util.ArrayList@99b6e9ca
      uninstalled = false
      uninstalledCurrent = null
    stateChangeLock = class org.eclipse.osgi.internal.container.EquinoxReentrantLock@f30ef93a
      serialVersionUID = 1
      serialVersionUID = 7373984872572414699
      sync = class java.util.concurrent.locks.ReentrantLock$NonfairSync@3396b503
    stateTransitionEvents = class java.util.RegularEnumSet@6a2b23a8
      serialVersionUID = 3411599620347842686
      elements = 0
      elementType = class java.lang.Class@9978d711
      universe = class org.eclipse.osgi.container.ModuleContainerAdaptor$ModuleEvent[10]
      ZERO_LENGTH_ENUM_ARRAY = class java.lang.Enum[0]
      MAX_ARRAY_SIZE = 2147483639
    settings = class java.util.RegularEnumSet@a5364c16
      serialVersionUID = 3411599620347842686
      elements = 3
      elementType = class java.lang.Class@7fa3532b
      universe = class org.eclipse.osgi.container.Module$Settings[2]
      ZERO_LENGTH_ENUM_ARRAY = class java.lang.Enum[0]
      MAX_ARRAY_SIZE = 2147483639
    inStart = class java.util.concurrent.atomic.AtomicInteger@53eb4e72
      serialVersionUID = 6214790243416807050
      unsafe = class sun.misc.Unsafe@f7ebef0f
      valueOffset = 8
      value = 0
      serialVersionUID = -8742448824652078965
    state = class org.eclipse.osgi.container.Module$State@bc083b0a
      INSTALLED = class org.eclipse.osgi.container.Module$State@996ddfe9
      RESOLVED = class org.eclipse.osgi.container.Module$State@8c773993
      LAZY_STARTING = class org.eclipse.osgi.container.Module$State@c5e2af40
      STARTING = class org.eclipse.osgi.container.Module$State@704fa1ec
      ACTIVE = class org.eclipse.osgi.container.Module$State@bc083b0a
      STOPPING = class org.eclipse.osgi.container.Module$State@77448329
      UNINSTALLED = class org.eclipse.osgi.container.Module$State@423e6c12
      ENUM$VALUES = class org.eclipse.osgi.container.Module$State[7]
      name = "ACTIVE"
      ordinal = 4
    startlevel = 18
    lastModified = 1483356094018
    VALID_RESOLVED_TRANSITION = class java.util.RegularEnumSet@52dfc4ca
      serialVersionUID = 3411599620347842686
      elements = 8
      elementType = class java.lang.Class@9978d711
      universe = class org.eclipse.osgi.container.ModuleContainerAdaptor$ModuleEvent[10]
      ZERO_LENGTH_ENUM_ARRAY = class java.lang.Enum[0]
      MAX_ARRAY_SIZE = 2147483639
    VALID_STOPPED_TRANSITION = class java.util.RegularEnumSet@55aeed65
      serialVersionUID = 3411599620347842686
      elements = 896
      elementType = class java.lang.Class@9978d711
      universe = class org.eclipse.osgi.container.ModuleContainerAdaptor$ModuleEvent[10]
      ZERO_LENGTH_ENUM_ARRAY = class java.lang.Enum[0]
      MAX_ARRAY_SIZE = 2147483639
    $SWITCH_TABLE$org$eclipse$osgi$container$ModuleContainerAdaptor$ModuleEvent = {1,2,3,4,5,6,7,8,9,10} /* array length = 10*/
  monitor = class java.lang.Object@2425647e
  context = class org.eclipse.osgi.internal.framework.BundleContextImpl@f224db8e
    findHookName = "org.osgi.framework.hooks.bundle.FindHook"
    valid = true
    bundle = class org.eclipse.osgi.internal.framework.EquinoxBundle@cad80953
    container = class org.eclipse.osgi.internal.framework.EquinoxContainer@99efb221
    debug = class org.eclipse.osgi.internal.debug.Debug@408980f5
      ECLIPSE_OSGI = "org.eclipse.osgi"
      OPTION_DEBUG_GENERAL = "org.eclipse.osgi/debug"
      OPTION_DEBUG_BUNDLE_TIME = "org.eclipse.osgi/debug/bundleTime"
      OPTION_DEBUG_LOADER = "org.eclipse.osgi/debug/loader"
      OPTION_DEBUG_STORAGE = "org.eclipse.osgi/debug/storage"
      OPTION_DEBUG_EVENTS = "org.eclipse.osgi/debug/events"
      OPTION_DEBUG_SERVICES = "org.eclipse.osgi/debug/services"
      OPTION_DEBUG_HOOKS = "org.eclipse.osgi/debug/hooks"
      OPTION_DEBUG_MANIFEST = "org.eclipse.osgi/debug/manifest"
      OPTION_DEBUG_FILTER = "org.eclipse.osgi/debug/filter"
      OPTION_DEBUG_SECURITY = "org.eclipse.osgi/debug/security"
      OPTION_DEBUG_STARTLEVEL = "org.eclipse.osgi/debug/startlevel"
      OPTION_DEBUG_PACKAGEADMIN = "org.eclipse.osgi/debug/packageadmin"
      OPTION_DEBUG_PACKAGEADMIN_TIMING = "org.eclipse.osgi/debug/packageadmin/timing"
      OPTION_MONITOR_ACTIVATION = "org.eclipse.osgi/monitor/activation"
      OPTION_MONITOR_LAZY = "org.eclipse.osgi/monitor/lazy"
      OPTION_DEBUG_MESSAGE_BUNDLES = "org.eclipse.osgi/debug/messageBundles"
      OPTION_DEBUG_LOCATION = "org.eclipse.osgi/debug/location"
      OPTION_CACHED_MANIFEST = "org.eclipse.osgi/debug/cachedmanifest"
      OPTION_DEBUG_SYSTEM_BUNDLE = "org.eclipse.osgi/debug/systemBundle"
      DEBUG_GENERAL = false
      DEBUG_BUNDLE_TIME = false
      DEBUG_LOADER = false
      DEBUG_STORAGE = false
      DEBUG_EVENTS = false
      DEBUG_SERVICES = false
      DEBUG_HOOKS = false
      DEBUG_MANIFEST = false
      DEBUG_FILTER = false
      DEBUG_SECURITY = false
      DEBUG_STARTLEVEL = false
      DEBUG_PACKAGEADMIN = false
      DEBUG_PACKAGEADMIN_TIMING = false
      DEBUG_MESSAGE_BUNDLES = false
      MONITOR_ACTIVATION = false
      DEBUG_LOCATION = false
      DEBUG_CACHED_MANIFEST = false
      DEBUG_SYSTEM_BUNDLE = false
      out = class com.ibm.ws.logging.internal.impl.BaseTraceService$TeePrintStream@5b8887f8
    servicesInUse = class java.util.HashMap@f553abe1
      DEFAULT_INITIAL_CAPACITY = 16
      MAXIMUM_CAPACITY = 1073741824
      DEFAULT_LOAD_FACTOR = 0.75
      EMPTY_TABLE = class java.util.HashMap$Entry[0]
      table = class java.util.HashMap$Entry[16]
      size = 5
      threshold = 12
      loadFactor = 0.75
      modCount = 9
      ALTERNATIVE_HASHING_THRESHOLD_DEFAULT = 2147483647
      hashSeed = 0
      entrySet = null
      serialVersionUID = 362498820763181265
      keySet = null
      values = null
    activator = null
    contextLock = class java.lang.Object@129e1d61
  signerInfos = null
  $SWITCH_TABLE$org$eclipse$osgi$container$Module$State = {1,2,3,4,5,6,7} /* array length = 7*/

Dump of objectArray[1]
Object type = org.eclipse.osgi.internal.serviceregistry.ServiceRegistrationImpl
  registry = class org.eclipse.osgi.internal.serviceregistry.ServiceRegistry@d8ceb27b
    SERVICEEVENT = 3
    findHookName = "org.osgi.framework.hooks.service.FindHook"
    eventHookName = "org.osgi.framework.hooks.service.EventHook"
    eventListenerHookName = "org.osgi.framework.hooks.service.EventListenerHook"
    listenerHookName = "org.osgi.framework.hooks.service.ListenerHook"
    publishedServicesByClass = class java.util.HashMap@afb6e9d5
      DEFAULT_INITIAL_CAPACITY = 16
      MAXIMUM_CAPACITY = 1073741824
      DEFAULT_LOAD_FACTOR = 0.75
      EMPTY_TABLE = class java.util.HashMap$Entry[0]
      table = class java.util.HashMap$Entry[512]
      size = 301
      threshold = 384
      loadFactor = 0.75
      modCount = 313
      ALTERNATIVE_HASHING_THRESHOLD_DEFAULT = 2147483647
      hashSeed = 0
      entrySet = null
      serialVersionUID = 362498820763181265
      keySet = null
      values = null
    allPublishedServices = class java.util.ArrayList@a490a123
      serialVersionUID = 8683452581122892189
      DEFAULT_CAPACITY = 10
      EMPTY_ELEMENTDATA = class java.lang.Object[0]
      elementData = class java.lang.Object[567]
      size = 448
      MAX_ARRAY_SIZE = 2147483639
      modCount = 624
      MAX_ARRAY_SIZE = 2147483639
    publishedServicesByContext = class java.util.HashMap@d69af50
      DEFAULT_INITIAL_CAPACITY = 16
      MAXIMUM_CAPACITY = 1073741824
      DEFAULT_LOAD_FACTOR = 0.75
      EMPTY_TABLE = class java.util.HashMap$Entry[0]
      table = class java.util.HashMap$Entry[256]
      size = 112
      threshold = 192
      loadFactor = 0.75
      modCount = 112
      ALTERNATIVE_HASHING_THRESHOLD_DEFAULT = 2147483647
      hashSeed = 0
      entrySet = null
      serialVersionUID = 362498820763181265
      keySet = null
      values = null
    serviceid = 471
    serviceEventListeners = class java.util.HashMap@78ccf90f
      DEFAULT_INITIAL_CAPACITY = 16
      MAXIMUM_CAPACITY = 1073741824
      DEFAULT_LOAD_FACTOR = 0.75
      EMPTY_TABLE = class java.util.HashMap$Entry[0]
      table = class java.util.HashMap$Entry[256]
      size = 117
      threshold = 192
      loadFactor = 0.75
      modCount = 117
      ALTERNATIVE_HASHING_THRESHOLD_DEFAULT = 2147483647
      hashSeed = 0
      entrySet = class java.util.HashMap$EntrySet@48781eb4
      serialVersionUID = 362498820763181265
      keySet = null
      values = null
    initialCapacity = 50
    initialSubCapacity = 10
    container = class org.eclipse.osgi.internal.framework.EquinoxContainer@99efb221
    systemBundleContext = class org.eclipse.osgi.internal.framework.BundleContextImpl@ba45c1ab
      findHookName = "org.osgi.framework.hooks.bundle.FindHook"
      valid = true
      bundle = class org.eclipse.osgi.internal.framework.EquinoxBundle$SystemBundle@c9b8a038
      container = class org.eclipse.osgi.internal.framework.EquinoxContainer@99efb221
      debug = class org.eclipse.osgi.internal.debug.Debug@408980f5
      servicesInUse = class java.util.HashMap@85ac0194
      activator = class org.eclipse.osgi.internal.framework.SystemBundleActivator@8d8966f4
      contextLock = class java.lang.Object@5900bd21
    debug = class org.eclipse.osgi.internal.debug.Debug@408980f5
      ECLIPSE_OSGI = "org.eclipse.osgi"
      OPTION_DEBUG_GENERAL = "org.eclipse.osgi/debug"
      OPTION_DEBUG_BUNDLE_TIME = "org.eclipse.osgi/debug/bundleTime"
      OPTION_DEBUG_LOADER = "org.eclipse.osgi/debug/loader"
      OPTION_DEBUG_STORAGE = "org.eclipse.osgi/debug/storage"
      OPTION_DEBUG_EVENTS = "org.eclipse.osgi/debug/events"
      OPTION_DEBUG_SERVICES = "org.eclipse.osgi/debug/services"
      OPTION_DEBUG_HOOKS = "org.eclipse.osgi/debug/hooks"
      OPTION_DEBUG_MANIFEST = "org.eclipse.osgi/debug/manifest"
      OPTION_DEBUG_FILTER = "org.eclipse.osgi/debug/filter"
      OPTION_DEBUG_SECURITY = "org.eclipse.osgi/debug/security"
      OPTION_DEBUG_STARTLEVEL = "org.eclipse.osgi/debug/startlevel"
      OPTION_DEBUG_PACKAGEADMIN = "org.eclipse.osgi/debug/packageadmin"
      OPTION_DEBUG_PACKAGEADMIN_TIMING = "org.eclipse.osgi/debug/packageadmin/timing"
      OPTION_MONITOR_ACTIVATION = "org.eclipse.osgi/monitor/activation"
      OPTION_MONITOR_LAZY = "org.eclipse.osgi/monitor/lazy"
      OPTION_DEBUG_MESSAGE_BUNDLES = "org.eclipse.osgi/debug/messageBundles"
      OPTION_DEBUG_LOCATION = "org.eclipse.osgi/debug/location"
      OPTION_CACHED_MANIFEST = "org.eclipse.osgi/debug/cachedmanifest"
      OPTION_DEBUG_SYSTEM_BUNDLE = "org.eclipse.osgi/debug/systemBundle"
      DEBUG_GENERAL = false
      DEBUG_BUNDLE_TIME = false
      DEBUG_LOADER = false
      DEBUG_STORAGE = false
      DEBUG_EVENTS = false
      DEBUG_SERVICES = false
      DEBUG_HOOKS = false
      DEBUG_MANIFEST = false
      DEBUG_FILTER = false
      DEBUG_SECURITY = false
      DEBUG_STARTLEVEL = false
      DEBUG_PACKAGEADMIN = false
      DEBUG_PACKAGEADMIN_TIMING = false
      DEBUG_MESSAGE_BUNDLES = false
      MONITOR_ACTIVATION = false
      DEBUG_LOCATION = false
      DEBUG_CACHED_MANIFEST = false
      DEBUG_SYSTEM_BUNDLE = false
      out = class com.ibm.ws.logging.internal.impl.BaseTraceService$TeePrintStream@5b8887f8
    $assertionsDisabled = true
  context = class org.eclipse.osgi.internal.framework.BundleContextImpl@2a0fbc3f
    findHookName = "org.osgi.framework.hooks.bundle.FindHook"
    valid = true
    bundle = class org.eclipse.osgi.internal.framework.EquinoxBundle@752027df
    container = class org.eclipse.osgi.internal.framework.EquinoxContainer@99efb221
    debug = class org.eclipse.osgi.internal.debug.Debug@408980f5
    servicesInUse = class java.util.HashMap@10c68593
      DEFAULT_INITIAL_CAPACITY = 16
      MAXIMUM_CAPACITY = 1073741824
      DEFAULT_LOAD_FACTOR = 0.75
      EMPTY_TABLE = class java.util.HashMap$Entry[0]
      table = class java.util.HashMap$Entry[16]
      size = 6
      threshold = 12
      loadFactor = 0.75
      modCount = 16
      ALTERNATIVE_HASHING_THRESHOLD_DEFAULT = 2147483647
      hashSeed = 0
      entrySet = null
      serialVersionUID = 362498820763181265
      keySet = null
      values = null
    activator = null
    contextLock = class java.lang.Object@65c93c64
  bundle = class org.eclipse.osgi.internal.framework.EquinoxBundle@752027df
    equinoxContainer = class org.eclipse.osgi.internal.framework.EquinoxContainer@99efb221
      NAME = "org.eclipse.osgi"
      secureAction = class org.eclipse.osgi.framework.util.SecureAction@de655cda
      equinoxConfig = class org.eclipse.osgi.internal.framework.EquinoxConfiguration@ea1ec471
      logServices = class org.eclipse.osgi.internal.log.EquinoxLogServices@b288122c
      storage = class org.eclipse.osgi.storage.Storage@5275c568
      packageAdmin = class org.eclipse.osgi.internal.framework.legacy.PackageAdminImpl@b92540d8
      startLevel = class org.eclipse.osgi.internal.framework.legacy.StartLevelImpl@b5845c10
      bootDelegation = class java.util.HashSet@7c24e97b
      bootDelegationStems = class java.lang.String[11]
      bootDelegateAll = false
      eventPublisher = class org.eclipse.osgi.internal.framework.EquinoxEventPublisher@8c27b3a4
      monitor = class java.lang.Object@c812e23f
      serviceRegistry = class org.eclipse.osgi.internal.serviceregistry.ServiceRegistry@d8ceb27b
      contextFinder = class org.eclipse.osgi.internal.framework.ContextFinder@1fdfbb5d
      signedContentFactory = class org.osgi.util.tracker.ServiceTracker@a4f4340f
      executor = class java.util.concurrent.ScheduledThreadPoolExecutor@dd115a34
      storageSaver = class org.eclipse.osgi.internal.framework.StorageSaver@ca795247
    module = class org.eclipse.osgi.internal.framework.EquinoxBundle$EquinoxModule@e0c83a5f
      this$0 = class org.eclipse.osgi.internal.framework.EquinoxBundle@752027df
      ACTIVE_SET = class java.util.RegularEnumSet@39f8c195
      RESOLVED_SET = class java.util.RegularEnumSet@5abb4938
      id = 126
      location = "feature@reference:file:/home/mluc/Desktop/wlp/lib/com.ibm.ws.jdbc_1.0.14.jar"
      revisions = class org.eclipse.osgi.container.ModuleRevisions@d4b3b85a
      stateChangeLock = class org.eclipse.osgi.internal.container.EquinoxReentrantLock@d5dcad89
      stateTransitionEvents = class java.util.RegularEnumSet@b4cc2e4d
      settings = class java.util.RegularEnumSet@a907f925
      inStart = class java.util.concurrent.atomic.AtomicInteger@140cdcfb
      state = class org.eclipse.osgi.container.Module$State@bc083b0a
      startlevel = 12
      lastModified = 1483345918720
      VALID_RESOLVED_TRANSITION = class java.util.RegularEnumSet@52dfc4ca
      VALID_STOPPED_TRANSITION = class java.util.RegularEnumSet@55aeed65
      $SWITCH_TABLE$org$eclipse$osgi$container$ModuleContainerAdaptor$ModuleEvent = {1,2,3,4,5,6,7,8,9,10} /* array length = 10*/
    monitor = class java.lang.Object@39cdcc2
    context = class org.eclipse.osgi.internal.framework.BundleContextImpl@2a0fbc3f
    signerInfos = null
    $SWITCH_TABLE$org$eclipse$osgi$container$Module$State = {1,2,3,4,5,6,7} /* array length = 7*/
  clazzes = class java.lang.String[1]
    clazzes[0] = "javax.sql.DataSource"
  service = class com.ibm.ws.resource.internal.ResourceFactoryTrackerData$1@6ff78022
    val$ref = class org.eclipse.osgi.internal.serviceregistry.ServiceReferenceImpl@c58df186
      registration = class org.eclipse.osgi.internal.serviceregistry.ServiceRegistrationImpl@3c69dc1b
    this$0 = class com.ibm.ws.resource.internal.ResourceFactoryTrackerData@a0ca0418
      JNDI_SERVICENAME = "osgi.jndi.service.name"
      context = class org.eclipse.osgi.internal.framework.BundleContextImpl@2a0fbc3f
      registration = class org.eclipse.osgi.internal.serviceregistry.ServiceRegistrationImpl@3bcbb1b0
      interfaces = class java.lang.String[1]
      serialVersionUID = 7071819092476537634
      $$$tc$$$ = class com.ibm.websphere.ras.TraceComponent@61ef4d2e
    serialVersionUID = -5395261454852493419
    $$$tc$$$ = class com.ibm.websphere.ras.TraceComponent@b1cdcb39
      strings[0] = "TraceComponent[com.ibm.ws.resource.internal.ResourceFactoryTrackerData$1,class com.ibm.ws.resource.internal.ResourceFactoryTrackerData$1,[resource],com.ibm.ws.resource.internal.resources.Runtime,null]"
  reference = class org.eclipse.osgi.internal.serviceregistry.ServiceReferenceImpl@fc2e075d
    registration = class org.eclipse.osgi.internal.serviceregistry.ServiceRegistrationImpl@3bcbb1b0
  contextsUsing = class java.util.ArrayList@6c299e8c
    serialVersionUID = 8683452581122892189
    DEFAULT_CAPACITY = 10
    EMPTY_ELEMENTDATA = class java.lang.Object[0]
    elementData = class java.lang.Object[10]
      elementData[0] = class org.eclipse.osgi.internal.framework.BundleContextImpl@f224db8e
      elementData[1] = null
      elementData[2] = null
      elementData[3] = null
      elementData[4] = null
      elementData[5] = null
      elementData[6] = null
      elementData[7] = null
      elementData[8] = null
      elementData[9] = null
    size = 1
    MAX_ARRAY_SIZE = 2147483639
    modCount = 1
    MAX_ARRAY_SIZE = 2147483639
  properties = class org.eclipse.osgi.internal.serviceregistry.ServiceProperties@201fe42a
    readOnly = true
    headers = class java.lang.Object[42]
      headers[0] = "syncQueryTimeoutWithTransactionTimeout"
      headers[1] = "service.id"
      headers[2] = "config.overrides"
      headers[3] = "component.name"
      headers[4] = "connectionManager.target"
      headers[5] = "propertiesRef.0.password"
      headers[6] = "service.scope"
      headers[7] = "config.id"
      headers[8] = "service.ranking"
      headers[9] = "objectClass"
      headers[10] = "resultSetUnusableWhenNoMoreResults"
      headers[11] = "jdbcDriverRef"
      headers[12] = "enableConnectionCasting"
      headers[13] = "service.pid"
      headers[14] = "beginTranForVendorAPIs"
      headers[15] = "component.id"
      headers[16] = "jndiName.unique"
      headers[17] = "propertiesRef.0.portNumber"
      headers[18] = "propertiesRef.0.databaseName"
      headers[19] = "jaasLoginContextEntry.target"
      headers[20] = "propertiesRef.0.config.referenceType"
      headers[21] = "beginTranForResultSetScrollingAPIs"
      headers[22] = "propertiesRef.0.user"
      headers[23] = "propertiesRef.0.id"
      headers[24] = "propertiesRef.0.URL"
      headers[25] = "id"
      headers[26] = "com.ibm.wsspi.resource.ResourceFactory"
      headers[27] = "type"
      headers[28] = "osgi.jndi.service.name"
      headers[29] = "config.source"
      headers[30] = "transactional"
      headers[31] = "connectionSharing"
      headers[32] = "statementCacheSize"
      headers[33] = "service.bundleid"
      headers[34] = "propertiesRef.0.serverName"
      headers[35] = "config.displayId"
      headers[36] = "service.factoryPid"
      headers[37] = "containerAuthData.target"
      headers[38] = "recoveryAuthData.target"
      headers[39] = "driver.target"
      headers[40] = null
      headers[41] = null
    values = class java.lang.Object[42]
      values[0] = false
      values[1] = 302
      values[2] = "true"
      values[3] = "com.ibm.ws.jdbc.dataSource"
      values[4] = "(service.pid=${connectionManagerRef})"
      values[5] = class com.ibm.wsspi.kernel.service.utils.SerializableProtectedString@7ddb90ad
      values[6] = "bundle"
      values[7] = "com.ibm.ws.jdbc.dataSource[compose-mysql-Compose for MySQL]"
      values[8] = 0
      values[9] = class java.lang.String[1]
      values[10] = false
      values[11] = class java.lang.String[1]
      values[12] = false
      values[13] = "com.ibm.ws.jdbc.dataSource_12"
      values[14] = true
      values[15] = 215
      values[16] = "jdbc/Compose for MySQL"
      values[17] = 21115
      values[18] = "compose"
      values[19] = "(service.pid=${jaasLoginContextEntryRef})"
      values[20] = "com.ibm.ws.jdbc.dataSource.properties"
      values[21] = true
      values[22] = "admin"
      values[23] = "compose-mysql-Compose for MySQL-props"
      values[24] = "jdbc:mysql://bluemix-sandbox-dal-9-portal.4.dblayer.com:21115/compose?useSSL=true&serverSslCert=./cacert.pem"
      values[25] = "compose-mysql-Compose for MySQL"
      values[26] = "true"
      values[27] = "javax.sql.ConnectionPoolDataSource"
      values[28] = "jdbc/Compose for MySQL"
      values[29] = "file"
      values[30] = true
      values[31] = "MatchOriginalRequest"
      values[32] = 10
      values[33] = 126
      values[34] = "bluemix-sandbox-dal-9-portal.4.dblayer.com"
      values[35] = "dataSource[compose-mysql-Compose for MySQL]"
      values[36] = "com.ibm.ws.jdbc.dataSource"
      values[37] = "(service.pid=${containerAuthDataRef})"
      values[38] = "(service.pid=${recoveryAuthDataRef})"
      values[39] = "(service.pid=com.ibm.ws.jdbc.jdbcDriver_22)"
      values[40] = null
      values[41] = null
    size = 40
  serviceid = 302
  serviceranking = 0
  registrationLock = class java.lang.Object@9a67e47a
  state = 0
  REGISTERED = 0
  UNREGISTERING = 1
  UNREGISTERED = 2
  $assertionsDisabled = true

