------Start of DE processing------ = [1/2/17 8:24:12:720 ART]
Exception = java.sql.SQLNonTransientException
Source = com.ibm.ws.jdbc.DataSourceService
probeid = 587
Stack Dump = java.sql.SQLNonTransientException: DSRA4000E: A valid JDBC driver implementation class was not found for the jdbcDriver jdbcDriver[compose-mysql-driver] using the library compose-mysql-library. []
	at com.ibm.ws.jdbc.internal.JDBCDriverService.classNotFound(JDBCDriverService.java:196)
	at com.ibm.ws.jdbc.internal.JDBCDriverService.create(JDBCDriverService.java:298)
	at com.ibm.ws.jdbc.internal.JDBCDriverService.createConnectionPoolDataSource(JDBCDriverService.java:446)
	at com.ibm.ws.jdbc.DataSourceService.init(DataSourceService.java:460)
	at com.ibm.ws.jca.cm.AbstractConnectionFactoryService.createResource(AbstractConnectionFactoryService.java:138)
	at com.ibm.ws.resource.internal.ResourceFactoryTrackerData$1.getService(ResourceFactoryTrackerData.java:121)
	at org.eclipse.osgi.internal.serviceregistry.ServiceFactoryUse$1.run(ServiceFactoryUse.java:212)
	at java.security.AccessController.doPrivileged(AccessController.java:360)
	at org.eclipse.osgi.internal.serviceregistry.ServiceFactoryUse.factoryGetService(ServiceFactoryUse.java:210)
	at org.eclipse.osgi.internal.serviceregistry.ServiceFactoryUse.getService(ServiceFactoryUse.java:111)
	at org.eclipse.osgi.internal.serviceregistry.ServiceConsumer$2.getService(ServiceConsumer.java:45)
	at org.eclipse.osgi.internal.serviceregistry.ServiceRegistrationImpl.getService(ServiceRegistrationImpl.java:496)
	at org.eclipse.osgi.internal.serviceregistry.ServiceRegistry.getService(ServiceRegistry.java:461)
	at org.eclipse.osgi.internal.framework.BundleContextImpl.getService(BundleContextImpl.java:619)
	at com.ibm.ws.jndi.internal.WSContext$3.run(WSContext.java:515)
	at java.security.AccessController.doPrivileged(AccessController.java:360)
	at com.ibm.ws.jndi.internal.WSContext.getReference(WSContext.java:511)
	at com.ibm.ws.jndi.internal.WSContext.resolveObject(WSContext.java:132)
	at com.ibm.ws.jndi.internal.WSContext.lookup(WSContext.java:300)
	at com.ibm.ws.jndi.WSContextBase.lookup(WSContextBase.java:62)
	at org.apache.aries.jndi.DelegateContext.lookup(DelegateContext.java:161)
	at javax.naming.InitialContext.lookup(InitialContext.java:423)
	at com.ibm.conexion.Conexion.init(Unknown Source)
	at com.ibm.logica.Lista.getMaterial(Unknown Source)
	at com.ibm._jsp._material._jspService(_material.java:112)
	at com.ibm.ws.jsp.runtime.HttpJspBase.service(HttpJspBase.java:101)
	at javax.servlet.http.HttpServlet.service(HttpServlet.java:790)
	at com.ibm.ws.webcontainer.servlet.ServletWrapper.service(ServletWrapper.java:1290)
	at com.ibm.ws.webcontainer.servlet.ServletWrapper.handleRequest(ServletWrapper.java:778)
	at com.ibm.ws.webcontainer.servlet.ServletWrapper.handleRequest(ServletWrapper.java:475)
	at com.ibm.wsspi.webcontainer.servlet.GenericServletWrapper.handleRequest(GenericServletWrapper.java:119)
	at com.ibm.ws.jsp.webcontainerext.AbstractJSPExtensionServletWrapper.handleRequest(AbstractJSPExtensionServletWrapper.java:217)
	at com.ibm.ws.webcontainer.filter.WebAppFilterManager.invokeFilters(WebAppFilterManager.java:1157)
	at com.ibm.ws.webcontainer.webapp.WebApp.handleRequest(WebApp.java:4939)
	at com.ibm.ws.webcontainer31.osgi.webapp.WebApp31.handleRequest(WebApp31.java:525)
	at com.ibm.ws.webcontainer.osgi.DynamicVirtualHost$2.handleRequest(DynamicVirtualHost.java:313)
	at com.ibm.ws.webcontainer.WebContainer.handleRequest(WebContainer.java:1007)
	at com.ibm.ws.webcontainer.osgi.DynamicVirtualHost$2.run(DynamicVirtualHost.java:278)
	at com.ibm.ws.http.dispatcher.internal.channel.HttpDispatcherLink$TaskWrapper.run(HttpDispatcherLink.java:967)
	at com.ibm.ws.http.dispatcher.internal.channel.HttpDispatcherLink.wrapHandlerAndExecute(HttpDispatcherLink.java:359)
	at com.ibm.ws.http.dispatcher.internal.channel.HttpDispatcherLink.ready(HttpDispatcherLink.java:318)
	at com.ibm.ws.http.channel.internal.inbound.HttpInboundLink.handleDiscrimination(HttpInboundLink.java:471)
	at com.ibm.ws.http.channel.internal.inbound.HttpInboundLink.handleNewRequest(HttpInboundLink.java:405)
	at com.ibm.ws.http.channel.internal.inbound.HttpInboundLink.processRequest(HttpInboundLink.java:285)
	at com.ibm.ws.http.channel.internal.inbound.HttpInboundLink.ready(HttpInboundLink.java:256)
	at com.ibm.ws.tcpchannel.internal.NewConnectionInitialReadCallback.sendToDiscriminators(NewConnectionInitialReadCallback.java:174)
	at com.ibm.ws.tcpchannel.internal.NewConnectionInitialReadCallback.complete(NewConnectionInitialReadCallback.java:83)
	at com.ibm.ws.tcpchannel.internal.WorkQueueManager.requestComplete(WorkQueueManager.java:504)
	at com.ibm.ws.tcpchannel.internal.WorkQueueManager.attemptIO(WorkQueueManager.java:574)
	at com.ibm.ws.tcpchannel.internal.WorkQueueManager.workerRun(WorkQueueManager.java:929)
	at com.ibm.ws.tcpchannel.internal.WorkQueueManager$Worker.run(WorkQueueManager.java:1018)
	at java.util.concurrent.ThreadPoolExecutor.runWorker(ThreadPoolExecutor.java:1157)
	at java.util.concurrent.ThreadPoolExecutor$Worker.run(ThreadPoolExecutor.java:627)
	at java.lang.Thread.run(Thread.java:809)
Caused by: java.lang.ClassNotFoundException: org.mariadb.jdbc.MySQLDataSource
	at com.ibm.ws.classloading.internal.AppClassLoader.findClassCommonLibraryClassLoaders(AppClassLoader.java:488)
	at com.ibm.ws.classloading.internal.AppClassLoader.findClass(AppClassLoader.java:271)
	at java.lang.ClassLoader.loadClassHelper(ClassLoader.java:786)
	at java.lang.ClassLoader.loadClass(ClassLoader.java:764)
	at com.ibm.ws.classloading.internal.AppClassLoader.findOrDelegateLoadClass(AppClassLoader.java:466)
	at com.ibm.ws.classloading.internal.AppClassLoader.loadClass(AppClassLoader.java:438)
	at java.lang.ClassLoader.loadClass(ClassLoader.java:741)
	at com.ibm.ws.jdbc.internal.JDBCDriverService$1.run(JDBCDriverService.java:234)
	at com.ibm.ws.jdbc.internal.JDBCDriverService$1.run(JDBCDriverService.java:224)
	at java.security.AccessController.doPrivileged(AccessController.java:416)
	at com.ibm.ws.jdbc.internal.JDBCDriverService.create(JDBCDriverService.java:223)
	... 52 more

Dump of callerThis
Object type = com.ibm.ws.jdbc.DataSourceService
  tc = class com.ibm.websphere.ras.TraceComponent@68bb7614
    strings[0] = "TraceComponent[com.ibm.ws.jdbc.DataSourceService,class com.ibm.ws.jdbc.DataSourceService,[RRA],com.ibm.ws.rsadapter.resources.IBMDataStoreAdapterNLS,null]"
  dsraTc = class com.ibm.websphere.ras.TraceComponent@41014659
    strings[0] = "TraceComponent[com.ibm.ws.jdbc.DataSourceService,class com.ibm.ws.jdbc.DataSourceService,[RRA],com.ibm.ws.jdbc.internal.resources.DSRAMessages,null]"
  JNDI_NAME = "jndiName"
  CONNECTION_MANAGER = "connectionManager"
  DATASOURCE = "dataSource"
  FACTORY_PID = "com.ibm.ws.jdbc.dataSource"
  JDBC_DRIVER = "driver"
  SUPPORT_EXTENSIONS = "supportExtensions"
  TARGET_CONNECTION_MANAGER = "connectionManager.target"
  TARGET_CONTAINER_AUTH_DATA = "containerAuthData.target"
  TARGET_JDBC_DRIVER = "driver.target"
  TARGET_RECOVERY_AUTH_DATA = "recoveryAuthData.target"
  UNIQUE_JNDI_NAME = "jndiName.unique"
  DECLARING_APPLICATION = "declaringApplication"
  WPROPS_TO_SKIP = class java.util.HashSet@d55df601
    serialVersionUID = -5024744406713321676
    map = class java.util.HashMap@1203c35a
      DEFAULT_INITIAL_CAPACITY = 16
      MAXIMUM_CAPACITY = 1073741824
      DEFAULT_LOAD_FACTOR = 0.75
      EMPTY_TABLE = class java.util.HashMap$Entry[0]
      table = class java.util.HashMap$Entry[16]
      size = 9
      threshold = 12
      loadFactor = 0.75
      modCount = 9
      ALTERNATIVE_HASHING_THRESHOLD_DEFAULT = 2147483647
      hashSeed = 0
      entrySet = null
      serialVersionUID = 362498820763181265
      keySet = null
      values = null
    PRESENT = class java.lang.Object@98e15a6e
    MAX_ARRAY_SIZE = 2147483639
  componentContext = class org.apache.felix.scr.impl.manager.ComponentContextImpl@4891a76d
    m_componentManager = class org.apache.felix.scr.impl.manager.SingleComponentManager@cc4efba2
      m_useCount = class java.util.concurrent.atomic.AtomicInteger@fe016e8d
      m_componentContext = class org.apache.felix.scr.impl.manager.ComponentContextImpl@4891a76d
      m_configurationProperties = class java.util.HashMap@37475eea
      m_factoryProperties = null
      m_properties = class java.util.HashMap@a13991da
      m_serviceProperties = null
      REASONS = class java.lang.String[7]
      m_container = class org.apache.felix.scr.impl.ComponentRegistry$DefaultConfigurableComponentHolder@90142d9b
      m_factoryInstance = false
      m_componentId = 215
      m_componentMethods = class org.apache.felix.scr.impl.inject.ComponentMethodsImpl@13d2e134
      m_dependencyManagers = class java.util.ArrayList@ebc4db2f
      m_dependencyManagersInitialized = true
      m_trackingCount = class java.util.concurrent.atomic.AtomicInteger@ae60170f
      m_stateLock = class java.util.concurrent.locks.ReentrantLock@90e36ab3
      m_enabledLatchRef = class java.util.concurrent.atomic.AtomicReference@5db01260
      state = class java.util.concurrent.atomic.AtomicReference@21b03290
      m_floor = 4
      m_ceiling = 4
      m_missingLock = class java.util.concurrent.locks.ReentrantLock@230a5f25
      m_missingCondition = class java.util.concurrent.locks.AbstractQueuedSynchronizer$ConditionObject@4c4c87fa
      m_missing = class java.util.TreeSet@769460a8
      m_activationLock = class java.util.concurrent.locks.ReentrantReadWriteLock@1b7a8d02
      taskCounter = class java.util.concurrent.atomic.AtomicLong@c299eb30
      registrationManager = class org.apache.felix.scr.impl.manager.AbstractComponentManager$3@20670815
    edgeInfos = class org.apache.felix.scr.impl.manager.EdgeInfo[8]
      edgeInfos[0] = class org.apache.felix.scr.impl.manager.EdgeInfo@85360ade
      edgeInfos[1] = class org.apache.felix.scr.impl.manager.EdgeInfo@ab696433
      edgeInfos[2] = class org.apache.felix.scr.impl.manager.EdgeInfo@424e7749
      edgeInfos[3] = class org.apache.felix.scr.impl.manager.EdgeInfo@2809d74c
      edgeInfos[4] = class org.apache.felix.scr.impl.manager.EdgeInfo@83340c27
      edgeInfos[5] = class org.apache.felix.scr.impl.manager.EdgeInfo@67e955b9
      edgeInfos[6] = class org.apache.felix.scr.impl.manager.EdgeInfo@c840b30f
      edgeInfos[7] = class org.apache.felix.scr.impl.manager.EdgeInfo@1a837835
    m_componentInstance = class org.apache.felix.scr.impl.manager.ComponentContextImpl$ComponentInstanceImpl@73dfbd45
      m_componentContext = class org.apache.felix.scr.impl.manager.ComponentContextImpl@4891a76d
    m_usingBundle = class org.eclipse.osgi.internal.framework.EquinoxBundle@752027df
      equinoxContainer = class org.eclipse.osgi.internal.framework.EquinoxContainer@99efb221
      module = class org.eclipse.osgi.internal.framework.EquinoxBundle$EquinoxModule@e0c83a5f
      monitor = class java.lang.Object@39cdcc2
      context = class org.eclipse.osgi.internal.framework.BundleContextImpl@2a0fbc3f
      signerInfos = null
      $SWITCH_TABLE$org$eclipse$osgi$container$Module$State = {1,2,3,4,5,6,7} /* array length = 7*/
    m_serviceRegistration = class org.eclipse.osgi.internal.serviceregistry.ServiceRegistrationImpl@3c69dc1b
      registry = class org.eclipse.osgi.internal.serviceregistry.ServiceRegistry@d8ceb27b
      context = class org.eclipse.osgi.internal.framework.BundleContextImpl@2a0fbc3f
      bundle = class org.eclipse.osgi.internal.framework.EquinoxBundle@752027df
      clazzes = class java.lang.String[4]
      service = class org.apache.felix.scr.impl.manager.SingleComponentManager@cc4efba2
      reference = class org.eclipse.osgi.internal.serviceregistry.ServiceReferenceImpl@c58df186
      contextsUsing = class java.util.ArrayList@fdb53ce2
      properties = class org.eclipse.osgi.internal.serviceregistry.ServiceProperties@c2278225
      serviceid = 301
      serviceranking = 0
      registrationLock = class java.lang.Object@cf44d979
      state = 0
      REGISTERED = 0
      UNREGISTERING = 1
      UNREGISTERED = 2
      $assertionsDisabled = true
    m_implementationObject = class com.ibm.ws.jdbc.DataSourceService@4b8f2c65
    m_implementationAccessible = true
    accessibleLatch = class java.util.concurrent.CountDownLatch@b22b9aee
      sync = class java.util.concurrent.CountDownLatch$Sync@75dac5a9
    serviceObjectsHelper = class org.apache.felix.scr.impl.helper.ComponentServiceObjectsHelper@df414f46
      bundleContext = class org.eclipse.osgi.internal.framework.BundleContextImpl@2a0fbc3f
      services = class java.util.concurrent.ConcurrentHashMap@76ad1053
      closedServices = class java.util.ArrayList@dcaa7b66
      prototypeInstances = class java.util.concurrent.ConcurrentHashMap@18213cbe
  connectorSvc = class com.ibm.ejs.j2c.ConnectorServiceImpl@8ae38c75
    tc = class com.ibm.websphere.ras.TraceComponent@22d70cfb
      strings[0] = "TraceComponent[com.ibm.ejs.j2c.ConnectorServiceImpl,class com.ibm.ejs.j2c.ConnectorServiceImpl,[WAS.j2c],com.ibm.ws.jca.cm.internal.resources.J2CAMessages,null]"
    authDataServiceRef = class com.ibm.wsspi.kernel.service.utils.AtomicServiceReference@698ff11
      referenceName = "authDataService"
      tuple = class java.util.concurrent.atomic.AtomicReference@a418e897
      serialVersionUID = 2226592364007985000
      $$$tc$$$ = class com.ibm.websphere.ras.TraceComponent@841fcd37
    deferrableSchedXSvcRef = class com.ibm.wsspi.kernel.service.utils.AtomicServiceReference@cdd64eb0
      referenceName = "deferrableScheduledExecutor"
      tuple = class java.util.concurrent.atomic.AtomicReference@e319a0ff
      serialVersionUID = 2226592364007985000
      $$$tc$$$ = class com.ibm.websphere.ras.TraceComponent@841fcd37
    execSvcRef = class com.ibm.wsspi.kernel.service.utils.AtomicServiceReference@e1cb13c6
      referenceName = "executor"
      tuple = class java.util.concurrent.atomic.AtomicReference@18d85de2
      serialVersionUID = 2226592364007985000
      $$$tc$$$ = class com.ibm.websphere.ras.TraceComponent@841fcd37
    nonDeferrableSchedXSvcRef = class com.ibm.wsspi.kernel.service.utils.AtomicServiceReference@f28eae1f
      referenceName = "nonDeferrableScheduledExecutor"
      tuple = class java.util.concurrent.atomic.AtomicReference@a716363a
      serialVersionUID = 2226592364007985000
      $$$tc$$$ = class com.ibm.websphere.ras.TraceComponent@841fcd37
    rrsXAResFactorySvcRef = class com.ibm.wsspi.kernel.service.utils.AtomicServiceReference@c2e02a1d
      referenceName = "rRSXAResourceFactory"
      tuple = class java.util.concurrent.atomic.AtomicReference@cab02642
      serialVersionUID = 2226592364007985000
      $$$tc$$$ = class com.ibm.websphere.ras.TraceComponent@841fcd37
    transactionManager = class com.ibm.ws.transaction.services.TransactionManagerService@1b093573
      tc = class com.ibm.websphere.ras.TraceComponent@ab7466a8
      isClient = false
      xaFlowCallbacksInitialised = true
      _bundleContext = class org.eclipse.osgi.internal.framework.BundleContextImpl@48c29ce6
      serialVersionUID = 4736484431543418052
    variableRegistrySvcRef = class com.ibm.wsspi.kernel.service.utils.AtomicServiceReference@808a55f8
      referenceName = "variableRegistry"
      tuple = class java.util.concurrent.atomic.AtomicReference@9ac811bf
      serialVersionUID = 2226592364007985000
      $$$tc$$$ = class com.ibm.websphere.ras.TraceComponent@841fcd37
    tc = class com.ibm.websphere.ras.TraceComponent@f7d9df86
      strings[0] = "TraceComponent[com.ibm.ws.jca.cm.ConnectorService,class com.ibm.ws.jca.cm.ConnectorService,[WAS.j2c],com.ibm.ws.jca.cm.internal.resources.J2CAMessages,null]"
    NLS = class com.ibm.ejs.ras.TraceNLS@d97f1ee1
      resolver = class com.ibm.ws.logging.internal.TraceNLSResolver@c95023e
      finder = null
      ivBundleName = "com.ibm.ws.jca.cm.internal.resources.J2CAMessages"
      caller = class java.lang.Class@49fd16d9
  dsConfigRef = class java.util.concurrent.atomic.AtomicReference@157a1258
    serialVersionUID = -1848883965231344442
    unsafe = class sun.misc.Unsafe@f7ebef0f
    valueOffset = 8
    value = null
  destroyWasDeferred = false
  embDerbyRefCount = class java.util.concurrent.ConcurrentLinkedQueue@e3dc0abd
    serialVersionUID = 196745693267521676
    head = class java.util.concurrent.ConcurrentLinkedQueue$Node@9f69dc46
      item = null
      next = null
      UNSAFE = class sun.misc.Unsafe@f7ebef0f
      itemOffset = 8
      nextOffset = 12
    tail = class java.util.concurrent.ConcurrentLinkedQueue$Node@9f69dc46
    UNSAFE = class sun.misc.Unsafe@f7ebef0f
      theUnsafe = class sun.misc.Unsafe@f7ebef0f
      INVALID_FIELD_OFFSET = -1
      ARRAY_BOOLEAN_BASE_OFFSET = 8
      ARRAY_BYTE_BASE_OFFSET = 8
      ARRAY_SHORT_BASE_OFFSET = 8
      ARRAY_CHAR_BASE_OFFSET = 8
      ARRAY_INT_BASE_OFFSET = 8
      ARRAY_LONG_BASE_OFFSET = 8
      ARRAY_FLOAT_BASE_OFFSET = 8
      ARRAY_DOUBLE_BASE_OFFSET = 8
      ARRAY_OBJECT_BASE_OFFSET = 8
      ARRAY_BOOLEAN_INDEX_SCALE = 1
      ARRAY_BYTE_INDEX_SCALE = 1
      ARRAY_SHORT_INDEX_SCALE = 2
      ARRAY_CHAR_INDEX_SCALE = 2
      ARRAY_INT_INDEX_SCALE = 4
      ARRAY_LONG_INDEX_SCALE = 8
      ARRAY_FLOAT_INDEX_SCALE = 4
      ARRAY_DOUBLE_INDEX_SCALE = 8
      ARRAY_OBJECT_INDEX_SCALE = 4
      ADDRESS_SIZE = 8
    headOffset = 8
    tailOffset = 12
    MAX_ARRAY_SIZE = 2147483639
  id = "dataSource[compose-mysql-Compose for MySQL]"
  isDerbyEmbedded = false
  jdbcDriverSvc = class com.ibm.ws.jdbc.internal.JDBCDriverService@e35c00a4
    tc = class com.ibm.websphere.ras.TraceComponent@3ebaf417
      strings[0] = "TraceComponent[com.ibm.ws.jdbc.internal.JDBCDriverService,class com.ibm.ws.jdbc.internal.JDBCDriverService,[RRA],com.ibm.ws.rsadapter.resources.IBMDataStoreAdapterNLS,null]"
    FACTORY_PID = "com.ibm.ws.jdbc.jdbcDriver"
    ID = "id"
    LIBRARY_REF = "libraryRef"
    JDBC_DRIVER = "jdbcDriver"
    TARGET_LIBRARY = "sharedLib.target"
    PROPS_FOR_XA_ONLY = class java.util.Arrays$ArrayList@c8d05b94
      serialVersionUID = -2764017481108945198
      a = class java.lang.String[1]
      modCount = 0
      MAX_ARRAY_SIZE = 2147483639
    classloader = class com.ibm.ws.classloading.internal.AppClassLoader@88116aae
      tc = class com.ibm.websphere.ras.TraceComponent@869dd01d
      PARENT_FIRST_SEARCH_ORDER = class java.util.Collections$UnmodifiableRandomAccessList@577f621a
      CLASS_LOADING_TRACE_PREFIX = "com.ibm.ws.class.load."
      DEFAULT_PACKAGE = "default.package"
      perPackageClassLoadingTraceComponents = class java.util.concurrent.ConcurrentHashMap@f29983c7
      config = class com.ibm.ws.classloading.internal.ClassLoaderConfigurationImpl@36461671
      privateLibraries = null
      delegateLoaders = class com.ibm.ws.classloading.internal.util.CompositeIterable@ad0e642a
      nativeLibraryFiles = class java.util.ArrayList@c99f6f74
      transformers = class java.util.ArrayList@e837bb6f
      apiAccess = class com.ibm.ws.classloading.internal.GatewayClassLoader@1ae3d937
      generator = class com.ibm.ws.classloading.internal.ClassGeneratorManager@a6a48ba6
      protectionDomains = class java.util.concurrent.ConcurrentHashMap@bf9d0888
      parent = class com.ibm.ws.classloading.internal.GatewayClassLoader@1ae3d937
      serialVersionUID = 960221346174702086
      tc = class com.ibm.websphere.ras.TraceComponent@845fc294
      EMPTY_URL_ARRAY = class java.net.URL[0]
      smartClassPath = class com.ibm.ws.classloading.internal.ContainerClassLoader$SmartClassPathImpl@9667a633
      nativeLibraryContainers = class java.util.ArrayList@31a61a08
      redefiner = class com.ibm.ws.classloading.internal.util.ClassRedefiner@ddd5179f
      mapCreationQueue = class java.util.concurrent.Executors$FinalizableDelegatedExecutorService@ca13a15a
      serialVersionUID = 7249739282446266343
      serialVersionUID = -7411549862368381758
      $$$tc$$$ = class com.ibm.websphere.ras.TraceComponent@d6aa5676
      serialVersionUID = -4868702105808481416
      $$$tc$$$ = class com.ibm.websphere.ras.TraceComponent@afe8c706
      serialVersionUID = 2596921220292114344
      $$$tc$$$ = class com.ibm.websphere.ras.TraceComponent@d685e106
      initialized = true
      pdcache = class java.util.HashMap@b3c7cf60
      debug = null
      defaultCodeSource = class java.security.CodeSource@ff32b4ba
      bootstrapClassLoader = class com.ibm.oti.vm.BootstrapClassLoader@9f8d0782
      applicationClassLoader = class sun.misc.Launcher$AppClassLoader@842da340
      initSystemClassLoader = false
      reflectCacheEnabled = true
      reflectCacheAppOnly = false
      reflectCacheDebug = false
      isAssertOptionFound = false
      vmRef = 0
      parent = class com.ibm.ws.classloading.internal.GatewayClassLoader@1ae3d937
      initDone = true
      checkAssertionOptions = false
      assertionLock = class java.lang.ClassLoader$AssertionLock@2b27a45
      defaultAssertionStatus = false
      packageAssertionStatus = null
      classAssertionStatus = null
      packages = null
      lazyInitLock = class java.lang.ClassLoader$LazyInitLock@ac1ed4f3
      classSigners = null
      packageSigners = null
      emptyCertificates = class java.security.cert.Certificate[0]
      defaultProtectionDomain = null
      parallelCapableCollection = class java.util.Collections$SynchronizedMap@2ce95a73
      classNameBasedLock = null
      isParallelCapable = false
      allowArraySyntax = false
      lazyClassLoaderInit = true
      queue = class java.lang.ref.ReferenceQueue@ff7bd228
      methodCache = null
      fieldCache = null
      constructorCache = null
    connectorSvc = class com.ibm.ejs.j2c.ConnectorServiceImpl@8ae38c75
    embDerbyRefCount = class java.util.concurrent.ConcurrentLinkedQueue@642445f3
      serialVersionUID = 196745693267521676
      head = class java.util.concurrent.ConcurrentLinkedQueue$Node@c3ec71b
      tail = class java.util.concurrent.ConcurrentLinkedQueue$Node@c3ec71b
      UNSAFE = class sun.misc.Unsafe@f7ebef0f
      headOffset = 8
      tailOffset = 12
      MAX_ARRAY_SIZE = 2147483639
    introspectedClasses = class java.util.HashSet@26e134ef
      serialVersionUID = -5024744406713321676
      map = class java.util.HashMap@83b0be93
      PRESENT = class java.lang.Object@98e15a6e
      MAX_ARRAY_SIZE = 2147483639
    isDerbyEmbedded = class java.util.concurrent.atomic.AtomicBoolean@4ccdbc70
      serialVersionUID = 4654671469794556979
      unsafe = class sun.misc.Unsafe@f7ebef0f
      valueOffset = 8
      value = 0
    lock = class java.util.concurrent.locks.ReentrantReadWriteLock@757aa6fa
      serialVersionUID = -6992448646407690164
      readerLock = class java.util.concurrent.locks.ReentrantReadWriteLock$ReadLock@da295d4c
      writerLock = class java.util.concurrent.locks.ReentrantReadWriteLock$WriteLock@10921e72
      sync = class java.util.concurrent.locks.ReentrantReadWriteLock$NonfairSync@4d5a64e1
    name = "jdbcDriver[compose-mysql-driver]"
    properties = class org.apache.felix.scr.impl.helper.ReadOnlyDictionary@6604e15
      m_delegate = class java.util.Hashtable@59b31bbc
      m_serviceReference = null
    sharedLib = class com.ibm.ws.library.internal.SharedLibraryImpl@ca1d48e2
      tc = class com.ibm.websphere.ras.TraceComponent@fca72696
      EMPTY_LIBRARY_LISTENERS = interface com.ibm.wsspi.library.LibraryChangeListener[0]
      deleted = false
      libraryListenersTracker = class org.osgi.util.tracker.ServiceTracker@3005110c
      libraryReg = class org.eclipse.osgi.internal.serviceregistry.ServiceRegistrationImpl@4c4b0b4f
      ctx = class org.eclipse.osgi.internal.framework.BundleContextImpl@b9fd39e6
      classLoadingService = class com.ibm.ws.classloading.internal.ClassLoadingServiceImpl@52317f34
      configAdmin = class com.ibm.ws.config.admin.internal.ConfigurationAdminImpl@4b41a96b
      resolvedBasePath = "/home/mluc/Desktop/wlp/usr/servers/defaultServer/"
      generationLock = class com.ibm.ws.library.internal.SharedLibraryImpl$1@a49dffe8
      currentGeneration = class com.ibm.ws.library.internal.LibraryGeneration@cc91f221
      nextGeneration = class com.ibm.ws.library.internal.LibraryGeneration@cc91f221
      artifactContainerFactory = class com.ibm.ws.library.internal.SharedLibraryFactory$1@79abe18f
      packageExporter = class com.ibm.ws.library.internal.LibraryPackageExporter@31e9a471
      serialVersionUID = 6288237618632180389
    changed = false
    obs = class java.util.Vector@fb97e7c1
      elementData = class java.lang.Object[10]
      elementCount = 1
      capacityIncrement = 0
      serialVersionUID = -2767605614048989439
      MAX_ARRAY_SIZE = 2147483639
      modCount = 1
      MAX_ARRAY_SIZE = 2147483639
  jdbcRuntime = class com.ibm.ws.jdbc.osgi.v41.JDBCRuntimeVersion41@717b9c5d
  properties = class org.apache.felix.scr.impl.helper.ReadOnlyDictionary@a322a2b7
    m_delegate = class java.util.Hashtable@89921c16
      EMPTY_TABLE = class java.util.Hashtable$Entry[0]
      table = class java.util.Hashtable$Entry[95]
      count = 36
      threshold = 71
      loadFactor = 0.75
      modCount = 39
      serialVersionUID = 1421746759512286392
      ALTERNATIVE_HASHING_THRESHOLD_DEFAULT = 2147483647
      hashSeed = 0
      MAX_ARRAY_SIZE = 2147483639
      keySet = null
      entrySet = class java.util.Collections$SynchronizedSet@33d6dd26
      values = null
      KEYS = 0
      VALUES = 1
      ENTRIES = 2
    m_serviceReference = null
  tc = class com.ibm.websphere.ras.TraceComponent@6c9625e9
    strings[0] = "TraceComponent[com.ibm.ws.jca.cm.AbstractConnectionFactoryService,class com.ibm.ws.jca.cm.AbstractConnectionFactoryService,[WAS.j2c],com.ibm.ws.jca.cm.internal.resources.J2CAMessages,null]"
  ID = "id"
  JNDI_NAME = "jndiName"
  DEFAULT_NESTED_PATTERN = class java.util.regex.Pattern@d7c23aa6
    UNIX_LINES = 1
    CASE_INSENSITIVE = 2
    COMMENTS = 4
    MULTILINE = 8
    LITERAL = 16
    DOTALL = 32
    UNICODE_CASE = 64
    CANON_EQ = 128
    UNICODE_CHARACTER_CLASS = 256
    serialVersionUID = 5073258162644648461
    pattern = ".*(\[default-\d*\])$"
    flags = 0
    compiled = true
    normalizedPattern = ".*(\[default-\d*\])$"
    root = class java.util.regex.Pattern$Start@fb04debe
      minLength = 10
      next = class java.util.regex.Pattern$Curly@754e9905
    matchRoot = class java.util.regex.Pattern$Curly@754e9905
      atom = class java.util.regex.Pattern$Dot@85c8f3ad
      type = 0
      cmin = 0
      cmax = 2147483647
      next = class java.util.regex.Pattern$GroupHead@ee31a3bc
    buffer = null
    namedGroups = null
    groupNodes = null
    temp = null
    capturingGroupCount = 2
    localCount = 1
    cursor = 20
    patternLength = 0
    hasSupplementary = false
    MAX_REPS = 2147483647
    GREEDY = 0
    LAZY = 1
    POSSESSIVE = 2
    INDEPENDENT = 3
    lookbehindEnd = class java.util.regex.Pattern$4@fe9f88be
      next = null
    accept = class java.util.regex.Pattern$Node@fbd5be5b
      next = null
    lastAccept = class java.util.regex.Pattern$LastNode@b6ab3e
      next = class java.util.regex.Pattern$Node@fbd5be5b
    $assertionsDisabled = true
  DEFAULT_PATTERN = class java.util.regex.Pattern@8d83ac8b
    UNIX_LINES = 1
    CASE_INSENSITIVE = 2
    COMMENTS = 4
    MULTILINE = 8
    LITERAL = 16
    DOTALL = 32
    UNICODE_CASE = 64
    CANON_EQ = 128
    UNICODE_CHARACTER_CLASS = 256
    serialVersionUID = 5073258162644648461
    pattern = "(default-\d*)$"
    flags = 0
    compiled = true
    normalizedPattern = "(default-\d*)$"
    root = class java.util.regex.Pattern$Start@54148043
      minLength = 8
      next = class java.util.regex.Pattern$GroupHead@b4bfe44e
    matchRoot = class java.util.regex.Pattern$GroupHead@b4bfe44e
      localIndex = 0
      next = class java.util.regex.Pattern$Slice@be3d4309
    buffer = null
    namedGroups = null
    groupNodes = null
    temp = null
    capturingGroupCount = 2
    localCount = 1
    cursor = 14
    patternLength = 0
    hasSupplementary = false
    MAX_REPS = 2147483647
    GREEDY = 0
    LAZY = 1
    POSSESSIVE = 2
    INDEPENDENT = 3
    lookbehindEnd = class java.util.regex.Pattern$4@fe9f88be
    accept = class java.util.regex.Pattern$Node@fbd5be5b
    lastAccept = class java.util.regex.Pattern$LastNode@b6ab3e
    $assertionsDisabled = true
  appsToRecycle = class java.util.Collections$SetFromMap@5093acc6
    m = class java.util.concurrent.ConcurrentHashMap@4c95167f
      serialVersionUID = 7249069246763182397
      DEFAULT_INITIAL_CAPACITY = 16
      DEFAULT_LOAD_FACTOR = 0.75
      DEFAULT_CONCURRENCY_LEVEL = 16
      MAXIMUM_CAPACITY = 1073741824
      MAX_SEGMENTS = 65536
      RETRIES_BEFORE_LOCK = 2
      hashSeed = 0
      segmentMask = 15
      segmentShift = 28
      segments = class java.util.concurrent.ConcurrentHashMap$Segment[16]
      keySet = class java.util.concurrent.ConcurrentHashMap$KeySet@11492c1
      entrySet = null
      values = null
      UNSAFE = class sun.misc.Unsafe@f7ebef0f
      HASHSEED_OFFSET = 32
      SEGSHIFT_OFFSET = 40
      SEGMASK_OFFSET = 36
      SEGMENTS_OFFSET = 16
      keySet = null
      values = null
    s = class java.util.concurrent.ConcurrentHashMap$KeySet@11492c1
      this$0 = class java.util.concurrent.ConcurrentHashMap@4c95167f
      MAX_ARRAY_SIZE = 2147483639
    serialVersionUID = 2454657854757543876
    MAX_ARRAY_SIZE = 2147483639
  conMgrSvc = class com.ibm.ejs.j2c.ConnectionManagerServiceImpl@cc0d0df3
    tc = class com.ibm.websphere.ras.TraceComponent@951f0050
      strings[0] = "TraceComponent[com.ibm.ejs.j2c.ConnectionManagerServiceImpl,class com.ibm.ejs.j2c.ConnectionManagerServiceImpl,[WAS.j2c],com.ibm.ws.jca.cm.internal.resources.J2CAMessages,null]"
    cfKeyToCM = class java.util.concurrent.ConcurrentHashMap@58fd44d8
      serialVersionUID = 7249069246763182397
      DEFAULT_INITIAL_CAPACITY = 16
      DEFAULT_LOAD_FACTOR = 0.75
      DEFAULT_CONCURRENCY_LEVEL = 16
      MAXIMUM_CAPACITY = 1073741824
      MAX_SEGMENTS = 65536
      RETRIES_BEFORE_LOCK = 2
      hashSeed = 0
      segmentMask = 15
      segmentShift = 28
      segments = class java.util.concurrent.ConcurrentHashMap$Segment[16]
      keySet = null
      entrySet = null
      values = null
      UNSAFE = class sun.misc.Unsafe@f7ebef0f
      HASHSEED_OFFSET = 32
      SEGSHIFT_OFFSET = 40
      SEGMASK_OFFSET = 36
      SEGMENTS_OFFSET = 16
      keySet = null
      values = null
    lock = class java.util.concurrent.locks.ReentrantReadWriteLock@9b916afb
      serialVersionUID = -6992448646407690164
      readerLock = class java.util.concurrent.locks.ReentrantReadWriteLock$ReadLock@ae95219c
      writerLock = class java.util.concurrent.locks.ReentrantReadWriteLock$WriteLock@6207fd78
      sync = class java.util.concurrent.locks.ReentrantReadWriteLock$NonfairSync@1d1e5dc9
    name = "dataSource[compose-mysql-Compose for MySQL]/connectionManager"
    pm = null
    pmMBean = null
    properties = null
    bndCtx = null
    raClassLoader = null
    CONNECTION_MANAGER = "connectionManager"
    FACTORY_PID = "com.ibm.ws.jca.connectionManager"
    ID = "id"
    MAX_CONNECTIONS_PER_THREAD = "maxConnectionsPerThread"
    MAX_IDLE_TIME = "maxIdleTime"
    MAX_POOL_SIZE = "maxPoolSize"
    MIN_POOL_SIZE = "minPoolSize"
    NUM_CONNECTIONS_PER_THREAD_LOCAL = "numConnectionsPerThreadLocal"
    CONNECTION_MANAGER_PROPS = class java.util.Collections$UnmodifiableRandomAccessList@b54135c2
      serialVersionUID = -2542308836966382001
      serialVersionUID = -283967356065247728
      list = class java.util.Arrays$ArrayList@b1d508f8
      serialVersionUID = 1820017752578914078
      c = class java.util.Arrays$ArrayList@b1d508f8
    changed = false
    obs = class java.util.Vector@a98e28b7
      elementData = class java.lang.Object[10]
      elementCount = 1
      capacityIncrement = 0
      serialVersionUID = -2767605614048989439
      MAX_ARRAY_SIZE = 2147483639
      modCount = 1
      MAX_ARRAY_SIZE = 2147483639
  containerAuthDataRef = null
  jaasLoginContextEntryName = null
  isInitialized = class java.util.concurrent.atomic.AtomicBoolean@958f5be6
    serialVersionUID = 4654671469794556979
    unsafe = class sun.misc.Unsafe@f7ebef0f
    valueOffset = 8
    value = 0
  isServerDefined = true
  lock = class java.util.concurrent.locks.ReentrantReadWriteLock@4d7c369e
    serialVersionUID = -6992448646407690164
    readerLock = class java.util.concurrent.locks.ReentrantReadWriteLock$ReadLock@5d3ac681
      serialVersionUID = -5992448646407690164
      sync = class java.util.concurrent.locks.ReentrantReadWriteLock$NonfairSync@5c5fd29b
    writerLock = class java.util.concurrent.locks.ReentrantReadWriteLock$WriteLock@e2dbda6b
      serialVersionUID = -4992448646407690164
      sync = class java.util.concurrent.locks.ReentrantReadWriteLock$NonfairSync@5c5fd29b
    sync = class java.util.concurrent.locks.ReentrantReadWriteLock$NonfairSync@5c5fd29b
      serialVersionUID = -8159625535654395037
      serialVersionUID = 6317671515068378041
      SHARED_SHIFT = 16
      SHARED_UNIT = 65536
      MAX_COUNT = 65535
      EXCLUSIVE_MASK = 65535
      readHolds = class java.util.concurrent.locks.ReentrantReadWriteLock$Sync$ThreadLocalHoldCounter@159646db
      cachedHoldCounter = null
      firstReader = null
      firstReaderHoldCount = 1
      serialVersionUID = 7373984972572414691
      head = null
      tail = null
      state = 1
      spinForTimeoutThreshold = 1000
      unsafe = class sun.misc.Unsafe@f7ebef0f
      stateOffset = 24
      headOffset = 16
      tailOffset = 20
      waitStatusOffset = 24
      nextOffset = 12
      serialVersionUID = 3737899427754241961
      exclusiveOwnerThread = class java.lang.Thread@c041fdb5
  recoveryAuthDataRef = null

