------Start of DE processing------ = [1/2/17 8:39:41:975 ART]
Exception = java.lang.NullPointerException
Source = com.ibm.ws.webcontainer.filter.WebAppFilterManager.invokeFilters
probeid = 1105
Stack Dump = java.lang.NullPointerException
	at com.ibm.logica.Lista.getMaterial(Unknown Source)
	at com.ibm._jsp._material._jspService(_material.java:112)
	at com.ibm.ws.jsp.runtime.HttpJspBase.service(HttpJspBase.java:101)
	at javax.servlet.http.HttpServlet.service(HttpServlet.java:790)
	at com.ibm.ws.webcontainer.servlet.ServletWrapper.service(ServletWrapper.java:1290)
	at com.ibm.ws.webcontainer.servlet.ServletWrapper.handleRequest(ServletWrapper.java:778)
	at com.ibm.ws.webcontainer.servlet.ServletWrapper.handleRequest(ServletWrapper.java:475)
	at com.ibm.wsspi.webcontainer.servlet.GenericServletWrapper.handleRequest(GenericServletWrapper.java:119)
	at com.ibm.ws.jsp.webcontainerext.AbstractJSPExtensionServletWrapper.handleRequest(AbstractJSPExtensionServletWrapper.java:217)
	at com.ibm.ws.webcontainer.filter.WebAppFilterManager.invokeFilters(WebAppFilterManager.java:1157)
	at com.ibm.ws.webcontainer.webapp.WebApp.handleRequest(WebApp.java:4939)
	at com.ibm.ws.webcontainer31.osgi.webapp.WebApp31.handleRequest(WebApp31.java:525)
	at com.ibm.ws.webcontainer.osgi.DynamicVirtualHost$2.handleRequest(DynamicVirtualHost.java:313)
	at com.ibm.ws.webcontainer.WebContainer.handleRequest(WebContainer.java:1007)
	at com.ibm.ws.webcontainer.osgi.DynamicVirtualHost$2.run(DynamicVirtualHost.java:278)
	at com.ibm.ws.http.dispatcher.internal.channel.HttpDispatcherLink$TaskWrapper.run(HttpDispatcherLink.java:967)
	at com.ibm.ws.http.dispatcher.internal.channel.HttpDispatcherLink.wrapHandlerAndExecute(HttpDispatcherLink.java:359)
	at com.ibm.ws.http.dispatcher.internal.channel.HttpDispatcherLink.ready(HttpDispatcherLink.java:318)
	at com.ibm.ws.http.channel.internal.inbound.HttpInboundLink.handleDiscrimination(HttpInboundLink.java:471)
	at com.ibm.ws.http.channel.internal.inbound.HttpInboundLink.handleNewRequest(HttpInboundLink.java:405)
	at com.ibm.ws.http.channel.internal.inbound.HttpInboundLink.processRequest(HttpInboundLink.java:285)
	at com.ibm.ws.http.channel.internal.inbound.HttpICLReadCallback.complete(HttpICLReadCallback.java:66)
	at com.ibm.ws.tcpchannel.internal.WorkQueueManager.requestComplete(WorkQueueManager.java:504)
	at com.ibm.ws.tcpchannel.internal.WorkQueueManager.attemptIO(WorkQueueManager.java:574)
	at com.ibm.ws.tcpchannel.internal.WorkQueueManager.workerRun(WorkQueueManager.java:929)
	at com.ibm.ws.tcpchannel.internal.WorkQueueManager$Worker.run(WorkQueueManager.java:1018)
	at java.util.concurrent.ThreadPoolExecutor.runWorker(ThreadPoolExecutor.java:1157)
	at java.util.concurrent.ThreadPoolExecutor$Worker.run(ThreadPoolExecutor.java:627)
	at java.lang.Thread.run(Thread.java:809)

Dump of callerThis
Object type = com.ibm.ws.webcontainer.osgi.filter.WebAppFilterManagerImpl
  _filterWrappers = class java.util.Hashtable@694f52d9
    EMPTY_TABLE = class java.util.Hashtable$Entry[0]
    table = class java.util.Hashtable$Entry[0]
    count = 0
    threshold = 11
    loadFactor = 0.75
    modCount = 0
    serialVersionUID = 1421746759512286392
    ALTERNATIVE_HASHING_THRESHOLD_DEFAULT = 2147483647
    hashSeed = 0
    MAX_ARRAY_SIZE = 2147483639
    keySet = null
    entrySet = null
    values = null
    KEYS = 0
    VALUES = 1
    ENTRIES = 2
  chainCache = class java.util.Collections$SynchronizedMap@fa8ce8e5
    serialVersionUID = 1978198479659022715
    m = class com.ibm.ws.webcontainer.filter.WebAppFilterManager$1@7ad383eb
      this$0 = class com.ibm.ws.webcontainer.osgi.filter.WebAppFilterManagerImpl@eb7a1ee
      serialVersionUID = 3801124242820219131
      header = class java.util.LinkedHashMap$Entry@becb51f1
      accessOrder = true
      DEFAULT_INITIAL_CAPACITY = 16
      MAXIMUM_CAPACITY = 1073741824
      DEFAULT_LOAD_FACTOR = 0.75
      EMPTY_TABLE = class java.util.HashMap$Entry[0]
      table = class java.util.HashMap$Entry[0]
      size = 0
      threshold = 20
      loadFactor = 0.75
      modCount = 0
      ALTERNATIVE_HASHING_THRESHOLD_DEFAULT = 2147483647
      hashSeed = 0
      entrySet = null
      serialVersionUID = 362498820763181265
      keySet = null
      values = null
    mutex = class java.util.Collections$SynchronizedMap@fa8ce8e5
    keySet = null
    entrySet = null
    values = null
  forwardChainCache = class java.util.Collections$SynchronizedMap@f797d8cf
    serialVersionUID = 1978198479659022715
    m = class com.ibm.ws.webcontainer.filter.WebAppFilterManager$2@eb5b0be4
      this$0 = class com.ibm.ws.webcontainer.osgi.filter.WebAppFilterManagerImpl@eb7a1ee
      serialVersionUID = 3801124242820219131
      header = class java.util.LinkedHashMap$Entry@f95397a9
      accessOrder = true
      DEFAULT_INITIAL_CAPACITY = 16
      MAXIMUM_CAPACITY = 1073741824
      DEFAULT_LOAD_FACTOR = 0.75
      EMPTY_TABLE = class java.util.HashMap$Entry[0]
      table = class java.util.HashMap$Entry[0]
      size = 0
      threshold = 10
      loadFactor = 0.75
      modCount = 0
      ALTERNATIVE_HASHING_THRESHOLD_DEFAULT = 2147483647
      hashSeed = 0
      entrySet = null
      serialVersionUID = 362498820763181265
      keySet = null
      values = null
    mutex = class java.util.Collections$SynchronizedMap@f797d8cf
    keySet = null
    entrySet = null
    values = null
  includeChainCache = class java.util.Collections$SynchronizedMap@c091aa47
    serialVersionUID = 1978198479659022715
    m = class com.ibm.ws.webcontainer.filter.WebAppFilterManager$3@9e222bf3
      this$0 = class com.ibm.ws.webcontainer.osgi.filter.WebAppFilterManagerImpl@eb7a1ee
      serialVersionUID = 3801124242820219131
      header = class java.util.LinkedHashMap$Entry@804f832e
      accessOrder = true
      DEFAULT_INITIAL_CAPACITY = 16
      MAXIMUM_CAPACITY = 1073741824
      DEFAULT_LOAD_FACTOR = 0.75
      EMPTY_TABLE = class java.util.HashMap$Entry[0]
      table = class java.util.HashMap$Entry[0]
      size = 0
      threshold = 5
      loadFactor = 0.75
      modCount = 0
      ALTERNATIVE_HASHING_THRESHOLD_DEFAULT = 2147483647
      hashSeed = 0
      entrySet = null
      serialVersionUID = 362498820763181265
      keySet = null
      values = null
    mutex = class java.util.Collections$SynchronizedMap@c091aa47
    keySet = null
    entrySet = null
    values = null
  errorChainCache = class java.util.Collections$SynchronizedMap@5b3704d3
    serialVersionUID = 1978198479659022715
    m = class com.ibm.ws.webcontainer.filter.WebAppFilterManager$4@1fb97cd8
      this$0 = class com.ibm.ws.webcontainer.osgi.filter.WebAppFilterManagerImpl@eb7a1ee
      serialVersionUID = 3801124242820219131
      header = class java.util.LinkedHashMap$Entry@e560011e
      accessOrder = true
      DEFAULT_INITIAL_CAPACITY = 16
      MAXIMUM_CAPACITY = 1073741824
      DEFAULT_LOAD_FACTOR = 0.75
      EMPTY_TABLE = class java.util.HashMap$Entry[0]
      table = class java.util.HashMap$Entry[0]
      size = 0
      threshold = 2
      loadFactor = 0.75
      modCount = 0
      ALTERNATIVE_HASHING_THRESHOLD_DEFAULT = 2147483647
      hashSeed = 0
      entrySet = null
      serialVersionUID = 362498820763181265
      keySet = null
      values = null
    mutex = class java.util.Collections$SynchronizedMap@5b3704d3
    keySet = null
    entrySet = null
    values = null
  _filtersDefined = false
  FMI_MAPPING_SINGLE_SLASH = 0
  FMI_MAPPING_PATH_MATCH = 1
  FMI_MAPPING_EXTENSION_MATCH = 2
  FMI_MAPPING_EXACT_MATCH = 3
  logger = class com.ibm.ws.logging.internal.WsLogger@3255922d
    tc = class com.ibm.websphere.ras.TraceComponent@9fa947cf
      strings[0] = "TraceComponent[com.ibm.ws.logging.internal.WsLogger,class com.ibm.ws.logging.internal.WsLogger,[logging],com.ibm.ws.logging.internal.resources.LoggingMessages,null]"
    ivCachedResourceBundleName = null
    ivCachedResourceBundle = null
    ivComponent = null
    ivOrganization = null
    ivProduct = null
    ivMinimumLocalizationLevelIntValue = 625
    ivTC = class com.ibm.websphere.ras.TraceComponent@30d60873
      strings[0] = "TraceComponent[com.ibm.ws.webcontainer.filter,class com.ibm.wsspi.webcontainer.logging.LoggerFactory$1,[com.ibm.ws.webcontainer.filter],null,null]"
    loggerRegistrationComponent = class java.lang.ThreadLocal@1ba46794
      threadLocalHashCode = 1288175339
      nextHashCode = class java.util.concurrent.atomic.AtomicInteger@e2a5496e
      HASH_INCREMENT = 1640531527
    emptyHandlers = class java.util.logging.Handler[0]
    offValue = 2147483647
    manager = class com.ibm.ws.kernel.boot.logging.WsLogManager@dd3d769f
      CLASS_NAME = "com.ibm.ws.kernel.boot.logging.WsLogManager"
      CONFIGURE_BY_SERVER_PROPERTY_NAME = "java.util.logging.configureByServer"
      CONFIGURE_BY_LOGGING_PROPERTIES_FILE = "java.util.logging.configureByLoggingPropertiesFile"
      configureByServer = true
      configureByLoggingProperties = false
      wsLogger = class java.lang.reflect.Constructor@7d6885dc
      resetEnabled = true
      manager = class com.ibm.ws.kernel.boot.logging.WsLogManager@dd3d769f
      props = class java.util.Properties@4190e00e
      changes = class java.beans.PropertyChangeSupport@1bd52b37
      defaultLevel = class java.util.logging.Level@5ed3514a
      systemContext = class java.util.logging.LogManager$SystemLoggerContext@c39bc2fb
      userContext = class java.util.logging.LogManager$LoggerContext@90feee17
      rootLogger = class java.util.logging.LogManager$RootLogger@a4cf5e0c
      readPrimordialConfiguration = true
      initializedGlobalHandlers = true
      deathImminent = false
      contextsMap = null
      loggerRefQueue = class java.lang.ref.ReferenceQueue@6dc4e7ff
      MAX_ITERATIONS = 400
      controlPermission = class java.util.logging.LoggingPermission@c018b868
      loggingMXBean = null
      LOGGING_MXBEAN_NAME = "java.util.logging:type=Logging"
    name = "com.ibm.ws.webcontainer.filter"
    handlers = class java.util.concurrent.CopyOnWriteArrayList@2b7d6fdc
      serialVersionUID = 8673264195747942595
      lock = class java.util.concurrent.locks.ReentrantLock@6b00ca30
      array = class java.lang.Object[0]
      UNSAFE = class sun.misc.Unsafe@2b741bad
      lockOffset = 8
    resourceBundleName = "com.ibm.ws.webcontainer.resources.Messages"
    useParentHandlers = true
    filter = null
    anonymous = false
    catalog = class com.ibm.ws.webcontainer.resources.Messages@47aeec9a
      resources = class [Ljava.lang.Object;[332]
      lookup = null
      INITIAL_CACHE_SIZE = 32
      NONEXISTENT_BUNDLE = class java.util.ResourceBundle$1@77645eb9
      cacheList = class java.util.concurrent.ConcurrentHashMap@26109eb5
      referenceQueue = class java.lang.ref.ReferenceQueue@aa8cf0cb
      parent = null
      locale = class java.util.Locale@1d18bd83
      name = "com.ibm.ws.webcontainer.resources.Messages"
      expired = false
      cacheKey = class java.util.ResourceBundle$CacheKey@954f7b9b
      keySet = null
      vo = class java.lang.Object@4cf18558
      $assertionsDisabled = true
    catalogName = "com.ibm.ws.webcontainer.resources.Messages"
    catalogLocale = class java.util.Locale@59743090
      LOCALECACHE = class java.util.Locale$Cache@3ad37f17
      ENGLISH = class java.util.Locale@fb7bd33e
      FRENCH = class java.util.Locale@5ea68025
      GERMAN = class java.util.Locale@a8ce600d
      ITALIAN = class java.util.Locale@6c376bb3
      JAPANESE = class java.util.Locale@eb842042
      KOREAN = class java.util.Locale@40914610
      CHINESE = class java.util.Locale@e8ff07ae
      SIMPLIFIED_CHINESE = class java.util.Locale@25c1f0ad
      TRADITIONAL_CHINESE = class java.util.Locale@db74e481
      FRANCE = class java.util.Locale@47339d3c
      GERMANY = class java.util.Locale@1bf5d4b9
      ITALY = class java.util.Locale@70a8d0b6
      JAPAN = class java.util.Locale@61047941
      KOREA = class java.util.Locale@1ade8294
      CHINA = class java.util.Locale@25c1f0ad
      PRC = class java.util.Locale@25c1f0ad
      TAIWAN = class java.util.Locale@db74e481
      UK = class java.util.Locale@158e53f2
      US = class java.util.Locale@59743090
      CANADA = class java.util.Locale@8ba58d45
      CANADA_FRENCH = class java.util.Locale@605cb9b4
      ROOT = class java.util.Locale@1d18bd83
      PRIVATE_USE_EXTENSION = x
      UNICODE_LOCALE_EXTENSION = u
      serialVersionUID = 9149081749638150636
      DISPLAY_LANGUAGE = 0
      DISPLAY_COUNTRY = 1
      DISPLAY_VARIANT = 2
      DISPLAY_SCRIPT = 3
      baseLocale = class sun.util.locale.BaseLocale@c514d7a3
      localeExtensions = null
      hashCodeValue = 96636889
      defaultLocale = class java.util.Locale@59743090
      defaultDisplayLocale = null
      defaultFormatLocale = class java.util.Locale@59743090
      serialPersistentFields = class java.io.ObjectStreamField[6]
      isoLanguages = null
      isoCountries = null
      $assertionsDisabled = true
    treeLock = class java.lang.Object@8bbbbc2
    parent = class com.ibm.ws.logging.internal.WsLogger@de7c1fec
      tc = class com.ibm.websphere.ras.TraceComponent@9fa947cf
      ivCachedResourceBundleName = "com.ibm.ws.webcontainer.resources.Messages"
      ivCachedResourceBundle = class com.ibm.ws.webcontainer.resources.Messages@2b366a3e
      ivComponent = null
      ivOrganization = null
      ivProduct = null
      ivMinimumLocalizationLevelIntValue = 625
      ivTC = class com.ibm.websphere.ras.TraceComponent@5a61ab26
      loggerRegistrationComponent = class java.lang.ThreadLocal@1ba46794
      emptyHandlers = class java.util.logging.Handler[0]
      offValue = 2147483647
      manager = class com.ibm.ws.kernel.boot.logging.WsLogManager@dd3d769f
      name = "com.ibm.ws.webcontainer"
      handlers = class java.util.concurrent.CopyOnWriteArrayList@194159a2
      resourceBundleName = "com.ibm.ws.webcontainer.resources.Messages"
      useParentHandlers = true
      filter = null
      anonymous = false
      catalog = class com.ibm.ws.webcontainer.resources.Messages@2b366a3e
      catalogName = "com.ibm.ws.webcontainer.resources.Messages"
      catalogLocale = class java.util.Locale@59743090
      treeLock = class java.lang.Object@8bbbbc2
      parent = class java.util.logging.Logger@3bf472c8
      kids = class java.util.ArrayList@9f4a36eb
      levelObject = class java.util.logging.Level@5ed3514a
      levelValue = 800
      callersClassLoaderRef = class java.lang.ref.WeakReference@959a1417
      isSystemLogger = false
      GLOBAL_LOGGER_NAME = "global"
      global = class java.util.logging.Logger@7670f4b5
      SYSTEM_LOGGER_RB_NAME = "sun.util.logging.resources.logging"
    kids = null
    levelObject = class java.util.logging.Level@5ed3514a
      defaultBundle = "sun.util.logging.resources.logging"
      name = "INFO"
      value = 800
      resourceBundleName = "sun.util.logging.resources.logging"
      localizedLevelName = "INFO"
      cachedLocale = class java.util.Locale@59743090
      OFF = class java.util.logging.Level@30549e6
      SEVERE = class java.util.logging.Level@4b4ae930
      WARNING = class java.util.logging.Level@f15e7fef
      INFO = class java.util.logging.Level@5ed3514a
      CONFIG = class java.util.logging.Level@ce601832
      FINE = class java.util.logging.Level@a798ef89
      FINER = class java.util.logging.Level@b7e19ab7
      FINEST = class java.util.logging.Level@ab0494f7
      ALL = class java.util.logging.Level@c71c8f86
      serialVersionUID = -8176160795706313070
    levelValue = 800
    callersClassLoaderRef = class java.lang.ref.WeakReference@a34b935d
      STATE_INITIAL = 0
      STATE_CLEARED = 1
      STATE_ENQUEUED = 2
      referent = class org.eclipse.osgi.internal.loader.EquinoxClassLoader@6b108f71
      queue = null
      state = 0
    isSystemLogger = false
    GLOBAL_LOGGER_NAME = "global"
    global = class java.util.logging.Logger@7670f4b5
      emptyHandlers = class java.util.logging.Handler[0]
      offValue = 2147483647
      manager = class com.ibm.ws.kernel.boot.logging.WsLogManager@dd3d769f
      name = "global"
      handlers = class java.util.concurrent.CopyOnWriteArrayList@af7cd416
      resourceBundleName = null
      useParentHandlers = true
      filter = null
      anonymous = false
      catalog = null
      catalogName = null
      catalogLocale = null
      treeLock = class java.lang.Object@8bbbbc2
      parent = class java.util.logging.LogManager$RootLogger@a4cf5e0c
      kids = null
      levelObject = null
      levelValue = 800
      callersClassLoaderRef = null
      isSystemLogger = true
      GLOBAL_LOGGER_NAME = "global"
      global = class java.util.logging.Logger@7670f4b5
      SYSTEM_LOGGER_RB_NAME = "sun.util.logging.resources.logging"
    SYSTEM_LOGGER_RB_NAME = "sun.util.logging.resources.logging"
  CLASS_NAME = "com.ibm.ws.webcontainer.filter.WebAppFilterManager"
  nls = class com.ibm.ejs.ras.TraceNLS@f9a72c0d
    resolver = class com.ibm.ws.logging.internal.TraceNLSResolver@2219b035
      tc = class com.ibm.websphere.ras.TraceComponent@ce822b74
      DEBUG_TRACE_NLS_PROPERTY = "com.ibm.ejs.ras.debugTraceNLSResolver"
      debugTraceNLSResolver = false
      makeNoise = false
      nullKey = "null"
      svNullBundleName = "Resource Bundle name is null, key = {0}"
      svBundleNotLoaded = "Unable to load ResourceBundle {0}"
      svNullKeyMessage = "Null key passed while using ResourceBundle {0}"
      svMalformedMessage = "No message text associated with key {0} in bundle {1}"
    finder = null
    ivBundleName = "com.ibm.ws.webcontainer.resources.Messages"
    caller = class java.lang.Class@3fb425bd
      serialVersionUID = 3206093459760846163
      AllPermissionsPD = class java.security.ProtectionDomain@55591a7a
      SYNTHETIC = 4096
      ANNOTATION = 8192
      ENUM = 16384
      MEMBER_INVALID_TYPE = -1
      EmptyParameters = class java.lang.Class[0]
      vmRef = 31094784
      classLoader = class org.eclipse.osgi.internal.loader.EquinoxClassLoader@6b108f71
      protectionDomain = class org.eclipse.osgi.internal.loader.ModuleClassLoader$GenerationProtectionDomain@8b80fc6a
      classNameString = "com.ibm.ws.webcontainer.filter.WebAppFilterManager"
      annotationType = null
      classValueMap = class java.lang.ClassValue$ClassValueMap@ac93f2f9
      initializationLock = null
      classCastHandle = null
      enumVars = null
      enumVarsOffset = 44
      classRepoHolder = null
      annotationCache = class java.lang.Class$AnnotationCache@8f4a28ec
      annotationCacheOffset = 52
      unsafe = class sun.misc.Unsafe@2b741bad
      copyMethod = class java.lang.reflect.Method@4907d4c
      copyField = class java.lang.reflect.Method@8aa9eca6
      copyConstructor = class java.lang.reflect.Method@b6613321
      methodParameterTypesField = class java.lang.reflect.Field@64cab72a
      constructorParameterTypesField = class java.lang.reflect.Field@43a3f844
      NoArgs = class java.lang.Object[0]
      PublicKey = class java.lang.Class$CacheKey@aa19f38c
      DeclaredKey = class java.lang.Class$CacheKey@6837e5c9
      queue = class java.lang.ref.ReferenceQueue@5b271d5f
  webAppConfig = class com.ibm.ws.webcontainer.osgi.webapp.WebAppConfiguration@e01c7d3e
    webModuleMetaData = class com.ibm.ws.webcontainer.osgi.metadata.WebModuleMetaDataImpl@761ea0db
    webComponentMetaData = class com.ibm.ws.webcontainer.osgi.metadata.WebComponentMetaDataImpl@d4012761
    dVirtualHost = class com.ibm.ws.webcontainer.osgi.DynamicVirtualHost@a00b8f57
      tc = class com.ibm.websphere.ras.TraceComponent@27efa128
      CLASS_NAME = "com.ibm.ws.webcontainer.osgi.DynamicVirtualHost"
      webContainerParent = class com.ibm.ws.webcontainer.osgi.WebContainer@ef707d52
      dhostConfig = class com.ibm.ws.webcontainer.osgi.DynamicVirtualHostConfiguration@5f89f145
      predefinedMatcher = null
      normalizeRequestURI = false
      logger = class com.ibm.ws.logging.internal.WsLogger@de7c1fec
      CLASS_NAME = "com.ibm.ws.webcontainer.VirtualHost"
      vHostConfig = class com.ibm.ws.webcontainer.osgi.DynamicVirtualHostConfiguration@5f89f145
      commands = class java.util.ArrayList@94d5ece8
      requestMapper = class com.ibm.wsspi.webcontainer.util.URIMapper@86e6cd4f
      parent = class com.ibm.ws.webcontainer.osgi.WebContainer@ef707d52
      name = "default_host"
      isAlive = true
      subElements = class java.util.HashMap@2d252855
      attributes = null
      config = null
      serialVersionUID = -8271459000149267764
      $$$tc$$$ = class com.ibm.websphere.ras.TraceComponent@2388d3e4
    orderedLibPaths = class java.util.Collections$UnmodifiableRandomAccessList@509f2d0a
      serialVersionUID = -2542308836966382001
      serialVersionUID = -283967356065247728
      list = class java.util.ArrayList@8990b426
      serialVersionUID = 1820017752578914078
      c = class java.util.ArrayList@8990b426
    bundleHeaders = null
    cdiEnabled = false
    CLASS_NAME = "com.ibm.ws.webcontainer.webapp.WebAppConfiguration"
    logger = class com.ibm.ws.logging.internal.WsLogger@2f7825a6
      tc = class com.ibm.websphere.ras.TraceComponent@9fa947cf
      ivCachedResourceBundleName = null
      ivCachedResourceBundle = null
      ivComponent = null
      ivOrganization = null
      ivProduct = null
      ivMinimumLocalizationLevelIntValue = 625
      ivTC = class com.ibm.websphere.ras.TraceComponent@d4eebf20
      loggerRegistrationComponent = class java.lang.ThreadLocal@1ba46794
      emptyHandlers = class java.util.logging.Handler[0]
      offValue = 2147483647
      manager = class com.ibm.ws.kernel.boot.logging.WsLogManager@dd3d769f
      name = "com.ibm.ws.webcontainer.webapp"
      handlers = class java.util.concurrent.CopyOnWriteArrayList@5eda3333
      resourceBundleName = "com.ibm.ws.webcontainer.resources.Messages"
      useParentHandlers = true
      filter = null
      anonymous = false
      catalog = class com.ibm.ws.webcontainer.resources.Messages@2b366a3e
      catalogName = "com.ibm.ws.webcontainer.resources.Messages"
      catalogLocale = class java.util.Locale@59743090
      treeLock = class java.lang.Object@8bbbbc2
      parent = class com.ibm.ws.logging.internal.WsLogger@de7c1fec
      kids = null
      levelObject = class java.util.logging.Level@5ed3514a
      levelValue = 800
      callersClassLoaderRef = class java.lang.ref.WeakReference@24addafe
      isSystemLogger = false
      GLOBAL_LOGGER_NAME = "global"
      global = class java.util.logging.Logger@7670f4b5
      SYSTEM_LOGGER_RB_NAME = "sun.util.logging.resources.logging"
    tc = class com.ibm.websphere.ras.TraceComponent@e7304666
      strings[0] = "TraceComponent[com.ibm.ws.webcontainer.webapp.WebAppConfiguration,class com.ibm.ws.webcontainer.webapp.WebAppConfiguration,[webcontainer],com.ibm.ws.webcontainer.resources.LShimMessages,null]"
    nls = class com.ibm.ejs.ras.TraceNLS@b6ccbeb2
      resolver = class com.ibm.ws.logging.internal.TraceNLSResolver@2219b035
      finder = null
      ivBundleName = "com.ibm.ws.webcontainer.resources.Messages"
      caller = class java.lang.Class@15816bcf
    version = 31
    contextRoot = "/"
    sessionTimeout = 0
    moduleSessionTimeoutSet = false
    moduleSessionTrackingModeSet = false
    sessionCookieConfig = class com.ibm.ws.session.SessionCookieConfigImpl@ec21130f
      comment = ""
      domain = ""
      maxAge = -1
      maxAgeSet = false
      name = "JSESSIONID"
      path = "/"
      httpOnly = true
      httpOnlySet = false
      secure = false
      secureSet = false
      contextInitialized = true
      externalCall = true
      programmaticChange = false
      nls = class com.ibm.ejs.ras.TraceNLS@37393c3
    hasProgrammaticCookieConfig = false
    sessionDefaultTrackingModeSet = class java.util.RegularEnumSet@ea5b833a
      serialVersionUID = 3411599620347842686
      elements = 1
      elementType = class java.lang.Class@cf7cf867
      universe = class javax.servlet.SessionTrackingMode[3]
      ZERO_LENGTH_ENUM_ARRAY = class java.lang.Enum[0]
      MAX_ARRAY_SIZE = 2147483639
    sessionManagerConfig = class com.ibm.ws.session.SessionManagerConfig@8ab23ca
      usingWebContainerSM = true
      useContextRootForSessionCookiePath = false
      usingMemory = true
      usingDatabase = false
      usingMemToMem = false
      enableUrlProtocolSwitchRewriting = false
      dcookieName = "SSLJSESSION"
      sipSessionCookieName = "ibmappid"
      inMemorySize = 1000
      enableOverflow = true
      sessionInvalidationTime = 1800
      integrateSec = true
      throwSecurityExceptionOnGetSessionFalse = true
      invalidateOnUnauthorizedSessionRequestException = false
      allowSerializedSessionAccess = false
      serializedSessionAccessMaxWaitTime = 0
      accessSessionOnTimeout = true
      JNDIDataSourceName = "jdbc/sample"
      sessionDBID = null
      sessionDBPWD = null
      rowSize = 4
      tableSpaceName = null
      usingMultirow = false
      drsSettings = null
      enableEOSWrite = true
      enableManualWrite = false
      enableTimeBasedWrite = false
      mPropertyWriterInterval = 120
      writeAllProperties = false
      scheduledInvalidation = false
      firstHour = 0
      secondHour = 0
      is_zOS = false
      serverId = "6d37eb5b-5496-4e35-a5e0-2cc10d104b17"
      cloneId = "6d37eb5b-5496-4e35-a5e0-2cc10d104b17"
      sacKey = "DEFAULT_SAC_KEY"
      cloneSeparator = :
      debugSessionCrossover = false
      cloneIdPropertySet = false
      expectedCloneIdsPropertySet = false
      expectedCloneIds = null
      idReuse = false
      reaperPollInterval = 152
      turnOffCacheId = false
      turnOffCloneId = false
      noAffinitySwitchBack = false
      maxSessionIdentifierLength = 1024
      sessUrlRewritePrefix = ";jsessionid="
      tableNameValue = null
      checkRecentlyInvalidList = true
      useOracleBlob = false
      usingCustomSchemaName = false
      trackGCCount = false
      hideSessionValues = true
      hideSessionValuesPropertySet = false
      doRemoteInvalidations = true
      zosBaseServerReplication = false
      servlet21SessionCompat = false
      cacheIdLength = 0
      sessionIDLength = 23
      trackingModes = class java.util.RegularEnumSet@f079fa47
      privateSessionCookieName = "JSESSIONID"
      privateSessionCookieComment = ""
      privateSessionCookieDomain = ""
      privateSessionCookieMaxAge = -1
      privateSessionCookiePath = "/"
      privateSessionCookieSecure = false
      privateSessionCookieHttpOnly = true
      cookieConfig = class com.ibm.ws.session.SessionCookieConfigImpl@ec21130f
      SIPConvergedHttpPort = 80
      SIPConvergedHttpsPort = 443
      SIPConvergedHostName = "localhost"
      optimizeCacheIdIncrements = false
      alwaysEncodeURL = false
      checkSessionCookieNameOnEncodeURL = false
      onlyCheckInCacheDuringPreInvoke = false
      enableHotFailover = true
      forceSessionInvalidationMultiple = 3
      persistSessionAfterPassivation = false
      usingApplicationSessionsAndInvalidateAll = false
      usingApplicationSessionsAlwaysRetrieve = false
      forceSessionIdLengthCheck = false
      securityUserIgnoreCase = false
      sessionTableSkipIndexCreation = false
      checkSessionNewOnIsValidRequest = true
      delayInvalidationAlarmDuringServerStartup = 0
      useSeparateSessionInvalidatorThreadPool = true
      connectionRetryCount = 2
    displayName = "Game of Bluemix"
    description = null
    reloadInterval = 3
    distributable = false
    denyUncoveredHttpMethods = false
    reloadingEnabled = true
    serveServletsByClassnameEnabled = false
    defaultErrorPage = null
    additionalClassPath = null
    fileServingEnabled = true
    directoryBrowsingEnabled = false
    autoRequestEncoding = false
    autoResponseEncoding = false
    autoLoadFilters = false
    requestListeners = null
    requestAttributeListeners = null
    sessionListeners = null
    localeMap = null
    moduleName = "Game-of-Bluemix"
    j2eeModuleName = "Game-of-Bluemix.war"
    moduleId = null
    isSyncToThreadEnabled = false
    isSystemApp = false
    ardEnabled = false
    ardDispatchType = null
    listeners = class java.util.ArrayList@5eb7d7ff
      serialVersionUID = 8683452581122892189
      DEFAULT_CAPACITY = 10
      EMPTY_ELEMENTDATA = class java.lang.Object[0]
      elementData = class java.lang.Object[0]
      size = 0
      MAX_ARRAY_SIZE = 2147483639
      modCount = 0
      MAX_ARRAY_SIZE = 2147483639
    welcomeFileList = class java.util.ArrayList@eae3646
      serialVersionUID = 8683452581122892189
      DEFAULT_CAPACITY = 10
      EMPTY_ELEMENTDATA = class java.lang.Object[0]
      elementData = class java.lang.Object[10]
      size = 6
      MAX_ARRAY_SIZE = 2147483639
      modCount = 6
      MAX_ARRAY_SIZE = 2147483639
    servletMappings = class java.util.HashMap@796c1d2a
      DEFAULT_INITIAL_CAPACITY = 16
      MAXIMUM_CAPACITY = 1073741824
      DEFAULT_LOAD_FACTOR = 0.75
      EMPTY_TABLE = class java.util.HashMap$Entry[0]
      table = class java.util.HashMap$Entry[16]
      size = 1
      threshold = 12
      loadFactor = 0.75
      modCount = 1
      ALTERNATIVE_HASHING_THRESHOLD_DEFAULT = 2147483647
      hashSeed = 0
      entrySet = null
      serialVersionUID = 362498820763181265
      keySet = null
      values = null
    lastIndexBeforeDeclaredFilters = 0
    filterMappings = class java.util.ArrayList@638e4a69
      serialVersionUID = 8683452581122892189
      DEFAULT_CAPACITY = 10
      EMPTY_ELEMENTDATA = class java.lang.Object[0]
      elementData = class java.lang.Object[0]
      size = 0
      MAX_ARRAY_SIZE = 2147483639
      modCount = 0
      MAX_ARRAY_SIZE = 2147483639
    servletInfo = class java.util.HashMap@ee10da32
      DEFAULT_INITIAL_CAPACITY = 16
      MAXIMUM_CAPACITY = 1073741824
      DEFAULT_LOAD_FACTOR = 0.75
      EMPTY_TABLE = class java.util.HashMap$Entry[0]
      table = class java.util.HashMap$Entry[16]
      size = 2
      threshold = 12
      loadFactor = 0.75
      modCount = 2
      ALTERNATIVE_HASHING_THRESHOLD_DEFAULT = 2147483647
      hashSeed = 0
      entrySet = null
      serialVersionUID = 362498820763181265
      keySet = class java.util.HashMap$KeySet@32a83ba2
      values = class java.util.HashMap$Values@da99930b
    filterInfo = class java.util.HashMap@9edfb6db
      DEFAULT_INITIAL_CAPACITY = 16
      MAXIMUM_CAPACITY = 1073741824
      DEFAULT_LOAD_FACTOR = 0.75
      EMPTY_TABLE = class java.util.HashMap$Entry[0]
      table = class java.util.HashMap$Entry[0]
      size = 0
      threshold = 16
      loadFactor = 0.75
      modCount = 0
      ALTERNATIVE_HASHING_THRESHOLD_DEFAULT = 2147483647
      hashSeed = 0
      entrySet = null
      serialVersionUID = 362498820763181265
      keySet = null
      values = class java.util.HashMap$Values@1234cfbf
    mimeMappings = class java.util.HashMap@c2a9b2fa
      DEFAULT_INITIAL_CAPACITY = 16
      MAXIMUM_CAPACITY = 1073741824
      DEFAULT_LOAD_FACTOR = 0.75
      EMPTY_TABLE = class java.util.HashMap$Entry[0]
      table = class java.util.HashMap$Entry[0]
      size = 0
      threshold = 16
      loadFactor = 0.75
      modCount = 0
      ALTERNATIVE_HASHING_THRESHOLD_DEFAULT = 2147483647
      hashSeed = 0
      entrySet = null
      serialVersionUID = 362498820763181265
      keySet = null
      values = null
    mimeFilters = null
    isMimeFilteringEnabled = false
    theWebGroup = null
    jspAttributes = class java.util.HashMap@6c0dbf
      DEFAULT_INITIAL_CAPACITY = 16
      MAXIMUM_CAPACITY = 1073741824
      DEFAULT_LOAD_FACTOR = 0.75
      EMPTY_TABLE = class java.util.HashMap$Entry[0]
      table = class java.util.HashMap$Entry[0]
      size = 0
      threshold = 16
      loadFactor = 0.75
      modCount = 0
      ALTERNATIVE_HASHING_THRESHOLD_DEFAULT = 2147483647
      hashSeed = 0
      entrySet = null
      serialVersionUID = 362498820763181265
      keySet = class java.util.HashMap$KeySet@f93862e2
      values = null
    fileServingAttributes = class java.util.HashMap@e668ea91
      DEFAULT_INITIAL_CAPACITY = 16
      MAXIMUM_CAPACITY = 1073741824
      DEFAULT_LOAD_FACTOR = 0.75
      EMPTY_TABLE = class java.util.HashMap$Entry[0]
      table = class java.util.HashMap$Entry[0]
      size = 0
      threshold = 16
      loadFactor = 0.75
      modCount = 0
      ALTERNATIVE_HASHING_THRESHOLD_DEFAULT = 2147483647
      hashSeed = 0
      entrySet = null
      serialVersionUID = 362498820763181265
      keySet = null
      values = null
    invokerAttributes = class java.util.HashMap@e1114223
      DEFAULT_INITIAL_CAPACITY = 16
      MAXIMUM_CAPACITY = 1073741824
      DEFAULT_LOAD_FACTOR = 0.75
      EMPTY_TABLE = class java.util.HashMap$Entry[0]
      table = class java.util.HashMap$Entry[0]
      size = 0
      threshold = 16
      loadFactor = 0.75
      modCount = 0
      ALTERNATIVE_HASHING_THRESHOLD_DEFAULT = 2147483647
      hashSeed = 0
      entrySet = null
      serialVersionUID = 362498820763181265
      keySet = null
      values = null
    contextParams = class java.util.HashMap@2c5967de
      DEFAULT_INITIAL_CAPACITY = 16
      MAXIMUM_CAPACITY = 1073741824
      DEFAULT_LOAD_FACTOR = 0.75
      EMPTY_TABLE = class java.util.HashMap$Entry[0]
      table = class java.util.HashMap$Entry[0]
      size = 0
      threshold = 16
      loadFactor = 0.75
      modCount = 0
      ALTERNATIVE_HASHING_THRESHOLD_DEFAULT = 2147483647
      hashSeed = 0
      entrySet = null
      serialVersionUID = 362498820763181265
      keySet = null
      values = null
    virtualHost = "default_host"
    exceptionErrorPages = class java.util.HashMap@1bdcde63
      DEFAULT_INITIAL_CAPACITY = 16
      MAXIMUM_CAPACITY = 1073741824
      DEFAULT_LOAD_FACTOR = 0.75
      EMPTY_TABLE = class java.util.HashMap$Entry[0]
      table = class java.util.HashMap$Entry[0]
      size = 0
      threshold = 16
      loadFactor = 0.75
      modCount = 0
      ALTERNATIVE_HASHING_THRESHOLD_DEFAULT = 2147483647
      hashSeed = 0
      entrySet = null
      serialVersionUID = 362498820763181265
      keySet = null
      values = null
    codeErrorPages = class java.util.HashMap@c8c34ef1
      DEFAULT_INITIAL_CAPACITY = 16
      MAXIMUM_CAPACITY = 1073741824
      DEFAULT_LOAD_FACTOR = 0.75
      EMPTY_TABLE = class java.util.HashMap$Entry[0]
      table = class java.util.HashMap$Entry[0]
      size = 0
      threshold = 16
      loadFactor = 0.75
      modCount = 0
      ALTERNATIVE_HASHING_THRESHOLD_DEFAULT = 2147483647
      hashSeed = 0
      entrySet = null
      serialVersionUID = 362498820763181265
      keySet = null
      values = null
    tagLibList = null
    precompileJsps = false
    webApp = class com.ibm.ws.webcontainer31.osgi.webapp.WebApp31@e8fceeb9
    virtualHostList = class java.util.Collections$EmptyList@cdc25858
      serialVersionUID = 8842843931221139166
      modCount = 0
      MAX_ARRAY_SIZE = 2147483639
    appStartupWeight = 0
    moduleStartupWeight = 0
    metaDataComplete = false
    classesToScan = class java.util.ArrayList@4a41cac0
      serialVersionUID = 8683452581122892189
      DEFAULT_CAPACITY = 10
      EMPTY_ELEMENTDATA = class java.lang.Object[0]
      elementData = class java.lang.Object[0]
      size = 0
      MAX_ARRAY_SIZE = 2147483639
      modCount = 0
      MAX_ARRAY_SIZE = 2147483639
    uriFilterMappingInfos = null
    servletFilterMappingInfos = null
    dynamicServletRegistrationMap = null
    applicationName = "Game-of-Bluemix"
    libBinPathList = class java.util.ArrayList@1ab303be
      serialVersionUID = 8683452581122892189
      DEFAULT_CAPACITY = 10
      EMPTY_ELEMENTDATA = class java.lang.Object[0]
      elementData = class java.lang.Object[0]
      size = 0
      MAX_ARRAY_SIZE = 2147483639
      modCount = 0
      MAX_ARRAY_SIZE = 2147483639
    webXmlDefinedListeners = class java.util.HashSet@fb917afe
      serialVersionUID = -5024744406713321676
      map = class java.util.HashMap@3878934b
      PRESENT = class java.lang.Object@23489c38
      MAX_ARRAY_SIZE = 2147483639
    allRefs = class java.util.EnumMap@787981f3
      keyType = class java.lang.Class@831e4fc0
      keyUniverse = class com.ibm.wsspi.injectionengine.JNDIEnvironmentRefType[14]
      vals = class java.lang.Object[14]
      size = 0
      NULL = class java.util.EnumMap$1@ad7e331
      ZERO_LENGTH_ENUM_ARRAY = class java.lang.Enum[0]
      entrySet = null
      serialVersionUID = 458661240069192865
      keySet = null
      values = null
    allRefBindings = class java.util.EnumMap@7b8d49a5
      keyType = class java.lang.Class@831e4fc0
      keyUniverse = class com.ibm.wsspi.injectionengine.JNDIEnvironmentRefType[14]
      vals = class java.lang.Object[14]
      size = 6
      NULL = class java.util.EnumMap$1@ad7e331
      ZERO_LENGTH_ENUM_ARRAY = class java.lang.Enum[0]
      entrySet = null
      serialVersionUID = 458661240069192865
      keySet = null
      values = null
    envEntryValues = class java.util.HashMap@ae287ea0
      DEFAULT_INITIAL_CAPACITY = 16
      MAXIMUM_CAPACITY = 1073741824
      DEFAULT_LOAD_FACTOR = 0.75
      EMPTY_TABLE = class java.util.HashMap$Entry[0]
      table = class java.util.HashMap$Entry[0]
      size = 0
      threshold = 16
      loadFactor = 0.75
      modCount = 0
      ALTERNATIVE_HASHING_THRESHOLD_DEFAULT = 2147483647
      hashSeed = 0
      entrySet = null
      serialVersionUID = 362498820763181265
      keySet = null
      values = null
    resourceRefConfigList = class com.ibm.ws.resource.internal.ResourceRefConfigListImpl@ecdf846d
      ivList = class java.util.ArrayList@8a9289a1
      ivMap = class java.util.HashMap@ca50d1f1
      serialVersionUID = 5502773099641523293
      $$$tc$$$ = class com.ibm.websphere.ras.TraceComponent@72f1c24e
    disallowAllFileServingProp = "false"
    disallowServeServletsByClassnameProp = "true"
    disableStaticMappingCache = false
    jspCachedLocations = class java.util.HashMap@c5a34176
      DEFAULT_INITIAL_CAPACITY = 16
      MAXIMUM_CAPACITY = 1073741824
      DEFAULT_LOAD_FACTOR = 0.75
      EMPTY_TABLE = class java.util.HashMap$Entry[0]
      table = class java.util.HashMap$Entry[0]
      size = 0
      threshold = 16
      loadFactor = 0.75
      modCount = 0
      ALTERNATIVE_HASHING_THRESHOLD_DEFAULT = 2147483647
      hashSeed = 0
      entrySet = null
      serialVersionUID = 362498820763181265
      keySet = null
      values = null
    _id = "WebAppGeneratedId1"
    _attributes = null
    serialVersionUID = 7511545662945734886
    $$$tc$$$ = class com.ibm.websphere.ras.TraceComponent@1eadd483
      strings[0] = "TraceComponent[com.ibm.ws.container.BaseConfiguration,class com.ibm.ws.container.BaseConfiguration,[],null,null]"
  webApp = class com.ibm.ws.webcontainer31.osgi.webapp.WebApp31@e8fceeb9
    tc = class com.ibm.websphere.ras.TraceComponent@704b9692
      strings[0] = "TraceComponent[com.ibm.ws.webcontainer31.osgi.webapp.WebApp31,class com.ibm.ws.webcontainer31.osgi.webapp.WebApp31,[webcontainer],com.ibm.ws.webcontainer31.resources.Messages,null]"
    CLASS_NAME = "com.ibm.ws.webcontainer31.osgi.webapp.WebApp31"
    servlet31NLS = class com.ibm.ejs.ras.TraceNLS@b1d6eb3f
      resolver = class com.ibm.ws.logging.internal.TraceNLSResolver@2219b035
      finder = null
      ivBundleName = "com.ibm.ws.webcontainer31.resources.Messages"
      caller = class java.lang.Class@f87f8618
    validListenerClasses = class java.lang.Class[7]
      validListenerClasses[0] = class java.lang.Class@bc520817
      validListenerClasses[1] = class java.lang.Class@509e73be
      validListenerClasses[2] = class java.lang.Class@5eabb8fd
      validListenerClasses[3] = class java.lang.Class@a0a7d565
      validListenerClasses[4] = class java.lang.Class@1a63e506
      validListenerClasses[5] = class java.lang.Class@5fa247b9
      validListenerClasses[6] = class java.lang.Class@4906175f
    wsocServHandler = class com.ibm.ws.wsoc.external.WsocHandlerImpl@3bd676d9
      tc = class com.ibm.websphere.ras.TraceComponent@81bac078
      noMoreAddsCalled = true
      serialVersionUID = -2067291126638824067
    tc = class com.ibm.websphere.ras.TraceComponent@67950ae2
      strings[0] = "TraceComponent[com.ibm.ws.webcontainer.osgi.webapp.WebApp,class com.ibm.ws.webcontainer.osgi.webapp.WebApp,[webcontainer],com.ibm.ws.webcontainer.resources.LShimMessages,null]"
    CLASS_NAME = "com.ibm.ws.webcontainer.osgi.webapp.WebApp"
    metaDataService = class com.ibm.ws.container.service.metadata.internal.MetaDataServiceImpl@2f25b2e2
      applicationMetaDataManager = class com.ibm.ws.container.service.metadata.internal.ApplicationMetaDataManager@29e02695
      moduleMetaDataManager = class com.ibm.ws.container.service.metadata.internal.ModuleMetaDataManager@29b1098f
      componentMetaDataManager = class com.ibm.ws.container.service.metadata.internal.ComponentMetaDataManager@b614d40
      methodMetaDataManager = class com.ibm.ws.container.service.metadata.internal.MethodMetaDataManager@7e904c0a
      appModuleNameToModuleContainer = class java.util.concurrent.ConcurrentHashMap@fec4bb
      jeeNameToComponentMetaData = class java.util.concurrent.ConcurrentHashMap@81e9fb65
      deferredMetaDataFactories = class com.ibm.wsspi.kernel.service.utils.ConcurrentServiceReferenceSet@4012fde0
      deferredMetaDataInitializers = class com.ibm.wsspi.kernel.service.utils.ConcurrentServiceReferenceMap@9e0607b6
      serialVersionUID = -2494605732980966097
      $$$tc$$$ = class com.ibm.websphere.ras.TraceComponent@62578ffc
    namespacePopulated = false
    referenceContext = class com.ibm.ws.injectionengine.osgi.internal.OSGiReferenceContextImpl@b9a91f85
      scopeData = class com.ibm.ws.injectionengine.osgi.internal.OSGiInjectionScopeData@56ef41c2
      serialVersionUID = 521511923892134915
      $$$tc$$$ = class com.ibm.websphere.ras.TraceComponent@f661ef64
      CLASS_NAME = "com.ibm.ws.injectionengine.ReferenceContextImpl"
      tc = class com.ibm.ejs.ras.TraceComponent@56662470
      ivInjectionEngine = class com.ibm.ws.injectionengine.osgi.internal.OSGiInjectionEngineImpl@42ce9b1b
      ivProviders = class java.util.ArrayList@54b3da41
      ivComponentJavaContext = null
      ivComponentNameSpace = null
      ivJavaColonCompEnvMap = class java.util.LinkedHashMap@5140d65c
      ivEjbContext10 = class java.util.Properties@6569d779
      ivResourceRefConfigList = class com.ibm.ws.resource.internal.ResourceRefConfigListImpl@ecdf846d
      isAlreadyProcessed = true
      ivProcessFailure = null
      ivInjectionTargetMap = class java.util.concurrent.ConcurrentHashMap@5ff6476
      ivDeclaredInjectionTargets = class java.util.HashMap@c1cde2fe
      ivProcessedInjectionClasses = class java.util.HashSet@e597d484
      ivProcessedInjectionBindings = class java.util.LinkedHashSet@3c263142
      ivAnyProcessDynamic = true
      ivCheckAppConfig = false
    j2eeNameFactory = class com.ibm.ws.container.service.metadata.internal.J2EENameFactoryImpl@7191a665
      serialVersionUID = 3486344295038028821
      $$$tc$$$ = class com.ibm.websphere.ras.TraceComponent@71e426a0
    moduleLoader = class com.ibm.ws.classloading.internal.AppClassLoader@6753319d
      tc = class com.ibm.websphere.ras.TraceComponent@19620a41
      PARENT_FIRST_SEARCH_ORDER = class java.util.Collections$UnmodifiableRandomAccessList@f45d6324
      CLASS_LOADING_TRACE_PREFIX = "com.ibm.ws.class.load."
      DEFAULT_PACKAGE = "default.package"
      perPackageClassLoadingTraceComponents = class java.util.concurrent.ConcurrentHashMap@98fc9429
      config = class com.ibm.ws.classloading.internal.ClassLoaderConfigurationImpl@6b0230db
      privateLibraries = null
      delegateLoaders = class com.ibm.ws.classloading.internal.util.CompositeIterable@1302197
      nativeLibraryFiles = class java.util.ArrayList@bda28af
      transformers = class java.util.ArrayList@54227b02
      apiAccess = class com.ibm.ws.classloading.internal.GatewayClassLoader@50fab2e3
      generator = class com.ibm.ws.classloading.internal.ClassGeneratorManager@8e06ed12
      protectionDomains = class java.util.concurrent.ConcurrentHashMap@694d7266
      parent = class com.ibm.ws.classloading.internal.GatewayClassLoader@50fab2e3
      serialVersionUID = 960221346174702086
      tc = class com.ibm.websphere.ras.TraceComponent@2b86813d
      EMPTY_URL_ARRAY = class java.net.URL[0]
      smartClassPath = class com.ibm.ws.classloading.internal.ContainerClassLoader$SmartClassPathImpl@9fe93e4c
      nativeLibraryContainers = class java.util.ArrayList@227e707e
      redefiner = class com.ibm.ws.classloading.internal.util.ClassRedefiner@3dbd1a36
      mapCreationQueue = class java.util.concurrent.Executors$FinalizableDelegatedExecutorService@f30e548a
      serialVersionUID = 7249739282446266343
      serialVersionUID = -7411549862368381758
      $$$tc$$$ = class com.ibm.websphere.ras.TraceComponent@52dbeda2
      serialVersionUID = -4868702105808481416
      $$$tc$$$ = class com.ibm.websphere.ras.TraceComponent@9c1a7ba3
      serialVersionUID = 2596921220292114344
      $$$tc$$$ = class com.ibm.websphere.ras.TraceComponent@6a092eac
      initialized = true
      pdcache = class java.util.HashMap@a793e2e2
      debug = null
      defaultCodeSource = class java.security.CodeSource@39df2f92
      bootstrapClassLoader = class com.ibm.oti.vm.BootstrapClassLoader@7db288c8
      applicationClassLoader = class sun.misc.Launcher$AppClassLoader@e5c68d36
      initSystemClassLoader = false
      reflectCacheEnabled = true
      reflectCacheAppOnly = false
      reflectCacheDebug = false
      isAssertOptionFound = false
      vmRef = 140637228839008
      parent = class com.ibm.ws.classloading.internal.GatewayClassLoader@50fab2e3
      initDone = true
      checkAssertionOptions = false
      assertionLock = class java.lang.ClassLoader$AssertionLock@969349e8
      defaultAssertionStatus = false
      packageAssertionStatus = null
      classAssertionStatus = null
      packages = class java.util.Hashtable@5a09fce5
      lazyInitLock = class java.lang.ClassLoader$LazyInitLock@46752b1d
      classSigners = null
      packageSigners = class java.util.Hashtable@8bc75d43
      emptyCertificates = class java.security.cert.Certificate[0]
      defaultProtectionDomain = null
      parallelCapableCollection = class java.util.Collections$SynchronizedMap@c55158c1
      classNameBasedLock = null
      isParallelCapable = false
      allowArraySyntax = false
      lazyClassLoaderInit = true
      queue = class java.lang.ref.ReferenceQueue@d7b5492e
      methodCache = class java.util.Hashtable@ba17450b
      fieldCache = class java.util.Hashtable@c49d7f74
      constructorCache = null
    webAppConfig = class com.ibm.ws.webcontainer.osgi.webapp.WebAppConfiguration@e01c7d3e
    extensionProcessingDisabled = false
    managedObjectService = class com.ibm.ws.cdi.impl.managedobject.CDIManagedObjectService@10db4fb1
      cdiServiceRef = class com.ibm.wsspi.kernel.service.utils.AtomicServiceReference@c8ca8ffd
      defaultMOSRef = class com.ibm.wsspi.kernel.service.utils.AtomicServiceReference@e9fd25db
      cdiRuntime = null
      serialVersionUID = -2697988188171262037
      $$$tc$$$ = class com.ibm.websphere.ras.TraceComponent@df9ad331
    GenPluginCfgMB = null
    internalServletMetaData = interface com.ibm.wsspi.webcontainer.metadata.WebComponentMetaData[2]
      internalServletMetaData[0] = null
      internalServletMetaData[1] = null
    loginProcessor = null
    logoutProcessor = null
    collabHelper = class com.ibm.ws.webcontainer.osgi.collaborator.CollaboratorHelperImpl@2b8f98a3
    envObject = class com.ibm.ws.util.WSThreadLocal@b5aa6bd5
      tc = class com.ibm.ejs.ras.TraceComponent@e2f56894
      count = 9
      index = 3
      SUSPECTED_MISUSAGE_THRESHOLD = 200
      threadLocalHashCode = -777702412
      nextHashCode = class java.util.concurrent.atomic.AtomicInteger@e2a5496e
      HASH_INCREMENT = 1640531527
    orderedLibPaths = class java.util.Collections$UnmodifiableRandomAccessList@509f2d0a
    perm = class com.ibm.websphere.security.WebSphereRuntimePermission@3bf7c3a1
      serialVersionUID = -3306242789188168337
      $$$tc$$$ = class com.ibm.websphere.ras.TraceComponent@6cac64a5
      serialVersionUID = 6279438298436773498
      wildcard = false
      path = "accessServletContext"
      exitVM = false
      serialVersionUID = -5636570222231596674
      name = "accessServletContext"
    WELCOME_FILE_LIST = "com.ibm.ws.webcontainer.config.WelcomeFileList"
    DIR_BROWSING_MAPPING = "__dirBrowsing__1483357177456"
    FILTER_PROXY_MAPPING = "/__filterProxy__1483357177456"
    logger = class com.ibm.ws.logging.internal.WsLogger@2f7825a6
    CLASS_NAME = "com.ibm.ws.webcontainer.webapp.WebApp"
    loader = class com.ibm.ws.classloading.internal.ThreadContextClassLoader@61e2d483
      tc = class com.ibm.websphere.ras.TraceComponent@7f9b3ab
      bundle = class java.util.concurrent.atomic.AtomicReference@7d5f9de5
      key = "WebModule:Game-of-Bluemix#Game-of-Bluemix.war"
      refCount = class java.util.concurrent.atomic.AtomicInteger@7e654268
      appLoader = class com.ibm.ws.classloading.internal.AppClassLoader@6753319d
      serialVersionUID = 7093379526360135425
      followOnClassLoaders = class java.util.ArrayList@84b70564
      serialVersionUID = -5107316606107305512
      $$$tc$$$ = class com.ibm.websphere.ras.TraceComponent@2826899d
      serialVersionUID = -4868702105808481416
      $$$tc$$$ = class com.ibm.websphere.ras.TraceComponent@9c1a7ba3
      serialVersionUID = 2596921220292114344
      $$$tc$$$ = class com.ibm.websphere.ras.TraceComponent@6a092eac
      initialized = true
      pdcache = class java.util.HashMap@70d13b4f
      debug = null
      defaultCodeSource = class java.security.CodeSource@39df2f92
      bootstrapClassLoader = class com.ibm.oti.vm.BootstrapClassLoader@7db288c8
      applicationClassLoader = class sun.misc.Launcher$AppClassLoader@e5c68d36
      initSystemClassLoader = false
      reflectCacheEnabled = true
      reflectCacheAppOnly = false
      reflectCacheDebug = false
      isAssertOptionFound = false
      vmRef = 140637228839608
      parent = class com.ibm.ws.classloading.internal.GatewayClassLoader@8598716f
      initDone = true
      checkAssertionOptions = false
      assertionLock = class java.lang.ClassLoader$AssertionLock@f845eb29
      defaultAssertionStatus = false
      packageAssertionStatus = null
      classAssertionStatus = null
      packages = null
      lazyInitLock = class java.lang.ClassLoader$LazyInitLock@e46a26dd
      classSigners = null
      packageSigners = null
      emptyCertificates = class java.security.cert.Certificate[0]
      defaultProtectionDomain = null
      parallelCapableCollection = class java.util.Collections$SynchronizedMap@c55158c1
      classNameBasedLock = null
      isParallelCapable = false
      allowArraySyntax = false
      lazyClassLoaderInit = true
      queue = class java.lang.ref.ReferenceQueue@d7b5492e
      methodCache = null
      fieldCache = null
      constructorCache = null
    facade = class com.ibm.ws.webcontainer31.facade.ServletContextFacade31@9d3ae445
      context = class com.ibm.ws.webcontainer31.osgi.webapp.WebApp31@e8fceeb9
    features = class java.util.ArrayList@d5d785ba
      serialVersionUID = 8683452581122892189
      DEFAULT_CAPACITY = 10
      EMPTY_ELEMENTDATA = class java.lang.Object[0]
      elementData = class java.lang.Object[0]
      size = 0
      MAX_ARRAY_SIZE = 2147483639
      modCount = 0
      MAX_ARRAY_SIZE = 2147483639
    applicationName = "Game-of-Bluemix"
    config = class com.ibm.ws.webcontainer.osgi.webapp.WebAppConfiguration@e01c7d3e
    securityEnabledForApp = false
    webExtensionProcessor = class com.ibm.ws.webcontainer.osgi.extension.WebExtensionProcessor@8ccd013
      webApp = class com.ibm.ws.webcontainer31.osgi.webapp.WebApp31@e8fceeb9
      extensionContext = class com.ibm.ws.webcontainer31.osgi.webapp.WebApp31@e8fceeb9
    production = true
    isServlet23 = true
    contextPath = "/"
    internalServletList = class [Ljava.lang.String;[2]
      internalServletList[0] = class java.lang.String[2]
      internalServletList[1] = class java.lang.String[2]
    BY_NAME_ONLY = "/_1483357177457_/"
    filterManager = class com.ibm.ws.webcontainer.osgi.filter.WebAppFilterManagerImpl@eb7a1ee
    documentRoot = null
    SERVLET_API_VERSION = "Servlet 2.5"
    disableServletAuditLogging = -1
    serverInfo = "IBM WebSphere Liberty/16.0.0.3"
    sessionCtx = class com.ibm.ws.webcontainer31.session.impl.HttpSessionContext31Impl@5168c944
      methodClassName = "HttpSessionContextImpl"
      _smc = class com.ibm.ws.session.SessionManagerConfig@8ab23ca
      sessionStoreService = null
      _sap = class com.ibm.ws.session.SessionApplicationParameters@d8c73bb7
      _coreHttpSessionManager = class com.ibm.ws.session.SessionManager@ff990d90
      _coreHttpAppSessionManager = null
      _sam = class com.ibm.ws.webcontainer.session.impl.SessionAffinityManagerImpl@2a0f2993
      isSIPApplication = false
      sessionAttributeListener = false
      sessionListener = true
      mHttpSessionAttributeListeners = class java.util.ArrayList@90908d27
      mHttpSessionListeners = class java.util.ArrayList@b0a45650
      mHttpSessionIdListeners = class java.util.ArrayList@49c3703b
      mHttpSessionAttributeListenersJ2eeNames = class java.util.ArrayList@9cf0d025
      mHttpSessionListenersJ2eeNames = class java.util.ArrayList@d6823a04
      mHttpSessionIdListenersJ2eeNames = class java.util.ArrayList@64710b18
      mLocalHost = null
      _refCount = 1
      currentThreadSacHashtable = null
      methodClassName = "SessionContext"
      ANONYMOUS_USER = "anonymous"
      wasHttpSessionObserver = class com.ibm.ws.session.WasHttpSessionObserver@b89b06d9
      wasHttpSessionAttributeObserver = null
      _invalidator = class com.ibm.ws.session.SessionInvalidatorWithThreadPool@92a39c72
      _storer = class com.ibm.ws.session.EOSSessionStorer@20c67dba
      wasHttpAppSessionObserver = null
      mHttpAppSessionListeners = null
      cmvcInfo = "CMVC Version 1.9 6/24/07 11:12:24"
      _loggedVersion = true
      CREATE_CORE_SESSION_MANAGER = 0
      GET_REQUESTED_SESSION_ID = 1
      GET_IHTTP_SESSION = 2
      SESSION_PRE_INVOKE = 3
      SESSION_POST_INVOKE = 4
      STOP = 5
      STOP_LISTENERS = 6
      IS_VALID = 7
      ENCODE_URL = 8
      SHOULD_ENCODE_URL = 9
      IS_PROTOCOL_SWITCH = 10
      GET_LOCAL_HOST = 11
      ADD_HTTP_SESSION_ATTRIBUTE_LISTENER = 12
      ADD_HTTP_SESSION_LISTENER = 13
      GET_SESSION_AFFINITY_CONTEXT = 14
      CHECK_SECURITY = 15
      INVALIDATE = 16
      CHECK_SESSSIONID_IS_RIGHT_LENGTH = 17
      LOCK_SESSION = 18
      UNLOCK_SESSION = 19
      ADD_HTTP_SESSION_ID_LISTENER = 20
      methodNames = class java.lang.String[21]
    eventSource = class com.ibm.ws.webcontainer.webapp.WebAppEventSource@f95f2960
    nls = class com.ibm.ejs.ras.TraceNLS@8a505ba3
      resolver = class com.ibm.ws.logging.internal.TraceNLSResolver@2219b035
      finder = null
      ivBundleName = "com.ibm.ws.webcontainer.resources.Messages"
      caller = class java.lang.Class@c9ac05ec
    liberty_nls = class com.ibm.ejs.ras.TraceNLS@262b0bd4
      resolver = class com.ibm.ws.logging.internal.TraceNLSResolver@2219b035
      finder = null
      ivBundleName = "com.ibm.ws.webcontainer.resources.LShimMessages"
      caller = class java.lang.Class@c9ac05ec
    error_nls = class com.ibm.ejs.ras.TraceNLS@28fc0fcf
      resolver = class com.ibm.ws.logging.internal.TraceNLSResolver@2219b035
      finder = null
      ivBundleName = "com.ibm.ws.webcontainer.resources.ErrorPage"
      caller = class java.lang.Class@c9ac05ec
    sessionListeners = class java.util.ArrayList@cb2b0d9
      serialVersionUID = 8683452581122892189
      DEFAULT_CAPACITY = 10
      EMPTY_ELEMENTDATA = class java.lang.Object[0]
      elementData = class java.lang.Object[10]
      size = 1
      MAX_ARRAY_SIZE = 2147483639
      modCount = 2
      MAX_ARRAY_SIZE = 2147483639
    sessionIdListeners = class java.util.ArrayList@934c572c
      serialVersionUID = 8683452581122892189
      DEFAULT_CAPACITY = 10
      EMPTY_ELEMENTDATA = class java.lang.Object[0]
      elementData = class java.lang.Object[0]
      size = 0
      MAX_ARRAY_SIZE = 2147483639
      modCount = 0
      MAX_ARRAY_SIZE = 2147483639
    sessionAttrListeners = class java.util.ArrayList@e3d07018
      serialVersionUID = 8683452581122892189
      DEFAULT_CAPACITY = 10
      EMPTY_ELEMENTDATA = class java.lang.Object[0]
      elementData = class java.lang.Object[0]
      size = 0
      MAX_ARRAY_SIZE = 2147483639
      modCount = 1
      MAX_ARRAY_SIZE = 2147483639
    addedSessionListeners = class java.util.ArrayList@75b6a438
      serialVersionUID = 8683452581122892189
      DEFAULT_CAPACITY = 10
      EMPTY_ELEMENTDATA = class java.lang.Object[0]
      elementData = class java.lang.Object[0]
      size = 0
      MAX_ARRAY_SIZE = 2147483639
      modCount = 0
      MAX_ARRAY_SIZE = 2147483639
    addedSessionAttrListeners = class java.util.ArrayList@788ca3bf
      serialVersionUID = 8683452581122892189
      DEFAULT_CAPACITY = 10
      EMPTY_ELEMENTDATA = class java.lang.Object[0]
      elementData = class java.lang.Object[0]
      size = 0
      MAX_ARRAY_SIZE = 2147483639
      modCount = 0
      MAX_ARRAY_SIZE = 2147483639
    servletContextListeners = class java.util.ArrayList@8a2e5f3a
      serialVersionUID = 8683452581122892189
      DEFAULT_CAPACITY = 10
      EMPTY_ELEMENTDATA = class java.lang.Object[0]
      elementData = class java.lang.Object[10]
      size = 2
      MAX_ARRAY_SIZE = 2147483639
      modCount = 3
      MAX_ARRAY_SIZE = 2147483639
    servletContextLAttrListeners = class java.util.ArrayList@f87e8368
      serialVersionUID = 8683452581122892189
      DEFAULT_CAPACITY = 10
      EMPTY_ELEMENTDATA = class java.lang.Object[0]
      elementData = class java.lang.Object[0]
      size = 0
      MAX_ARRAY_SIZE = 2147483639
      modCount = 1
      MAX_ARRAY_SIZE = 2147483639
    servletRequestListeners = class java.util.ArrayList@adbaa992
      serialVersionUID = 8683452581122892189
      DEFAULT_CAPACITY = 10
      EMPTY_ELEMENTDATA = class java.lang.Object[0]
      elementData = class java.lang.Object[0]
      size = 0
      MAX_ARRAY_SIZE = 2147483639
      modCount = 1
      MAX_ARRAY_SIZE = 2147483639
    servletRequestLAttrListeners = class java.util.ArrayList@cedd1fa7
      serialVersionUID = 8683452581122892189
      DEFAULT_CAPACITY = 10
      EMPTY_ELEMENTDATA = class java.lang.Object[0]
      elementData = class java.lang.Object[0]
      size = 0
      MAX_ARRAY_SIZE = 2147483639
      modCount = 1
      MAX_ARRAY_SIZE = 2147483639
    prependSlashToResource = false
    destroyed = false
    webAppNameSpaceCollab = class com.ibm.ws.webcontainer.osgi.collaborator.WebAppNameSpaceCollaboratorImpl@d46f3f78
    txCollab = class com.ibm.ws.transaction.services.WebAppTransactionCollaboratorImpl@e4d9bb10
    sessionActivationListeners = class java.util.ArrayList@da196187
      serialVersionUID = 8683452581122892189
      DEFAULT_CAPACITY = 10
      EMPTY_ELEMENTDATA = class java.lang.Object[0]
      elementData = class java.lang.Object[0]
      size = 0
      MAX_ARRAY_SIZE = 2147483639
      modCount = 1
      MAX_ARRAY_SIZE = 2147483639
    sessionBindingListeners = class java.util.ArrayList@d470ee9f
      serialVersionUID = 8683452581122892189
      DEFAULT_CAPACITY = 10
      EMPTY_ELEMENTDATA = class java.lang.Object[0]
      elementData = class java.lang.Object[0]
      size = 0
      MAX_ARRAY_SIZE = 2147483639
      modCount = 1
      MAX_ARRAY_SIZE = 2147483639
    scratchdir = null
    jspClassLoaderLimit = 0
    jspClassLoaderExclusionList = null
    jspClassLoadersMap = null
    jspClassLoaderLimitTrackIF = false
    defaultExtProc = null
    directoryBrowsingServlet = null
    cdiContexts = class java.util.concurrent.ConcurrentHashMap@32fc24f5
      serialVersionUID = 7249069246763182397
      DEFAULT_INITIAL_CAPACITY = 16
      DEFAULT_LOAD_FACTOR = 0.75
      DEFAULT_CONCURRENCY_LEVEL = 16
      MAXIMUM_CAPACITY = 1073741824
      MAX_SEGMENTS = 65536
      RETRIES_BEFORE_LOCK = 2
      hashSeed = 0
      segmentMask = 15
      segmentShift = 28
      segments = class java.util.concurrent.ConcurrentHashMap$Segment[16]
      keySet = null
      entrySet = null
      values = null
      UNSAFE = class sun.misc.Unsafe@2b741bad
      HASHSEED_OFFSET = 32
      SEGSHIFT_OFFSET = 40
      SEGMASK_OFFSET = 36
      SEGMENTS_OFFSET = 16
      keySet = null
      values = null
    moduleConfig = class com.ibm.ws.webcontainer.osgi.container.DeployedModule@54440f03
      tc = class com.ibm.websphere.ras.TraceComponent@b2917b
      loader = class com.ibm.ws.classloading.internal.ThreadContextClassLoader@61e2d483
      webApp = class com.ibm.ws.webcontainer31.osgi.webapp.WebApp31@e8fceeb9
      webAppConfig = class com.ibm.ws.webcontainer.osgi.webapp.WebAppConfiguration@e01c7d3e
      contextRootAdded = null
      properContextRoot = "/"
      mappingContextRoot = "/*"
      serialVersionUID = -2104814060051592457
      $$$tc$$$ = class com.ibm.websphere.ras.TraceComponent@cada22b3
    extensionFactories = class java.util.ArrayList@17d689c7
      serialVersionUID = 8683452581122892189
      DEFAULT_CAPACITY = 10
      EMPTY_ELEMENTDATA = class java.lang.Object[0]
      elementData = class java.lang.Object[10]
      size = 4
      MAX_ARRAY_SIZE = 2147483639
      modCount = 14
      MAX_ARRAY_SIZE = 2147483639
    initialized = true
    lock = class com.ibm.ws.webcontainer.webapp.WebApp$1@2b3a1ab
      this$0 = class com.ibm.ws.webcontainer31.osgi.webapp.WebApp31@e8fceeb9
    afterServletContextCreated = false
    redirectContextRoot = false
    errorExceptionTypeFirst = false
    initFilterBeforeServletInit = false
    sortedServletConfigs = class java.util.ArrayList@e8fc2f4f
      serialVersionUID = 8683452581122892189
      DEFAULT_CAPACITY = 10
      EMPTY_ELEMENTDATA = class java.lang.Object[0]
      elementData = class java.lang.Object[10]
      size = 1
      MAX_ARRAY_SIZE = 2147483639
      modCount = 1
      MAX_ARRAY_SIZE = 2147483639
    effectiveMajorVersion = 3
    effectiveMinorVersion = 1
    canAddServletContextListener = true
    withinContextInitOfProgAddListener = false
    lastProgAddListenerInitialized = "com.ibm.ws.wsoc.WsocServletContextListener"
    webInfLibClassloader = null
    metaInfCache = class com.ibm.ws.webcontainer.webapp.WebApp$2@feba409d
      this$0 = class com.ibm.ws.webcontainer31.osgi.webapp.WebApp31@e8fceeb9
      serialVersionUID = 3801124242820219131
      header = class java.util.LinkedHashMap$Entry@4ede80dd
      accessOrder = true
      DEFAULT_INITIAL_CAPACITY = 16
      MAXIMUM_CAPACITY = 1073741824
      DEFAULT_LOAD_FACTOR = 0.75
      EMPTY_TABLE = class java.util.HashMap$Entry[0]
      table = class java.util.HashMap$Entry[0]
      size = 0
      threshold = 21
      loadFactor = 1.0
      modCount = 0
      ALTERNATIVE_HASHING_THRESHOLD_DEFAULT = 2147483647
      hashSeed = 0
      entrySet = null
      serialVersionUID = 362498820763181265
      keySet = null
      values = null
    useMetaInfCache = true
    SUN_CONFIGURE_LISTENER_CLASSNAME = "com.sun.faces.config.ConfigureListener"
    MYFACES_LIFECYCLE_LISTENER_CLASSNAME = "org.apache.myfaces.webapp.StartupServletContextListener"
    JSF_IMPL_ENABLED_PARAM = "com.ibm.ws.jsf.JSF_IMPL_ENABLED"
    JSF_IMPL_ENABLED_CUSTOM = "Custom"
    JSF_IMPL_ENABLED_NONE = "None"
    staticDocRoot = class com.ibm.ws.webcontainer.util.DocumentRootUtils@b03f311a
      logger = class com.ibm.ws.logging.internal.WsLogger@2b33e427
      CLASS_NAME = "com.ibm.ws.webcontainer.util.DocumentRootUtils"
      useContentLength = false
      matchedFile = null
      matchedZipFile = null
      matchedEntry = null
      matchedURL = null
      edrRoot = null
      pfedrRoot = null
      ctxt = class com.ibm.ws.webcontainer31.osgi.webapp.WebApp31@e8fceeb9
      baseDir = null
      edr = null
      pfedr = null
      metaInfRes = null
      searchpfEDR = false
      searchEDR = false
      searchMetaInfRes = true
      matchFromEDR = false
      matchFromMetaInfRes = false
      matchIsADirectory = false
      appConfig = class com.ibm.ws.webcontainer.osgi.webapp.WebAppConfiguration@e01c7d3e
      attributeType = "staticFile"
      STATIC_FILE = "staticFile"
      JSP = "jsp"
      PFEDR = "preFragmentExtendedDocumentRoot"
      EDR = "extendedDocumentRoot"
    jspDocRoot = class com.ibm.ws.webcontainer.util.DocumentRootUtils@7737a726
      logger = class com.ibm.ws.logging.internal.WsLogger@2b33e427
      CLASS_NAME = "com.ibm.ws.webcontainer.util.DocumentRootUtils"
      useContentLength = false
      matchedFile = null
      matchedZipFile = null
      matchedEntry = null
      matchedURL = null
      edrRoot = null
      pfedrRoot = null
      ctxt = class com.ibm.ws.webcontainer31.osgi.webapp.WebApp31@e8fceeb9
      baseDir = null
      edr = null
      pfedr = null
      metaInfRes = null
      searchpfEDR = false
      searchEDR = false
      searchMetaInfRes = true
      matchFromEDR = false
      matchFromMetaInfRes = false
      matchIsADirectory = false
      appConfig = class com.ibm.ws.webcontainer.osgi.webapp.WebAppConfiguration@e01c7d3e
      attributeType = "jsp"
      STATIC_FILE = "staticFile"
      JSP = "jsp"
      PFEDR = "preFragmentExtendedDocumentRoot"
      EDR = "extendedDocumentRoot"
    container = class com.ibm.ws.adaptable.module.internal.AdaptableContainerImpl@5300648c
      root = class com.ibm.ws.adaptable.module.internal.AdaptableContainerImpl@5300648c
      rootOverlay = class com.ibm.ws.artifact.overlay.internal.DirectoryBasedOverlayContainerImpl@9766b25b
      factoryHolder = class com.ibm.ws.adaptable.module.internal.AdaptableModuleFactoryImpl@a742ef86
      delegate = class com.ibm.ws.artifact.overlay.internal.DirectoryBasedOverlayContainerImpl@9766b25b
      notifier = class com.ibm.ws.adaptable.module.internal.NotifierImpl@ec107f87
      serialVersionUID = -5621513278641113667
      $$$tc$$$ = class com.ibm.websphere.ras.TraceComponent@12f15d4e
    metaInfResourceFinder = class com.ibm.ws.webcontainer.util.MetaInfResourceFinder@e2bb1841
      jarResourceContainers = class java.util.ArrayList@150669b5
      container = class com.ibm.ws.adaptable.module.internal.AdaptableContainerImpl@5300648c
    postConstructMethods = class com.ibm.ws.webcontainer.webapp.WebApp$AnnotatedMethods@9c7621b5
      annotationClass = class java.lang.Class@1a4543d2
      noOpClassNames = class java.util.Collections$SynchronizedSet@8752eba3
      annotatedMethodNames = class java.util.concurrent.ConcurrentHashMap@a5bca5a4
      EMPTY_METHODS = class java.lang.reflect.Method[0]
    preDestroyMethods = class com.ibm.ws.webcontainer.webapp.WebApp$AnnotatedMethods@2cd4c2ff
      annotationClass = class java.lang.Class@2171c05f
      noOpClassNames = class java.util.Collections$SynchronizedSet@d17c42c7
      annotatedMethodNames = class java.util.concurrent.ConcurrentHashMap@228ceb51
      EMPTY_METHODS = class java.lang.reflect.Method[0]
    OBJ_EMPTY = class java.lang.Object[0]
    CLASS_EMPTY = class java.lang.Class[0]
    DEFAULT_JSP_EXTENSIONS = class java.util.ArrayList@5cf1609d
      serialVersionUID = 8683452581122892189
      DEFAULT_CAPACITY = 10
      EMPTY_ELEMENTDATA = class java.lang.Object[0]
      elementData = class java.lang.Object[10]
      size = 4
      MAX_ARRAY_SIZE = 2147483639
      modCount = 4
      MAX_ARRAY_SIZE = 2147483639
    DEFER_SERVLET_REQUEST_LISTENER_DESTROY_ON_ERROR = false
    DO_ACCEPT_PARTIAL = true
    DO_NOT_ACCEPT_PARTIAL = false
    DO_ACCEPT_EXCLUDED = true
    DO_NOT_ACCEPT_EXCLUDED = false
    commands = class java.util.ArrayList@3eed91c7
      serialVersionUID = 8683452581122892189
      DEFAULT_CAPACITY = 10
      EMPTY_ELEMENTDATA = class java.lang.Object[0]
      elementData = class java.lang.Object[3]
      size = 0
      MAX_ARRAY_SIZE = 2147483639
      modCount = 0
      MAX_ARRAY_SIZE = 2147483639
    requestMapper = class com.ibm.wsspi.webcontainer.util.URIMapper@f8ed9c9b
      matcher = class com.ibm.wsspi.webcontainer.util.URIMatcher@cbe9ac49
    parent = class com.ibm.ws.webcontainer.osgi.webapp.WebGroup@f4cc67c4
      tc = class com.ibm.websphere.ras.TraceComponent@c6ed2e16
      logger = class com.ibm.ws.logging.internal.WsLogger@2f7825a6
      CLASS_NAME = "com.ibm.ws.webcontainer.webapp.WebGroup"
      sessUrlRewritePrefix = ";jsessionid="
      qMark = "?"
      config = class com.ibm.ws.webcontainer.osgi.webapp.WebGroupConfiguration@b29d48db
      webApp = class com.ibm.ws.webcontainer31.osgi.webapp.WebApp31@e8fceeb9
      commands = class java.util.ArrayList@d92684b6
      requestMapper = null
      parent = class com.ibm.ws.webcontainer.osgi.DynamicVirtualHost@a00b8f57
      name = "/*"
      isAlive = true
      subElements = class java.util.HashMap@cd9ecf85
      attributes = null
      config = null
      serialVersionUID = -8271459000149267764
      $$$tc$$$ = class com.ibm.websphere.ras.TraceComponent@2388d3e4
    name = "Game-of-Bluemix"
    isAlive = true
    subElements = null
    attributes = class java.util.Collections$SynchronizedMap@10dccce9
      serialVersionUID = 1978198479659022715
      m = class java.util.HashMap@84042bc9
      mutex = class java.util.Collections$SynchronizedMap@10dccce9
      keySet = null
      entrySet = null
      values = null
    config = null
    serialVersionUID = -8271459000149267764
    $$$tc$$$ = class com.ibm.websphere.ras.TraceComponent@2388d3e4
      strings[0] = "TraceComponent[com.ibm.ws.container.AbstractContainer,class com.ibm.ws.container.AbstractContainer,[],null,null]"
  collabHelper = class com.ibm.ws.webcontainer.osgi.collaborator.CollaboratorHelperImpl@2b8f98a3
    webAppInvCollabs = class java.util.Collections$UnmodifiableSet@8aa79c8e
      serialVersionUID = -9215047833775013803
      serialVersionUID = 1820017752578914078
      c = class java.util.concurrent.CopyOnWriteArraySet@a1879e42
    securityDomainForApp = null
    logger = class com.ibm.ws.logging.internal.WsLogger@d4a4e1e7
      tc = class com.ibm.websphere.ras.TraceComponent@9fa947cf
      ivCachedResourceBundleName = null
      ivCachedResourceBundle = null
      ivComponent = null
      ivOrganization = null
      ivProduct = null
      ivMinimumLocalizationLevelIntValue = 625
      ivTC = class com.ibm.websphere.ras.TraceComponent@af9c8310
      loggerRegistrationComponent = class java.lang.ThreadLocal@1ba46794
      emptyHandlers = class java.util.logging.Handler[0]
      offValue = 2147483647
      manager = class com.ibm.ws.kernel.boot.logging.WsLogManager@dd3d769f
      name = "com.ibm.ws.webcontainer.collaborator"
      handlers = class java.util.concurrent.CopyOnWriteArrayList@ac779a7d
      resourceBundleName = "com.ibm.ws.webcontainer.resources.Messages"
      useParentHandlers = true
      filter = null
      anonymous = false
      catalog = class com.ibm.ws.webcontainer.resources.Messages@47aeec9a
      catalogName = "com.ibm.ws.webcontainer.resources.Messages"
      catalogLocale = class java.util.Locale@59743090
      treeLock = class java.lang.Object@8bbbbc2
      parent = class com.ibm.ws.logging.internal.WsLogger@de7c1fec
      kids = null
      levelObject = class java.util.logging.Level@5ed3514a
      levelValue = 800
      callersClassLoaderRef = class java.lang.ref.WeakReference@13d51d87
      isSystemLogger = false
      GLOBAL_LOGGER_NAME = "global"
      global = class java.util.logging.Logger@7670f4b5
      SYSTEM_LOGGER_RB_NAME = "sun.util.logging.resources.logging"
    staticDefaultSecurityCollaborator = class com.ibm.ws.webcontainer.collaborator.WebAppSecurityCollaborator@1ce7d6c8
    logger = class com.ibm.ws.logging.internal.WsLogger@7740d5c7
      tc = class com.ibm.websphere.ras.TraceComponent@9fa947cf
      ivCachedResourceBundleName = null
      ivCachedResourceBundle = null
      ivComponent = null
      ivOrganization = null
      ivProduct = null
      ivMinimumLocalizationLevelIntValue = 625
      ivTC = class com.ibm.websphere.ras.TraceComponent@fa833d3f
      loggerRegistrationComponent = class java.lang.ThreadLocal@1ba46794
      emptyHandlers = class java.util.logging.Handler[0]
      offValue = 2147483647
      manager = class com.ibm.ws.kernel.boot.logging.WsLogManager@dd3d769f
      name = "com.ibm.wsspi.webcontainer.collaborator"
      handlers = class java.util.concurrent.CopyOnWriteArrayList@9f1a8b4
      resourceBundleName = "com.ibm.ws.webcontainer.resources.Messages"
      useParentHandlers = true
      filter = null
      anonymous = false
      catalog = class com.ibm.ws.webcontainer.resources.Messages@47aeec9a
      catalogName = "com.ibm.ws.webcontainer.resources.Messages"
      catalogLocale = class java.util.Locale@59743090
      treeLock = class java.lang.Object@8bbbbc2
      parent = class com.ibm.ws.logging.internal.WsLogger@5009397d
      kids = null
      levelObject = class java.util.logging.Level@5ed3514a
      levelValue = 800
      callersClassLoaderRef = class java.lang.ref.WeakReference@24f38bc6
      isSystemLogger = false
      GLOBAL_LOGGER_NAME = "global"
      global = class java.util.logging.Logger@7670f4b5
      SYSTEM_LOGGER_RB_NAME = "sun.util.logging.resources.logging"
    CLASS_NAME = "com.ibm.wsspi.webcontainer.collaborator.CollaboratorHelper"
    webApp = class com.ibm.ws.webcontainer31.osgi.webapp.WebApp31@e8fceeb9
    securityCollaborator = class com.ibm.ws.webcontainer.collaborator.WebAppSecurityCollaborator@1ce7d6c8
    nameSpaceCollaborator = class com.ibm.ws.webcontainer.osgi.collaborator.WebAppNameSpaceCollaboratorImpl@d46f3f78
    transactionCollaborator = class com.ibm.ws.transaction.services.WebAppTransactionCollaboratorImpl@e4d9bb10
      tc = class com.ibm.websphere.ras.TraceComponent@fda23945
      ltCurrentRef = class com.ibm.wsspi.kernel.service.utils.AtomicServiceReference@90657751
      tranMgrRef = class com.ibm.wsspi.kernel.service.utils.AtomicServiceReference@e999b640
      userTranRef = class com.ibm.wsspi.kernel.service.utils.AtomicServiceReference@1b0b469
      uowCallbackRef = class com.ibm.wsspi.kernel.service.utils.AtomicServiceReference@6f7337a
      serialVersionUID = -8319003162899973281
    connectionCollaborator = class com.ibm.ws.webcontainer.collaborator.ConnectionCollaborator@7d877b6c
    allCollabEnum = class java.util.RegularEnumSet@227a41ce
      serialVersionUID = 3411599620347842686
      elements = 511
      elementType = class java.lang.Class@9640c9c3
      universe = class com.ibm.wsspi.webcontainer.collaborator.CollaboratorInvocationEnum[9]
      ZERO_LENGTH_ENUM_ARRAY = class java.lang.Enum[0]
      MAX_ARRAY_SIZE = 2147483639
    servlet_23_or_greater = true
    DEFER_SERVLET_REQUEST_LISTENER_DESTROY_ON_ERROR = false
  webAppNameSpaceCollab = class com.ibm.ws.webcontainer.osgi.collaborator.WebAppNameSpaceCollaboratorImpl@d46f3f78
    cmdai = class com.ibm.ws.threadContext.ComponentMetaDataAccessorImpl@34618fb2
      tc = class com.ibm.websphere.ras.TraceComponent@5e06f295
      cmdai = class com.ibm.ws.threadContext.ComponentMetaDataAccessorImpl@34618fb2
      threadContext = class com.ibm.ws.threadContext.ThreadContextImpl@be0ce8f2
      defaultCMD = null
  secCollab = class com.ibm.ws.webcontainer.collaborator.WebAppSecurityCollaborator@1ce7d6c8
  sessionSecurityIntegrationEnabled = true
  assumeFilterSuccessOnSecurityError = false
  useOriginalRequestState = false
  _evtSource = class com.ibm.ws.webcontainer.webapp.WebAppEventSource@f95f2960
    _invocationListeners = class com.ibm.ws.webcontainer.util.EventListeners@1a87b482
      EMPTY_LISTENERS = interface java.util.EventListener[0]
      logger = class com.ibm.ws.logging.internal.WsLogger@2b33e427
      CLASS_NAME = "com.ibm.ws.webcontainer.util.EventListeners"
      listeners = interface java.util.EventListener[0]
    _servletListeners = class com.ibm.ws.webcontainer.util.EventListeners@1fcbb346
      EMPTY_LISTENERS = interface java.util.EventListener[0]
      logger = class com.ibm.ws.logging.internal.WsLogger@2b33e427
      CLASS_NAME = "com.ibm.ws.webcontainer.util.EventListeners"
      listeners = interface java.util.EventListener[0]
    _errorListeners = class com.ibm.ws.webcontainer.util.EventListeners@56c8c14a
      EMPTY_LISTENERS = interface java.util.EventListener[0]
      logger = class com.ibm.ws.logging.internal.WsLogger@2b33e427
      CLASS_NAME = "com.ibm.ws.webcontainer.util.EventListeners"
      listeners = interface java.util.EventListener[0]
    _applicationListeners = class com.ibm.ws.webcontainer.util.EventListeners@5f82e9e6
      EMPTY_LISTENERS = interface java.util.EventListener[0]
      logger = class com.ibm.ws.logging.internal.WsLogger@2b33e427
      CLASS_NAME = "com.ibm.ws.webcontainer.util.EventListeners"
      listeners = interface java.util.EventListener[0]
    _filterInvocationListeners = class com.ibm.ws.webcontainer.util.EventListeners@feae440b
      EMPTY_LISTENERS = interface java.util.EventListener[0]
      logger = class com.ibm.ws.logging.internal.WsLogger@2b33e427
      CLASS_NAME = "com.ibm.ws.webcontainer.util.EventListeners"
      listeners = interface java.util.EventListener[0]
    _filterListeners = class com.ibm.ws.webcontainer.util.EventListeners@9f977094
      EMPTY_LISTENERS = interface java.util.EventListener[0]
      logger = class com.ibm.ws.logging.internal.WsLogger@2b33e427
      CLASS_NAME = "com.ibm.ws.webcontainer.util.EventListeners"
      listeners = interface java.util.EventListener[0]
    _filterErrorListeners = class com.ibm.ws.webcontainer.util.EventListeners@a08e153f
      EMPTY_LISTENERS = interface java.util.EventListener[0]
      logger = class com.ibm.ws.logging.internal.WsLogger@2b33e427
      CLASS_NAME = "com.ibm.ws.webcontainer.util.EventListeners"
      listeners = interface java.util.EventListener[0]
  defaultComponentMetaData = class com.ibm.ws.webcontainer.osgi.metadata.WebComponentMetaDataImpl@d4012761
    j2eeName = class com.ibm.ws.container.service.metadata.internal.J2EENameImpl@b05b6240
      serialVersionUID = 7488184044073147667
      application = "Game-of-Bluemix"
      module = "Game-of-Bluemix.war"
      component = null
      string = "Game-of-Bluemix#Game-of-Bluemix.war"
      j2eeNameBytes = null
      $$$tc$$$ = class com.ibm.websphere.ras.TraceComponent@c6bd9d18
    webModuleMetaData = class com.ibm.ws.webcontainer.osgi.metadata.WebModuleMetaDataImpl@761ea0db
      applicationMetaData = class com.ibm.ws.container.service.app.deploy.internal.ApplicationMetaDataImpl@27c9788e
      j2eeName = class com.ibm.ws.container.service.metadata.internal.J2EENameImpl@b05b6240
      wccmd = class com.ibm.ws.webcontainer.osgi.metadata.WebCollaboratorComponentMetaDataImpl@d52df51a
      securityMetaData = null
      annotatedSecurityMetaData = null
      webAppConfig = class com.ibm.ws.webcontainer.osgi.webapp.WebAppConfiguration@e01c7d3e
      _isServlet23OrHigher = false
      jspComponentMetaData = class com.ibm.ws.jsp.runtime.metadata.JspComponentMetaData@73198c06
      sessionCookieNameInUse = null
      mBeanServiceReg = null
      tc = class com.ibm.websphere.ras.TraceComponent@28e36a07
      NUM_STATIC_SLOTS = 4
      ID_UNINITIALIZED = -1
      id = 0
      metaDataInterface = class java.lang.Class@255c4131
      staticSlots = class java.lang.Object[4]
      dynamicSlots = class java.lang.Object[4]
    mBeanServiceReg = null
    tc = class com.ibm.websphere.ras.TraceComponent@28e36a07
      strings[0] = "TraceComponent[com.ibm.ws.runtime.metadata.MetaDataImpl,class com.ibm.ws.runtime.metadata.MetaDataImpl,[Runtime],null,null]"
    NUM_STATIC_SLOTS = 4
    ID_UNINITIALIZED = -1
    id = 1
    metaDataInterface = class java.lang.Class@53af7cb0
      serialVersionUID = 3206093459760846163
      AllPermissionsPD = class java.security.ProtectionDomain@55591a7a
      SYNTHETIC = 4096
      ANNOTATION = 8192
      ENUM = 16384
      MEMBER_INVALID_TYPE = -1
      EmptyParameters = class java.lang.Class[0]
      vmRef = 27689984
      classLoader = class org.eclipse.osgi.internal.loader.EquinoxClassLoader@2bde9d86
      protectionDomain = class org.eclipse.osgi.internal.loader.ModuleClassLoader$GenerationProtectionDomain@d1128f4e
      classNameString = null
      annotationType = null
      classValueMap = null
      initializationLock = class java.lang.J9VMInternals$ClassInitializationLock@f8e51268
      classCastHandle = null
      enumVars = null
      enumVarsOffset = 44
      classRepoHolder = null
      annotationCache = null
      annotationCacheOffset = 52
      unsafe = class sun.misc.Unsafe@2b741bad
      copyMethod = class java.lang.reflect.Method@4907d4c
      copyField = class java.lang.reflect.Method@8aa9eca6
      copyConstructor = class java.lang.reflect.Method@b6613321
      methodParameterTypesField = class java.lang.reflect.Field@64cab72a
      constructorParameterTypesField = class java.lang.reflect.Field@43a3f844
      NoArgs = class java.lang.Object[0]
      PublicKey = class java.lang.Class$CacheKey@aa19f38c
      DeclaredKey = class java.lang.Class$CacheKey@6837e5c9
      queue = class java.lang.ref.ReferenceQueue@5b271d5f
    staticSlots = class java.lang.Object[4]
      staticSlots[0] = null
      staticSlots[1] = null
      staticSlots[2] = null
      staticSlots[3] = null
    dynamicSlots = null
  DEFER_SERVLET_REQUEST_LISTENER_DESTROY_ON_ERROR = false

