------Start of DE processing------ = [1/2/17 6:56:24:327 ART]
Exception = java.sql.SQLNonTransientException
Source = com.ibm.ws.resource.internal.ResourceFactoryTrackerData$1
probeid = 122
Stack Dump = java.sql.SQLNonTransientException: DSRA4000E: A valid JDBC driver implementation class was not found for the jdbcDriver jdbcDriver[compose-mysql-driver] using the library compose-mysql-library. []
	at com.ibm.ws.jdbc.internal.JDBCDriverService.classNotFound(JDBCDriverService.java:196)
	at com.ibm.ws.jdbc.internal.JDBCDriverService.create(JDBCDriverService.java:298)
	at com.ibm.ws.jdbc.internal.JDBCDriverService.createConnectionPoolDataSource(JDBCDriverService.java:446)
	at com.ibm.ws.jdbc.DataSourceService.init(DataSourceService.java:460)
	at com.ibm.ws.jca.cm.AbstractConnectionFactoryService.createResource(AbstractConnectionFactoryService.java:138)
	at com.ibm.ws.resource.internal.ResourceFactoryTrackerData$1.getService(ResourceFactoryTrackerData.java:121)
	at org.eclipse.osgi.internal.serviceregistry.ServiceFactoryUse$1.run(ServiceFactoryUse.java:212)
	at java.security.AccessController.doPrivileged(AccessController.java:360)
	at org.eclipse.osgi.internal.serviceregistry.ServiceFactoryUse.factoryGetService(ServiceFactoryUse.java:210)
	at org.eclipse.osgi.internal.serviceregistry.ServiceFactoryUse.getService(ServiceFactoryUse.java:111)
	at org.eclipse.osgi.internal.serviceregistry.ServiceConsumer$2.getService(ServiceConsumer.java:45)
	at org.eclipse.osgi.internal.serviceregistry.ServiceRegistrationImpl.getService(ServiceRegistrationImpl.java:496)
	at org.eclipse.osgi.internal.serviceregistry.ServiceRegistry.getService(ServiceRegistry.java:461)
	at org.eclipse.osgi.internal.framework.BundleContextImpl.getService(BundleContextImpl.java:619)
	at com.ibm.ws.jndi.internal.WSContext$3.run(WSContext.java:515)
	at java.security.AccessController.doPrivileged(AccessController.java:360)
	at com.ibm.ws.jndi.internal.WSContext.getReference(WSContext.java:511)
	at com.ibm.ws.jndi.internal.WSContext.resolveObject(WSContext.java:132)
	at com.ibm.ws.jndi.internal.WSContext.lookup(WSContext.java:300)
	at com.ibm.ws.jndi.WSContextBase.lookup(WSContextBase.java:62)
	at org.apache.aries.jndi.DelegateContext.lookup(DelegateContext.java:161)
	at javax.naming.InitialContext.lookup(InitialContext.java:423)
	at com.ibm.conexion.Conexion.init(Conexion.java:19)
	at com.ibm.logica.Lista.getPreguntasAleatorias(Lista.java:103)
	at com.ibm._jsp._reto._jspService(_reto.java:123)
	at com.ibm.ws.jsp.runtime.HttpJspBase.service(HttpJspBase.java:101)
	at javax.servlet.http.HttpServlet.service(HttpServlet.java:790)
	at com.ibm.ws.webcontainer.servlet.ServletWrapper.service(ServletWrapper.java:1290)
	at com.ibm.ws.webcontainer.servlet.ServletWrapper.handleRequest(ServletWrapper.java:778)
	at com.ibm.ws.webcontainer.servlet.ServletWrapper.handleRequest(ServletWrapper.java:475)
	at com.ibm.wsspi.webcontainer.servlet.GenericServletWrapper.handleRequest(GenericServletWrapper.java:119)
	at com.ibm.ws.jsp.webcontainerext.AbstractJSPExtensionServletWrapper.handleRequest(AbstractJSPExtensionServletWrapper.java:217)
	at com.ibm.ws.webcontainer.filter.WebAppFilterManager.invokeFilters(WebAppFilterManager.java:1157)
	at com.ibm.ws.webcontainer.webapp.WebApp.handleRequest(WebApp.java:4939)
	at com.ibm.ws.webcontainer31.osgi.webapp.WebApp31.handleRequest(WebApp31.java:525)
	at com.ibm.ws.webcontainer.osgi.DynamicVirtualHost$2.handleRequest(DynamicVirtualHost.java:313)
	at com.ibm.ws.webcontainer.WebContainer.handleRequest(WebContainer.java:1007)
	at com.ibm.ws.webcontainer.osgi.DynamicVirtualHost$2.run(DynamicVirtualHost.java:278)
	at com.ibm.ws.http.dispatcher.internal.channel.HttpDispatcherLink$TaskWrapper.run(HttpDispatcherLink.java:967)
	at com.ibm.ws.http.dispatcher.internal.channel.HttpDispatcherLink.wrapHandlerAndExecute(HttpDispatcherLink.java:359)
	at com.ibm.ws.http.dispatcher.internal.channel.HttpDispatcherLink.ready(HttpDispatcherLink.java:318)
	at com.ibm.ws.http.channel.internal.inbound.HttpInboundLink.handleDiscrimination(HttpInboundLink.java:471)
	at com.ibm.ws.http.channel.internal.inbound.HttpInboundLink.handleNewRequest(HttpInboundLink.java:405)
	at com.ibm.ws.http.channel.internal.inbound.HttpInboundLink.processRequest(HttpInboundLink.java:285)
	at com.ibm.ws.http.channel.internal.inbound.HttpInboundLink.ready(HttpInboundLink.java:256)
	at com.ibm.ws.tcpchannel.internal.NewConnectionInitialReadCallback.sendToDiscriminators(NewConnectionInitialReadCallback.java:174)
	at com.ibm.ws.tcpchannel.internal.NewConnectionInitialReadCallback.complete(NewConnectionInitialReadCallback.java:83)
	at com.ibm.ws.tcpchannel.internal.WorkQueueManager.requestComplete(WorkQueueManager.java:504)
	at com.ibm.ws.tcpchannel.internal.WorkQueueManager.attemptIO(WorkQueueManager.java:574)
	at com.ibm.ws.tcpchannel.internal.WorkQueueManager.workerRun(WorkQueueManager.java:929)
	at com.ibm.ws.tcpchannel.internal.WorkQueueManager$Worker.run(WorkQueueManager.java:1018)
	at java.util.concurrent.ThreadPoolExecutor.runWorker(ThreadPoolExecutor.java:1157)
	at java.util.concurrent.ThreadPoolExecutor$Worker.run(ThreadPoolExecutor.java:627)
	at java.lang.Thread.run(Thread.java:809)
Caused by: java.lang.ClassNotFoundException: org.mariadb.jdbc.MySQLDataSource
	at com.ibm.ws.classloading.internal.AppClassLoader.findClassCommonLibraryClassLoaders(AppClassLoader.java:488)
	at com.ibm.ws.classloading.internal.AppClassLoader.findClass(AppClassLoader.java:271)
	at java.lang.ClassLoader.loadClassHelper(ClassLoader.java:786)
	at java.lang.ClassLoader.loadClass(ClassLoader.java:764)
	at com.ibm.ws.classloading.internal.AppClassLoader.findOrDelegateLoadClass(AppClassLoader.java:466)
	at com.ibm.ws.classloading.internal.AppClassLoader.loadClass(AppClassLoader.java:438)
	at java.lang.ClassLoader.loadClass(ClassLoader.java:741)
	at com.ibm.ws.jdbc.internal.JDBCDriverService$1.run(JDBCDriverService.java:234)
	at com.ibm.ws.jdbc.internal.JDBCDriverService$1.run(JDBCDriverService.java:224)
	at java.security.AccessController.doPrivileged(AccessController.java:416)
	at com.ibm.ws.jdbc.internal.JDBCDriverService.create(JDBCDriverService.java:223)
	... 52 more

Dump of callerThis
Object type = com.ibm.ws.resource.internal.ResourceFactoryTrackerData$1
  val$ref = class org.eclipse.osgi.internal.serviceregistry.ServiceReferenceImpl@aeacba2c
    registration = class org.eclipse.osgi.internal.serviceregistry.ServiceRegistrationImpl@cb0cd7c0
      registry = class org.eclipse.osgi.internal.serviceregistry.ServiceRegistry@2b2b9a8a
      context = class org.eclipse.osgi.internal.framework.BundleContextImpl@487563e8
      bundle = class org.eclipse.osgi.internal.framework.EquinoxBundle@c514d1a1
      clazzes = class java.lang.String[4]
      service = class org.apache.felix.scr.impl.manager.SingleComponentManager@5f7d65e4
      reference = class org.eclipse.osgi.internal.serviceregistry.ServiceReferenceImpl@aeacba2c
      contextsUsing = class java.util.ArrayList@c8b5c28b
      properties = class org.eclipse.osgi.internal.serviceregistry.ServiceProperties@2f5dd936
      serviceid = 301
      serviceranking = 0
      registrationLock = class java.lang.Object@1aee2a12
      state = 0
      REGISTERED = 0
      UNREGISTERING = 1
      UNREGISTERED = 2
      $assertionsDisabled = true
  this$0 = class com.ibm.ws.resource.internal.ResourceFactoryTrackerData@b485240e
    JNDI_SERVICENAME = "osgi.jndi.service.name"
    context = class org.eclipse.osgi.internal.framework.BundleContextImpl@487563e8
      findHookName = "org.osgi.framework.hooks.bundle.FindHook"
      valid = true
      bundle = class org.eclipse.osgi.internal.framework.EquinoxBundle@c514d1a1
      container = class org.eclipse.osgi.internal.framework.EquinoxContainer@e548a42d
      debug = class org.eclipse.osgi.internal.debug.Debug@b5163ded
      servicesInUse = class java.util.HashMap@4e15c35b
      activator = null
      contextLock = class java.lang.Object@a5b1f429
    registration = class org.eclipse.osgi.internal.serviceregistry.ServiceRegistrationImpl@7a15166e
      registry = class org.eclipse.osgi.internal.serviceregistry.ServiceRegistry@2b2b9a8a
      context = class org.eclipse.osgi.internal.framework.BundleContextImpl@487563e8
      bundle = class org.eclipse.osgi.internal.framework.EquinoxBundle@c514d1a1
      clazzes = class java.lang.String[1]
      service = class com.ibm.ws.resource.internal.ResourceFactoryTrackerData$1@1869d71a
      reference = class org.eclipse.osgi.internal.serviceregistry.ServiceReferenceImpl@10dc6cea
      contextsUsing = class java.util.ArrayList@c76648
      properties = class org.eclipse.osgi.internal.serviceregistry.ServiceProperties@f2cfa36f
      serviceid = 302
      serviceranking = 0
      registrationLock = class java.lang.Object@30bc5d4f
      state = 0
      REGISTERED = 0
      UNREGISTERING = 1
      UNREGISTERED = 2
      $assertionsDisabled = true
    interfaces = class java.lang.String[1]
      interfaces[0] = "javax.sql.DataSource"
    serialVersionUID = 7071819092476537634
    $$$tc$$$ = class com.ibm.websphere.ras.TraceComponent@15e037fb
      strings[0] = "TraceComponent[com.ibm.ws.resource.internal.ResourceFactoryTrackerData,class com.ibm.ws.resource.internal.ResourceFactoryTrackerData,[resource],com.ibm.ws.resource.internal.resources.Runtime,null]"
  serialVersionUID = -5395261454852493419
  $$$tc$$$ = class com.ibm.websphere.ras.TraceComponent@cb3ce995
    strings[0] = "TraceComponent[com.ibm.ws.resource.internal.ResourceFactoryTrackerData$1,class com.ibm.ws.resource.internal.ResourceFactoryTrackerData$1,[resource],com.ibm.ws.resource.internal.resources.Runtime,null]"

Dump of objectArray[0]
Object type = org.eclipse.osgi.internal.framework.EquinoxBundle
  equinoxContainer = class org.eclipse.osgi.internal.framework.EquinoxContainer@e548a42d
    NAME = "org.eclipse.osgi"
    secureAction = class org.eclipse.osgi.framework.util.SecureAction@cd268c71
      controlContext = class java.security.AccessControlContext@83fb1d3b
      bootClassLoader = class org.eclipse.osgi.framework.util.SecureAction$1$1@e53fa00
    equinoxConfig = class org.eclipse.osgi.internal.framework.EquinoxConfiguration@5a203a30
      CONFIG_FILE = "config.ini"
      INTERNAL_OS_SUNOS = "SunOS"
      INTERNAL_OS_LINUX = "Linux"
      INTERNAL_OS_MACOSX = "Mac OS"
      INTERNAL_OS_AIX = "AIX"
      INTERNAL_OS_HPUX = "HP-UX"
      INTERNAL_OS_QNX = "QNX"
      INTERNAL_OS_OS400 = "OS/400"
      INTERNAL_OS_OS390 = "OS/390"
      INTERNAL_OS_ZOS = "z/OS"
      INTERNAL_ARCH_I386 = "i386"
      INTERNAL_AMD64 = "amd64"
      VARIABLE_DELIM_STRING = "$"
      VARIABLE_DELIM_CHAR = $
      configValues = class org.eclipse.osgi.internal.framework.EquinoxConfiguration$ConfigValues@89132810
      debug = class org.eclipse.osgi.internal.debug.Debug@b5163ded
      debugOptions = class org.eclipse.osgi.internal.debug.FrameworkDebugOptions@67826ab3
      hookRegistry = class org.eclipse.osgi.internal.hookregistry.HookRegistry@e2ad4159
      aliasMapper = class org.eclipse.osgi.internal.framework.AliasMapper@6cb168ae
      equinoxLocations = class org.eclipse.osgi.internal.location.EquinoxLocations@6f9a5141
      allArgs = null
      frameworkArgs = null
      appArgs = null
      inDevelopmentMode = false
      devLocation = null
      devMonitor = class java.lang.Object@36d929ae
      devDefaultClasspath = null
      devProperties = null
      devLastModified = 0
      contextBootDelegation = false
      compatibilityBootDelegation = false
      LIB_EXTENSIONS = class java.util.Collections$UnmodifiableRandomAccessList@154c2072
      ECLIPSE_LIB_VARIANTS = class java.util.Collections$UnmodifiableRandomAccessList@6b3469b2
      COPY_NATIVES = false
      ECLIPSE_NL_JAR_VARIANTS = class java.util.ArrayList@6ce3d6ee
      DEFINE_PACKAGE_ATTRIBUTES = true
      BUNDLE_SET_TCCL = true
      BSN_VERSION = 3
      BSN_VERSION_SINGLE = 1
      BSN_VERSION_MULTIPLE = 2
      BSN_VERSION_MANAGED = 3
      throwErrorOnFailedStart = true
      CLASS_CERTIFICATE = true
      PARALLEL_CAPABLE = false
      PROP_JVM_OS_ARCH = "os.arch"
      PROP_JVM_OS_NAME = "os.name"
      PROP_JVM_OS_VERSION = "os.version"
      PROP_JVM_SPEC_VERSION = "java.specification.version"
      PROP_JVM_SPEC_NAME = "java.specification.name"
      PROP_J2ME_MICROEDITION_CONFIGURATION = "microedition.configuration"
      PROP_J2ME_MICROEDITION_PROFILES = "microedition.profiles"
      PROP_SETPERMS_CMD = "osgi.filepermissions.command"
      PROP_DEBUG = "osgi.debug"
      PROP_DEBUG_VERBOSE = "osgi.debug.verbose"
      PROP_DEV = "osgi.dev"
      PROP_CLEAN = "osgi.clean"
      PROP_USE_SYSTEM_PROPERTIES = "osgi.framework.useSystemProperties"
      PROP_FRAMEWORK = "osgi.framework"
      ECLIPSE_FRAMEWORK_VENDOR = "Eclipse"
      PROP_OSGI_JAVA_PROFILE = "osgi.java.profile"
      PROP_OSGI_JAVA_PROFILE_NAME = "osgi.java.profile.name"
      PROP_OSGI_JAVA_PROFILE_BOOTDELEGATION = "osgi.java.profile.bootdelegation"
      PROP_OSGI_BOOTDELEGATION_IGNORE = "ignore"
      PROP_OSGI_BOOTDELEGATION_OVERRIDE = "override"
      PROP_OSGI_BOOTDELEGATION_NONE = "none"
      PROP_CONTEXT_BOOTDELEGATION = "osgi.context.bootdelegation"
      PROP_COMPATIBILITY_BOOTDELEGATION = "osgi.compatibility.bootdelegation"
      PROP_COMPATIBILITY_ERROR_FAILED_START = "osgi.compatibility.errorOnFailedStart"
      PROP_COMPATIBILITY_START_LAZY = "osgi.compatibility.eagerStart.LazyActivation"
      PROP_OSGI_OS = "osgi.os"
      PROP_OSGI_WS = "osgi.ws"
      PROP_OSGI_ARCH = "osgi.arch"
      PROP_OSGI_NL = "osgi.nl"
      PROP_OSGI_NL_USER = "osgi.nl.user"
      PROP_ROOT_LOCALE = "equinox.root.locale"
      PROP_PARENT_CLASSLOADER = "osgi.parentClassloader"
      PARENT_CLASSLOADER_FWK = "fwk"
      PROP_CONTEXTCLASSLOADER_PARENT = "osgi.contextClassLoaderParent"
      CONTEXTCLASSLOADER_PARENT_APP = "app"
      CONTEXTCLASSLOADER_PARENT_EXT = "ext"
      CONTEXTCLASSLOADER_PARENT_BOOT = "boot"
      CONTEXTCLASSLOADER_PARENT_FWK = "fwk"
      PROP_FRAMEWORK_LIBRARY_EXTENSIONS = "osgi.framework.library.extensions"
      PROP_COPY_NATIVES = "osgi.classloader.copy.natives"
      PROP_DEFINE_PACKAGES = "osgi.classloader.define.packages"
      PROP_BUNDLE_SETTCCL = "eclipse.bundle.setTCCL"
      PROP_EQUINOX_SECURITY = "eclipse.security"
      PROP_FILE_LIMIT = "osgi.bundlefile.limit"
      PROP_CLASS_CERTIFICATE_SUPPORT = "osgi.support.class.certificate"
      PROP_CLASS_LOADER_TYPE = "osgi.classloader.type"
      CLASS_LOADER_TYPE_PARALLEL = "parallel"
      PROP_FORCED_RESTART = "osgi.forcedRestart"
      PROP_IGNORE_USER_CONFIGURATION = "eclipse.ignoreUserConfiguration"
      PROPERTY_STRICT_BUNDLE_ENTRY_PATH = "osgi.strictBundleEntryPath"
      PROP_CHECK_CONFIGURATION = "osgi.checkConfiguration"
      inCheckConfigurationMode = true
      DEFAULT_STATE_SAVE_DELAY_INTERVAL = "30000"
      PROP_STATE_SAVE_DELAY_INTERVAL = "eclipse.stateSaveDelayInterval"
      PROP_MODULE_LOCK_TIMEOUT = "osgi.module.lock.timeout"
      PROP_MODULE_AUTO_START_ON_RESOLVE = "osgi.module.auto.start.on.resolve"
      PROP_ALLOW_RESTRICTED_PROVIDES = "osgi.equinox.allow.restricted.provides"
      PROP_LOG_HISTORY_MAX = "equinox.log.history.max"
      PROP_RESOLVER_THREAD_COUNT = "equinox.resolver.thead.count"
      PROP_RESOLVER_REVISION_BATCH_SIZE = "equinox.resolver.revision.batch.size"
      PROP_RESOLVER_BATCH_TIMEOUT = "equinox.resolver.batch.timeout"
      PROP_SYSTEM_PROVIDE_HEADER = "equinox.system.provide.header"
      SYSTEM_PROVIDE_HEADER_ORIGINAL = "original"
      SYSTEM_PROVIDE_HEADER_SYSTEM = "system"
      SYSTEM_PROVIDE_HEADER_SYSTEM_EXTRA = "system.extra"
      PROP_DEFAULT_SUFFIX = ".default"
      PROP_WITH_ECLIPSE_STARTER_DEFAULTS = class java.util.Collections$SingletonList@cdab634a
      PROP_INIT_UUID = "equinox.init.uuid"
    logServices = class org.eclipse.osgi.internal.log.EquinoxLogServices@cd27667e
      EQUINOX_LOGGER_NAME = "org.eclipse.equinox.logger"
      PERF_LOGGER_NAME = "org.eclipse.performance.logger"
      PROP_LOG_ENABLED = "eclipse.log.enabled"
      LOG_EXT = ".log"
      logServiceManager = class org.eclipse.osgi.internal.log.LogServiceManager@7f15b194
      eclipseLogFactory = class org.eclipse.osgi.internal.log.EquinoxLogFactory@467d3bbc
      logWriter = class org.eclipse.osgi.internal.log.EquinoxLogWriter@2ffd640a
      perfWriter = class org.eclipse.osgi.internal.log.EquinoxLogWriter@95efdc0
      rootFrameworkLog = class org.eclipse.osgi.internal.log.EquinoxLogFactory$1@56f1bf6b
      frameworkLogReg = class org.eclipse.osgi.internal.serviceregistry.ServiceRegistrationImpl@67c16554
      perfLogReg = class org.eclipse.osgi.internal.serviceregistry.ServiceRegistrationImpl@171af525
    storage = class org.eclipse.osgi.storage.Storage@368f8551
      VERSION = 3
      BUNDLE_DATA_DIR = "data"
      BUNDLE_FILE_NAME = "bundleFile"
      FRAMEWORK_INFO = "framework.info"
      ECLIPSE_SYSTEMBUNDLE = "Eclipse-SystemBundle"
      DELETE_FLAG = ".delete"
      LIB_TEMP = "libtemp"
      J2SE = "J2SE"
      JAVASE = "JavaSE"
      PROFILE_EXT = ".profile"
      NUL = " "
      INITIAL_LOCATION = "initial@"
      secureAction = class org.eclipse.osgi.framework.util.SecureAction@d15c618b
      equinoxContainer = class org.eclipse.osgi.internal.framework.EquinoxContainer@e548a42d
      installPath = "/home/mluc/Desktop/wlp/lib/"
      osgiLocation = class org.eclipse.osgi.internal.location.BasicLocation@17b02876
      childRoot = class java.io.File@e6964a46
      parentRoot = null
      permissionData = class org.eclipse.osgi.storage.PermissionData@bf53c5cf
      securityAdmin = class org.eclipse.osgi.internal.permadmin.SecurityAdmin@ec11adff
      adaptor = class org.eclipse.osgi.internal.framework.EquinoxContainerAdaptor@3dd4d06a
      moduleDatabase = class org.eclipse.osgi.container.ModuleDatabase@5231979c
      moduleContainer = class org.eclipse.osgi.container.ModuleContainer@4bf81668
      saveMonitor = class java.lang.Object@c4d2bd89
      lastSavedTimestamp = 1483345915278
      idLocks = class org.eclipse.osgi.internal.container.LockSet@62821c1e
      mruList = class org.eclipse.osgi.storage.bundlefile.MRUBundleFileList@d874df2
      extensionInstaller = class org.eclipse.osgi.storage.FrameworkExtensionInstaller@80f966eb
      cachedHeaderKeys = class java.util.Arrays$ArrayList@9c971e85
      allowRestrictedProvides = true
    packageAdmin = class org.eclipse.osgi.internal.framework.legacy.PackageAdminImpl@89352845
      container = class org.eclipse.osgi.container.ModuleContainer@4bf81668
    startLevel = class org.eclipse.osgi.internal.framework.legacy.StartLevelImpl@6e2c693a
      container = class org.eclipse.osgi.container.ModuleContainer@4bf81668
    bootDelegation = class java.util.HashSet@59b6e5c8
      serialVersionUID = -5024744406713321676
      map = class java.util.HashMap@9e953816
      PRESENT = class java.lang.Object@82aba79b
      MAX_ARRAY_SIZE = 2147483639
    bootDelegationStems = class java.lang.String[11]
      bootDelegationStems[0] = "sun."
      bootDelegationStems[1] = "com.sun."
      bootDelegationStems[2] = "com.ibm.ws.boot.delegated."
      bootDelegationStems[3] = "org.apache.xml."
      bootDelegationStems[4] = "org.apache.xerces."
      bootDelegationStems[5] = "com.ibm.xylem."
      bootDelegationStems[6] = "com.ibm.xml."
      bootDelegationStems[7] = "com.ibm.xtq."
      bootDelegationStems[8] = "com.ibm.net.ssl."
      bootDelegationStems[9] = "com.ibm.crypto."
      bootDelegationStems[10] = "com.ibm.security."
    bootDelegateAll = false
    eventPublisher = class org.eclipse.osgi.internal.framework.EquinoxEventPublisher@52139aa5
      eventHookName = "org.osgi.framework.hooks.bundle.EventHook"
      collisionHookName = "org.osgi.framework.hooks.bundle.CollisionHook"
      FRAMEWORK_STOPPED_MASK = 448
      BUNDLEEVENT = 1
      BUNDLEEVENTSYNC = 2
      FRAMEWORKEVENT = 4
      container = class org.eclipse.osgi.internal.framework.EquinoxContainer@e548a42d
      monitor = class java.lang.Object@1c779ee0
      eventManager = class org.eclipse.osgi.framework.eventmgr.EventManager@cff34c0c
      allBundleListeners = class java.util.HashMap@2fc74955
      allSyncBundleListeners = class java.util.HashMap@84b4bf13
      allFrameworkListeners = class java.util.HashMap@bf387e79
    monitor = class java.lang.Object@bec1a2f0
    serviceRegistry = class org.eclipse.osgi.internal.serviceregistry.ServiceRegistry@2b2b9a8a
      SERVICEEVENT = 3
      findHookName = "org.osgi.framework.hooks.service.FindHook"
      eventHookName = "org.osgi.framework.hooks.service.EventHook"
      eventListenerHookName = "org.osgi.framework.hooks.service.EventListenerHook"
      listenerHookName = "org.osgi.framework.hooks.service.ListenerHook"
      publishedServicesByClass = class java.util.HashMap@f6acd43
      allPublishedServices = class java.util.ArrayList@8f3cc870
      publishedServicesByContext = class java.util.HashMap@91544510
      serviceid = 491
      serviceEventListeners = class java.util.HashMap@3a0a6fd4
      initialCapacity = 50
      initialSubCapacity = 10
      container = class org.eclipse.osgi.internal.framework.EquinoxContainer@e548a42d
      systemBundleContext = class org.eclipse.osgi.internal.framework.BundleContextImpl@5e06df09
      debug = class org.eclipse.osgi.internal.debug.Debug@b5163ded
      $assertionsDisabled = true
    contextFinder = class org.eclipse.osgi.internal.framework.ContextFinder@9265739b
      cycleDetector = class java.lang.ThreadLocal@3df7c8fc
      finderClassLoader = class com.ibm.ws.kernel.internal.classloader.BootstrapChildFirstJarClassloader@e5dd726
      contextFinder = class org.eclipse.osgi.internal.framework.ContextFinder$Finder@e2a8ccc7
      THIS = class java.lang.Class@ed612b2b
      parentContextClassLoader = class sun.misc.Launcher$AppClassLoader@db842007
      defaultCodeSource = class java.security.CodeSource@10bd8c85
      bootstrapClassLoader = class com.ibm.oti.vm.BootstrapClassLoader@971ba75a
      applicationClassLoader = class sun.misc.Launcher$AppClassLoader@db842007
      initSystemClassLoader = false
      reflectCacheEnabled = true
      reflectCacheAppOnly = false
      reflectCacheDebug = false
      isAssertOptionFound = false
      vmRef = 140359532270136
      parent = class sun.misc.Launcher$AppClassLoader@db842007
      initDone = true
      checkAssertionOptions = false
      assertionLock = class java.lang.ClassLoader$AssertionLock@506c77cc
      defaultAssertionStatus = false
      packageAssertionStatus = null
      classAssertionStatus = null
      packages = null
      lazyInitLock = class java.lang.ClassLoader$LazyInitLock@1033c49b
      classSigners = null
      packageSigners = null
      emptyCertificates = class java.security.cert.Certificate[0]
      defaultProtectionDomain = null
      parallelCapableCollection = class java.util.Collections$SynchronizedMap@b107d8b1
      classNameBasedLock = null
      isParallelCapable = false
      allowArraySyntax = false
      lazyClassLoaderInit = true
      queue = class java.lang.ref.ReferenceQueue@d04f5395
      methodCache = null
      fieldCache = null
      constructorCache = null
    signedContentFactory = class org.osgi.util.tracker.ServiceTracker@d0d39059
      DEBUG = false
      context = class org.eclipse.osgi.internal.framework.BundleContextImpl@5e06df09
      filter = class org.eclipse.osgi.internal.framework.FilterImpl@435eac8d
      customizer = class org.osgi.util.tracker.ServiceTracker@d0d39059
      listenerFilter = "(objectClass=org.eclipse.osgi.signedcontent.SignedContentFactory)"
      trackClass = "org.eclipse.osgi.signedcontent.SignedContentFactory"
      trackReference = null
      tracked = class org.osgi.util.tracker.ServiceTracker$Tracked@40377eb0
      cachedReference = null
      cachedService = null
    executor = class java.util.concurrent.ScheduledThreadPoolExecutor@743b582c
      continueExistingPeriodicTasksAfterShutdown = false
      executeExistingDelayedTasksAfterShutdown = true
      removeOnCancel = false
      sequencer = class java.util.concurrent.atomic.AtomicLong@2c325d28
      ctl = class java.util.concurrent.atomic.AtomicInteger@b3774857
      COUNT_BITS = 29
      CAPACITY = 536870911
      RUNNING = -536870912
      SHUTDOWN = 0
      STOP = 536870912
      TIDYING = 1073741824
      TERMINATED = 1610612736
      workQueue = class java.util.concurrent.ScheduledThreadPoolExecutor$DelayedWorkQueue@4cc00127
      mainLock = class java.util.concurrent.locks.ReentrantLock@e305b14f
      workers = class java.util.HashSet@d6cd5916
      termination = class java.util.concurrent.locks.AbstractQueuedSynchronizer$ConditionObject@b1802443
      largestPoolSize = 1
      completedTaskCount = 0
      threadFactory = class org.eclipse.osgi.internal.framework.EquinoxContainer@e548a42d
      handler = class java.util.concurrent.ThreadPoolExecutor$AbortPolicy@6337a235
      keepAliveTime = 0
      allowCoreThreadTimeOut = false
      corePoolSize = 1
      maximumPoolSize = 2147483647
      defaultHandler = class java.util.concurrent.ThreadPoolExecutor$AbortPolicy@6337a235
      shutdownPerm = class java.lang.RuntimePermission@24b6306a
      ONLY_ONE = true
      $assertionsDisabled = true
    storageSaver = class org.eclipse.osgi.internal.framework.StorageSaver@8bbdf1d5
      container = class org.eclipse.osgi.internal.framework.EquinoxContainer@e548a42d
      delay = 30000
      future = class java.util.concurrent.ScheduledThreadPoolExecutor$ScheduledFutureTask@8ff3d120
      hook = class java.lang.Thread@a6397a0d
      task = class org.eclipse.osgi.internal.framework.StorageSaver$StorageSaverTask@47b4b928
  module = class org.eclipse.osgi.internal.framework.EquinoxBundle$EquinoxModule@6de62004
    this$0 = class org.eclipse.osgi.internal.framework.EquinoxBundle@7bce5bad
    ACTIVE_SET = class java.util.RegularEnumSet@d7c3f0c3
      serialVersionUID = 3411599620347842686
      elements = 60
      elementType = class java.lang.Class@87a45508
      universe = class org.eclipse.osgi.container.Module$State[7]
      ZERO_LENGTH_ENUM_ARRAY = class java.lang.Enum[0]
      MAX_ARRAY_SIZE = 2147483639
    RESOLVED_SET = class java.util.RegularEnumSet@f6070db
      serialVersionUID = 3411599620347842686
      elements = 62
      elementType = class java.lang.Class@87a45508
      universe = class org.eclipse.osgi.container.Module$State[7]
      ZERO_LENGTH_ENUM_ARRAY = class java.lang.Enum[0]
      MAX_ARRAY_SIZE = 2147483639
    id = 326
    location = "WSClassLoadingService@Thread Context:WebModule:Game-of-Bluemix#Game-of-Bluemix.war"
    revisions = class org.eclipse.osgi.container.ModuleRevisions@e270be7
      monitor = class java.lang.Object@d2be1d3a
      module = class org.eclipse.osgi.internal.framework.EquinoxBundle$EquinoxModule@6de62004
      container = class org.eclipse.osgi.container.ModuleContainer@4bf81668
      revisions = class java.util.ArrayList@e6f961f1
      uninstalled = false
      uninstalledCurrent = null
    stateChangeLock = class org.eclipse.osgi.internal.container.EquinoxReentrantLock@e2c2aeb5
      serialVersionUID = 1
      serialVersionUID = 7373984872572414699
      sync = class java.util.concurrent.locks.ReentrantLock$NonfairSync@4adc7fc7
    stateTransitionEvents = class java.util.RegularEnumSet@5cf1996c
      serialVersionUID = 3411599620347842686
      elements = 0
      elementType = class java.lang.Class@a2ce1262
      universe = class org.eclipse.osgi.container.ModuleContainerAdaptor$ModuleEvent[10]
      ZERO_LENGTH_ENUM_ARRAY = class java.lang.Enum[0]
      MAX_ARRAY_SIZE = 2147483639
    settings = class java.util.RegularEnumSet@224275fd
      serialVersionUID = 3411599620347842686
      elements = 3
      elementType = class java.lang.Class@fb6e3681
      universe = class org.eclipse.osgi.container.Module$Settings[2]
      ZERO_LENGTH_ENUM_ARRAY = class java.lang.Enum[0]
      MAX_ARRAY_SIZE = 2147483639
    inStart = class java.util.concurrent.atomic.AtomicInteger@c03e2f1c
      serialVersionUID = 6214790243416807050
      unsafe = class sun.misc.Unsafe@fd05fdf7
      valueOffset = 8
      value = 0
      serialVersionUID = -8742448824652078965
    state = class org.eclipse.osgi.container.Module$State@14056c79
      INSTALLED = class org.eclipse.osgi.container.Module$State@c89d228c
      RESOLVED = class org.eclipse.osgi.container.Module$State@9b39f833
      LAZY_STARTING = class org.eclipse.osgi.container.Module$State@de9e985f
      STARTING = class org.eclipse.osgi.container.Module$State@48469373
      ACTIVE = class org.eclipse.osgi.container.Module$State@14056c79
      STOPPING = class org.eclipse.osgi.container.Module$State@ec554ddc
      UNINSTALLED = class org.eclipse.osgi.container.Module$State@9b6a6b51
      ENUM$VALUES = class org.eclipse.osgi.container.Module$State[7]
      name = "ACTIVE"
      ordinal = 4
    startlevel = 20
    lastModified = 1483350973401
    VALID_RESOLVED_TRANSITION = class java.util.RegularEnumSet@bc282921
      serialVersionUID = 3411599620347842686
      elements = 8
      elementType = class java.lang.Class@a2ce1262
      universe = class org.eclipse.osgi.container.ModuleContainerAdaptor$ModuleEvent[10]
      ZERO_LENGTH_ENUM_ARRAY = class java.lang.Enum[0]
      MAX_ARRAY_SIZE = 2147483639
    VALID_STOPPED_TRANSITION = class java.util.RegularEnumSet@3044bfd7
      serialVersionUID = 3411599620347842686
      elements = 896
      elementType = class java.lang.Class@a2ce1262
      universe = class org.eclipse.osgi.container.ModuleContainerAdaptor$ModuleEvent[10]
      ZERO_LENGTH_ENUM_ARRAY = class java.lang.Enum[0]
      MAX_ARRAY_SIZE = 2147483639
    $SWITCH_TABLE$org$eclipse$osgi$container$ModuleContainerAdaptor$ModuleEvent = {1,2,3,4,5,6,7,8,9,10} /* array length = 10*/
  monitor = class java.lang.Object@d34711a4
  context = class org.eclipse.osgi.internal.framework.BundleContextImpl@103a6ad2
    findHookName = "org.osgi.framework.hooks.bundle.FindHook"
    valid = true
    bundle = class org.eclipse.osgi.internal.framework.EquinoxBundle@7bce5bad
    container = class org.eclipse.osgi.internal.framework.EquinoxContainer@e548a42d
    debug = class org.eclipse.osgi.internal.debug.Debug@b5163ded
      ECLIPSE_OSGI = "org.eclipse.osgi"
      OPTION_DEBUG_GENERAL = "org.eclipse.osgi/debug"
      OPTION_DEBUG_BUNDLE_TIME = "org.eclipse.osgi/debug/bundleTime"
      OPTION_DEBUG_LOADER = "org.eclipse.osgi/debug/loader"
      OPTION_DEBUG_STORAGE = "org.eclipse.osgi/debug/storage"
      OPTION_DEBUG_EVENTS = "org.eclipse.osgi/debug/events"
      OPTION_DEBUG_SERVICES = "org.eclipse.osgi/debug/services"
      OPTION_DEBUG_HOOKS = "org.eclipse.osgi/debug/hooks"
      OPTION_DEBUG_MANIFEST = "org.eclipse.osgi/debug/manifest"
      OPTION_DEBUG_FILTER = "org.eclipse.osgi/debug/filter"
      OPTION_DEBUG_SECURITY = "org.eclipse.osgi/debug/security"
      OPTION_DEBUG_STARTLEVEL = "org.eclipse.osgi/debug/startlevel"
      OPTION_DEBUG_PACKAGEADMIN = "org.eclipse.osgi/debug/packageadmin"
      OPTION_DEBUG_PACKAGEADMIN_TIMING = "org.eclipse.osgi/debug/packageadmin/timing"
      OPTION_MONITOR_ACTIVATION = "org.eclipse.osgi/monitor/activation"
      OPTION_MONITOR_LAZY = "org.eclipse.osgi/monitor/lazy"
      OPTION_DEBUG_MESSAGE_BUNDLES = "org.eclipse.osgi/debug/messageBundles"
      OPTION_DEBUG_LOCATION = "org.eclipse.osgi/debug/location"
      OPTION_CACHED_MANIFEST = "org.eclipse.osgi/debug/cachedmanifest"
      OPTION_DEBUG_SYSTEM_BUNDLE = "org.eclipse.osgi/debug/systemBundle"
      DEBUG_GENERAL = false
      DEBUG_BUNDLE_TIME = false
      DEBUG_LOADER = false
      DEBUG_STORAGE = false
      DEBUG_EVENTS = false
      DEBUG_SERVICES = false
      DEBUG_HOOKS = false
      DEBUG_MANIFEST = false
      DEBUG_FILTER = false
      DEBUG_SECURITY = false
      DEBUG_STARTLEVEL = false
      DEBUG_PACKAGEADMIN = false
      DEBUG_PACKAGEADMIN_TIMING = false
      DEBUG_MESSAGE_BUNDLES = false
      MONITOR_ACTIVATION = false
      DEBUG_LOCATION = false
      DEBUG_CACHED_MANIFEST = false
      DEBUG_SYSTEM_BUNDLE = false
      out = class com.ibm.ws.logging.internal.impl.BaseTraceService$TeePrintStream@914f9ca4
    servicesInUse = class java.util.HashMap@c5030d90
      DEFAULT_INITIAL_CAPACITY = 16
      MAXIMUM_CAPACITY = 1073741824
      DEFAULT_LOAD_FACTOR = 0.75
      EMPTY_TABLE = class java.util.HashMap$Entry[0]
      table = class java.util.HashMap$Entry[16]
      size = 5
      threshold = 12
      loadFactor = 0.75
      modCount = 9
      ALTERNATIVE_HASHING_THRESHOLD_DEFAULT = 2147483647
      hashSeed = 0
      entrySet = null
      serialVersionUID = 362498820763181265
      keySet = null
      values = null
    activator = null
    contextLock = class java.lang.Object@a7d0e5fc
  signerInfos = null
  $SWITCH_TABLE$org$eclipse$osgi$container$Module$State = {1,2,3,4,5,6,7} /* array length = 7*/

Dump of objectArray[1]
Object type = org.eclipse.osgi.internal.serviceregistry.ServiceRegistrationImpl
  registry = class org.eclipse.osgi.internal.serviceregistry.ServiceRegistry@2b2b9a8a
    SERVICEEVENT = 3
    findHookName = "org.osgi.framework.hooks.service.FindHook"
    eventHookName = "org.osgi.framework.hooks.service.EventHook"
    eventListenerHookName = "org.osgi.framework.hooks.service.EventListenerHook"
    listenerHookName = "org.osgi.framework.hooks.service.ListenerHook"
    publishedServicesByClass = class java.util.HashMap@f6acd43
      DEFAULT_INITIAL_CAPACITY = 16
      MAXIMUM_CAPACITY = 1073741824
      DEFAULT_LOAD_FACTOR = 0.75
      EMPTY_TABLE = class java.util.HashMap$Entry[0]
      table = class java.util.HashMap$Entry[512]
      size = 301
      threshold = 384
      loadFactor = 0.75
      modCount = 313
      ALTERNATIVE_HASHING_THRESHOLD_DEFAULT = 2147483647
      hashSeed = 0
      entrySet = null
      serialVersionUID = 362498820763181265
      keySet = null
      values = null
    allPublishedServices = class java.util.ArrayList@8f3cc870
      serialVersionUID = 8683452581122892189
      DEFAULT_CAPACITY = 10
      EMPTY_ELEMENTDATA = class java.lang.Object[0]
      elementData = class java.lang.Object[567]
      size = 448
      MAX_ARRAY_SIZE = 2147483639
      modCount = 680
      MAX_ARRAY_SIZE = 2147483639
    publishedServicesByContext = class java.util.HashMap@91544510
      DEFAULT_INITIAL_CAPACITY = 16
      MAXIMUM_CAPACITY = 1073741824
      DEFAULT_LOAD_FACTOR = 0.75
      EMPTY_TABLE = class java.util.HashMap$Entry[0]
      table = class java.util.HashMap$Entry[256]
      size = 112
      threshold = 192
      loadFactor = 0.75
      modCount = 112
      ALTERNATIVE_HASHING_THRESHOLD_DEFAULT = 2147483647
      hashSeed = 0
      entrySet = null
      serialVersionUID = 362498820763181265
      keySet = null
      values = null
    serviceid = 491
    serviceEventListeners = class java.util.HashMap@3a0a6fd4
      DEFAULT_INITIAL_CAPACITY = 16
      MAXIMUM_CAPACITY = 1073741824
      DEFAULT_LOAD_FACTOR = 0.75
      EMPTY_TABLE = class java.util.HashMap$Entry[0]
      table = class java.util.HashMap$Entry[256]
      size = 117
      threshold = 192
      loadFactor = 0.75
      modCount = 119
      ALTERNATIVE_HASHING_THRESHOLD_DEFAULT = 2147483647
      hashSeed = 0
      entrySet = class java.util.HashMap$EntrySet@3603a45e
      serialVersionUID = 362498820763181265
      keySet = null
      values = null
    initialCapacity = 50
    initialSubCapacity = 10
    container = class org.eclipse.osgi.internal.framework.EquinoxContainer@e548a42d
    systemBundleContext = class org.eclipse.osgi.internal.framework.BundleContextImpl@5e06df09
      findHookName = "org.osgi.framework.hooks.bundle.FindHook"
      valid = true
      bundle = class org.eclipse.osgi.internal.framework.EquinoxBundle$SystemBundle@e951dea9
      container = class org.eclipse.osgi.internal.framework.EquinoxContainer@e548a42d
      debug = class org.eclipse.osgi.internal.debug.Debug@b5163ded
      servicesInUse = class java.util.HashMap@1027e8fa
      activator = class org.eclipse.osgi.internal.framework.SystemBundleActivator@e1b79795
      contextLock = class java.lang.Object@37c9ab03
    debug = class org.eclipse.osgi.internal.debug.Debug@b5163ded
    $assertionsDisabled = true
  context = class org.eclipse.osgi.internal.framework.BundleContextImpl@487563e8
    findHookName = "org.osgi.framework.hooks.bundle.FindHook"
    valid = true
    bundle = class org.eclipse.osgi.internal.framework.EquinoxBundle@c514d1a1
    container = class org.eclipse.osgi.internal.framework.EquinoxContainer@e548a42d
      NAME = "org.eclipse.osgi"
      secureAction = class org.eclipse.osgi.framework.util.SecureAction@cd268c71
      equinoxConfig = class org.eclipse.osgi.internal.framework.EquinoxConfiguration@5a203a30
      logServices = class org.eclipse.osgi.internal.log.EquinoxLogServices@cd27667e
      storage = class org.eclipse.osgi.storage.Storage@368f8551
      packageAdmin = class org.eclipse.osgi.internal.framework.legacy.PackageAdminImpl@89352845
      startLevel = class org.eclipse.osgi.internal.framework.legacy.StartLevelImpl@6e2c693a
      bootDelegation = class java.util.HashSet@59b6e5c8
      bootDelegationStems = class java.lang.String[11]
      bootDelegateAll = false
      eventPublisher = class org.eclipse.osgi.internal.framework.EquinoxEventPublisher@52139aa5
      monitor = class java.lang.Object@bec1a2f0
      serviceRegistry = class org.eclipse.osgi.internal.serviceregistry.ServiceRegistry@2b2b9a8a
      contextFinder = class org.eclipse.osgi.internal.framework.ContextFinder@9265739b
      signedContentFactory = class org.osgi.util.tracker.ServiceTracker@d0d39059
      executor = class java.util.concurrent.ScheduledThreadPoolExecutor@743b582c
      storageSaver = class org.eclipse.osgi.internal.framework.StorageSaver@8bbdf1d5
    debug = class org.eclipse.osgi.internal.debug.Debug@b5163ded
      ECLIPSE_OSGI = "org.eclipse.osgi"
      OPTION_DEBUG_GENERAL = "org.eclipse.osgi/debug"
      OPTION_DEBUG_BUNDLE_TIME = "org.eclipse.osgi/debug/bundleTime"
      OPTION_DEBUG_LOADER = "org.eclipse.osgi/debug/loader"
      OPTION_DEBUG_STORAGE = "org.eclipse.osgi/debug/storage"
      OPTION_DEBUG_EVENTS = "org.eclipse.osgi/debug/events"
      OPTION_DEBUG_SERVICES = "org.eclipse.osgi/debug/services"
      OPTION_DEBUG_HOOKS = "org.eclipse.osgi/debug/hooks"
      OPTION_DEBUG_MANIFEST = "org.eclipse.osgi/debug/manifest"
      OPTION_DEBUG_FILTER = "org.eclipse.osgi/debug/filter"
      OPTION_DEBUG_SECURITY = "org.eclipse.osgi/debug/security"
      OPTION_DEBUG_STARTLEVEL = "org.eclipse.osgi/debug/startlevel"
      OPTION_DEBUG_PACKAGEADMIN = "org.eclipse.osgi/debug/packageadmin"
      OPTION_DEBUG_PACKAGEADMIN_TIMING = "org.eclipse.osgi/debug/packageadmin/timing"
      OPTION_MONITOR_ACTIVATION = "org.eclipse.osgi/monitor/activation"
      OPTION_MONITOR_LAZY = "org.eclipse.osgi/monitor/lazy"
      OPTION_DEBUG_MESSAGE_BUNDLES = "org.eclipse.osgi/debug/messageBundles"
      OPTION_DEBUG_LOCATION = "org.eclipse.osgi/debug/location"
      OPTION_CACHED_MANIFEST = "org.eclipse.osgi/debug/cachedmanifest"
      OPTION_DEBUG_SYSTEM_BUNDLE = "org.eclipse.osgi/debug/systemBundle"
      DEBUG_GENERAL = false
      DEBUG_BUNDLE_TIME = false
      DEBUG_LOADER = false
      DEBUG_STORAGE = false
      DEBUG_EVENTS = false
      DEBUG_SERVICES = false
      DEBUG_HOOKS = false
      DEBUG_MANIFEST = false
      DEBUG_FILTER = false
      DEBUG_SECURITY = false
      DEBUG_STARTLEVEL = false
      DEBUG_PACKAGEADMIN = false
      DEBUG_PACKAGEADMIN_TIMING = false
      DEBUG_MESSAGE_BUNDLES = false
      MONITOR_ACTIVATION = false
      DEBUG_LOCATION = false
      DEBUG_CACHED_MANIFEST = false
      DEBUG_SYSTEM_BUNDLE = false
      out = class com.ibm.ws.logging.internal.impl.BaseTraceService$TeePrintStream@914f9ca4
    servicesInUse = class java.util.HashMap@4e15c35b
      DEFAULT_INITIAL_CAPACITY = 16
      MAXIMUM_CAPACITY = 1073741824
      DEFAULT_LOAD_FACTOR = 0.75
      EMPTY_TABLE = class java.util.HashMap$Entry[0]
      table = class java.util.HashMap$Entry[16]
      size = 6
      threshold = 12
      loadFactor = 0.75
      modCount = 16
      ALTERNATIVE_HASHING_THRESHOLD_DEFAULT = 2147483647
      hashSeed = 0
      entrySet = null
      serialVersionUID = 362498820763181265
      keySet = null
      values = null
    activator = null
    contextLock = class java.lang.Object@a5b1f429
  bundle = class org.eclipse.osgi.internal.framework.EquinoxBundle@c514d1a1
    equinoxContainer = class org.eclipse.osgi.internal.framework.EquinoxContainer@e548a42d
    module = class org.eclipse.osgi.internal.framework.EquinoxBundle$EquinoxModule@4817a47b
      this$0 = class org.eclipse.osgi.internal.framework.EquinoxBundle@c514d1a1
      ACTIVE_SET = class java.util.RegularEnumSet@d7c3f0c3
      RESOLVED_SET = class java.util.RegularEnumSet@f6070db
      id = 126
      location = "feature@reference:file:/home/mluc/Desktop/wlp/lib/com.ibm.ws.jdbc_1.0.14.jar"
      revisions = class org.eclipse.osgi.container.ModuleRevisions@dae9565
      stateChangeLock = class org.eclipse.osgi.internal.container.EquinoxReentrantLock@b4e60981
      stateTransitionEvents = class java.util.RegularEnumSet@9673aaea
      settings = class java.util.RegularEnumSet@335e9ac4
      inStart = class java.util.concurrent.atomic.AtomicInteger@39bad999
      state = class org.eclipse.osgi.container.Module$State@14056c79
      startlevel = 12
      lastModified = 1483345918720
      VALID_RESOLVED_TRANSITION = class java.util.RegularEnumSet@bc282921
      VALID_STOPPED_TRANSITION = class java.util.RegularEnumSet@3044bfd7
      $SWITCH_TABLE$org$eclipse$osgi$container$ModuleContainerAdaptor$ModuleEvent = {1,2,3,4,5,6,7,8,9,10} /* array length = 10*/
    monitor = class java.lang.Object@d79cf8c5
    context = class org.eclipse.osgi.internal.framework.BundleContextImpl@487563e8
    signerInfos = null
    $SWITCH_TABLE$org$eclipse$osgi$container$Module$State = {1,2,3,4,5,6,7} /* array length = 7*/
  clazzes = class java.lang.String[1]
    clazzes[0] = "javax.sql.DataSource"
  service = class com.ibm.ws.resource.internal.ResourceFactoryTrackerData$1@1869d71a
    val$ref = class org.eclipse.osgi.internal.serviceregistry.ServiceReferenceImpl@aeacba2c
      registration = class org.eclipse.osgi.internal.serviceregistry.ServiceRegistrationImpl@cb0cd7c0
    this$0 = class com.ibm.ws.resource.internal.ResourceFactoryTrackerData@b485240e
      JNDI_SERVICENAME = "osgi.jndi.service.name"
      context = class org.eclipse.osgi.internal.framework.BundleContextImpl@487563e8
      registration = class org.eclipse.osgi.internal.serviceregistry.ServiceRegistrationImpl@7a15166e
      interfaces = class java.lang.String[1]
      serialVersionUID = 7071819092476537634
      $$$tc$$$ = class com.ibm.websphere.ras.TraceComponent@15e037fb
    serialVersionUID = -5395261454852493419
    $$$tc$$$ = class com.ibm.websphere.ras.TraceComponent@cb3ce995
      strings[0] = "TraceComponent[com.ibm.ws.resource.internal.ResourceFactoryTrackerData$1,class com.ibm.ws.resource.internal.ResourceFactoryTrackerData$1,[resource],com.ibm.ws.resource.internal.resources.Runtime,null]"
  reference = class org.eclipse.osgi.internal.serviceregistry.ServiceReferenceImpl@10dc6cea
    registration = class org.eclipse.osgi.internal.serviceregistry.ServiceRegistrationImpl@7a15166e
  contextsUsing = class java.util.ArrayList@c76648
    serialVersionUID = 8683452581122892189
    DEFAULT_CAPACITY = 10
    EMPTY_ELEMENTDATA = class java.lang.Object[0]
    elementData = class java.lang.Object[10]
      elementData[0] = class org.eclipse.osgi.internal.framework.BundleContextImpl@103a6ad2
      elementData[1] = null
      elementData[2] = null
      elementData[3] = null
      elementData[4] = null
      elementData[5] = null
      elementData[6] = null
      elementData[7] = null
      elementData[8] = null
      elementData[9] = null
    size = 1
    MAX_ARRAY_SIZE = 2147483639
    modCount = 1
    MAX_ARRAY_SIZE = 2147483639
  properties = class org.eclipse.osgi.internal.serviceregistry.ServiceProperties@f2cfa36f
    readOnly = true
    headers = class java.lang.Object[42]
      headers[0] = "syncQueryTimeoutWithTransactionTimeout"
      headers[1] = "service.id"
      headers[2] = "config.overrides"
      headers[3] = "component.name"
      headers[4] = "connectionManager.target"
      headers[5] = "propertiesRef.0.password"
      headers[6] = "service.scope"
      headers[7] = "config.id"
      headers[8] = "service.ranking"
      headers[9] = "objectClass"
      headers[10] = "resultSetUnusableWhenNoMoreResults"
      headers[11] = "jdbcDriverRef"
      headers[12] = "enableConnectionCasting"
      headers[13] = "service.pid"
      headers[14] = "beginTranForVendorAPIs"
      headers[15] = "component.id"
      headers[16] = "jndiName.unique"
      headers[17] = "propertiesRef.0.portNumber"
      headers[18] = "propertiesRef.0.databaseName"
      headers[19] = "jaasLoginContextEntry.target"
      headers[20] = "propertiesRef.0.config.referenceType"
      headers[21] = "beginTranForResultSetScrollingAPIs"
      headers[22] = "propertiesRef.0.user"
      headers[23] = "propertiesRef.0.id"
      headers[24] = "propertiesRef.0.URL"
      headers[25] = "id"
      headers[26] = "com.ibm.wsspi.resource.ResourceFactory"
      headers[27] = "type"
      headers[28] = "osgi.jndi.service.name"
      headers[29] = "config.source"
      headers[30] = "transactional"
      headers[31] = "connectionSharing"
      headers[32] = "statementCacheSize"
      headers[33] = "service.bundleid"
      headers[34] = "propertiesRef.0.serverName"
      headers[35] = "config.displayId"
      headers[36] = "service.factoryPid"
      headers[37] = "containerAuthData.target"
      headers[38] = "recoveryAuthData.target"
      headers[39] = "driver.target"
      headers[40] = null
      headers[41] = null
    values = class java.lang.Object[42]
      values[0] = false
      values[1] = 302
      values[2] = "true"
      values[3] = "com.ibm.ws.jdbc.dataSource"
      values[4] = "(service.pid=${connectionManagerRef})"
      values[5] = class com.ibm.wsspi.kernel.service.utils.SerializableProtectedString@677e6707
      values[6] = "bundle"
      values[7] = "com.ibm.ws.jdbc.dataSource[compose-mysql-Compose for MySQL]"
      values[8] = 0
      values[9] = class java.lang.String[1]
      values[10] = false
      values[11] = class java.lang.String[1]
      values[12] = false
      values[13] = "com.ibm.ws.jdbc.dataSource_12"
      values[14] = true
      values[15] = 215
      values[16] = "jdbc/Compose for MySQL"
      values[17] = 21115
      values[18] = "compose"
      values[19] = "(service.pid=${jaasLoginContextEntryRef})"
      values[20] = "com.ibm.ws.jdbc.dataSource.properties"
      values[21] = true
      values[22] = "admin"
      values[23] = "compose-mysql-Compose for MySQL-props"
      values[24] = "jdbc:mysql://bluemix-sandbox-dal-9-portal.4.dblayer.com:21115/compose?useSSL=true&serverSslCert=./cacert.pem"
      values[25] = "compose-mysql-Compose for MySQL"
      values[26] = "true"
      values[27] = "javax.sql.ConnectionPoolDataSource"
      values[28] = "jdbc/Compose for MySQL"
      values[29] = "file"
      values[30] = true
      values[31] = "MatchOriginalRequest"
      values[32] = 10
      values[33] = 126
      values[34] = "bluemix-sandbox-dal-9-portal.4.dblayer.com"
      values[35] = "dataSource[compose-mysql-Compose for MySQL]"
      values[36] = "com.ibm.ws.jdbc.dataSource"
      values[37] = "(service.pid=${containerAuthDataRef})"
      values[38] = "(service.pid=${recoveryAuthDataRef})"
      values[39] = "(service.pid=com.ibm.ws.jdbc.jdbcDriver_22)"
      values[40] = null
      values[41] = null
    size = 40
  serviceid = 302
  serviceranking = 0
  registrationLock = class java.lang.Object@30bc5d4f
  state = 0
  REGISTERED = 0
  UNREGISTERING = 1
  UNREGISTERED = 2
  $assertionsDisabled = true

