!SESSION 2017-01-02 08:24:13.000 -----------------------------------------------
eclipse.buildId=unknown
java.fullversion=JRE 1.7.0 IBM J9 2.7 Linux amd64-64 Compressed References 20150630_255653 (JIT enabled, AOT enabled)
J9VM - R27_Java727_SR3_20150630_2236_B255653
JIT  - tr.r13.java_20150623_94888.01
GC   - R27_Java727_SR3_20150630_2236_B255653_CMPRSS
J9CL - 20150630_255653
BootLoader constants: OS=linux, ARCH=x86_64, WS=gtk, NL=en_US

!ENTRY com.ibm.ws.jdbc 4 0 2017-01-02 08:24:13.000
!MESSAGE FrameworkEvent ERROR
!STACK 0
org.osgi.framework.ServiceException: Exception in com.ibm.ws.resource.internal.ResourceFactoryTrackerData$1.getService()
	at org.eclipse.osgi.internal.serviceregistry.ServiceFactoryUse.factoryGetService(ServiceFactoryUse.java:222)
	at org.eclipse.osgi.internal.serviceregistry.ServiceFactoryUse.getService(ServiceFactoryUse.java:111)
	at org.eclipse.osgi.internal.serviceregistry.ServiceConsumer$2.getService(ServiceConsumer.java:45)
	at org.eclipse.osgi.internal.serviceregistry.ServiceRegistrationImpl.getService(ServiceRegistrationImpl.java:496)
	at org.eclipse.osgi.internal.serviceregistry.ServiceRegistry.getService(ServiceRegistry.java:461)
	at org.eclipse.osgi.internal.framework.BundleContextImpl.getService(BundleContextImpl.java:619)
	at com.ibm.ws.jndi.internal.WSContext$3.run(WSContext.java:515)
	at java.security.AccessController.doPrivileged(AccessController.java:360)
	at com.ibm.ws.jndi.internal.WSContext.getReference(WSContext.java:511)
	at com.ibm.ws.jndi.internal.WSContext.resolveObject(WSContext.java:132)
	at com.ibm.ws.jndi.internal.WSContext.lookup(WSContext.java:300)
	at com.ibm.ws.jndi.WSContextBase.lookup(WSContextBase.java:62)
	at org.apache.aries.jndi.DelegateContext.lookup(DelegateContext.java:161)
	at javax.naming.InitialContext.lookup(InitialContext.java:423)
	at com.ibm.conexion.Conexion.init(Unknown Source)
	at com.ibm.logica.Lista.getMaterial(Unknown Source)
	at com.ibm._jsp._material._jspService(_material.java:112)
	at com.ibm.ws.jsp.runtime.HttpJspBase.service(HttpJspBase.java:101)
	at javax.servlet.http.HttpServlet.service(HttpServlet.java:790)
	at com.ibm.ws.webcontainer.servlet.ServletWrapper.service(ServletWrapper.java:1290)
	at com.ibm.ws.webcontainer.servlet.ServletWrapper.handleRequest(ServletWrapper.java:778)
	at com.ibm.ws.webcontainer.servlet.ServletWrapper.handleRequest(ServletWrapper.java:475)
	at com.ibm.wsspi.webcontainer.servlet.GenericServletWrapper.handleRequest(GenericServletWrapper.java:119)
	at com.ibm.ws.jsp.webcontainerext.AbstractJSPExtensionServletWrapper.handleRequest(AbstractJSPExtensionServletWrapper.java:217)
	at com.ibm.ws.webcontainer.filter.WebAppFilterManager.invokeFilters(WebAppFilterManager.java:1157)
	at com.ibm.ws.webcontainer.webapp.WebApp.handleRequest(WebApp.java:4939)
	at com.ibm.ws.webcontainer31.osgi.webapp.WebApp31.handleRequest(WebApp31.java:525)
	at com.ibm.ws.webcontainer.osgi.DynamicVirtualHost$2.handleRequest(DynamicVirtualHost.java:313)
	at com.ibm.ws.webcontainer.WebContainer.handleRequest(WebContainer.java:1007)
	at com.ibm.ws.webcontainer.osgi.DynamicVirtualHost$2.run(DynamicVirtualHost.java:278)
	at com.ibm.ws.http.dispatcher.internal.channel.HttpDispatcherLink$TaskWrapper.run(HttpDispatcherLink.java:967)
	at com.ibm.ws.http.dispatcher.internal.channel.HttpDispatcherLink.wrapHandlerAndExecute(HttpDispatcherLink.java:359)
	at com.ibm.ws.http.dispatcher.internal.channel.HttpDispatcherLink.ready(HttpDispatcherLink.java:318)
	at com.ibm.ws.http.channel.internal.inbound.HttpInboundLink.handleDiscrimination(HttpInboundLink.java:471)
	at com.ibm.ws.http.channel.internal.inbound.HttpInboundLink.handleNewRequest(HttpInboundLink.java:405)
	at com.ibm.ws.http.channel.internal.inbound.HttpInboundLink.processRequest(HttpInboundLink.java:285)
	at com.ibm.ws.http.channel.internal.inbound.HttpInboundLink.ready(HttpInboundLink.java:256)
	at com.ibm.ws.tcpchannel.internal.NewConnectionInitialReadCallback.sendToDiscriminators(NewConnectionInitialReadCallback.java:174)
	at com.ibm.ws.tcpchannel.internal.NewConnectionInitialReadCallback.complete(NewConnectionInitialReadCallback.java:83)
	at com.ibm.ws.tcpchannel.internal.WorkQueueManager.requestComplete(WorkQueueManager.java:504)
	at com.ibm.ws.tcpchannel.internal.WorkQueueManager.attemptIO(WorkQueueManager.java:574)
	at com.ibm.ws.tcpchannel.internal.WorkQueueManager.workerRun(WorkQueueManager.java:929)
	at com.ibm.ws.tcpchannel.internal.WorkQueueManager$Worker.run(WorkQueueManager.java:1018)
	at java.util.concurrent.ThreadPoolExecutor.runWorker(ThreadPoolExecutor.java:1157)
	at java.util.concurrent.ThreadPoolExecutor$Worker.run(ThreadPoolExecutor.java:627)
	at java.lang.Thread.run(Thread.java:809)
Caused by: java.lang.RuntimeException: java.sql.SQLNonTransientException: DSRA4000E: A valid JDBC driver implementation class was not found for the jdbcDriver jdbcDriver[compose-mysql-driver] using the library compose-mysql-library. []
	at com.ibm.ws.resource.internal.ResourceFactoryTrackerData$1.getService(ResourceFactoryTrackerData.java:123)
	at org.eclipse.osgi.internal.serviceregistry.ServiceFactoryUse$1.run(ServiceFactoryUse.java:212)
	at java.security.AccessController.doPrivileged(AccessController.java:360)
	at org.eclipse.osgi.internal.serviceregistry.ServiceFactoryUse.factoryGetService(ServiceFactoryUse.java:210)
	... 45 more
Caused by: java.sql.SQLNonTransientException: DSRA4000E: A valid JDBC driver implementation class was not found for the jdbcDriver jdbcDriver[compose-mysql-driver] using the library compose-mysql-library. []
	at com.ibm.ws.jdbc.internal.JDBCDriverService.classNotFound(JDBCDriverService.java:196)
	at com.ibm.ws.jdbc.internal.JDBCDriverService.create(JDBCDriverService.java:298)
	at com.ibm.ws.jdbc.internal.JDBCDriverService.createConnectionPoolDataSource(JDBCDriverService.java:446)
	at com.ibm.ws.jdbc.DataSourceService.init(DataSourceService.java:460)
	at com.ibm.ws.jca.cm.AbstractConnectionFactoryService.createResource(AbstractConnectionFactoryService.java:138)
	at com.ibm.ws.resource.internal.ResourceFactoryTrackerData$1.getService(ResourceFactoryTrackerData.java:121)
	... 48 more
Caused by: java.lang.ClassNotFoundException: org.mariadb.jdbc.MySQLDataSource
	at com.ibm.ws.classloading.internal.AppClassLoader.findClassCommonLibraryClassLoaders(AppClassLoader.java:488)
	at com.ibm.ws.classloading.internal.AppClassLoader.findClass(AppClassLoader.java:271)
	at java.lang.ClassLoader.loadClassHelper(ClassLoader.java:786)
	at java.lang.ClassLoader.loadClass(ClassLoader.java:764)
	at com.ibm.ws.classloading.internal.AppClassLoader.findOrDelegateLoadClass(AppClassLoader.java:466)
	at com.ibm.ws.classloading.internal.AppClassLoader.loadClass(AppClassLoader.java:438)
	at java.lang.ClassLoader.loadClass(ClassLoader.java:741)
	at com.ibm.ws.jdbc.internal.JDBCDriverService$1.run(JDBCDriverService.java:234)
	at com.ibm.ws.jdbc.internal.JDBCDriverService$1.run(JDBCDriverService.java:224)
	at java.security.AccessController.doPrivileged(AccessController.java:416)
	at com.ibm.ws.jdbc.internal.JDBCDriverService.create(JDBCDriverService.java:223)
	... 52 more
