********************************************************************************
product = WebSphere Application Server 16.0.0.3 (wlp-1.0.14.cl160320160831-1555)
wlp.install.dir = /home/mluc/Desktop/wlp/
java.home = /opt/ibm/jre
java.version = 1.7.0
java.runtime = Java(TM) SE Runtime Environment (pxa6470_27sr3fp10-20150708_01 (SR3 FP10))
os = Linux (3.16.0-30-generic; amd64) (en_US)
process = 14635@ubuntu
********************************************************************************
[12/30/16 6:32:10:020 ART] 00000001 com.ibm.ws.kernel.launch.internal.FrameworkManager           A CWWKE0001I: The server defaultServer has been launched.
[12/30/16 6:32:10:076 ART] 00000001 com.ibm.ws.kernel.launch.internal.FrameworkManager           A CWWKE0100I: This product is licensed for development, and limited production use. The full license terms can be viewed here: https://public.dhe.ibm.com/ibmdl/export/pub/software/websphere/wasdev/license/base_ilan/ilan/16.0.0.3/lafiles/en.html
[12/30/16 6:32:13:470 ART] 00000001 com.ibm.ws.kernel.launch.internal.FrameworkManager           I CWWKE0002I: The kernel started after 4.074 seconds
[12/30/16 6:32:13:511 ART] 0000001e com.ibm.ws.kernel.feature.internal.FeatureManager            I CWWKF0007I: Feature update started.
[12/30/16 6:32:15:362 ART] 00000017 com.ibm.ws.security.ready.internal.SecurityReadyServiceImpl  I CWWKS0007I: The security service is starting...
[12/30/16 6:32:15:479 ART] 00000017 com.ibm.ws.security.registry.basic.internal.BasicRegistry    W CWWKS3103W: There are no users defined for the BasicRegistry configuration of ID com.ibm.ws.security.registry.basic.config[basic].
[12/30/16 6:32:17:011 ART] 00000017 com.ibm.ws.app.manager.internal.monitor.DropinMonitor        A CWWKZ0058I: Monitoring dropins for applications. 
[12/30/16 6:32:17:465 ART] 0000001f com.ibm.ws.tcpchannel.internal.TCPChannel                    I CWWKO0219I: TCP Channel defaultHttpEndpoint has been started and is now listening for requests on host localhost  (IPv4: 127.0.0.1) port 9080.
[12/30/16 6:32:17:655 ART] 00000022 com.ibm.ws.security.ready.internal.SecurityReadyServiceImpl  I CWWKS0008I: The security service is ready.
[12/30/16 6:32:17:661 ART] 00000022 com.ibm.ws.security.token.ltpa.internal.LTPAKeyCreateTask    I CWWKS4105I: LTPA configuration is ready after 1.569 seconds.
[12/30/16 6:32:17:777 ART] 00000017 com.ibm.ws.security.jaspi.AuthConfigFactoryWrapper           I CWWKS1655I: The default Java Authentication SPI for Containers (JASPIC) AuthConfigFactory class com.ibm.ws.security.jaspi.ProviderRegistry is being used because the Java security property authconfigprovider.factory is not set. 
[12/30/16 6:32:18:841 ART] 00000017 .ibm.ws.org.apache.geronimo.specs.geronimo-osgi-registry.1.1 I SPI-Provider Manifest header found in bundle: com.ibm.ws.xlxp.1.5.3 Bundle:com.ibm.ws.org.apache.geronimo.specs.geronimo-osgi-registry.1.1(id=164)   
[12/30/16 6:32:18:896 ART] 00000017 org.apache.cxf.bus.osgi.CXFActivator                         I Adding the extensions from bundle com.ibm.ws.org.apache.cxf-rt-bindings-soap.2.6.2 (169) [org.apache.cxf.binding.soap.SoapBindingFactory, org.apache.cxf.binding.soap.SoapTransportFactory]
[12/30/16 6:32:18:897 ART] 00000017 org.apache.cxf.bus.osgi.CXFActivator                         I Adding the extensions from bundle com.ibm.ws.org.apache.cxf-rt-bindings-xml.2.6.2 (170) [org.apache.cxf.binding.xml.XMLBindingFactory, org.apache.cxf.binding.xml.wsdl11.XMLWSDLExtensionLoader]
[12/30/16 6:32:18:898 ART] 00000017 org.apache.cxf.bus.osgi.CXFActivator                         I Adding the extensions from bundle com.ibm.ws.org.apache.cxf-rt-frontend-jaxws.2.6.2 (175) [org.apache.cxf.jaxws.context.WebServiceContextResourceResolver]
[12/30/16 6:32:18:898 ART] 00000017 org.apache.cxf.bus.osgi.CXFActivator                         I Adding the extensions from bundle com.ibm.ws.org.apache.cxf-rt-transports-http.2.6.2 (179) [org.apache.cxf.transport.http.HTTPTransportFactory, org.apache.cxf.transport.http.HTTPWSDLExtensionLoader, org.apache.cxf.transport.http.policy.HTTPClientAssertionBuilder, org.apache.cxf.transport.http.policy.HTTPServerAssertionBuilder, org.apache.cxf.transport.http.policy.NoOpPolicyInterceptorProvider]
[12/30/16 6:32:18:899 ART] 00000017 org.apache.cxf.bus.osgi.CXFActivator                         I Adding the extensions from bundle com.ibm.ws.org.apache.cxf-rt-ws-addr.2.6.2 (183) [org.apache.cxf.ws.addressing.policy.AddressingAssertionBuilder, org.apache.cxf.ws.addressing.policy.UsingAddressingAssertionBuilder, org.apache.cxf.ws.addressing.policy.AddressingPolicyInterceptorProvider, org.apache.cxf.ws.addressing.impl.AddressingWSDLExtensionLoader, org.apache.cxf.ws.addressing.WSAddressingFeature$WSAddressingFeatureApplier, org.apache.cxf.ws.addressing.MAPAggregator$MAPAggregatorLoader]
[12/30/16 6:32:18:899 ART] 00000017 org.apache.cxf.bus.osgi.CXFActivator                         I Adding the extensions from bundle com.ibm.ws.org.apache.cxf-rt-management.2.6.2 (184) [org.apache.cxf.management.InstrumentationManager]
[12/30/16 6:32:18:900 ART] 00000017 org.apache.cxf.bus.osgi.CXFActivator                         I Adding the extensions from bundle com.ibm.ws.org.apache.cxf-rt-ws-policy.2.6.2 (187) [org.apache.cxf.ws.policy.PolicyEngine, org.apache.cxf.policy.PolicyDataEngine, org.apache.cxf.ws.policy.AssertionBuilderRegistry, org.apache.cxf.ws.policy.PolicyInterceptorProviderRegistry, org.apache.cxf.ws.policy.PolicyBuilder, org.apache.cxf.ws.policy.PolicyAnnotationListener, org.apache.cxf.ws.policy.attachment.ServiceModelPolicyProvider, org.apache.cxf.ws.policy.attachment.external.DomainExpressionBuilderRegistry, org.apache.cxf.ws.policy.attachment.external.EndpointReferenceDomainExpressionBuilder, org.apache.cxf.ws.policy.attachment.wsdl11.Wsdl11AttachmentPolicyProvider, org.apache.cxf.ws.policy.mtom.MTOMAssertionBuilder, org.apache.cxf.ws.policy.mtom.MTOMPolicyInterceptorProvider]
[12/30/16 6:32:18:901 ART] 00000017 org.apache.cxf.bus.osgi.CXFActivator                         I Adding the extensions from bundle com.ibm.ws.jaxrs-2.0.common (217) [org.apache.cxf.phase.PhaseManager, org.apache.cxf.workqueue.WorkQueueManager, org.apache.cxf.buslifecycle.BusLifeCycleManager, org.apache.cxf.endpoint.ServerRegistry, org.apache.cxf.endpoint.EndpointResolverRegistry, org.apache.cxf.headers.HeaderManager, org.apache.cxf.service.factory.FactoryBeanListenerManager, org.apache.cxf.endpoint.ServerLifeCycleManager, org.apache.cxf.endpoint.ClientLifeCycleManager, org.apache.cxf.resource.ResourceManager, org.apache.cxf.catalog.OASISCatalogManager]
[12/30/16 6:32:20:307 ART] 00000017 com.ibm.ws.sib.utils.ras.SibMessage                          I  CWSID0108I: JMS server has started.  
[12/30/16 6:32:20:363 ART] 00000017 com.ibm.ws.tcpchannel.internal.TCPChannel                    I CWWKO0219I: TCP Channel wasJmsEndpoint490 has been started and is now listening for requests on host localhost  (IPv4: 127.0.0.1) port 7276.
[12/30/16 6:32:20:876 ART] 00000017 com.ibm.ws.cache.ServerCache                                 I DYNA1001I: WebSphere Dynamic Cache instance named baseCache initialized successfully.
[12/30/16 6:32:20:879 ART] 00000017 com.ibm.ws.cache.ServerCache                                 I DYNA1071I: The cache provider default is being used.
[12/30/16 6:32:20:879 ART] 00000017 com.ibm.ws.cache.CacheServiceImpl                            I DYNA1056I: Dynamic Cache (object cache) initialized successfully.
[12/30/16 6:32:21:830 ART] 00000022 com.ibm.ws.app.manager.AppMessageHelper                      I CWWKZ0018I: Starting application Game-of-Bluemix.
[12/30/16 6:32:22:342 ART] 00000022 org.jboss.weld.Version                                       I WELD-000900: 2.3.4 (Final)
[12/30/16 6:32:22:630 ART] 00000022 com.ibm.ws.session.WASSessionCore                            I SESN8501I: The session manager did not find a persistent storage location; HttpSession objects will be stored in the local application server's memory.
[12/30/16 6:32:22:663 ART] 00000022 com.ibm.ws.webcontainer.osgi.webapp.WebGroup                 I SRVE0169I: Loading Web Module: Game of Bluemix.
[12/30/16 6:32:22:666 ART] 00000022 com.ibm.ws.webcontainer                                      I SRVE0250I: Web Module Game of Bluemix has been bound to default_host.
[12/30/16 6:32:22:669 ART] 00000022 com.ibm.ws.http.internal.VirtualHostImpl                     A CWWKT0016I: Web application available (default_host): http://localhost:9080/
[12/30/16 6:32:22:693 ART] 00000022 com.ibm.ws.app.manager.AppMessageHelper                      A CWWKZ0001I: Application Game-of-Bluemix started in 0.863 seconds.
[12/30/16 6:32:22:712 ART] 0000001e com.ibm.ws.kernel.feature.internal.FeatureManager            A CWWKF0012I: The server installed the following features: [mdb-3.2, localConnector-1.0, webProfile-7.0, json-1.0, jaxrs-2.0, appSecurity-2.0, jpa-2.1, jaspic-1.1, distributedMap-1.0, jaxb-2.2, jaxws-2.2, ssl-1.0, jdbc-4.1, managedBeans-1.0, jsf-2.2, appClientSupport-1.0, jacc-1.5, ejbHome-3.2, wasJmsClient-2.0, cdi-1.2, wasJmsSecurity-1.0, jaxrsClient-2.0, ejbRemote-3.2, javaMail-1.5, batch-1.0, j2eeManagement-1.1, websocket-1.1, el-3.0, beanValidation-1.1, ejbPersistentTimer-3.2, jca-1.7, wasJmsServer-1.0, servlet-3.1, ejb-3.2, jsp-2.3, jndi-1.0, jsonp-1.0, concurrent-1.0, ejbLite-3.2, jcaInboundSecurity-1.0, javaee-7.0].
[12/30/16 6:32:22:713 ART] 0000001e com.ibm.ws.kernel.feature.internal.FeatureManager            I CWWKF0008I: Feature update completed in 9.244 seconds.
[12/30/16 6:32:22:713 ART] 0000001e com.ibm.ws.kernel.feature.internal.FeatureManager            A CWWKF0011I: The server defaultServer is ready to run a smarter planet.
[12/30/16 6:32:22:842 ART] 0000002f com.ibm.ws.webcontainer.osgi.mbeans.PluginGenerator          I SRVE9103I: A configuration file for a web server plugin was automatically generated for this server at /home/mluc/Desktop/wlp/usr/servers/defaultServer/logs/state/plugin-cfg.xml.
[12/30/16 6:32:31:279 ART] 00000040 ibm.ws.transport.iiop.security.AbstractCsiv2SubsystemFactory E CWWKS9582E: The [defaultSSLConfig] sslRef attributes required by the orb element with the defaultOrb id have not been resolved within 10 seconds. As a result, the applications will not start. Ensure that you have included a keyStore element and that Secure Sockets Layer (SSL) is configured correctly. If the sslRef is defaultSSLConfig, then add a keyStore element with the id defaultKeyStore and a password.
[12/30/16 6:33:15:900 ART] 00000046 com.ibm.ws.http.internal.VirtualHostImpl                     A CWWKT0017I: Web application removed (default_host): http://localhost:9080/
[12/30/16 6:33:16:024 ART] 00000046 com.ibm.ws.app.manager.AppMessageHelper                      A CWWKZ0009I: The application Game-of-Bluemix has stopped successfully.
[12/30/16 6:33:16:066 ART] 00000046 com.ibm.ws.app.manager.AppMessageHelper                      I CWWKZ0018I: Starting application Game-of-Bluemix.
[12/30/16 6:33:16:069 ART] 00000045 com.ibm.ws.webcontainer.osgi.mbeans.PluginGenerator          I SRVE9103I: A configuration file for a web server plugin was automatically generated for this server at /home/mluc/Desktop/wlp/usr/servers/defaultServer/logs/state/plugin-cfg.xml.
[12/30/16 6:33:16:765 ART] 00000046 com.ibm.ws.webcontainer.osgi.webapp.WebGroup                 I SRVE0169I: Loading Web Module: Game of Bluemix.
[12/30/16 6:33:16:765 ART] 00000046 com.ibm.ws.webcontainer                                      I SRVE0250I: Web Module Game of Bluemix has been bound to default_host.
[12/30/16 6:33:16:766 ART] 00000046 com.ibm.ws.http.internal.VirtualHostImpl                     A CWWKT0016I: Web application available (default_host): http://localhost:9080/
[12/30/16 6:33:16:791 ART] 00000046 com.ibm.ws.app.manager.AppMessageHelper                      A CWWKZ0003I: The application Game-of-Bluemix updated in 0.725 seconds.
[12/30/16 6:33:16:835 ART] 00000044 com.ibm.ws.webcontainer.osgi.mbeans.PluginGenerator          I SRVE9103I: A configuration file for a web server plugin was automatically generated for this server at /home/mluc/Desktop/wlp/usr/servers/defaultServer/logs/state/plugin-cfg.xml.
[12/30/16 6:33:29:812 ART] 00000045 com.ibm.ws.session.WASSessionCore                            I SESN0176I: A new session context will be created for application key default_host/
[12/30/16 6:33:29:906 ART] 00000045 com.ibm.ws.util                                              I SESN0172I: The session manager is using the Java default SecureRandom implementation for session ID generation.
[12/30/16 6:33:29:928 ART] 00000045 com.ibm.ws.jsp                                               I JSPG8502I: The value of the JSP attribute jdkSourceLevel is "15".
[12/30/16 6:33:30:296 ART] 00000045 com.ibm.ws.cache.CacheServiceImpl                            I DYNA1056I: Dynamic Cache (object cache) initialized successfully.
[12/30/16 6:35:33:972 ART] 00000059 com.ibm.ws.webcontainer.servlet                              I SRVE0242I: [Game-of-Bluemix] [/] [/eventos.jsp]: Initialization successful.
[12/30/16 6:35:34:079 ART] 00000059 SystemErr                                                    R javax.naming.NameNotFoundException: Intermediate context does not exist: jdbc/Workshops
[12/30/16 6:35:34:081 ART] 00000059 SystemErr                                                    R 	at com.ibm.ws.jndi.internal.ContextNode.getTargetNode(ContextNode.java:126)
[12/30/16 6:35:34:138 ART] 00000059 SystemErr                                                    R 	at com.ibm.ws.jndi.internal.ContextNode.lookup(ContextNode.java:212)
[12/30/16 6:35:34:139 ART] 00000059 SystemErr                                                    R 	at com.ibm.ws.jndi.internal.WSContext.lookup(WSContext.java:299)
[12/30/16 6:35:34:140 ART] 00000059 SystemErr                                                    R 	at com.ibm.ws.jndi.WSContextBase.lookup(WSContextBase.java:62)
[12/30/16 6:35:34:141 ART] 00000059 SystemErr                                                    R 	at org.apache.aries.jndi.DelegateContext.lookup(DelegateContext.java:161)
[12/30/16 6:35:34:141 ART] 00000059 SystemErr                                                    R 	at javax.naming.InitialContext.lookup(InitialContext.java:423)
[12/30/16 6:35:34:142 ART] 00000059 SystemErr                                                    R 	at com.ibm.conexion.Conexion.init(Conexion.java:19)
[12/30/16 6:35:34:143 ART] 00000059 SystemErr                                                    R 	at com.ibm.logica.Lista.getEventos(Lista.java:71)
[12/30/16 6:35:34:143 ART] 00000059 SystemErr                                                    R 	at com.ibm._jsp._eventos._jspService(_eventos.java:110)
[12/30/16 6:35:34:144 ART] 00000059 SystemErr                                                    R 	at com.ibm.ws.jsp.runtime.HttpJspBase.service(HttpJspBase.java:101)
[12/30/16 6:35:34:144 ART] 00000059 SystemErr                                                    R 	at javax.servlet.http.HttpServlet.service(HttpServlet.java:790)
[12/30/16 6:35:34:145 ART] 00000059 SystemErr                                                    R 	at com.ibm.ws.webcontainer.servlet.ServletWrapper.service(ServletWrapper.java:1290)
[12/30/16 6:35:34:146 ART] 00000059 SystemErr                                                    R 	at com.ibm.ws.webcontainer.servlet.ServletWrapper.handleRequest(ServletWrapper.java:778)
[12/30/16 6:35:34:148 ART] 00000059 SystemErr                                                    R 	at com.ibm.ws.webcontainer.servlet.ServletWrapper.handleRequest(ServletWrapper.java:475)
[12/30/16 6:35:34:148 ART] 00000059 SystemErr                                                    R 	at com.ibm.wsspi.webcontainer.servlet.GenericServletWrapper.handleRequest(GenericServletWrapper.java:119)
[12/30/16 6:35:34:149 ART] 00000059 SystemErr                                                    R 	at com.ibm.ws.jsp.webcontainerext.AbstractJSPExtensionServletWrapper.handleRequest(AbstractJSPExtensionServletWrapper.java:217)
[12/30/16 6:35:34:149 ART] 00000059 SystemErr                                                    R 	at com.ibm.ws.webcontainer.filter.WebAppFilterChain.invokeTarget(WebAppFilterChain.java:148)
[12/30/16 6:35:34:149 ART] 00000059 SystemErr                                                    R 	at com.ibm.ws.webcontainer.filter.WebAppFilterChain.doFilter(WebAppFilterChain.java:94)
[12/30/16 6:35:34:149 ART] 00000059 SystemErr                                                    R 	at com.ibm.ws.security.jaspi.JaspiServletFilter.doFilter(JaspiServletFilter.java:57)
[12/30/16 6:35:34:150 ART] 00000059 SystemErr                                                    R 	at com.ibm.ws.webcontainer.filter.FilterInstanceWrapper.doFilter(FilterInstanceWrapper.java:207)
[12/30/16 6:35:34:151 ART] 00000059 SystemErr                                                    R 	at com.ibm.ws.webcontainer.filter.WebAppFilterChain.doFilter(WebAppFilterChain.java:91)
[12/30/16 6:35:34:152 ART] 00000059 SystemErr                                                    R 	at com.ibm.ws.webcontainer.filter.WebAppFilterManager.doFilter(WebAppFilterManager.java:1021)
[12/30/16 6:35:34:153 ART] 00000059 SystemErr                                                    R 	at com.ibm.ws.webcontainer.filter.WebAppFilterManager.invokeFilters(WebAppFilterManager.java:1143)
[12/30/16 6:35:34:153 ART] 00000059 SystemErr                                                    R 	at com.ibm.ws.webcontainer.webapp.WebApp.handleRequest(WebApp.java:4939)
[12/30/16 6:35:34:153 ART] 00000059 SystemErr                                                    R 	at com.ibm.ws.webcontainer31.osgi.webapp.WebApp31.handleRequest(WebApp31.java:525)
[12/30/16 6:35:34:153 ART] 00000059 SystemErr                                                    R 	at com.ibm.ws.webcontainer.osgi.DynamicVirtualHost$2.handleRequest(DynamicVirtualHost.java:313)
[12/30/16 6:35:34:154 ART] 00000059 SystemErr                                                    R 	at com.ibm.ws.webcontainer.WebContainer.handleRequest(WebContainer.java:1007)
[12/30/16 6:35:34:154 ART] 00000059 SystemErr                                                    R 	at com.ibm.ws.webcontainer.osgi.DynamicVirtualHost$2.run(DynamicVirtualHost.java:278)
[12/30/16 6:35:34:154 ART] 00000059 SystemErr                                                    R 	at com.ibm.ws.http.dispatcher.internal.channel.HttpDispatcherLink$TaskWrapper.run(HttpDispatcherLink.java:967)
[12/30/16 6:35:34:156 ART] 00000059 SystemErr                                                    R 	at com.ibm.ws.http.dispatcher.internal.channel.HttpDispatcherLink.wrapHandlerAndExecute(HttpDispatcherLink.java:359)
[12/30/16 6:35:34:157 ART] 00000059 SystemErr                                                    R 	at com.ibm.ws.http.dispatcher.internal.channel.HttpDispatcherLink.ready(HttpDispatcherLink.java:318)
[12/30/16 6:35:34:158 ART] 00000059 SystemErr                                                    R 	at com.ibm.ws.http.channel.internal.inbound.HttpInboundLink.handleDiscrimination(HttpInboundLink.java:471)
[12/30/16 6:35:34:158 ART] 00000059 SystemErr                                                    R 	at com.ibm.ws.http.channel.internal.inbound.HttpInboundLink.handleNewRequest(HttpInboundLink.java:405)
[12/30/16 6:35:34:158 ART] 00000059 SystemErr                                                    R 	at com.ibm.ws.http.channel.internal.inbound.HttpInboundLink.processRequest(HttpInboundLink.java:285)
[12/30/16 6:35:34:159 ART] 00000059 SystemErr                                                    R 	at com.ibm.ws.http.channel.internal.inbound.HttpInboundLink.ready(HttpInboundLink.java:256)
[12/30/16 6:35:34:159 ART] 00000059 SystemErr                                                    R 	at com.ibm.ws.tcpchannel.internal.NewConnectionInitialReadCallback.sendToDiscriminators(NewConnectionInitialReadCallback.java:174)
[12/30/16 6:35:34:160 ART] 00000059 SystemErr                                                    R 	at com.ibm.ws.tcpchannel.internal.NewConnectionInitialReadCallback.complete(NewConnectionInitialReadCallback.java:83)
[12/30/16 6:35:34:160 ART] 00000059 SystemErr                                                    R 	at com.ibm.ws.tcpchannel.internal.WorkQueueManager.requestComplete(WorkQueueManager.java:504)
[12/30/16 6:35:34:160 ART] 00000059 SystemErr                                                    R 	at com.ibm.ws.tcpchannel.internal.WorkQueueManager.attemptIO(WorkQueueManager.java:574)
[12/30/16 6:35:34:161 ART] 00000059 SystemErr                                                    R 	at com.ibm.ws.tcpchannel.internal.WorkQueueManager.workerRun(WorkQueueManager.java:929)
[12/30/16 6:35:34:161 ART] 00000059 SystemErr                                                    R 	at com.ibm.ws.tcpchannel.internal.WorkQueueManager$Worker.run(WorkQueueManager.java:1018)
[12/30/16 6:35:34:163 ART] 00000059 SystemErr                                                    R 	at java.util.concurrent.ThreadPoolExecutor.runWorker(ThreadPoolExecutor.java:1157)
[12/30/16 6:35:34:164 ART] 00000059 SystemErr                                                    R 	at java.util.concurrent.ThreadPoolExecutor$Worker.run(ThreadPoolExecutor.java:627)
[12/30/16 6:35:34:165 ART] 00000059 SystemErr                                                    R 	at java.lang.Thread.run(Thread.java:809)
[12/30/16 6:35:34:168 ART] 00000059 com.ibm.ws.webcontainer.util.ApplicationErrorUtils           E SRVE0777E: Exception thrown by application class 'com.ibm.logica.Lista.getEventos:72'
java.lang.NullPointerException
	at com.ibm.logica.Lista.getEventos(Lista.java:72)
	at com.ibm._jsp._eventos._jspService(_eventos.java:110)
	at com.ibm.ws.jsp.runtime.HttpJspBase.service(HttpJspBase.java:101)
	at javax.servlet.http.HttpServlet.service(HttpServlet.java:790)
	at com.ibm.ws.webcontainer.servlet.ServletWrapper.service(ServletWrapper.java:1290)
	at com.ibm.ws.webcontainer.servlet.ServletWrapper.handleRequest(ServletWrapper.java:778)
	at com.ibm.ws.webcontainer.servlet.ServletWrapper.handleRequest(ServletWrapper.java:475)
	at com.ibm.wsspi.webcontainer.servlet.GenericServletWrapper.handleRequest(GenericServletWrapper.java:119)
	at com.ibm.ws.jsp.webcontainerext.AbstractJSPExtensionServletWrapper.handleRequest(AbstractJSPExtensionServletWrapper.java:217)
	at com.ibm.ws.webcontainer.filter.WebAppFilterChain.invokeTarget(WebAppFilterChain.java:148)
	at com.ibm.ws.webcontainer.filter.WebAppFilterChain.doFilter(WebAppFilterChain.java:94)
	at com.ibm.ws.security.jaspi.JaspiServletFilter.doFilter(JaspiServletFilter.java:57)
	at com.ibm.ws.webcontainer.filter.FilterInstanceWrapper.doFilter(FilterInstanceWrapper.java:207)
	at com.ibm.ws.webcontainer.filter.WebAppFilterChain.doFilter(WebAppFilterChain.java:91)
	at com.ibm.ws.webcontainer.filter.WebAppFilterManager.doFilter(WebAppFilterManager.java:1021)
	at com.ibm.ws.webcontainer.filter.WebAppFilterManager.invokeFilters(WebAppFilterManager.java:1143)
	at com.ibm.ws.webcontainer.webapp.WebApp.handleRequest(WebApp.java:4939)
	at com.ibm.ws.webcontainer31.osgi.webapp.WebApp31.handleRequest(WebApp31.java:525)
	at com.ibm.ws.webcontainer.osgi.DynamicVirtualHost$2.handleRequest(DynamicVirtualHost.java:313)
	at com.ibm.ws.webcontainer.WebContainer.handleRequest(WebContainer.java:1007)
	at com.ibm.ws.webcontainer.osgi.DynamicVirtualHost$2.run(DynamicVirtualHost.java:278)
	at com.ibm.ws.http.dispatcher.internal.channel.HttpDispatcherLink$TaskWrapper.run(HttpDispatcherLink.java:967)
	at com.ibm.ws.http.dispatcher.internal.channel.HttpDispatcherLink.wrapHandlerAndExecute(HttpDispatcherLink.java:359)
	at com.ibm.ws.http.dispatcher.internal.channel.HttpDispatcherLink.ready(HttpDispatcherLink.java:318)
	at com.ibm.ws.http.channel.internal.inbound.HttpInboundLink.handleDiscrimination(HttpInboundLink.java:471)
	at com.ibm.ws.http.channel.internal.inbound.HttpInboundLink.handleNewRequest(HttpInboundLink.java:405)
	at com.ibm.ws.http.channel.internal.inbound.HttpInboundLink.processRequest(HttpInboundLink.java:285)
	at com.ibm.ws.http.channel.internal.inbound.HttpInboundLink.ready(HttpInboundLink.java:256)
	at com.ibm.ws.tcpchannel.internal.NewConnectionInitialReadCallback.sendToDiscriminators(NewConnectionInitialReadCallback.java:174)
	at com.ibm.ws.tcpchannel.internal.NewConnectionInitialReadCallback.complete(NewConnectionInitialReadCallback.java:83)
	at com.ibm.ws.tcpchannel.internal.WorkQueueManager.requestComplete(WorkQueueManager.java:504)
	at com.ibm.ws.tcpchannel.internal.WorkQueueManager.attemptIO(WorkQueueManager.java:574)
	at com.ibm.ws.tcpchannel.internal.WorkQueueManager.workerRun(WorkQueueManager.java:929)
	at com.ibm.ws.tcpchannel.internal.WorkQueueManager$Worker.run(WorkQueueManager.java:1018)
	at java.util.concurrent.ThreadPoolExecutor.runWorker(ThreadPoolExecutor.java:1157)
	at java.util.concurrent.ThreadPoolExecutor$Worker.run(ThreadPoolExecutor.java:627)
	at java.lang.Thread.run(Thread.java:809)

[12/30/16 6:35:34:546 ART] 00000059 com.ibm.ws.logging.internal.impl.IncidentImpl                I FFDC1015I: An FFDC Incident has been created: "java.lang.NullPointerException com.ibm.ws.webcontainer.filter.WebAppFilterManager.invokeFilters 1105" at ffdc_16.12.30_06.35.34.0.log
[12/30/16 6:35:34:553 ART] 00000059 com.ibm.ws.webcontainer.webapp                               E SRVE0315E: An exception occurred: java.lang.Throwable: java.lang.NullPointerException
	at com.ibm.ws.webcontainer.webapp.WebApp.handleRequest(WebApp.java:4983)
	at com.ibm.ws.webcontainer31.osgi.webapp.WebApp31.handleRequest(WebApp31.java:525)
	at com.ibm.ws.webcontainer.osgi.DynamicVirtualHost$2.handleRequest(DynamicVirtualHost.java:313)
	at com.ibm.ws.webcontainer.WebContainer.handleRequest(WebContainer.java:1007)
	at com.ibm.ws.webcontainer.osgi.DynamicVirtualHost$2.run(DynamicVirtualHost.java:278)
	at com.ibm.ws.http.dispatcher.internal.channel.HttpDispatcherLink$TaskWrapper.run(HttpDispatcherLink.java:967)
	at com.ibm.ws.http.dispatcher.internal.channel.HttpDispatcherLink.wrapHandlerAndExecute(HttpDispatcherLink.java:359)
	at com.ibm.ws.http.dispatcher.internal.channel.HttpDispatcherLink.ready(HttpDispatcherLink.java:318)
	at com.ibm.ws.http.channel.internal.inbound.HttpInboundLink.handleDiscrimination(HttpInboundLink.java:471)
	at com.ibm.ws.http.channel.internal.inbound.HttpInboundLink.handleNewRequest(HttpInboundLink.java:405)
	at com.ibm.ws.http.channel.internal.inbound.HttpInboundLink.processRequest(HttpInboundLink.java:285)
	at com.ibm.ws.http.channel.internal.inbound.HttpInboundLink.ready(HttpInboundLink.java:256)
	at com.ibm.ws.tcpchannel.internal.NewConnectionInitialReadCallback.sendToDiscriminators(NewConnectionInitialReadCallback.java:174)
	at com.ibm.ws.tcpchannel.internal.NewConnectionInitialReadCallback.complete(NewConnectionInitialReadCallback.java:83)
	at com.ibm.ws.tcpchannel.internal.WorkQueueManager.requestComplete(WorkQueueManager.java:504)
	at com.ibm.ws.tcpchannel.internal.WorkQueueManager.attemptIO(WorkQueueManager.java:574)
	at com.ibm.ws.tcpchannel.internal.WorkQueueManager.workerRun(WorkQueueManager.java:929)
	at com.ibm.ws.tcpchannel.internal.WorkQueueManager$Worker.run(WorkQueueManager.java:1018)
	at java.util.concurrent.ThreadPoolExecutor.runWorker(ThreadPoolExecutor.java:1157)
	at java.util.concurrent.ThreadPoolExecutor$Worker.run(ThreadPoolExecutor.java:627)
	at java.lang.Thread.run(Thread.java:809)
Caused by: java.lang.NullPointerException
	at com.ibm.logica.Lista.getEventos(Lista.java:72)
	at com.ibm._jsp._eventos._jspService(_eventos.java:110)
	at com.ibm.ws.jsp.runtime.HttpJspBase.service(HttpJspBase.java:101)
	at javax.servlet.http.HttpServlet.service(HttpServlet.java:790)
	at com.ibm.ws.webcontainer.servlet.ServletWrapper.service(ServletWrapper.java:1290)
	at com.ibm.ws.webcontainer.servlet.ServletWrapper.handleRequest(ServletWrapper.java:778)
	at com.ibm.ws.webcontainer.servlet.ServletWrapper.handleRequest(ServletWrapper.java:475)
	at com.ibm.wsspi.webcontainer.servlet.GenericServletWrapper.handleRequest(GenericServletWrapper.java:119)
	at com.ibm.ws.jsp.webcontainerext.AbstractJSPExtensionServletWrapper.handleRequest(AbstractJSPExtensionServletWrapper.java:217)
	at com.ibm.ws.webcontainer.filter.WebAppFilterChain.invokeTarget(WebAppFilterChain.java:148)
	at com.ibm.ws.webcontainer.filter.WebAppFilterChain.doFilter(WebAppFilterChain.java:94)
	at com.ibm.ws.security.jaspi.JaspiServletFilter.doFilter(JaspiServletFilter.java:57)
	at com.ibm.ws.webcontainer.filter.FilterInstanceWrapper.doFilter(FilterInstanceWrapper.java:207)
	at com.ibm.ws.webcontainer.filter.WebAppFilterChain.doFilter(WebAppFilterChain.java:91)
	at com.ibm.ws.webcontainer.filter.WebAppFilterManager.doFilter(WebAppFilterManager.java:1021)
	at com.ibm.ws.webcontainer.filter.WebAppFilterManager.invokeFilters(WebAppFilterManager.java:1143)
	at com.ibm.ws.webcontainer.webapp.WebApp.handleRequest(WebApp.java:4939)
	... 20 more

[12/30/16 6:35:34:901 ART] 00000040 com.ibm.ws.webcontainer.extension                            W SRVE0190E: File not found: /banner-background.png
[12/30/16 6:35:34:903 ART] 00000059 com.ibm.ws.webcontainer.extension                            W SRVE0190E: File not found: /Websphere_Brandmark_18x120.png
[12/30/16 6:35:34:908 ART] 0000005a com.ibm.ws.webcontainer.extension                            W SRVE0190E: File not found: /banner-swoosh.png
[12/30/16 6:40:31:724 ART] 00000072 com.ibm.ws.http.internal.VirtualHostImpl                     A CWWKT0017I: Web application removed (default_host): http://localhost:9080/
[12/30/16 6:40:31:733 ART] 00000072 com.ibm.ws.webcontainer.servlet                              I SRVE0253I: [Game-of-Bluemix] [/] [/eventos.jsp]: Destroy successful.
[12/30/16 6:40:31:815 ART] 00000072 com.ibm.ws.app.manager.AppMessageHelper                      A CWWKZ0009I: The application Game-of-Bluemix has stopped successfully.
[12/30/16 6:40:31:849 ART] 00000072 com.ibm.ws.app.manager.AppMessageHelper                      I CWWKZ0018I: Starting application Game-of-Bluemix.
[12/30/16 6:40:31:969 ART] 00000079 com.ibm.ws.webcontainer.osgi.mbeans.PluginGenerator          I SRVE9103I: A configuration file for a web server plugin was automatically generated for this server at /home/mluc/Desktop/wlp/usr/servers/defaultServer/logs/state/plugin-cfg.xml.
[12/30/16 6:40:32:207 ART] 00000072 com.ibm.ws.webcontainer.osgi.webapp.WebGroup                 I SRVE0169I: Loading Web Module: Game of Bluemix.
[12/30/16 6:40:32:207 ART] 00000072 com.ibm.ws.webcontainer                                      I SRVE0250I: Web Module Game of Bluemix has been bound to default_host.
[12/30/16 6:40:32:207 ART] 00000072 com.ibm.ws.http.internal.VirtualHostImpl                     A CWWKT0016I: Web application available (default_host): http://localhost:9080/
[12/30/16 6:40:32:220 ART] 00000072 com.ibm.ws.app.manager.AppMessageHelper                      A CWWKZ0003I: The application Game-of-Bluemix updated in 0.371 seconds.
[12/30/16 6:40:32:262 ART] 0000006f com.ibm.ws.webcontainer.osgi.mbeans.PluginGenerator          I SRVE9103I: A configuration file for a web server plugin was automatically generated for this server at /home/mluc/Desktop/wlp/usr/servers/defaultServer/logs/state/plugin-cfg.xml.
