------Start of DE processing------ = [12/30/16 6:35:34:175 ART]
Exception = java.lang.NullPointerException
Source = com.ibm.ws.webcontainer.filter.WebAppFilterManager.invokeFilters
probeid = 1105
Stack Dump = java.lang.NullPointerException
	at com.ibm.logica.Lista.getEventos(Lista.java:72)
	at com.ibm._jsp._eventos._jspService(_eventos.java:110)
	at com.ibm.ws.jsp.runtime.HttpJspBase.service(HttpJspBase.java:101)
	at javax.servlet.http.HttpServlet.service(HttpServlet.java:790)
	at com.ibm.ws.webcontainer.servlet.ServletWrapper.service(ServletWrapper.java:1290)
	at com.ibm.ws.webcontainer.servlet.ServletWrapper.handleRequest(ServletWrapper.java:778)
	at com.ibm.ws.webcontainer.servlet.ServletWrapper.handleRequest(ServletWrapper.java:475)
	at com.ibm.wsspi.webcontainer.servlet.GenericServletWrapper.handleRequest(GenericServletWrapper.java:119)
	at com.ibm.ws.jsp.webcontainerext.AbstractJSPExtensionServletWrapper.handleRequest(AbstractJSPExtensionServletWrapper.java:217)
	at com.ibm.ws.webcontainer.filter.WebAppFilterChain.invokeTarget(WebAppFilterChain.java:148)
	at com.ibm.ws.webcontainer.filter.WebAppFilterChain.doFilter(WebAppFilterChain.java:94)
	at com.ibm.ws.security.jaspi.JaspiServletFilter.doFilter(JaspiServletFilter.java:57)
	at com.ibm.ws.webcontainer.filter.FilterInstanceWrapper.doFilter(FilterInstanceWrapper.java:207)
	at com.ibm.ws.webcontainer.filter.WebAppFilterChain.doFilter(WebAppFilterChain.java:91)
	at com.ibm.ws.webcontainer.filter.WebAppFilterManager.doFilter(WebAppFilterManager.java:1021)
	at com.ibm.ws.webcontainer.filter.WebAppFilterManager.invokeFilters(WebAppFilterManager.java:1143)
	at com.ibm.ws.webcontainer.webapp.WebApp.handleRequest(WebApp.java:4939)
	at com.ibm.ws.webcontainer31.osgi.webapp.WebApp31.handleRequest(WebApp31.java:525)
	at com.ibm.ws.webcontainer.osgi.DynamicVirtualHost$2.handleRequest(DynamicVirtualHost.java:313)
	at com.ibm.ws.webcontainer.WebContainer.handleRequest(WebContainer.java:1007)
	at com.ibm.ws.webcontainer.osgi.DynamicVirtualHost$2.run(DynamicVirtualHost.java:278)
	at com.ibm.ws.http.dispatcher.internal.channel.HttpDispatcherLink$TaskWrapper.run(HttpDispatcherLink.java:967)
	at com.ibm.ws.http.dispatcher.internal.channel.HttpDispatcherLink.wrapHandlerAndExecute(HttpDispatcherLink.java:359)
	at com.ibm.ws.http.dispatcher.internal.channel.HttpDispatcherLink.ready(HttpDispatcherLink.java:318)
	at com.ibm.ws.http.channel.internal.inbound.HttpInboundLink.handleDiscrimination(HttpInboundLink.java:471)
	at com.ibm.ws.http.channel.internal.inbound.HttpInboundLink.handleNewRequest(HttpInboundLink.java:405)
	at com.ibm.ws.http.channel.internal.inbound.HttpInboundLink.processRequest(HttpInboundLink.java:285)
	at com.ibm.ws.http.channel.internal.inbound.HttpInboundLink.ready(HttpInboundLink.java:256)
	at com.ibm.ws.tcpchannel.internal.NewConnectionInitialReadCallback.sendToDiscriminators(NewConnectionInitialReadCallback.java:174)
	at com.ibm.ws.tcpchannel.internal.NewConnectionInitialReadCallback.complete(NewConnectionInitialReadCallback.java:83)
	at com.ibm.ws.tcpchannel.internal.WorkQueueManager.requestComplete(WorkQueueManager.java:504)
	at com.ibm.ws.tcpchannel.internal.WorkQueueManager.attemptIO(WorkQueueManager.java:574)
	at com.ibm.ws.tcpchannel.internal.WorkQueueManager.workerRun(WorkQueueManager.java:929)
	at com.ibm.ws.tcpchannel.internal.WorkQueueManager$Worker.run(WorkQueueManager.java:1018)
	at java.util.concurrent.ThreadPoolExecutor.runWorker(ThreadPoolExecutor.java:1157)
	at java.util.concurrent.ThreadPoolExecutor$Worker.run(ThreadPoolExecutor.java:627)
	at java.lang.Thread.run(Thread.java:809)

Dump of callerThis
Object type = com.ibm.ws.webcontainer.osgi.filter.WebAppFilterManagerImpl
  _filterWrappers = class java.util.Hashtable@6ae7b2e2
    EMPTY_TABLE = class java.util.Hashtable$Entry[0]
    table = class java.util.Hashtable$Entry[11]
      table[0] = null
      table[1] = null
      table[2] = null
      table[3] = null
      table[4] = null
      table[5] = null
      table[6] = null
      table[7] = class java.util.Hashtable$Entry@e7b2f89f
      table[8] = null
      table[9] = null
      table[10] = null
    count = 1
    threshold = 8
    loadFactor = 0.75
    modCount = 1
    serialVersionUID = 1421746759512286392
    ALTERNATIVE_HASHING_THRESHOLD_DEFAULT = 2147483647
    hashSeed = 0
    MAX_ARRAY_SIZE = 2147483639
    keySet = null
    entrySet = null
    values = null
    KEYS = 0
    VALUES = 1
    ENTRIES = 2
  chainCache = class java.util.Collections$SynchronizedMap@a3046f06
    serialVersionUID = 1978198479659022715
    m = class com.ibm.ws.webcontainer.filter.WebAppFilterManager$1@77433146
      this$0 = class com.ibm.ws.webcontainer.osgi.filter.WebAppFilterManagerImpl@c7b0caf8
      serialVersionUID = 3801124242820219131
      header = class java.util.LinkedHashMap$Entry@384cd4a2
      accessOrder = true
      DEFAULT_INITIAL_CAPACITY = 16
      MAXIMUM_CAPACITY = 1073741824
      DEFAULT_LOAD_FACTOR = 0.75
      EMPTY_TABLE = class java.util.HashMap$Entry[0]
      table = class java.util.HashMap$Entry[32]
      size = 6
      threshold = 24
      loadFactor = 0.75
      modCount = 6
      ALTERNATIVE_HASHING_THRESHOLD_DEFAULT = 2147483647
      hashSeed = 0
      entrySet = null
      serialVersionUID = 362498820763181265
      keySet = null
      values = null
    mutex = class java.util.Collections$SynchronizedMap@a3046f06
    keySet = null
    entrySet = null
    values = null
  forwardChainCache = class java.util.Collections$SynchronizedMap@676ec10a
    serialVersionUID = 1978198479659022715
    m = class com.ibm.ws.webcontainer.filter.WebAppFilterManager$2@f417bd2c
      this$0 = class com.ibm.ws.webcontainer.osgi.filter.WebAppFilterManagerImpl@c7b0caf8
      serialVersionUID = 3801124242820219131
      header = class java.util.LinkedHashMap$Entry@324b5f66
      accessOrder = true
      DEFAULT_INITIAL_CAPACITY = 16
      MAXIMUM_CAPACITY = 1073741824
      DEFAULT_LOAD_FACTOR = 0.75
      EMPTY_TABLE = class java.util.HashMap$Entry[0]
      table = class java.util.HashMap$Entry[16]
      size = 1
      threshold = 12
      loadFactor = 0.75
      modCount = 1
      ALTERNATIVE_HASHING_THRESHOLD_DEFAULT = 2147483647
      hashSeed = 0
      entrySet = null
      serialVersionUID = 362498820763181265
      keySet = null
      values = null
    mutex = class java.util.Collections$SynchronizedMap@676ec10a
    keySet = null
    entrySet = null
    values = null
  includeChainCache = class java.util.Collections$SynchronizedMap@262d5ea
    serialVersionUID = 1978198479659022715
    m = class com.ibm.ws.webcontainer.filter.WebAppFilterManager$3@63b51a2b
      this$0 = class com.ibm.ws.webcontainer.osgi.filter.WebAppFilterManagerImpl@c7b0caf8
      serialVersionUID = 3801124242820219131
      header = class java.util.LinkedHashMap$Entry@a30cbe6d
      accessOrder = true
      DEFAULT_INITIAL_CAPACITY = 16
      MAXIMUM_CAPACITY = 1073741824
      DEFAULT_LOAD_FACTOR = 0.75
      EMPTY_TABLE = class java.util.HashMap$Entry[0]
      table = class java.util.HashMap$Entry[0]
      size = 0
      threshold = 5
      loadFactor = 0.75
      modCount = 0
      ALTERNATIVE_HASHING_THRESHOLD_DEFAULT = 2147483647
      hashSeed = 0
      entrySet = null
      serialVersionUID = 362498820763181265
      keySet = null
      values = null
    mutex = class java.util.Collections$SynchronizedMap@262d5ea
    keySet = null
    entrySet = null
    values = null
  errorChainCache = class java.util.Collections$SynchronizedMap@6e5d03a3
    serialVersionUID = 1978198479659022715
    m = class com.ibm.ws.webcontainer.filter.WebAppFilterManager$4@867ff73b
      this$0 = class com.ibm.ws.webcontainer.osgi.filter.WebAppFilterManagerImpl@c7b0caf8
      serialVersionUID = 3801124242820219131
      header = class java.util.LinkedHashMap$Entry@993ba8ba
      accessOrder = true
      DEFAULT_INITIAL_CAPACITY = 16
      MAXIMUM_CAPACITY = 1073741824
      DEFAULT_LOAD_FACTOR = 0.75
      EMPTY_TABLE = class java.util.HashMap$Entry[0]
      table = class java.util.HashMap$Entry[0]
      size = 0
      threshold = 2
      loadFactor = 0.75
      modCount = 0
      ALTERNATIVE_HASHING_THRESHOLD_DEFAULT = 2147483647
      hashSeed = 0
      entrySet = null
      serialVersionUID = 362498820763181265
      keySet = null
      values = null
    mutex = class java.util.Collections$SynchronizedMap@6e5d03a3
    keySet = null
    entrySet = null
    values = null
  _filtersDefined = true
  FMI_MAPPING_SINGLE_SLASH = 0
  FMI_MAPPING_PATH_MATCH = 1
  FMI_MAPPING_EXTENSION_MATCH = 2
  FMI_MAPPING_EXACT_MATCH = 3
  logger = class com.ibm.ws.logging.internal.WsLogger@69d0b8a3
    tc = class com.ibm.websphere.ras.TraceComponent@4ab8b098
      strings[0] = "TraceComponent[com.ibm.ws.logging.internal.WsLogger,class com.ibm.ws.logging.internal.WsLogger,[logging],com.ibm.ws.logging.internal.resources.LoggingMessages,null]"
    ivCachedResourceBundleName = null
    ivCachedResourceBundle = null
    ivComponent = null
    ivOrganization = null
    ivProduct = null
    ivMinimumLocalizationLevelIntValue = 625
    ivTC = class com.ibm.websphere.ras.TraceComponent@153a1f8f
      strings[0] = "TraceComponent[com.ibm.ws.webcontainer.filter,class com.ibm.wsspi.webcontainer.logging.LoggerFactory$1,[com.ibm.ws.webcontainer.filter],null,null]"
    loggerRegistrationComponent = class java.lang.ThreadLocal@b291bd40
      threadLocalHashCode = -113005860
      nextHashCode = class java.util.concurrent.atomic.AtomicInteger@c655ca3e
      HASH_INCREMENT = 1640531527
    emptyHandlers = class java.util.logging.Handler[0]
    offValue = 2147483647
    manager = class com.ibm.ws.kernel.boot.logging.WsLogManager@38673413
      CLASS_NAME = "com.ibm.ws.kernel.boot.logging.WsLogManager"
      CONFIGURE_BY_SERVER_PROPERTY_NAME = "java.util.logging.configureByServer"
      CONFIGURE_BY_LOGGING_PROPERTIES_FILE = "java.util.logging.configureByLoggingPropertiesFile"
      configureByServer = true
      configureByLoggingProperties = false
      wsLogger = class java.lang.reflect.Constructor@528a75b5
      resetEnabled = true
      manager = class com.ibm.ws.kernel.boot.logging.WsLogManager@38673413
      props = class java.util.Properties@156830cb
      changes = class java.beans.PropertyChangeSupport@963d248d
      defaultLevel = class java.util.logging.Level@c8de2b44
      systemContext = class java.util.logging.LogManager$SystemLoggerContext@faab86e5
      userContext = class java.util.logging.LogManager$LoggerContext@ff7bb316
      rootLogger = class java.util.logging.LogManager$RootLogger@716d2bbc
      readPrimordialConfiguration = true
      initializedGlobalHandlers = true
      deathImminent = false
      contextsMap = null
      loggerRefQueue = class java.lang.ref.ReferenceQueue@f6215a0c
      MAX_ITERATIONS = 400
      controlPermission = class java.util.logging.LoggingPermission@8d293bf8
      loggingMXBean = null
      LOGGING_MXBEAN_NAME = "java.util.logging:type=Logging"
    name = "com.ibm.ws.webcontainer.filter"
    handlers = class java.util.concurrent.CopyOnWriteArrayList@c23be684
      serialVersionUID = 8673264195747942595
      lock = class java.util.concurrent.locks.ReentrantLock@342110eb
      array = class java.lang.Object[0]
      UNSAFE = class sun.misc.Unsafe@d9e412a7
      lockOffset = 8
    resourceBundleName = "com.ibm.ws.webcontainer.resources.Messages"
    useParentHandlers = true
    filter = null
    anonymous = false
    catalog = class com.ibm.ws.webcontainer.resources.Messages@cec17869
      resources = class [Ljava.lang.Object;[332]
      lookup = null
      INITIAL_CACHE_SIZE = 32
      NONEXISTENT_BUNDLE = class java.util.ResourceBundle$1@e27c05e1
      cacheList = class java.util.concurrent.ConcurrentHashMap@8b4247df
      referenceQueue = class java.lang.ref.ReferenceQueue@ab36fd64
      parent = null
      locale = class java.util.Locale@74a98e2e
      name = "com.ibm.ws.webcontainer.resources.Messages"
      expired = false
      cacheKey = class java.util.ResourceBundle$CacheKey@d3bfa17c
      keySet = null
      vo = class java.lang.Object@db08c30f
      $assertionsDisabled = true
    catalogName = "com.ibm.ws.webcontainer.resources.Messages"
    catalogLocale = class java.util.Locale@48b5c92d
      LOCALECACHE = class java.util.Locale$Cache@a27055b7
      ENGLISH = class java.util.Locale@2585cf82
      FRENCH = class java.util.Locale@b4601481
      GERMAN = class java.util.Locale@edc91aca
      ITALIAN = class java.util.Locale@a7e24c8
      JAPANESE = class java.util.Locale@90bc4b2a
      KOREAN = class java.util.Locale@ab99ea37
      CHINESE = class java.util.Locale@cfcf8941
      SIMPLIFIED_CHINESE = class java.util.Locale@b6bea4c0
      TRADITIONAL_CHINESE = class java.util.Locale@55ce29f9
      FRANCE = class java.util.Locale@4185d4d8
      GERMANY = class java.util.Locale@d5b1e125
      ITALY = class java.util.Locale@7aa7e4b8
      JAPAN = class java.util.Locale@9e54ee3b
      KOREA = class java.util.Locale@d0a3ca4e
      CHINA = class java.util.Locale@b6bea4c0
      PRC = class java.util.Locale@b6bea4c0
      TAIWAN = class java.util.Locale@55ce29f9
      UK = class java.util.Locale@a6fcfa9c
      US = class java.util.Locale@48b5c92d
      CANADA = class java.util.Locale@db390f6b
      CANADA_FRENCH = class java.util.Locale@e0aa3c74
      ROOT = class java.util.Locale@74a98e2e
      PRIVATE_USE_EXTENSION = x
      UNICODE_LOCALE_EXTENSION = u
      serialVersionUID = 9149081749638150636
      DISPLAY_LANGUAGE = 0
      DISPLAY_COUNTRY = 1
      DISPLAY_VARIANT = 2
      DISPLAY_SCRIPT = 3
      baseLocale = class sun.util.locale.BaseLocale@b0a11405
      localeExtensions = null
      hashCodeValue = 96636889
      defaultLocale = class java.util.Locale@48b5c92d
      defaultDisplayLocale = null
      defaultFormatLocale = class java.util.Locale@48b5c92d
      serialPersistentFields = class java.io.ObjectStreamField[6]
      isoLanguages = null
      isoCountries = null
      $assertionsDisabled = true
    treeLock = class java.lang.Object@53dcab36
    parent = class com.ibm.ws.logging.internal.WsLogger@9d0e71ff
      tc = class com.ibm.websphere.ras.TraceComponent@4ab8b098
      ivCachedResourceBundleName = "com.ibm.ws.webcontainer.resources.Messages"
      ivCachedResourceBundle = class com.ibm.ws.webcontainer.resources.Messages@55bfd2be
      ivComponent = null
      ivOrganization = null
      ivProduct = null
      ivMinimumLocalizationLevelIntValue = 625
      ivTC = class com.ibm.websphere.ras.TraceComponent@e42fa20e
      loggerRegistrationComponent = class java.lang.ThreadLocal@b291bd40
      emptyHandlers = class java.util.logging.Handler[0]
      offValue = 2147483647
      manager = class com.ibm.ws.kernel.boot.logging.WsLogManager@38673413
      name = "com.ibm.ws.webcontainer"
      handlers = class java.util.concurrent.CopyOnWriteArrayList@c81d6050
      resourceBundleName = "com.ibm.ws.webcontainer.resources.Messages"
      useParentHandlers = true
      filter = null
      anonymous = false
      catalog = class com.ibm.ws.webcontainer.resources.Messages@55bfd2be
      catalogName = "com.ibm.ws.webcontainer.resources.Messages"
      catalogLocale = class java.util.Locale@48b5c92d
      treeLock = class java.lang.Object@53dcab36
      parent = class java.util.logging.Logger@980d99dc
      kids = class java.util.ArrayList@e17cc8ad
      levelObject = class java.util.logging.Level@c8de2b44
      levelValue = 800
      callersClassLoaderRef = class java.lang.ref.WeakReference@22510985
      isSystemLogger = false
      GLOBAL_LOGGER_NAME = "global"
      global = class java.util.logging.Logger@96c47a49
      SYSTEM_LOGGER_RB_NAME = "sun.util.logging.resources.logging"
    kids = null
    levelObject = class java.util.logging.Level@c8de2b44
      defaultBundle = "sun.util.logging.resources.logging"
      name = "INFO"
      value = 800
      resourceBundleName = "sun.util.logging.resources.logging"
      localizedLevelName = "INFO"
      cachedLocale = class java.util.Locale@48b5c92d
      OFF = class java.util.logging.Level@81b87a
      SEVERE = class java.util.logging.Level@dfc06fea
      WARNING = class java.util.logging.Level@3f666660
      INFO = class java.util.logging.Level@c8de2b44
      CONFIG = class java.util.logging.Level@eb7fd208
      FINE = class java.util.logging.Level@7bfa52b1
      FINER = class java.util.logging.Level@17f047a1
      FINEST = class java.util.logging.Level@8ce0fa88
      ALL = class java.util.logging.Level@7a0b4bbf
      serialVersionUID = -8176160795706313070
    levelValue = 800
    callersClassLoaderRef = class java.lang.ref.WeakReference@4519e909
      STATE_INITIAL = 0
      STATE_CLEARED = 1
      STATE_ENQUEUED = 2
      referent = class org.eclipse.osgi.internal.loader.EquinoxClassLoader@ca78051b
      queue = null
      state = 0
    isSystemLogger = false
    GLOBAL_LOGGER_NAME = "global"
    global = class java.util.logging.Logger@96c47a49
      emptyHandlers = class java.util.logging.Handler[0]
      offValue = 2147483647
      manager = class com.ibm.ws.kernel.boot.logging.WsLogManager@38673413
      name = "global"
      handlers = class java.util.concurrent.CopyOnWriteArrayList@df9084b
      resourceBundleName = null
      useParentHandlers = true
      filter = null
      anonymous = false
      catalog = null
      catalogName = null
      catalogLocale = null
      treeLock = class java.lang.Object@53dcab36
      parent = class java.util.logging.LogManager$RootLogger@716d2bbc
      kids = null
      levelObject = null
      levelValue = 800
      callersClassLoaderRef = null
      isSystemLogger = true
      GLOBAL_LOGGER_NAME = "global"
      global = class java.util.logging.Logger@96c47a49
      SYSTEM_LOGGER_RB_NAME = "sun.util.logging.resources.logging"
    SYSTEM_LOGGER_RB_NAME = "sun.util.logging.resources.logging"
  CLASS_NAME = "com.ibm.ws.webcontainer.filter.WebAppFilterManager"
  nls = class com.ibm.ejs.ras.TraceNLS@9fd399ba
    resolver = class com.ibm.ws.logging.internal.TraceNLSResolver@83151f64
      tc = class com.ibm.websphere.ras.TraceComponent@9df80742
      DEBUG_TRACE_NLS_PROPERTY = "com.ibm.ejs.ras.debugTraceNLSResolver"
      debugTraceNLSResolver = false
      makeNoise = false
      nullKey = "null"
      svNullBundleName = "Resource Bundle name is null, key = {0}"
      svBundleNotLoaded = "Unable to load ResourceBundle {0}"
      svNullKeyMessage = "Null key passed while using ResourceBundle {0}"
      svMalformedMessage = "No message text associated with key {0} in bundle {1}"
    finder = class com.ibm.ws.logging.internal.StackFinder@6abb3a00
      inCheck = false
      initialized = true
      rootGroup = class java.lang.ThreadGroup@b629cd82
      packageAccessValid = false
      packageAccess = null
      packageAccessLock = class java.lang.SecurityManager$InterruptAccessLock@328ca402
      packageDefinitionValid = false
      packageDefinition = null
      packageDefinitionLock = class java.lang.SecurityManager$InterruptDefinitionLock@8cd1d65
    ivBundleName = "com.ibm.ws.webcontainer.resources.Messages"
    caller = class java.lang.Class@319040a
      serialVersionUID = 3206093459760846163
      AllPermissionsPD = class java.security.ProtectionDomain@7fbfce93
      SYNTHETIC = 4096
      ANNOTATION = 8192
      ENUM = 16384
      MEMBER_INVALID_TYPE = -1
      EmptyParameters = class java.lang.Class[0]
      vmRef = 49152256
      classLoader = class org.eclipse.osgi.internal.loader.EquinoxClassLoader@ca78051b
      protectionDomain = class org.eclipse.osgi.internal.loader.ModuleClassLoader$GenerationProtectionDomain@d1331d87
      classNameString = "com.ibm.ws.webcontainer.filter.WebAppFilterManager"
      annotationType = null
      classValueMap = class java.lang.ClassValue$ClassValueMap@312e7bde
      initializationLock = null
      classCastHandle = null
      enumVars = null
      enumVarsOffset = 44
      classRepoHolder = null
      annotationCache = class java.lang.Class$AnnotationCache@e0ad2158
      annotationCacheOffset = 52
      unsafe = class sun.misc.Unsafe@d9e412a7
      copyMethod = class java.lang.reflect.Method@dd4fe994
      copyField = class java.lang.reflect.Method@b05dab72
      copyConstructor = class java.lang.reflect.Method@9d1591df
      methodParameterTypesField = class java.lang.reflect.Field@83a503b9
      constructorParameterTypesField = class java.lang.reflect.Field@3723dfc8
      NoArgs = class java.lang.Object[0]
      PublicKey = class java.lang.Class$CacheKey@2decc7e9
      DeclaredKey = class java.lang.Class$CacheKey@b728011c
      queue = class java.lang.ref.ReferenceQueue@889d9b00
  webAppConfig = class com.ibm.ws.webcontainer.osgi.webapp.WebAppConfiguration@b0c4dd99
    webModuleMetaData = class com.ibm.ws.webcontainer.osgi.metadata.WebModuleMetaDataImpl@2d169b3c
      applicationMetaData = class com.ibm.ws.container.service.app.deploy.internal.ApplicationMetaDataImpl@83713b22
      j2eeName = class com.ibm.ws.container.service.metadata.internal.J2EENameImpl@b65f184e
      wccmd = class com.ibm.ws.webcontainer.osgi.metadata.WebCollaboratorComponentMetaDataImpl@e6478d3b
      securityMetaData = class com.ibm.ws.webcontainer.security.metadata.SecurityServletConfiguratorHelper@f643ee55
      annotatedSecurityMetaData = null
      webAppConfig = class com.ibm.ws.webcontainer.osgi.webapp.WebAppConfiguration@b0c4dd99
      _isServlet23OrHigher = false
      jspComponentMetaData = class com.ibm.ws.jsp.runtime.metadata.JspComponentMetaData@3161fda6
      sessionCookieNameInUse = null
      mBeanServiceReg = class org.eclipse.osgi.internal.serviceregistry.ServiceRegistrationImpl@8e4e9b5c
      tc = class com.ibm.websphere.ras.TraceComponent@d2f860d1
      NUM_STATIC_SLOTS = 4
      ID_UNINITIALIZED = -1
      id = 0
      metaDataInterface = class java.lang.Class@4f47297e
      staticSlots = class java.lang.Object[4]
      dynamicSlots = class java.lang.Object[4]
    webComponentMetaData = class com.ibm.ws.webcontainer.osgi.metadata.WebComponentMetaDataImpl@5aae9c8b
    dVirtualHost = class com.ibm.ws.webcontainer.osgi.DynamicVirtualHost@d562dedb
      tc = class com.ibm.websphere.ras.TraceComponent@80d56db1
      CLASS_NAME = "com.ibm.ws.webcontainer.osgi.DynamicVirtualHost"
      webContainerParent = class com.ibm.ws.webcontainer.osgi.WebContainer@57dcfc9b
      dhostConfig = class com.ibm.ws.webcontainer.osgi.DynamicVirtualHostConfiguration@12bc5aae
      predefinedMatcher = null
      normalizeRequestURI = false
      logger = class com.ibm.ws.logging.internal.WsLogger@9d0e71ff
      CLASS_NAME = "com.ibm.ws.webcontainer.VirtualHost"
      vHostConfig = class com.ibm.ws.webcontainer.osgi.DynamicVirtualHostConfiguration@12bc5aae
      commands = class java.util.ArrayList@bf85aa14
      requestMapper = class com.ibm.wsspi.webcontainer.util.URIMapper@515684dd
      parent = class com.ibm.ws.webcontainer.osgi.WebContainer@57dcfc9b
      name = "default_host"
      isAlive = true
      subElements = class java.util.HashMap@8cfa0670
      attributes = null
      config = null
      serialVersionUID = -8271459000149267764
      $$$tc$$$ = class com.ibm.websphere.ras.TraceComponent@2fc29dc0
    orderedLibPaths = class java.util.Collections$UnmodifiableRandomAccessList@77501dc7
      serialVersionUID = -2542308836966382001
      serialVersionUID = -283967356065247728
      list = class java.util.ArrayList@fb561669
      serialVersionUID = 1820017752578914078
      c = class java.util.ArrayList@fb561669
    bundleHeaders = null
    cdiEnabled = false
    CLASS_NAME = "com.ibm.ws.webcontainer.webapp.WebAppConfiguration"
    logger = class com.ibm.ws.logging.internal.WsLogger@a2385747
      tc = class com.ibm.websphere.ras.TraceComponent@4ab8b098
      ivCachedResourceBundleName = null
      ivCachedResourceBundle = null
      ivComponent = null
      ivOrganization = null
      ivProduct = null
      ivMinimumLocalizationLevelIntValue = 625
      ivTC = class com.ibm.websphere.ras.TraceComponent@c8642e8a
      loggerRegistrationComponent = class java.lang.ThreadLocal@b291bd40
      emptyHandlers = class java.util.logging.Handler[0]
      offValue = 2147483647
      manager = class com.ibm.ws.kernel.boot.logging.WsLogManager@38673413
      name = "com.ibm.ws.webcontainer.webapp"
      handlers = class java.util.concurrent.CopyOnWriteArrayList@facde942
      resourceBundleName = "com.ibm.ws.webcontainer.resources.Messages"
      useParentHandlers = true
      filter = null
      anonymous = false
      catalog = class com.ibm.ws.webcontainer.resources.Messages@55bfd2be
      catalogName = "com.ibm.ws.webcontainer.resources.Messages"
      catalogLocale = class java.util.Locale@48b5c92d
      treeLock = class java.lang.Object@53dcab36
      parent = class com.ibm.ws.logging.internal.WsLogger@9d0e71ff
      kids = null
      levelObject = class java.util.logging.Level@c8de2b44
      levelValue = 800
      callersClassLoaderRef = class java.lang.ref.WeakReference@6ba66866
      isSystemLogger = false
      GLOBAL_LOGGER_NAME = "global"
      global = class java.util.logging.Logger@96c47a49
      SYSTEM_LOGGER_RB_NAME = "sun.util.logging.resources.logging"
    tc = class com.ibm.websphere.ras.TraceComponent@e895737c
      strings[0] = "TraceComponent[com.ibm.ws.webcontainer.webapp.WebAppConfiguration,class com.ibm.ws.webcontainer.webapp.WebAppConfiguration,[webcontainer],com.ibm.ws.webcontainer.resources.LShimMessages,null]"
    nls = class com.ibm.ejs.ras.TraceNLS@8cc57026
      resolver = class com.ibm.ws.logging.internal.TraceNLSResolver@83151f64
      finder = class com.ibm.ws.logging.internal.StackFinder@6abb3a00
      ivBundleName = "com.ibm.ws.webcontainer.resources.Messages"
      caller = class java.lang.Class@b152730
    version = 31
    contextRoot = "/"
    sessionTimeout = 0
    moduleSessionTimeoutSet = false
    moduleSessionTrackingModeSet = false
    sessionCookieConfig = class com.ibm.ws.session.SessionCookieConfigImpl@ee182f2c
      comment = ""
      domain = ""
      maxAge = -1
      maxAgeSet = false
      name = "JSESSIONID"
      path = "/"
      httpOnly = true
      httpOnlySet = false
      secure = false
      secureSet = false
      contextInitialized = true
      externalCall = true
      programmaticChange = false
      nls = class com.ibm.ejs.ras.TraceNLS@8be1f53a
    hasProgrammaticCookieConfig = false
    sessionDefaultTrackingModeSet = class java.util.RegularEnumSet@4652324d
      serialVersionUID = 3411599620347842686
      elements = 1
      elementType = class java.lang.Class@b8affef8
      universe = class javax.servlet.SessionTrackingMode[3]
      ZERO_LENGTH_ENUM_ARRAY = class java.lang.Enum[0]
      MAX_ARRAY_SIZE = 2147483639
    sessionManagerConfig = class com.ibm.ws.session.SessionManagerConfig@239a5104
      usingWebContainerSM = true
      useContextRootForSessionCookiePath = false
      usingMemory = true
      usingDatabase = false
      usingMemToMem = false
      enableUrlProtocolSwitchRewriting = false
      dcookieName = "SSLJSESSION"
      sipSessionCookieName = "ibmappid"
      inMemorySize = 1000
      enableOverflow = true
      sessionInvalidationTime = 1800
      integrateSec = true
      throwSecurityExceptionOnGetSessionFalse = true
      invalidateOnUnauthorizedSessionRequestException = false
      allowSerializedSessionAccess = false
      serializedSessionAccessMaxWaitTime = 0
      accessSessionOnTimeout = true
      JNDIDataSourceName = "jdbc/sample"
      sessionDBID = null
      sessionDBPWD = null
      rowSize = 4
      tableSpaceName = null
      usingMultirow = false
      drsSettings = null
      enableEOSWrite = true
      enableManualWrite = false
      enableTimeBasedWrite = false
      mPropertyWriterInterval = 120
      writeAllProperties = false
      scheduledInvalidation = false
      firstHour = 0
      secondHour = 0
      is_zOS = false
      serverId = "01905170-64bd-4dec-a7a9-081f5b878b5b"
      cloneId = "01905170-64bd-4dec-a7a9-081f5b878b5b"
      sacKey = "DEFAULT_SAC_KEY"
      cloneSeparator = :
      debugSessionCrossover = false
      cloneIdPropertySet = false
      expectedCloneIdsPropertySet = false
      expectedCloneIds = null
      idReuse = false
      reaperPollInterval = 122
      turnOffCacheId = false
      turnOffCloneId = false
      noAffinitySwitchBack = false
      maxSessionIdentifierLength = 1024
      sessUrlRewritePrefix = ";jsessionid="
      tableNameValue = null
      checkRecentlyInvalidList = true
      useOracleBlob = false
      usingCustomSchemaName = false
      trackGCCount = false
      hideSessionValues = true
      hideSessionValuesPropertySet = false
      doRemoteInvalidations = true
      zosBaseServerReplication = false
      servlet21SessionCompat = false
      cacheIdLength = 0
      sessionIDLength = 23
      trackingModes = class java.util.RegularEnumSet@c3a10b98
      privateSessionCookieName = "JSESSIONID"
      privateSessionCookieComment = ""
      privateSessionCookieDomain = ""
      privateSessionCookieMaxAge = -1
      privateSessionCookiePath = "/"
      privateSessionCookieSecure = false
      privateSessionCookieHttpOnly = true
      cookieConfig = class com.ibm.ws.session.SessionCookieConfigImpl@ee182f2c
      SIPConvergedHttpPort = 80
      SIPConvergedHttpsPort = 443
      SIPConvergedHostName = "localhost"
      optimizeCacheIdIncrements = false
      alwaysEncodeURL = false
      checkSessionCookieNameOnEncodeURL = false
      onlyCheckInCacheDuringPreInvoke = false
      enableHotFailover = true
      forceSessionInvalidationMultiple = 3
      persistSessionAfterPassivation = false
      usingApplicationSessionsAndInvalidateAll = false
      usingApplicationSessionsAlwaysRetrieve = false
      forceSessionIdLengthCheck = false
      securityUserIgnoreCase = false
      sessionTableSkipIndexCreation = false
      checkSessionNewOnIsValidRequest = true
      delayInvalidationAlarmDuringServerStartup = 0
      useSeparateSessionInvalidatorThreadPool = true
      connectionRetryCount = 2
    displayName = "Game of Bluemix"
    description = null
    reloadInterval = 3
    distributable = false
    denyUncoveredHttpMethods = false
    reloadingEnabled = true
    serveServletsByClassnameEnabled = false
    defaultErrorPage = null
    additionalClassPath = null
    fileServingEnabled = true
    directoryBrowsingEnabled = false
    autoRequestEncoding = false
    autoResponseEncoding = false
    autoLoadFilters = false
    requestListeners = null
    requestAttributeListeners = null
    sessionListeners = null
    localeMap = null
    moduleName = "Game-of-Bluemix"
    j2eeModuleName = "Game-of-Bluemix.war"
    moduleId = null
    isSyncToThreadEnabled = false
    isSystemApp = false
    ardEnabled = false
    ardDispatchType = null
    listeners = class java.util.ArrayList@b9ea1403
      serialVersionUID = 8683452581122892189
      DEFAULT_CAPACITY = 10
      EMPTY_ELEMENTDATA = class java.lang.Object[0]
      elementData = class java.lang.Object[0]
      size = 0
      MAX_ARRAY_SIZE = 2147483639
      modCount = 0
      MAX_ARRAY_SIZE = 2147483639
    welcomeFileList = class java.util.ArrayList@6d91fe30
      serialVersionUID = 8683452581122892189
      DEFAULT_CAPACITY = 10
      EMPTY_ELEMENTDATA = class java.lang.Object[0]
      elementData = class java.lang.Object[10]
      size = 6
      MAX_ARRAY_SIZE = 2147483639
      modCount = 6
      MAX_ARRAY_SIZE = 2147483639
    servletMappings = class java.util.HashMap@765c7dd0
      DEFAULT_INITIAL_CAPACITY = 16
      MAXIMUM_CAPACITY = 1073741824
      DEFAULT_LOAD_FACTOR = 0.75
      EMPTY_TABLE = class java.util.HashMap$Entry[0]
      table = class java.util.HashMap$Entry[16]
      size = 1
      threshold = 12
      loadFactor = 0.75
      modCount = 1
      ALTERNATIVE_HASHING_THRESHOLD_DEFAULT = 2147483647
      hashSeed = 0
      entrySet = null
      serialVersionUID = 362498820763181265
      keySet = null
      values = null
    lastIndexBeforeDeclaredFilters = 0
    filterMappings = class java.util.ArrayList@52e3ba34
      serialVersionUID = 8683452581122892189
      DEFAULT_CAPACITY = 10
      EMPTY_ELEMENTDATA = class java.lang.Object[0]
      elementData = class java.lang.Object[10]
      size = 1
      MAX_ARRAY_SIZE = 2147483639
      modCount = 1
      MAX_ARRAY_SIZE = 2147483639
    servletInfo = class java.util.HashMap@242541ff
      DEFAULT_INITIAL_CAPACITY = 16
      MAXIMUM_CAPACITY = 1073741824
      DEFAULT_LOAD_FACTOR = 0.75
      EMPTY_TABLE = class java.util.HashMap$Entry[0]
      table = class java.util.HashMap$Entry[16]
      size = 2
      threshold = 12
      loadFactor = 0.75
      modCount = 2
      ALTERNATIVE_HASHING_THRESHOLD_DEFAULT = 2147483647
      hashSeed = 0
      entrySet = null
      serialVersionUID = 362498820763181265
      keySet = class java.util.HashMap$KeySet@156d62c3
      values = class java.util.HashMap$Values@9456524e
    filterInfo = class java.util.HashMap@e2f029dc
      DEFAULT_INITIAL_CAPACITY = 16
      MAXIMUM_CAPACITY = 1073741824
      DEFAULT_LOAD_FACTOR = 0.75
      EMPTY_TABLE = class java.util.HashMap$Entry[0]
      table = class java.util.HashMap$Entry[16]
      size = 1
      threshold = 12
      loadFactor = 0.75
      modCount = 1
      ALTERNATIVE_HASHING_THRESHOLD_DEFAULT = 2147483647
      hashSeed = 0
      entrySet = null
      serialVersionUID = 362498820763181265
      keySet = null
      values = class java.util.HashMap$Values@38ce5ac3
    mimeMappings = class java.util.HashMap@a8f79514
      DEFAULT_INITIAL_CAPACITY = 16
      MAXIMUM_CAPACITY = 1073741824
      DEFAULT_LOAD_FACTOR = 0.75
      EMPTY_TABLE = class java.util.HashMap$Entry[0]
      table = class java.util.HashMap$Entry[0]
      size = 0
      threshold = 16
      loadFactor = 0.75
      modCount = 0
      ALTERNATIVE_HASHING_THRESHOLD_DEFAULT = 2147483647
      hashSeed = 0
      entrySet = null
      serialVersionUID = 362498820763181265
      keySet = null
      values = null
    mimeFilters = null
    isMimeFilteringEnabled = false
    theWebGroup = null
    jspAttributes = class java.util.HashMap@28d9af6a
      DEFAULT_INITIAL_CAPACITY = 16
      MAXIMUM_CAPACITY = 1073741824
      DEFAULT_LOAD_FACTOR = 0.75
      EMPTY_TABLE = class java.util.HashMap$Entry[0]
      table = class java.util.HashMap$Entry[0]
      size = 0
      threshold = 16
      loadFactor = 0.75
      modCount = 0
      ALTERNATIVE_HASHING_THRESHOLD_DEFAULT = 2147483647
      hashSeed = 0
      entrySet = null
      serialVersionUID = 362498820763181265
      keySet = class java.util.HashMap$KeySet@9a09047b
      values = null
    fileServingAttributes = class java.util.HashMap@fe6f83e3
      DEFAULT_INITIAL_CAPACITY = 16
      MAXIMUM_CAPACITY = 1073741824
      DEFAULT_LOAD_FACTOR = 0.75
      EMPTY_TABLE = class java.util.HashMap$Entry[0]
      table = class java.util.HashMap$Entry[0]
      size = 0
      threshold = 16
      loadFactor = 0.75
      modCount = 0
      ALTERNATIVE_HASHING_THRESHOLD_DEFAULT = 2147483647
      hashSeed = 0
      entrySet = null
      serialVersionUID = 362498820763181265
      keySet = null
      values = null
    invokerAttributes = class java.util.HashMap@960871e1
      DEFAULT_INITIAL_CAPACITY = 16
      MAXIMUM_CAPACITY = 1073741824
      DEFAULT_LOAD_FACTOR = 0.75
      EMPTY_TABLE = class java.util.HashMap$Entry[0]
      table = class java.util.HashMap$Entry[0]
      size = 0
      threshold = 16
      loadFactor = 0.75
      modCount = 0
      ALTERNATIVE_HASHING_THRESHOLD_DEFAULT = 2147483647
      hashSeed = 0
      entrySet = null
      serialVersionUID = 362498820763181265
      keySet = null
      values = null
    contextParams = class java.util.HashMap@4df5b4fb
      DEFAULT_INITIAL_CAPACITY = 16
      MAXIMUM_CAPACITY = 1073741824
      DEFAULT_LOAD_FACTOR = 0.75
      EMPTY_TABLE = class java.util.HashMap$Entry[0]
      table = class java.util.HashMap$Entry[0]
      size = 0
      threshold = 16
      loadFactor = 0.75
      modCount = 0
      ALTERNATIVE_HASHING_THRESHOLD_DEFAULT = 2147483647
      hashSeed = 0
      entrySet = null
      serialVersionUID = 362498820763181265
      keySet = null
      values = null
    virtualHost = "default_host"
    exceptionErrorPages = class java.util.HashMap@3ee2134c
      DEFAULT_INITIAL_CAPACITY = 16
      MAXIMUM_CAPACITY = 1073741824
      DEFAULT_LOAD_FACTOR = 0.75
      EMPTY_TABLE = class java.util.HashMap$Entry[0]
      table = class java.util.HashMap$Entry[0]
      size = 0
      threshold = 16
      loadFactor = 0.75
      modCount = 0
      ALTERNATIVE_HASHING_THRESHOLD_DEFAULT = 2147483647
      hashSeed = 0
      entrySet = null
      serialVersionUID = 362498820763181265
      keySet = null
      values = null
    codeErrorPages = class java.util.HashMap@427dbaba
      DEFAULT_INITIAL_CAPACITY = 16
      MAXIMUM_CAPACITY = 1073741824
      DEFAULT_LOAD_FACTOR = 0.75
      EMPTY_TABLE = class java.util.HashMap$Entry[0]
      table = class java.util.HashMap$Entry[0]
      size = 0
      threshold = 16
      loadFactor = 0.75
      modCount = 0
      ALTERNATIVE_HASHING_THRESHOLD_DEFAULT = 2147483647
      hashSeed = 0
      entrySet = null
      serialVersionUID = 362498820763181265
      keySet = null
      values = null
    tagLibList = null
    precompileJsps = false
    webApp = class com.ibm.ws.webcontainer31.osgi.webapp.WebApp31@d95ffcfc
    virtualHostList = class java.util.Collections$EmptyList@ed8f25b0
      serialVersionUID = 8842843931221139166
      modCount = 0
      MAX_ARRAY_SIZE = 2147483639
    appStartupWeight = 0
    moduleStartupWeight = 0
    metaDataComplete = false
    classesToScan = class java.util.ArrayList@55d530cc
      serialVersionUID = 8683452581122892189
      DEFAULT_CAPACITY = 10
      EMPTY_ELEMENTDATA = class java.lang.Object[0]
      elementData = class java.lang.Object[0]
      size = 0
      MAX_ARRAY_SIZE = 2147483639
      modCount = 0
      MAX_ARRAY_SIZE = 2147483639
    uriFilterMappingInfos = class java.util.ArrayList@39bbd5d9
      serialVersionUID = 8683452581122892189
      DEFAULT_CAPACITY = 10
      EMPTY_ELEMENTDATA = class java.lang.Object[0]
      elementData = class java.lang.Object[10]
      size = 1
      MAX_ARRAY_SIZE = 2147483639
      modCount = 1
      MAX_ARRAY_SIZE = 2147483639
    servletFilterMappingInfos = null
    dynamicServletRegistrationMap = null
    applicationName = "Game-of-Bluemix"
    libBinPathList = class java.util.ArrayList@8f54fbdc
      serialVersionUID = 8683452581122892189
      DEFAULT_CAPACITY = 10
      EMPTY_ELEMENTDATA = class java.lang.Object[0]
      elementData = class java.lang.Object[0]
      size = 0
      MAX_ARRAY_SIZE = 2147483639
      modCount = 0
      MAX_ARRAY_SIZE = 2147483639
    webXmlDefinedListeners = class java.util.HashSet@9940d99c
      serialVersionUID = -5024744406713321676
      map = class java.util.HashMap@2a838c9a
      PRESENT = class java.lang.Object@6358362d
      MAX_ARRAY_SIZE = 2147483639
    allRefs = class java.util.EnumMap@1074bd27
      keyType = class java.lang.Class@5bfc9c29
      keyUniverse = class com.ibm.wsspi.injectionengine.JNDIEnvironmentRefType[14]
      vals = class java.lang.Object[14]
      size = 0
      NULL = class java.util.EnumMap$1@1ebf3bc8
      ZERO_LENGTH_ENUM_ARRAY = class java.lang.Enum[0]
      entrySet = null
      serialVersionUID = 458661240069192865
      keySet = null
      values = null
    allRefBindings = class java.util.EnumMap@8f2da50b
      keyType = class java.lang.Class@5bfc9c29
      keyUniverse = class com.ibm.wsspi.injectionengine.JNDIEnvironmentRefType[14]
      vals = class java.lang.Object[14]
      size = 6
      NULL = class java.util.EnumMap$1@1ebf3bc8
      ZERO_LENGTH_ENUM_ARRAY = class java.lang.Enum[0]
      entrySet = null
      serialVersionUID = 458661240069192865
      keySet = null
      values = null
    envEntryValues = class java.util.HashMap@9c71c496
      DEFAULT_INITIAL_CAPACITY = 16
      MAXIMUM_CAPACITY = 1073741824
      DEFAULT_LOAD_FACTOR = 0.75
      EMPTY_TABLE = class java.util.HashMap$Entry[0]
      table = class java.util.HashMap$Entry[0]
      size = 0
      threshold = 16
      loadFactor = 0.75
      modCount = 0
      ALTERNATIVE_HASHING_THRESHOLD_DEFAULT = 2147483647
      hashSeed = 0
      entrySet = null
      serialVersionUID = 362498820763181265
      keySet = null
      values = null
    resourceRefConfigList = class com.ibm.ws.resource.internal.ResourceRefConfigListImpl@bc24bfb1
      ivList = class java.util.ArrayList@800db257
      ivMap = class java.util.HashMap@27f2d5e8
      serialVersionUID = 5502773099641523293
      $$$tc$$$ = class com.ibm.websphere.ras.TraceComponent@bea33a85
    disallowAllFileServingProp = "false"
    disallowServeServletsByClassnameProp = "true"
    disableStaticMappingCache = false
    jspCachedLocations = class java.util.HashMap@b86521a
      DEFAULT_INITIAL_CAPACITY = 16
      MAXIMUM_CAPACITY = 1073741824
      DEFAULT_LOAD_FACTOR = 0.75
      EMPTY_TABLE = class java.util.HashMap$Entry[0]
      table = class java.util.HashMap$Entry[0]
      size = 0
      threshold = 16
      loadFactor = 0.75
      modCount = 0
      ALTERNATIVE_HASHING_THRESHOLD_DEFAULT = 2147483647
      hashSeed = 0
      entrySet = null
      serialVersionUID = 362498820763181265
      keySet = null
      values = null
    _id = "WebAppGeneratedId2"
    _attributes = null
    serialVersionUID = 7511545662945734886
    $$$tc$$$ = class com.ibm.websphere.ras.TraceComponent@58c53865
      strings[0] = "TraceComponent[com.ibm.ws.container.BaseConfiguration,class com.ibm.ws.container.BaseConfiguration,[],null,null]"
  webApp = class com.ibm.ws.webcontainer31.osgi.webapp.WebApp31@d95ffcfc
    tc = class com.ibm.websphere.ras.TraceComponent@567b6e36
      strings[0] = "TraceComponent[com.ibm.ws.webcontainer31.osgi.webapp.WebApp31,class com.ibm.ws.webcontainer31.osgi.webapp.WebApp31,[webcontainer],com.ibm.ws.webcontainer31.resources.Messages,null]"
    CLASS_NAME = "com.ibm.ws.webcontainer31.osgi.webapp.WebApp31"
    servlet31NLS = class com.ibm.ejs.ras.TraceNLS@a9d5cabb
      resolver = class com.ibm.ws.logging.internal.TraceNLSResolver@83151f64
      finder = class com.ibm.ws.logging.internal.StackFinder@6abb3a00
      ivBundleName = "com.ibm.ws.webcontainer31.resources.Messages"
      caller = class java.lang.Class@c0c9a6d
    validListenerClasses = class java.lang.Class[7]
      validListenerClasses[0] = class java.lang.Class@a4d05a55
      validListenerClasses[1] = class java.lang.Class@877166f9
      validListenerClasses[2] = class java.lang.Class@5528032c
      validListenerClasses[3] = class java.lang.Class@31b36e59
      validListenerClasses[4] = class java.lang.Class@c695045b
      validListenerClasses[5] = class java.lang.Class@200a21d4
      validListenerClasses[6] = class java.lang.Class@edc535cb
    wsocServHandler = class com.ibm.ws.wsoc.external.WsocHandlerImpl@4ef242fa
      tc = class com.ibm.websphere.ras.TraceComponent@c34b85b0
      noMoreAddsCalled = true
      serialVersionUID = -2067291126638824067
    tc = class com.ibm.websphere.ras.TraceComponent@addfa6ce
      strings[0] = "TraceComponent[com.ibm.ws.webcontainer.osgi.webapp.WebApp,class com.ibm.ws.webcontainer.osgi.webapp.WebApp,[webcontainer],com.ibm.ws.webcontainer.resources.LShimMessages,null]"
    CLASS_NAME = "com.ibm.ws.webcontainer.osgi.webapp.WebApp"
    metaDataService = class com.ibm.ws.container.service.metadata.internal.MetaDataServiceImpl@31faa4ba
      applicationMetaDataManager = class com.ibm.ws.container.service.metadata.internal.ApplicationMetaDataManager@b4d0fa16
      moduleMetaDataManager = class com.ibm.ws.container.service.metadata.internal.ModuleMetaDataManager@a2ab2fbd
      componentMetaDataManager = class com.ibm.ws.container.service.metadata.internal.ComponentMetaDataManager@c27e0ad8
      methodMetaDataManager = class com.ibm.ws.container.service.metadata.internal.MethodMetaDataManager@f56aa6e3
      appModuleNameToModuleContainer = class java.util.concurrent.ConcurrentHashMap@c6131d9c
      jeeNameToComponentMetaData = class java.util.concurrent.ConcurrentHashMap@d656c03b
      deferredMetaDataFactories = class com.ibm.wsspi.kernel.service.utils.ConcurrentServiceReferenceSet@37f3a95d
      deferredMetaDataInitializers = class com.ibm.wsspi.kernel.service.utils.ConcurrentServiceReferenceMap@fea9e63a
      serialVersionUID = -2494605732980966097
      $$$tc$$$ = class com.ibm.websphere.ras.TraceComponent@3b32a652
    namespacePopulated = false
    referenceContext = class com.ibm.ws.injectionengine.osgi.internal.OSGiReferenceContextImpl@639201af
      scopeData = class com.ibm.ws.injectionengine.osgi.internal.OSGiInjectionScopeData@a9b80532
      serialVersionUID = 521511923892134915
      $$$tc$$$ = class com.ibm.websphere.ras.TraceComponent@f4738dc5
      CLASS_NAME = "com.ibm.ws.injectionengine.ReferenceContextImpl"
      tc = class com.ibm.ejs.ras.TraceComponent@d1b0909d
      ivInjectionEngine = class com.ibm.ws.injectionengine.osgi.internal.OSGiInjectionEngineImpl@1e2c4fef
      ivProviders = class java.util.ArrayList@9e1df95f
      ivComponentJavaContext = null
      ivComponentNameSpace = null
      ivJavaColonCompEnvMap = class java.util.LinkedHashMap@779ea3fe
      ivEjbContext10 = class java.util.Properties@c7cbaa9f
      ivResourceRefConfigList = class com.ibm.ws.resource.internal.ResourceRefConfigListImpl@bc24bfb1
      isAlreadyProcessed = true
      ivProcessFailure = null
      ivInjectionTargetMap = class java.util.concurrent.ConcurrentHashMap@9116679d
      ivDeclaredInjectionTargets = class java.util.HashMap@e8c0eb98
      ivProcessedInjectionClasses = class java.util.HashSet@2af6bf20
      ivProcessedInjectionBindings = class java.util.LinkedHashSet@f4dfce7b
      ivAnyProcessDynamic = true
      ivCheckAppConfig = false
    j2eeNameFactory = class com.ibm.ws.container.service.metadata.internal.J2EENameFactoryImpl@982a9d75
      serialVersionUID = 3486344295038028821
      $$$tc$$$ = class com.ibm.websphere.ras.TraceComponent@f435cc0f
    moduleLoader = class com.ibm.ws.classloading.internal.AppClassLoader@7be2f377
      tc = class com.ibm.websphere.ras.TraceComponent@2f62f9e2
      PARENT_FIRST_SEARCH_ORDER = class java.util.Collections$UnmodifiableRandomAccessList@f04e7bfc
      CLASS_LOADING_TRACE_PREFIX = "com.ibm.ws.class.load."
      DEFAULT_PACKAGE = "default.package"
      perPackageClassLoadingTraceComponents = class java.util.concurrent.ConcurrentHashMap@2d70ce35
      config = class com.ibm.ws.classloading.internal.ClassLoaderConfigurationImpl@e299b9d8
      privateLibraries = null
      delegateLoaders = class com.ibm.ws.classloading.internal.util.CompositeIterable@36371543
      nativeLibraryFiles = class java.util.ArrayList@bf4f1263
      transformers = class java.util.ArrayList@c369f20
      apiAccess = class com.ibm.ws.classloading.internal.GatewayClassLoader@d3eea718
      generator = class com.ibm.ws.classloading.internal.ClassGeneratorManager@5ca8d646
      protectionDomains = class java.util.concurrent.ConcurrentHashMap@a43bcc43
      parent = class com.ibm.ws.classloading.internal.GatewayClassLoader@d3eea718
      serialVersionUID = 960221346174702086
      tc = class com.ibm.websphere.ras.TraceComponent@8978c788
      EMPTY_URL_ARRAY = class java.net.URL[0]
      smartClassPath = class com.ibm.ws.classloading.internal.ContainerClassLoader$SmartClassPathImpl@d30a8a39
      nativeLibraryContainers = class java.util.ArrayList@eb441c08
      redefiner = class com.ibm.ws.classloading.internal.util.ClassRedefiner@17bb33b
      mapCreationQueue = class java.util.concurrent.Executors$FinalizableDelegatedExecutorService@3d2c8a10
      serialVersionUID = 7249739282446266343
      serialVersionUID = -7411549862368381758
      $$$tc$$$ = class com.ibm.websphere.ras.TraceComponent@1d61d408
      serialVersionUID = -4868702105808481416
      $$$tc$$$ = class com.ibm.websphere.ras.TraceComponent@f5c54954
      serialVersionUID = 2596921220292114344
      $$$tc$$$ = class com.ibm.websphere.ras.TraceComponent@95e7ae39
      initialized = true
      pdcache = class java.util.HashMap@edce99b6
      debug = null
      defaultCodeSource = class java.security.CodeSource@ad13e21d
      bootstrapClassLoader = class com.ibm.oti.vm.BootstrapClassLoader@50dcae2c
      applicationClassLoader = class sun.misc.Launcher$AppClassLoader@f4f8cae4
      initSystemClassLoader = false
      reflectCacheEnabled = true
      reflectCacheAppOnly = false
      reflectCacheDebug = false
      isAssertOptionFound = false
      vmRef = 139642208051992
      parent = class com.ibm.ws.classloading.internal.GatewayClassLoader@d3eea718
      initDone = true
      checkAssertionOptions = false
      assertionLock = class java.lang.ClassLoader$AssertionLock@718242d4
      defaultAssertionStatus = false
      packageAssertionStatus = null
      classAssertionStatus = null
      packages = class java.util.Hashtable@1e64611b
      lazyInitLock = class java.lang.ClassLoader$LazyInitLock@19a04de1
      classSigners = null
      packageSigners = class java.util.Hashtable@2d2b9658
      emptyCertificates = class java.security.cert.Certificate[0]
      defaultProtectionDomain = null
      parallelCapableCollection = class java.util.Collections$SynchronizedMap@98bb4c0b
      classNameBasedLock = null
      isParallelCapable = false
      allowArraySyntax = false
      lazyClassLoaderInit = true
      queue = class java.lang.ref.ReferenceQueue@71734f87
      methodCache = class java.util.Hashtable@20094000
      fieldCache = class java.util.Hashtable@c7efe6a3
      constructorCache = null
    webAppConfig = class com.ibm.ws.webcontainer.osgi.webapp.WebAppConfiguration@b0c4dd99
    extensionProcessingDisabled = false
    managedObjectService = class com.ibm.ws.cdi.impl.managedobject.CDIManagedObjectService@191c49c1
      cdiServiceRef = class com.ibm.wsspi.kernel.service.utils.AtomicServiceReference@e2fe4e0b
      defaultMOSRef = class com.ibm.wsspi.kernel.service.utils.AtomicServiceReference@bacb73ab
      cdiRuntime = class com.ibm.ws.cdi.liberty.CDIRuntimeImpl@142a4ca
      serialVersionUID = -2697988188171262037
      $$$tc$$$ = class com.ibm.websphere.ras.TraceComponent@f4fac75f
    GenPluginCfgMB = null
    internalServletMetaData = interface com.ibm.wsspi.webcontainer.metadata.WebComponentMetaData[2]
      internalServletMetaData[0] = null
      internalServletMetaData[1] = null
    loginProcessor = null
    logoutProcessor = null
    collabHelper = class com.ibm.ws.webcontainer.osgi.collaborator.CollaboratorHelperImpl@ba9ea4d9
    envObject = class com.ibm.ws.util.WSThreadLocal@25e19238
      tc = class com.ibm.ejs.ras.TraceComponent@44b8445b
      count = 9
      index = 4
      SUSPECTED_MISUSAGE_THRESHOLD = 200
      threadLocalHashCode = 1825325482
      nextHashCode = class java.util.concurrent.atomic.AtomicInteger@c655ca3e
      HASH_INCREMENT = 1640531527
    orderedLibPaths = class java.util.Collections$UnmodifiableRandomAccessList@77501dc7
    perm = class com.ibm.websphere.security.WebSphereRuntimePermission@c0921bdc
      serialVersionUID = -3306242789188168337
      $$$tc$$$ = class com.ibm.websphere.ras.TraceComponent@40c1fa5b
      serialVersionUID = 6279438298436773498
      wildcard = false
      path = "accessServletContext"
      exitVM = false
      serialVersionUID = -5636570222231596674
      name = "accessServletContext"
    WELCOME_FILE_LIST = "com.ibm.ws.webcontainer.config.WelcomeFileList"
    DIR_BROWSING_MAPPING = "__dirBrowsing__1483090342250"
    FILTER_PROXY_MAPPING = "/__filterProxy__1483090342250"
    logger = class com.ibm.ws.logging.internal.WsLogger@a2385747
    CLASS_NAME = "com.ibm.ws.webcontainer.webapp.WebApp"
    loader = class com.ibm.ws.classloading.internal.ThreadContextClassLoader@72439cc3
      tc = class com.ibm.websphere.ras.TraceComponent@97eb8ddc
      bundle = class java.util.concurrent.atomic.AtomicReference@8bbc648f
      key = "WebModule:Game-of-Bluemix#Game-of-Bluemix.war"
      refCount = class java.util.concurrent.atomic.AtomicInteger@606b219d
      appLoader = class com.ibm.ws.classloading.internal.AppClassLoader@7be2f377
      serialVersionUID = 7093379526360135425
      followOnClassLoaders = class java.util.ArrayList@cf4ee714
      serialVersionUID = -5107316606107305512
      $$$tc$$$ = class com.ibm.websphere.ras.TraceComponent@350c8917
      serialVersionUID = -4868702105808481416
      $$$tc$$$ = class com.ibm.websphere.ras.TraceComponent@f5c54954
      serialVersionUID = 2596921220292114344
      $$$tc$$$ = class com.ibm.websphere.ras.TraceComponent@95e7ae39
      initialized = true
      pdcache = class java.util.HashMap@2d538b6f
      debug = null
      defaultCodeSource = class java.security.CodeSource@ad13e21d
      bootstrapClassLoader = class com.ibm.oti.vm.BootstrapClassLoader@50dcae2c
      applicationClassLoader = class sun.misc.Launcher$AppClassLoader@f4f8cae4
      initSystemClassLoader = false
      reflectCacheEnabled = true
      reflectCacheAppOnly = false
      reflectCacheDebug = false
      isAssertOptionFound = false
      vmRef = 139642877056848
      parent = class com.ibm.ws.classloading.internal.GatewayClassLoader@8408816c
      initDone = true
      checkAssertionOptions = false
      assertionLock = class java.lang.ClassLoader$AssertionLock@c72399df
      defaultAssertionStatus = false
      packageAssertionStatus = null
      classAssertionStatus = null
      packages = null
      lazyInitLock = class java.lang.ClassLoader$LazyInitLock@385f25e
      classSigners = null
      packageSigners = null
      emptyCertificates = class java.security.cert.Certificate[0]
      defaultProtectionDomain = null
      parallelCapableCollection = class java.util.Collections$SynchronizedMap@98bb4c0b
      classNameBasedLock = null
      isParallelCapable = false
      allowArraySyntax = false
      lazyClassLoaderInit = true
      queue = class java.lang.ref.ReferenceQueue@71734f87
      methodCache = null
      fieldCache = null
      constructorCache = null
    facade = class com.ibm.ws.webcontainer31.facade.ServletContextFacade31@ce3b8458
      context = class com.ibm.ws.webcontainer31.osgi.webapp.WebApp31@d95ffcfc
    features = class java.util.ArrayList@3d093149
      serialVersionUID = 8683452581122892189
      DEFAULT_CAPACITY = 10
      EMPTY_ELEMENTDATA = class java.lang.Object[0]
      elementData = class java.lang.Object[0]
      size = 0
      MAX_ARRAY_SIZE = 2147483639
      modCount = 0
      MAX_ARRAY_SIZE = 2147483639
    applicationName = "Game-of-Bluemix"
    config = class com.ibm.ws.webcontainer.osgi.webapp.WebAppConfiguration@b0c4dd99
    securityEnabledForApp = true
    webExtensionProcessor = class com.ibm.ws.webcontainer.osgi.extension.WebExtensionProcessor@1727466b
      webApp = class com.ibm.ws.webcontainer31.osgi.webapp.WebApp31@d95ffcfc
      extensionContext = class com.ibm.ws.webcontainer31.osgi.webapp.WebApp31@d95ffcfc
    production = true
    isServlet23 = true
    contextPath = "/"
    internalServletList = class [Ljava.lang.String;[2]
      internalServletList[0] = class java.lang.String[2]
      internalServletList[1] = class java.lang.String[2]
    BY_NAME_ONLY = "/_1483090396466_/"
    filterManager = class com.ibm.ws.webcontainer.osgi.filter.WebAppFilterManagerImpl@c7b0caf8
    documentRoot = null
    SERVLET_API_VERSION = "Servlet 2.5"
    disableServletAuditLogging = -1
    serverInfo = "IBM WebSphere Liberty/16.0.0.3"
    sessionCtx = class com.ibm.ws.webcontainer31.session.impl.HttpSessionContext31Impl@b3c058a6
      methodClassName = "HttpSessionContextImpl"
      _smc = class com.ibm.ws.session.SessionManagerConfig@239a5104
      sessionStoreService = null
      _sap = class com.ibm.ws.session.SessionApplicationParameters@89147c93
      _coreHttpSessionManager = class com.ibm.ws.session.SessionManager@bb6ac01e
      _coreHttpAppSessionManager = null
      _sam = class com.ibm.ws.webcontainer.session.impl.SessionAffinityManagerImpl@5693d828
      isSIPApplication = false
      sessionAttributeListener = false
      sessionListener = true
      mHttpSessionAttributeListeners = class java.util.ArrayList@2911117f
      mHttpSessionListeners = class java.util.ArrayList@760718fd
      mHttpSessionIdListeners = class java.util.ArrayList@886ca74d
      mHttpSessionAttributeListenersJ2eeNames = class java.util.ArrayList@8624743a
      mHttpSessionListenersJ2eeNames = class java.util.ArrayList@31d5f51c
      mHttpSessionIdListenersJ2eeNames = class java.util.ArrayList@14f54e4a
      mLocalHost = null
      _refCount = 1
      currentThreadSacHashtable = null
      methodClassName = "SessionContext"
      ANONYMOUS_USER = "anonymous"
      wasHttpSessionObserver = class com.ibm.ws.session.WasHttpSessionObserver@7d4f718c
      wasHttpSessionAttributeObserver = null
      _invalidator = class com.ibm.ws.session.SessionInvalidatorWithThreadPool@ffe078d1
      _storer = class com.ibm.ws.session.EOSSessionStorer@d868d3c9
      wasHttpAppSessionObserver = null
      mHttpAppSessionListeners = null
      cmvcInfo = "CMVC Version 1.9 6/24/07 11:12:24"
      _loggedVersion = true
      CREATE_CORE_SESSION_MANAGER = 0
      GET_REQUESTED_SESSION_ID = 1
      GET_IHTTP_SESSION = 2
      SESSION_PRE_INVOKE = 3
      SESSION_POST_INVOKE = 4
      STOP = 5
      STOP_LISTENERS = 6
      IS_VALID = 7
      ENCODE_URL = 8
      SHOULD_ENCODE_URL = 9
      IS_PROTOCOL_SWITCH = 10
      GET_LOCAL_HOST = 11
      ADD_HTTP_SESSION_ATTRIBUTE_LISTENER = 12
      ADD_HTTP_SESSION_LISTENER = 13
      GET_SESSION_AFFINITY_CONTEXT = 14
      CHECK_SECURITY = 15
      INVALIDATE = 16
      CHECK_SESSSIONID_IS_RIGHT_LENGTH = 17
      LOCK_SESSION = 18
      UNLOCK_SESSION = 19
      ADD_HTTP_SESSION_ID_LISTENER = 20
      methodNames = class java.lang.String[21]
    eventSource = class com.ibm.ws.webcontainer.webapp.WebAppEventSource@de56badc
    nls = class com.ibm.ejs.ras.TraceNLS@4f1cc6f2
      resolver = class com.ibm.ws.logging.internal.TraceNLSResolver@83151f64
      finder = class com.ibm.ws.logging.internal.StackFinder@6abb3a00
      ivBundleName = "com.ibm.ws.webcontainer.resources.Messages"
      caller = class java.lang.Class@e7d2a37f
    liberty_nls = class com.ibm.ejs.ras.TraceNLS@b4999812
      resolver = class com.ibm.ws.logging.internal.TraceNLSResolver@83151f64
      finder = class com.ibm.ws.logging.internal.StackFinder@6abb3a00
      ivBundleName = "com.ibm.ws.webcontainer.resources.LShimMessages"
      caller = class java.lang.Class@e7d2a37f
    error_nls = class com.ibm.ejs.ras.TraceNLS@7774b5c7
      resolver = class com.ibm.ws.logging.internal.TraceNLSResolver@83151f64
      finder = class com.ibm.ws.logging.internal.StackFinder@6abb3a00
      ivBundleName = "com.ibm.ws.webcontainer.resources.ErrorPage"
      caller = class java.lang.Class@e7d2a37f
    sessionListeners = class java.util.ArrayList@a25d169f
      serialVersionUID = 8683452581122892189
      DEFAULT_CAPACITY = 10
      EMPTY_ELEMENTDATA = class java.lang.Object[0]
      elementData = class java.lang.Object[10]
      size = 1
      MAX_ARRAY_SIZE = 2147483639
      modCount = 2
      MAX_ARRAY_SIZE = 2147483639
    sessionIdListeners = class java.util.ArrayList@6bbec2dc
      serialVersionUID = 8683452581122892189
      DEFAULT_CAPACITY = 10
      EMPTY_ELEMENTDATA = class java.lang.Object[0]
      elementData = class java.lang.Object[0]
      size = 0
      MAX_ARRAY_SIZE = 2147483639
      modCount = 0
      MAX_ARRAY_SIZE = 2147483639
    sessionAttrListeners = class java.util.ArrayList@173e161d
      serialVersionUID = 8683452581122892189
      DEFAULT_CAPACITY = 10
      EMPTY_ELEMENTDATA = class java.lang.Object[0]
      elementData = class java.lang.Object[0]
      size = 0
      MAX_ARRAY_SIZE = 2147483639
      modCount = 1
      MAX_ARRAY_SIZE = 2147483639
    addedSessionListeners = class java.util.ArrayList@dd6ba339
      serialVersionUID = 8683452581122892189
      DEFAULT_CAPACITY = 10
      EMPTY_ELEMENTDATA = class java.lang.Object[0]
      elementData = class java.lang.Object[0]
      size = 0
      MAX_ARRAY_SIZE = 2147483639
      modCount = 0
      MAX_ARRAY_SIZE = 2147483639
    addedSessionAttrListeners = class java.util.ArrayList@9c46c1b3
      serialVersionUID = 8683452581122892189
      DEFAULT_CAPACITY = 10
      EMPTY_ELEMENTDATA = class java.lang.Object[0]
      elementData = class java.lang.Object[0]
      size = 0
      MAX_ARRAY_SIZE = 2147483639
      modCount = 0
      MAX_ARRAY_SIZE = 2147483639
    servletContextListeners = class java.util.ArrayList@a6079a62
      serialVersionUID = 8683452581122892189
      DEFAULT_CAPACITY = 10
      EMPTY_ELEMENTDATA = class java.lang.Object[0]
      elementData = class java.lang.Object[10]
      size = 4
      MAX_ARRAY_SIZE = 2147483639
      modCount = 5
      MAX_ARRAY_SIZE = 2147483639
    servletContextLAttrListeners = class java.util.ArrayList@143ab148
      serialVersionUID = 8683452581122892189
      DEFAULT_CAPACITY = 10
      EMPTY_ELEMENTDATA = class java.lang.Object[0]
      elementData = class java.lang.Object[0]
      size = 0
      MAX_ARRAY_SIZE = 2147483639
      modCount = 1
      MAX_ARRAY_SIZE = 2147483639
    servletRequestListeners = class java.util.ArrayList@e2d22d2a
      serialVersionUID = 8683452581122892189
      DEFAULT_CAPACITY = 10
      EMPTY_ELEMENTDATA = class java.lang.Object[0]
      elementData = class java.lang.Object[0]
      size = 0
      MAX_ARRAY_SIZE = 2147483639
      modCount = 1
      MAX_ARRAY_SIZE = 2147483639
    servletRequestLAttrListeners = class java.util.ArrayList@44091ca5
      serialVersionUID = 8683452581122892189
      DEFAULT_CAPACITY = 10
      EMPTY_ELEMENTDATA = class java.lang.Object[0]
      elementData = class java.lang.Object[0]
      size = 0
      MAX_ARRAY_SIZE = 2147483639
      modCount = 1
      MAX_ARRAY_SIZE = 2147483639
    prependSlashToResource = false
    destroyed = false
    webAppNameSpaceCollab = class com.ibm.ws.webcontainer.osgi.collaborator.WebAppNameSpaceCollaboratorImpl@71ab3f78
    txCollab = class com.ibm.ws.transaction.services.WebAppTransactionCollaboratorImpl@fe139fd0
      tc = class com.ibm.websphere.ras.TraceComponent@8f4fc5bb
      ltCurrentRef = class com.ibm.wsspi.kernel.service.utils.AtomicServiceReference@42065af7
      tranMgrRef = class com.ibm.wsspi.kernel.service.utils.AtomicServiceReference@93d543d0
      userTranRef = class com.ibm.wsspi.kernel.service.utils.AtomicServiceReference@c440ec8c
      uowCallbackRef = class com.ibm.wsspi.kernel.service.utils.AtomicServiceReference@b6e1459d
      serialVersionUID = -8319003162899973281
    sessionActivationListeners = class java.util.ArrayList@49f69375
      serialVersionUID = 8683452581122892189
      DEFAULT_CAPACITY = 10
      EMPTY_ELEMENTDATA = class java.lang.Object[0]
      elementData = class java.lang.Object[0]
      size = 0
      MAX_ARRAY_SIZE = 2147483639
      modCount = 1
      MAX_ARRAY_SIZE = 2147483639
    sessionBindingListeners = class java.util.ArrayList@b521277e
      serialVersionUID = 8683452581122892189
      DEFAULT_CAPACITY = 10
      EMPTY_ELEMENTDATA = class java.lang.Object[0]
      elementData = class java.lang.Object[0]
      size = 0
      MAX_ARRAY_SIZE = 2147483639
      modCount = 1
      MAX_ARRAY_SIZE = 2147483639
    scratchdir = null
    jspClassLoaderLimit = 0
    jspClassLoaderExclusionList = null
    jspClassLoadersMap = null
    jspClassLoaderLimitTrackIF = false
    defaultExtProc = null
    directoryBrowsingServlet = null
    cdiContexts = class java.util.concurrent.ConcurrentHashMap@7c3c35e8
      serialVersionUID = 7249069246763182397
      DEFAULT_INITIAL_CAPACITY = 16
      DEFAULT_LOAD_FACTOR = 0.75
      DEFAULT_CONCURRENCY_LEVEL = 16
      MAXIMUM_CAPACITY = 1073741824
      MAX_SEGMENTS = 65536
      RETRIES_BEFORE_LOCK = 2
      hashSeed = 0
      segmentMask = 15
      segmentShift = 28
      segments = class java.util.concurrent.ConcurrentHashMap$Segment[16]
      keySet = null
      entrySet = null
      values = null
      UNSAFE = class sun.misc.Unsafe@d9e412a7
      HASHSEED_OFFSET = 32
      SEGSHIFT_OFFSET = 40
      SEGMASK_OFFSET = 36
      SEGMENTS_OFFSET = 16
      keySet = null
      values = null
    moduleConfig = class com.ibm.ws.webcontainer.osgi.container.DeployedModule@4855027f
      tc = class com.ibm.websphere.ras.TraceComponent@25f91c46
      loader = class com.ibm.ws.classloading.internal.ThreadContextClassLoader@72439cc3
      webApp = class com.ibm.ws.webcontainer31.osgi.webapp.WebApp31@d95ffcfc
      webAppConfig = class com.ibm.ws.webcontainer.osgi.webapp.WebAppConfiguration@b0c4dd99
      contextRootAdded = null
      properContextRoot = "/"
      mappingContextRoot = "/*"
      serialVersionUID = -2104814060051592457
      $$$tc$$$ = class com.ibm.websphere.ras.TraceComponent@e65a0310
    extensionFactories = class java.util.ArrayList@c869c6c3
      serialVersionUID = 8683452581122892189
      DEFAULT_CAPACITY = 10
      EMPTY_ELEMENTDATA = class java.lang.Object[0]
      elementData = class java.lang.Object[10]
      size = 6
      MAX_ARRAY_SIZE = 2147483639
      modCount = 6
      MAX_ARRAY_SIZE = 2147483639
    initialized = true
    lock = class com.ibm.ws.webcontainer.webapp.WebApp$1@8caa42c
      this$0 = class com.ibm.ws.webcontainer31.osgi.webapp.WebApp31@d95ffcfc
    afterServletContextCreated = false
    redirectContextRoot = false
    errorExceptionTypeFirst = false
    initFilterBeforeServletInit = false
    sortedServletConfigs = class java.util.ArrayList@82158021
      serialVersionUID = 8683452581122892189
      DEFAULT_CAPACITY = 10
      EMPTY_ELEMENTDATA = class java.lang.Object[0]
      elementData = class java.lang.Object[10]
      size = 1
      MAX_ARRAY_SIZE = 2147483639
      modCount = 1
      MAX_ARRAY_SIZE = 2147483639
    effectiveMajorVersion = 3
    effectiveMinorVersion = 1
    canAddServletContextListener = true
    withinContextInitOfProgAddListener = false
    lastProgAddListenerInitialized = "com.ibm.ws.cache.CacheServiceImpl"
    webInfLibClassloader = null
    metaInfCache = class com.ibm.ws.webcontainer.webapp.WebApp$2@16fecd41
      this$0 = class com.ibm.ws.webcontainer31.osgi.webapp.WebApp31@d95ffcfc
      serialVersionUID = 3801124242820219131
      header = class java.util.LinkedHashMap$Entry@cbee6e1c
      accessOrder = true
      DEFAULT_INITIAL_CAPACITY = 16
      MAXIMUM_CAPACITY = 1073741824
      DEFAULT_LOAD_FACTOR = 0.75
      EMPTY_TABLE = class java.util.HashMap$Entry[0]
      table = class java.util.HashMap$Entry[0]
      size = 0
      threshold = 21
      loadFactor = 1.0
      modCount = 0
      ALTERNATIVE_HASHING_THRESHOLD_DEFAULT = 2147483647
      hashSeed = 0
      entrySet = null
      serialVersionUID = 362498820763181265
      keySet = null
      values = null
    useMetaInfCache = true
    SUN_CONFIGURE_LISTENER_CLASSNAME = "com.sun.faces.config.ConfigureListener"
    MYFACES_LIFECYCLE_LISTENER_CLASSNAME = "org.apache.myfaces.webapp.StartupServletContextListener"
    JSF_IMPL_ENABLED_PARAM = "com.ibm.ws.jsf.JSF_IMPL_ENABLED"
    JSF_IMPL_ENABLED_CUSTOM = "Custom"
    JSF_IMPL_ENABLED_NONE = "None"
    staticDocRoot = class com.ibm.ws.webcontainer.util.DocumentRootUtils@571955b2
      logger = class com.ibm.ws.logging.internal.WsLogger@37fe1099
      CLASS_NAME = "com.ibm.ws.webcontainer.util.DocumentRootUtils"
      useContentLength = false
      matchedFile = null
      matchedZipFile = null
      matchedEntry = null
      matchedURL = null
      edrRoot = null
      pfedrRoot = null
      ctxt = class com.ibm.ws.webcontainer31.osgi.webapp.WebApp31@d95ffcfc
      baseDir = null
      edr = null
      pfedr = null
      metaInfRes = null
      searchpfEDR = false
      searchEDR = false
      searchMetaInfRes = true
      matchFromEDR = false
      matchFromMetaInfRes = false
      matchIsADirectory = false
      appConfig = class com.ibm.ws.webcontainer.osgi.webapp.WebAppConfiguration@b0c4dd99
      attributeType = "staticFile"
      STATIC_FILE = "staticFile"
      JSP = "jsp"
      PFEDR = "preFragmentExtendedDocumentRoot"
      EDR = "extendedDocumentRoot"
    jspDocRoot = class com.ibm.ws.webcontainer.util.DocumentRootUtils@33374343
      logger = class com.ibm.ws.logging.internal.WsLogger@37fe1099
      CLASS_NAME = "com.ibm.ws.webcontainer.util.DocumentRootUtils"
      useContentLength = false
      matchedFile = null
      matchedZipFile = null
      matchedEntry = null
      matchedURL = null
      edrRoot = null
      pfedrRoot = null
      ctxt = class com.ibm.ws.webcontainer31.osgi.webapp.WebApp31@d95ffcfc
      baseDir = null
      edr = null
      pfedr = null
      metaInfRes = null
      searchpfEDR = false
      searchEDR = false
      searchMetaInfRes = true
      matchFromEDR = false
      matchFromMetaInfRes = false
      matchIsADirectory = false
      appConfig = class com.ibm.ws.webcontainer.osgi.webapp.WebAppConfiguration@b0c4dd99
      attributeType = "jsp"
      STATIC_FILE = "staticFile"
      JSP = "jsp"
      PFEDR = "preFragmentExtendedDocumentRoot"
      EDR = "extendedDocumentRoot"
    container = class com.ibm.ws.adaptable.module.internal.AdaptableContainerImpl@c389db2d
      root = class com.ibm.ws.adaptable.module.internal.AdaptableContainerImpl@c389db2d
      rootOverlay = class com.ibm.ws.artifact.overlay.internal.DirectoryBasedOverlayContainerImpl@10848ffd
      factoryHolder = class com.ibm.ws.adaptable.module.internal.AdaptableModuleFactoryImpl@c7aee2b0
      delegate = class com.ibm.ws.artifact.overlay.internal.DirectoryBasedOverlayContainerImpl@10848ffd
      notifier = class com.ibm.ws.adaptable.module.internal.NotifierImpl@b0e390
      serialVersionUID = -5621513278641113667
      $$$tc$$$ = class com.ibm.websphere.ras.TraceComponent@897309f3
    metaInfResourceFinder = class com.ibm.ws.webcontainer.util.MetaInfResourceFinder@633c607e
      jarResourceContainers = class java.util.ArrayList@46e82dd2
      container = class com.ibm.ws.adaptable.module.internal.AdaptableContainerImpl@c389db2d
    postConstructMethods = class com.ibm.ws.webcontainer.webapp.WebApp$AnnotatedMethods@15e9746d
      annotationClass = class java.lang.Class@61843ac5
      noOpClassNames = class java.util.Collections$SynchronizedSet@9b1a0c5f
      annotatedMethodNames = class java.util.concurrent.ConcurrentHashMap@a0debe4b
      EMPTY_METHODS = class java.lang.reflect.Method[0]
    preDestroyMethods = class com.ibm.ws.webcontainer.webapp.WebApp$AnnotatedMethods@5236550d
      annotationClass = class java.lang.Class@c4be16f5
      noOpClassNames = class java.util.Collections$SynchronizedSet@59406a64
      annotatedMethodNames = class java.util.concurrent.ConcurrentHashMap@61108957
      EMPTY_METHODS = class java.lang.reflect.Method[0]
    OBJ_EMPTY = class java.lang.Object[0]
    CLASS_EMPTY = class java.lang.Class[0]
    DEFAULT_JSP_EXTENSIONS = class java.util.ArrayList@2b458537
      serialVersionUID = 8683452581122892189
      DEFAULT_CAPACITY = 10
      EMPTY_ELEMENTDATA = class java.lang.Object[0]
      elementData = class java.lang.Object[10]
      size = 4
      MAX_ARRAY_SIZE = 2147483639
      modCount = 4
      MAX_ARRAY_SIZE = 2147483639
    DEFER_SERVLET_REQUEST_LISTENER_DESTROY_ON_ERROR = false
    DO_ACCEPT_PARTIAL = true
    DO_NOT_ACCEPT_PARTIAL = false
    DO_ACCEPT_EXCLUDED = true
    DO_NOT_ACCEPT_EXCLUDED = false
    commands = class java.util.ArrayList@b5296fdf
      serialVersionUID = 8683452581122892189
      DEFAULT_CAPACITY = 10
      EMPTY_ELEMENTDATA = class java.lang.Object[0]
      elementData = class java.lang.Object[3]
      size = 0
      MAX_ARRAY_SIZE = 2147483639
      modCount = 0
      MAX_ARRAY_SIZE = 2147483639
    requestMapper = class com.ibm.wsspi.webcontainer.util.URIMapper@b64308ee
      matcher = class com.ibm.wsspi.webcontainer.util.URIMatcher@ea4be543
    parent = class com.ibm.ws.webcontainer.osgi.webapp.WebGroup@ec75ef69
      tc = class com.ibm.websphere.ras.TraceComponent@f7a8ef44
      logger = class com.ibm.ws.logging.internal.WsLogger@a2385747
      CLASS_NAME = "com.ibm.ws.webcontainer.webapp.WebGroup"
      sessUrlRewritePrefix = ";jsessionid="
      qMark = "?"
      config = class com.ibm.ws.webcontainer.osgi.webapp.WebGroupConfiguration@80e7dacf
      webApp = class com.ibm.ws.webcontainer31.osgi.webapp.WebApp31@d95ffcfc
      commands = class java.util.ArrayList@e674dbbf
      requestMapper = null
      parent = class com.ibm.ws.webcontainer.osgi.DynamicVirtualHost@d562dedb
      name = "/*"
      isAlive = true
      subElements = class java.util.HashMap@5489fa0e
      attributes = null
      config = null
      serialVersionUID = -8271459000149267764
      $$$tc$$$ = class com.ibm.websphere.ras.TraceComponent@2fc29dc0
    name = "Game-of-Bluemix"
    isAlive = true
    subElements = null
    attributes = class java.util.Collections$SynchronizedMap@767ad0be
      serialVersionUID = 1978198479659022715
      m = class java.util.HashMap@1ad48c62
      mutex = class java.util.Collections$SynchronizedMap@767ad0be
      keySet = null
      entrySet = null
      values = null
    config = null
    serialVersionUID = -8271459000149267764
    $$$tc$$$ = class com.ibm.websphere.ras.TraceComponent@2fc29dc0
      strings[0] = "TraceComponent[com.ibm.ws.container.AbstractContainer,class com.ibm.ws.container.AbstractContainer,[],null,null]"
  collabHelper = class com.ibm.ws.webcontainer.osgi.collaborator.CollaboratorHelperImpl@ba9ea4d9
    webAppInvCollabs = class java.util.Collections$UnmodifiableSet@65855063
      serialVersionUID = -9215047833775013803
      serialVersionUID = 1820017752578914078
      c = class java.util.concurrent.CopyOnWriteArraySet@f220d5dc
    securityDomainForApp = null
    logger = class com.ibm.ws.logging.internal.WsLogger@9d89a66e
      tc = class com.ibm.websphere.ras.TraceComponent@4ab8b098
      ivCachedResourceBundleName = null
      ivCachedResourceBundle = null
      ivComponent = null
      ivOrganization = null
      ivProduct = null
      ivMinimumLocalizationLevelIntValue = 625
      ivTC = class com.ibm.websphere.ras.TraceComponent@134a0a98
      loggerRegistrationComponent = class java.lang.ThreadLocal@b291bd40
      emptyHandlers = class java.util.logging.Handler[0]
      offValue = 2147483647
      manager = class com.ibm.ws.kernel.boot.logging.WsLogManager@38673413
      name = "com.ibm.ws.webcontainer.collaborator"
      handlers = class java.util.concurrent.CopyOnWriteArrayList@e37d8d11
      resourceBundleName = "com.ibm.ws.webcontainer.resources.Messages"
      useParentHandlers = true
      filter = null
      anonymous = false
      catalog = class com.ibm.ws.webcontainer.resources.Messages@cec17869
      catalogName = "com.ibm.ws.webcontainer.resources.Messages"
      catalogLocale = class java.util.Locale@48b5c92d
      treeLock = class java.lang.Object@53dcab36
      parent = class com.ibm.ws.logging.internal.WsLogger@9d0e71ff
      kids = null
      levelObject = class java.util.logging.Level@c8de2b44
      levelValue = 800
      callersClassLoaderRef = class java.lang.ref.WeakReference@2a29eaac
      isSystemLogger = false
      GLOBAL_LOGGER_NAME = "global"
      global = class java.util.logging.Logger@96c47a49
      SYSTEM_LOGGER_RB_NAME = "sun.util.logging.resources.logging"
    staticDefaultSecurityCollaborator = class com.ibm.ws.webcontainer.collaborator.WebAppSecurityCollaborator@b369f52c
    logger = class com.ibm.ws.logging.internal.WsLogger@1a658a05
      tc = class com.ibm.websphere.ras.TraceComponent@4ab8b098
      ivCachedResourceBundleName = null
      ivCachedResourceBundle = null
      ivComponent = null
      ivOrganization = null
      ivProduct = null
      ivMinimumLocalizationLevelIntValue = 625
      ivTC = class com.ibm.websphere.ras.TraceComponent@a42d12bb
      loggerRegistrationComponent = class java.lang.ThreadLocal@b291bd40
      emptyHandlers = class java.util.logging.Handler[0]
      offValue = 2147483647
      manager = class com.ibm.ws.kernel.boot.logging.WsLogManager@38673413
      name = "com.ibm.wsspi.webcontainer.collaborator"
      handlers = class java.util.concurrent.CopyOnWriteArrayList@4a36e90e
      resourceBundleName = "com.ibm.ws.webcontainer.resources.Messages"
      useParentHandlers = true
      filter = null
      anonymous = false
      catalog = class com.ibm.ws.webcontainer.resources.Messages@cec17869
      catalogName = "com.ibm.ws.webcontainer.resources.Messages"
      catalogLocale = class java.util.Locale@48b5c92d
      treeLock = class java.lang.Object@53dcab36
      parent = class com.ibm.ws.logging.internal.WsLogger@382d0e29
      kids = null
      levelObject = class java.util.logging.Level@c8de2b44
      levelValue = 800
      callersClassLoaderRef = class java.lang.ref.WeakReference@4bc87e6b
      isSystemLogger = false
      GLOBAL_LOGGER_NAME = "global"
      global = class java.util.logging.Logger@96c47a49
      SYSTEM_LOGGER_RB_NAME = "sun.util.logging.resources.logging"
    CLASS_NAME = "com.ibm.wsspi.webcontainer.collaborator.CollaboratorHelper"
    webApp = class com.ibm.ws.webcontainer31.osgi.webapp.WebApp31@d95ffcfc
    securityCollaborator = class com.ibm.ws.webcontainer.security.WebAppSecurityCollaboratorImpl@3fb6b3b2
    nameSpaceCollaborator = class com.ibm.ws.webcontainer.osgi.collaborator.WebAppNameSpaceCollaboratorImpl@71ab3f78
    transactionCollaborator = class com.ibm.ws.transaction.services.WebAppTransactionCollaboratorImpl@fe139fd0
    connectionCollaborator = class com.ibm.ws.webcontainer.collaborator.ConnectionCollaborator@6bb4c5d1
    allCollabEnum = class java.util.RegularEnumSet@d2f71913
      serialVersionUID = 3411599620347842686
      elements = 511
      elementType = class java.lang.Class@1b818460
      universe = class com.ibm.wsspi.webcontainer.collaborator.CollaboratorInvocationEnum[9]
      ZERO_LENGTH_ENUM_ARRAY = class java.lang.Enum[0]
      MAX_ARRAY_SIZE = 2147483639
    servlet_23_or_greater = true
    DEFER_SERVLET_REQUEST_LISTENER_DESTROY_ON_ERROR = false
  webAppNameSpaceCollab = class com.ibm.ws.webcontainer.osgi.collaborator.WebAppNameSpaceCollaboratorImpl@71ab3f78
    cmdai = class com.ibm.ws.threadContext.ComponentMetaDataAccessorImpl@d49c1b14
      tc = class com.ibm.websphere.ras.TraceComponent@f9cc2e05
      cmdai = class com.ibm.ws.threadContext.ComponentMetaDataAccessorImpl@d49c1b14
      threadContext = class com.ibm.ws.threadContext.ThreadContextImpl@ae13a4ca
      defaultCMD = null
  secCollab = class com.ibm.ws.webcontainer.security.WebAppSecurityCollaboratorImpl@3fb6b3b2
    tc = class com.ibm.websphere.ras.TraceComponent@42df9b9f
      strings[0] = "TraceComponent[com.ibm.ws.webcontainer.security.WebAppSecurityCollaboratorImpl,class com.ibm.ws.webcontainer.security.WebAppSecurityCollaboratorImpl,[WebAppSecurity],com.ibm.ws.webcontainer.security.resources.WebAppSecurityMessages,null]"
    KEY_ID = "id"
    KEY_SERVICE_ID = "service.id"
    KEY_COMPONENT_NAME = "component.name"
    KEY_SECURITY_SERVICE = "securityService"
    KEY_TAI_SERVICE = "taiService"
    KEY_INTERCEPTOR_SERVICE = "interceptorService"
    KEY_OAUTH_SERVICE = "oauthService"
    KEY_OIDC_SERVER = "oidcServer"
    KEY_OIDC_CLIENT = "oidcClient"
    KEY_OPENID_CLIENT_SERVICE = "openidClientService"
    KEY_JACC_SERVICE = "jaccService"
    JASPI_SERVICE_COMPONENT_NAME = "com.ibm.ws.security.jaspi"
    KEY_WEB_AUTHENTICATOR = "webAuthenticator"
    KEY_UNPROTECTED_RESOURCE_SERVICE = "unprotectedResourceService"
    webAuthenticatorRef = class com.ibm.wsspi.kernel.service.utils.ConcurrentServiceReferenceMap@fa33498c
      referenceName = "webAuthenticator"
      context = class org.apache.felix.scr.impl.manager.ComponentContextImpl@c2342cfb
      elementMap = class java.util.concurrent.ConcurrentHashMap@4b23010f
      serialVersionUID = 6980924785166233786
      $$$tc$$$ = class com.ibm.websphere.ras.TraceComponent@377a2cf9
    unprotectedResourceServiceRef = class com.ibm.wsspi.kernel.service.utils.ConcurrentServiceReferenceMap@9597b65f
      referenceName = "unprotectedResourceService"
      context = class org.apache.felix.scr.impl.manager.ComponentContextImpl@c2342cfb
      elementMap = class java.util.concurrent.ConcurrentHashMap@c57d2a40
      serialVersionUID = 6980924785166233786
      $$$tc$$$ = class com.ibm.websphere.ras.TraceComponent@377a2cf9
    taiServiceRef = class com.ibm.wsspi.kernel.service.utils.AtomicServiceReference@18c9e7ef
      referenceName = "taiService"
      tuple = class java.util.concurrent.atomic.AtomicReference@d36054af
      serialVersionUID = 2226592364007985000
      $$$tc$$$ = class com.ibm.websphere.ras.TraceComponent@fa5a1ef9
    interceptorServiceRef = class com.ibm.wsspi.kernel.service.utils.ConcurrentServiceReferenceMap@f5b218e
      referenceName = "interceptorService"
      context = class org.apache.felix.scr.impl.manager.ComponentContextImpl@c2342cfb
      elementMap = class java.util.concurrent.ConcurrentHashMap@9571238f
      serialVersionUID = 6980924785166233786
      $$$tc$$$ = class com.ibm.websphere.ras.TraceComponent@377a2cf9
    oauthServiceRef = class com.ibm.wsspi.kernel.service.utils.AtomicServiceReference@1166a193
      referenceName = "oauthService"
      tuple = class java.util.concurrent.atomic.AtomicReference@90cb733c
      serialVersionUID = 2226592364007985000
      $$$tc$$$ = class com.ibm.websphere.ras.TraceComponent@fa5a1ef9
    oidcServerRef = class com.ibm.wsspi.kernel.service.utils.AtomicServiceReference@8e8e907
      referenceName = "oidcServer"
      tuple = class java.util.concurrent.atomic.AtomicReference@c10dd636
      serialVersionUID = 2226592364007985000
      $$$tc$$$ = class com.ibm.websphere.ras.TraceComponent@fa5a1ef9
    oidcClientRef = class com.ibm.wsspi.kernel.service.utils.AtomicServiceReference@623151f6
      referenceName = "oidcClient"
      tuple = class java.util.concurrent.atomic.AtomicReference@7c27d893
      serialVersionUID = 2226592364007985000
      $$$tc$$$ = class com.ibm.websphere.ras.TraceComponent@fa5a1ef9
    openidClientRef = class com.ibm.wsspi.kernel.service.utils.AtomicServiceReference@929364dc
      referenceName = "openidClientService"
      tuple = class java.util.concurrent.atomic.AtomicReference@c82d8ee0
      serialVersionUID = 2226592364007985000
      $$$tc$$$ = class com.ibm.websphere.ras.TraceComponent@fa5a1ef9
    securityServiceRef = class com.ibm.wsspi.kernel.service.utils.AtomicServiceReference@9501d23a
      referenceName = "securityService"
      tuple = class java.util.concurrent.atomic.AtomicReference@6481cfe5
      serialVersionUID = 2226592364007985000
      $$$tc$$$ = class com.ibm.websphere.ras.TraceComponent@fa5a1ef9
    jaccServiceRef = class com.ibm.wsspi.kernel.service.utils.AtomicServiceReference@80d30b2d
      referenceName = "jaccService"
      tuple = class java.util.concurrent.atomic.AtomicReference@c9e9bbd6
      serialVersionUID = 2226592364007985000
      $$$tc$$$ = class com.ibm.websphere.ras.TraceComponent@fa5a1ef9
    KEY_LOCATION_ADMIN = "locationAdmin"
    locationAdminRef = class com.ibm.wsspi.kernel.service.utils.AtomicServiceReference@e170663e
      referenceName = "locationAdmin"
      tuple = class java.util.concurrent.atomic.AtomicReference@1bdab740
      serialVersionUID = 2226592364007985000
      $$$tc$$$ = class com.ibm.websphere.ras.TraceComponent@fa5a1ef9
    PERMIT_REPLY = class com.ibm.ws.webcontainer.security.internal.PermitReply@f08f23cc
      serialVersionUID = 8303150652534131684
      $$$tc$$$ = class com.ibm.websphere.ras.TraceComponent@d5a1c646
      responseCode = 200
      message = "OK"
      serialVersionUID = -2052464364003317781
      $$$tc$$$ = class com.ibm.websphere.ras.TraceComponent@9eeb26e2
    DENY_AUTHN_FAILED = class com.ibm.ws.webcontainer.security.internal.DenyReply@2141655a
      serialVersionUID = -5683685740512191354
      $$$tc$$$ = class com.ibm.websphere.ras.TraceComponent@74f13496
      responseCode = 403
      message = "AuthenticationFailed"
      serialVersionUID = -2052464364003317781
      $$$tc$$$ = class com.ibm.websphere.ras.TraceComponent@9eeb26e2
    DENY_AUTHZ_FAILED = class com.ibm.ws.webcontainer.security.internal.DenyReply@18fad1b1
      serialVersionUID = -5683685740512191354
      $$$tc$$$ = class com.ibm.websphere.ras.TraceComponent@74f13496
      responseCode = 403
      message = "AuthorizationFailed"
      serialVersionUID = -2052464364003317781
      $$$tc$$$ = class com.ibm.websphere.ras.TraceComponent@9eeb26e2
    AUTH_TYPE = "AUTH_TYPE"
    ALL_AUTHENTICATED_ROLE = "**"
    STARSTAR_ROLE = "_starstar_"
    globalConfig = class com.ibm.ws.webcontainer.security.internal.WebAppSecurityConfigImpl@7840bd9d
      tc = class com.ibm.websphere.ras.TraceComponent@64244bec
      WLP_USER_DIR = "${wlp.user.dir}"
      AUTO_GEN_COOKIE_NAME_PREFIX = "WAS_"
      DEFAULT_SSO_COOKIE_NAME = "LtpaToken2"
      CFG_KEY_LOGOUT_ON_HTTP_SESSION_EXPIRE = "logoutOnHttpSessionExpire"
      CFG_KEY_SINGLE_SIGN_ON_ENABLED = "singleSignonEnabled"
      CFG_KEY_PRESERVE_FULLY_QUALIFIED_REFERRER_URL = "preserveFullyQualifiedReferrerUrl"
      CFG_KEY_POSTPARAM_SAVE_METHOD = "postParamSaveMethod"
      CFG_KEY_POSTPARAM_COOKIE_SIZE = "postParamCookieSize"
      CFG_KEY_ALLOW_LOGOUT_PAGE_REDIRECT_TO_ANY_HOST = "allowLogoutPageRedirectToAnyHost"
      CFG_KEY_LOGOUT_PAGE_REDIRECT_DOMAIN_NAMES = "logoutPageRedirectDomainNames"
      CFG_KEY_WAS_REQ_URL_REDIRECT_DOMAIN_NAMES = "wasReqURLRedirectDomainNames"
      CFG_KEY_SSO_COOKIE_NAME = "ssoCookieName"
      CFG_KEY_AUTO_GEN_SSO_COOKIE_NAME = "autoGenSsoCookieName"
      CFG_KEY_FAIL_OVER_TO_BASICAUTH = "allowFailOverToBasicAuth"
      CFG_KEY_DISPLAY_AUTHENTICATION_REALM = "displayAuthenticationRealm"
      CFG_KEY_HTTP_ONLY_COOKIES = "httpOnlyCookies"
      CFG_KEY_WEB_ALWAYS_LOGIN = "webAlwaysLogin"
      CFG_KEY_SSO_DOMAIN_NAMES = "ssoDomainNames"
      CFG_KEY_SSO_REQUIRES_SSL = "ssoRequiresSSL"
      CFG_KEY_SSO_USE_DOMAIN_FROM_URL = "ssoUseDomainFromURL"
      CFG_KEY_USE_AUTH_DATA_FOR_UNPROTECTED = "useAuthenticationDataForUnprotectedResource"
      CFG_KEY_LOGIN_FORM_URL = "loginFormURL"
      CFG_KEY_ALLOW_FAIL_OVER_TO_AUTH_METHOD = "allowAuthenticationFailOverToAuthMethod"
      CFG_KEY_INCLUDE_PATH_IN_WAS_REQ_URL = "includePathInWASReqURL"
      CFG_KEY_TRACK_LOGGED_OUT_SSO_COOKIES = "trackLoggedOutSSOCookies"
      CFG_KEY_USE_ONLY_CUSTOM_COOKIE_NAME = "useOnlyCustomCookieName"
      logoutOnHttpSessionExpire = false
      singleSignonEnabled = true
      preserveFullyQualifiedReferrerUrl = false
      postParamSaveMethod = "Cookie"
      postParamCookieSize = 16384
      allowLogoutPageRedirectToAnyHost = false
      wasReqURLRedirectDomainNames = null
      logoutPageRedirectDomainNames = null
      ssoCookieName = "LtpaToken2"
      autoGenSsoCookieName = false
      allowFailOverToBasicAuth = false
      displayAuthenticationRealm = false
      httpOnlyCookies = true
      webAlwaysLogin = false
      ssoRequiresSSL = false
      ssoDomainNames = null
      ssoUseDomainFromURL = false
      useAuthenticationDataForUnprotectedResource = true
      loginFormURL = null
      allowFailOverToAuthMethod = null
      includePathInWASReqURL = false
      trackLoggedOutSSOCookies = false
      useOnlyCustomCookieName = false
      locationAdminRef = class com.ibm.wsspi.kernel.service.utils.AtomicServiceReference@e170663e
      oidcServerRef = class com.ibm.wsspi.kernel.service.utils.AtomicServiceReference@8e8e907
      oidcClientRef = class com.ibm.wsspi.kernel.service.utils.AtomicServiceReference@623151f6
      serialVersionUID = -6206016643798169489
    webAppSecConfig = class com.ibm.ws.webcontainer.security.internal.WebAppSecurityConfigImpl@7840bd9d
    authenticateApi = class com.ibm.ws.webcontainer.security.AuthenticateApi@bee46751
      tc = class com.ibm.websphere.ras.TraceComponent@dc28c63a
      KEY_SECURITY_SERVICE = "securityService"
      securityServiceRef = class com.ibm.wsspi.kernel.service.utils.AtomicServiceReference@9501d23a
      subjectManager = class com.ibm.ws.security.context.SubjectManager@aba25510
      subjectHelper = class com.ibm.ws.security.authentication.utility.SubjectHelper@60d27589
      ssoCookieHelper = class com.ibm.ws.webcontainer.security.SSOCookieHelperImpl@996d1c28
      authCacheService = class com.ibm.ws.security.authentication.internal.cache.AuthCacheServiceImpl@95e5cd5a
      collabUtils = class com.ibm.ws.security.collaborator.CollaboratorUtils@d944557c
      authService = class com.ibm.ws.security.authentication.internal.AuthenticationServiceImpl@9fdb7ed5
      webAuthenticatorRefs = class com.ibm.wsspi.kernel.service.utils.ConcurrentServiceReferenceMap@fa33498c
      unprotectedResourceServiceRef = class com.ibm.wsspi.kernel.service.utils.ConcurrentServiceReferenceMap@9597b65f
      serialVersionUID = -8646914835711436643
    postParameterHelper = class com.ibm.ws.webcontainer.security.PostParameterHelper@92b29626
      tc = class com.ibm.websphere.ras.TraceComponent@2d3cbc8d
      INITIAL_URL = "INITIAL_URL"
      PARAM_NAMES = "PARAM_NAMES"
      PARAM_VALUES = "PARAM_VALUES"
      POSTPARAM_COOKIE = "WASPostParam"
      POSTPARAM_FAILED = "NO_PARAMETER"
      POSTPARAM_URL = "U"
      POSTPARAM_PARAM = "P"
      webAppSecurityConfig = class com.ibm.ws.webcontainer.security.internal.WebAppSecurityConfigImpl@7840bd9d
      serialVersionUID = -874649166593953798
    collabUtils = class com.ibm.ws.security.collaborator.CollaboratorUtils@d944557c
      tc = class com.ibm.websphere.ras.TraceComponent@f415e10d
      subjectManager = class com.ibm.ws.security.context.SubjectManager@5fc97bd7
      serialVersionUID = 1544996125297377090
    subjectHelper = class com.ibm.ws.security.authentication.utility.SubjectHelper@149fbc02
      tc = class com.ibm.websphere.ras.TraceComponent@9404c976
      serialVersionUID = -892250569803095632
    subjectManager = class com.ibm.ws.security.context.SubjectManager@5fc97bd7
      threadLocal = class com.ibm.ws.security.context.SubjectManager$SecurityThreadLocal@6088e4e
      serialVersionUID = 8008928227801865506
      $$$tc$$$ = class com.ibm.websphere.ras.TraceComponent@a462dde8
    httpsRedirectHandler = class com.ibm.ws.webcontainer.security.internal.HTTPSRedirectHandler@9b1cb816
      tc = class com.ibm.websphere.ras.TraceComponent@ef957e3a
      serialVersionUID = -3103286160096161340
    authenticatorProxy = class com.ibm.ws.webcontainer.security.WebAuthenticatorProxy@35e90d2e
      tc = class com.ibm.websphere.ras.TraceComponent@a8a7e47f
      AUTH_TYPE = "AUTH_TYPE"
      securityServiceRef = class com.ibm.wsspi.kernel.service.utils.AtomicServiceReference@9501d23a
      webAppSecurityConfig = class com.ibm.ws.webcontainer.security.internal.WebAppSecurityConfigImpl@7840bd9d
      postParameterHelper = class com.ibm.ws.webcontainer.security.PostParameterHelper@92b29626
      providerAuthenticatorProxy = class com.ibm.ws.webcontainer.security.WebProviderAuthenticatorProxy@4900eb62
      oidcServerRef = class com.ibm.wsspi.kernel.service.utils.AtomicServiceReference@8e8e907
      serialVersionUID = 7518189428144304128
    providerAuthenticatorProxy = class com.ibm.ws.webcontainer.security.WebProviderAuthenticatorProxy@4900eb62
      tc = class com.ibm.websphere.ras.TraceComponent@a342c7f3
      authenticatorOdering = class java.util.Collections$UnmodifiableRandomAccessList@1bee1dc7
      OAUTH_CONT = class com.ibm.ws.webcontainer.security.AuthenticationResult@79421a59
      OPENID_CLIENT_CONT = class com.ibm.ws.webcontainer.security.AuthenticationResult@ccee4187
      OIDC_SERVER_CONT = class com.ibm.ws.webcontainer.security.AuthenticationResult@eaaf0335
      OIDC_CLIENT_CONT = class com.ibm.ws.webcontainer.security.AuthenticationResult@d66c5725
      SPNEGO_CONT = class com.ibm.ws.webcontainer.security.AuthenticationResult@2c49d25
      JASPI_CONT = class com.ibm.ws.webcontainer.security.AuthenticationResult@e8bbf716
      securityServiceRef = class com.ibm.wsspi.kernel.service.utils.AtomicServiceReference@9501d23a
      taiServiceRef = class com.ibm.wsspi.kernel.service.utils.AtomicServiceReference@18c9e7ef
      interceptorServiceRef = class com.ibm.wsspi.kernel.service.utils.ConcurrentServiceReferenceMap@f5b218e
      webAppSecurityConfig = class com.ibm.ws.webcontainer.security.internal.WebAppSecurityConfigImpl@7840bd9d
      webAuthenticatorRef = class com.ibm.wsspi.kernel.service.utils.ConcurrentServiceReferenceMap@fa33498c
      oauthServiceRef = class com.ibm.wsspi.kernel.service.utils.AtomicServiceReference@1166a193
      openIdClientServiceRef = class com.ibm.wsspi.kernel.service.utils.AtomicServiceReference@929364dc
      oidcServerRef = class com.ibm.wsspi.kernel.service.utils.AtomicServiceReference@8e8e907
      oidcClientRef = class com.ibm.wsspi.kernel.service.utils.AtomicServiceReference@623151f6
      authHelper = class com.ibm.ws.webcontainer.security.WebProviderAuthenticatorHelper@343bfd46
      referrerURLCookieHandler = class com.ibm.ws.webcontainer.security.ReferrerURLCookieHandler@91bc1976
      serialVersionUID = -1060959921971705664
    unauthenticatedSubjectService = class com.ibm.ws.security.authentication.internal.UnauthenticatedSubjectServiceImpl@a7e04c01
      tc = class com.ibm.websphere.ras.TraceComponent@1f23ddc9
      KEY_SECURITY_SERVICE = "securityService"
      KEY_CREDENTIALS_SERVICE = "credentialsService"
      securityServiceRef = class com.ibm.wsspi.kernel.service.utils.AtomicServiceReference@5c750602
      credentialsServiceRef = class com.ibm.wsspi.kernel.service.utils.AtomicServiceReference@159a7b1a
      unauthenticatedSubject = class javax.security.auth.Subject@d1c6fa4
      unauthenticatedSubjectLock = class com.ibm.ws.security.authentication.internal.UnauthenticatedSubjectServiceImpl$1@b72f7512
      serialVersionUID = -259576979582176405
    wasch = class com.ibm.ws.webcontainer.security.WebAppSecurityCollaboratorImpl@3fb6b3b2
    isJaspiEnabled = true
    serialVersionUID = -7101035121847652981
  sessionSecurityIntegrationEnabled = true
  assumeFilterSuccessOnSecurityError = false
  useOriginalRequestState = false
  _evtSource = class com.ibm.ws.webcontainer.webapp.WebAppEventSource@de56badc
    _invocationListeners = class com.ibm.ws.webcontainer.util.EventListeners@1e7f229a
      EMPTY_LISTENERS = interface java.util.EventListener[0]
      logger = class com.ibm.ws.logging.internal.WsLogger@37fe1099
      CLASS_NAME = "com.ibm.ws.webcontainer.util.EventListeners"
      listeners = interface java.util.EventListener[0]
    _servletListeners = class com.ibm.ws.webcontainer.util.EventListeners@2188b1e0
      EMPTY_LISTENERS = interface java.util.EventListener[0]
      logger = class com.ibm.ws.logging.internal.WsLogger@37fe1099
      CLASS_NAME = "com.ibm.ws.webcontainer.util.EventListeners"
      listeners = interface java.util.EventListener[0]
    _errorListeners = class com.ibm.ws.webcontainer.util.EventListeners@3d4c8792
      EMPTY_LISTENERS = interface java.util.EventListener[0]
      logger = class com.ibm.ws.logging.internal.WsLogger@37fe1099
      CLASS_NAME = "com.ibm.ws.webcontainer.util.EventListeners"
      listeners = interface java.util.EventListener[0]
    _applicationListeners = class com.ibm.ws.webcontainer.util.EventListeners@f10b9ea4
      EMPTY_LISTENERS = interface java.util.EventListener[0]
      logger = class com.ibm.ws.logging.internal.WsLogger@37fe1099
      CLASS_NAME = "com.ibm.ws.webcontainer.util.EventListeners"
      listeners = interface java.util.EventListener[0]
    _filterInvocationListeners = class com.ibm.ws.webcontainer.util.EventListeners@918a8986
      EMPTY_LISTENERS = interface java.util.EventListener[0]
      logger = class com.ibm.ws.logging.internal.WsLogger@37fe1099
      CLASS_NAME = "com.ibm.ws.webcontainer.util.EventListeners"
      listeners = interface java.util.EventListener[0]
    _filterListeners = class com.ibm.ws.webcontainer.util.EventListeners@e7f6d1ff
      EMPTY_LISTENERS = interface java.util.EventListener[0]
      logger = class com.ibm.ws.logging.internal.WsLogger@37fe1099
      CLASS_NAME = "com.ibm.ws.webcontainer.util.EventListeners"
      listeners = interface java.util.EventListener[0]
    _filterErrorListeners = class com.ibm.ws.webcontainer.util.EventListeners@dcdf71ce
      EMPTY_LISTENERS = interface java.util.EventListener[0]
      logger = class com.ibm.ws.logging.internal.WsLogger@37fe1099
      CLASS_NAME = "com.ibm.ws.webcontainer.util.EventListeners"
      listeners = interface java.util.EventListener[0]
  defaultComponentMetaData = class com.ibm.ws.webcontainer.osgi.metadata.WebComponentMetaDataImpl@5aae9c8b
    j2eeName = class com.ibm.ws.container.service.metadata.internal.J2EENameImpl@b65f184e
      serialVersionUID = 7488184044073147667
      application = "Game-of-Bluemix"
      module = "Game-of-Bluemix.war"
      component = null
      string = "Game-of-Bluemix#Game-of-Bluemix.war"
      j2eeNameBytes = null
      $$$tc$$$ = class com.ibm.websphere.ras.TraceComponent@5479c4d5
    webModuleMetaData = class com.ibm.ws.webcontainer.osgi.metadata.WebModuleMetaDataImpl@2d169b3c
    mBeanServiceReg = null
    tc = class com.ibm.websphere.ras.TraceComponent@d2f860d1
      strings[0] = "TraceComponent[com.ibm.ws.runtime.metadata.MetaDataImpl,class com.ibm.ws.runtime.metadata.MetaDataImpl,[Runtime],null,null]"
    NUM_STATIC_SLOTS = 4
    ID_UNINITIALIZED = -1
    id = 1
    metaDataInterface = class java.lang.Class@290076d5
      serialVersionUID = 3206093459760846163
      AllPermissionsPD = class java.security.ProtectionDomain@7fbfce93
      SYNTHETIC = 4096
      ANNOTATION = 8192
      ENUM = 16384
      MEMBER_INVALID_TYPE = -1
      EmptyParameters = class java.lang.Class[0]
      vmRef = 41583104
      classLoader = class org.eclipse.osgi.internal.loader.EquinoxClassLoader@c58d7c99
      protectionDomain = class org.eclipse.osgi.internal.loader.ModuleClassLoader$GenerationProtectionDomain@9c6e8a8b
      classNameString = null
      annotationType = null
      classValueMap = null
      initializationLock = class java.lang.J9VMInternals$ClassInitializationLock@3771c323
      classCastHandle = null
      enumVars = null
      enumVarsOffset = 44
      classRepoHolder = null
      annotationCache = null
      annotationCacheOffset = 52
      unsafe = class sun.misc.Unsafe@d9e412a7
      copyMethod = class java.lang.reflect.Method@dd4fe994
      copyField = class java.lang.reflect.Method@b05dab72
      copyConstructor = class java.lang.reflect.Method@9d1591df
      methodParameterTypesField = class java.lang.reflect.Field@83a503b9
      constructorParameterTypesField = class java.lang.reflect.Field@3723dfc8
      NoArgs = class java.lang.Object[0]
      PublicKey = class java.lang.Class$CacheKey@2decc7e9
      DeclaredKey = class java.lang.Class$CacheKey@b728011c
      queue = class java.lang.ref.ReferenceQueue@889d9b00
    staticSlots = class java.lang.Object[4]
      staticSlots[0] = null
      staticSlots[1] = null
      staticSlots[2] = null
      staticSlots[3] = null
    dynamicSlots = null
  DEFER_SERVLET_REQUEST_LISTENER_DESTROY_ON_ERROR = false

